[2023-02-20 19:25:12,782][simglucose.actuator.pump][INFO] - Resetting insulin pump ...
[2023-02-20 19:25:14,844][simglucose.simulation.scenario_gen][INFO] - Time for meal!
[2023-02-20 19:25:14,844][simglucose.patient.t1dpatient][INFO] - t = 99.0, patient starts eating ...
[2023-02-20 19:25:14,962][simglucose.patient.t1dpatient][INFO] - t = 105.0, Patient finishes eating!
[2023-02-20 19:25:15,642][simglucose.actuator.pump][INFO] - Resetting insulin pump ...
[2023-02-20 19:25:17,399][simglucose.actuator.pump][INFO] - Resetting insulin pump ...
[2023-02-20 19:25:17,648][simglucose.simulation.scenario_gen][INFO] - Time for meal!
[2023-02-20 19:25:17,648][simglucose.patient.t1dpatient][INFO] - t = 23.0, patient starts eating ...
[2023-02-20 19:25:18,107][simglucose.patient.t1dpatient][INFO] - t = 35.0, Patient finishes eating!
[2023-02-20 19:25:24,253][simglucose.actuator.pump][INFO] - Resetting insulin pump ...
[2023-02-20 19:25:25,509][simglucose.simulation.scenario_gen][INFO] - Time for meal!
[2023-02-20 19:25:25,509][simglucose.patient.t1dpatient][INFO] - t = 80.0, patient starts eating ...
[2023-02-20 19:25:25,696][simglucose.patient.t1dpatient][INFO] - t = 96.0, Patient finishes eating!
[2023-02-20 19:25:26,428][simglucose.actuator.pump][INFO] - Resetting insulin pump ...
[2023-02-20 19:25:27,535][simglucose.simulation.scenario_gen][INFO] - Time for meal!
[2023-02-20 19:25:27,536][simglucose.patient.t1dpatient][INFO] - t = 61.0, patient starts eating ...
[2023-02-20 19:25:27,717][simglucose.patient.t1dpatient][INFO] - t = 75.0, Patient finishes eating!
[2023-02-20 19:25:28,252][simglucose.simulation.scenario_gen][INFO] - Time for meal!
[2023-02-20 19:25:28,252][simglucose.patient.t1dpatient][INFO] - t = 146.0, patient starts eating ...
[2023-02-20 19:25:28,283][simglucose.patient.t1dpatient][INFO] - t = 150.0, Patient finishes eating!
[2023-02-20 19:25:28,688][simglucose.actuator.pump][INFO] - Resetting insulin pump ...
[2023-02-20 19:25:30,197][simglucose.simulation.scenario_gen][INFO] - Creating new one day scenario ...
[2023-02-20 19:25:30,813][simglucose.actuator.pump][INFO] - Resetting insulin pump ...
[2023-02-20 19:25:32,894][simglucose.actuator.pump][INFO] - Resetting insulin pump ...
[2023-02-20 19:25:34,859][simglucose.actuator.pump][INFO] - Resetting insulin pump ...
[2023-02-20 19:25:36,031][simglucose.simulation.scenario_gen][INFO] - Time for meal!
[2023-02-20 19:25:36,032][simglucose.patient.t1dpatient][INFO] - t = 62.0, patient starts eating ...
[2023-02-20 19:25:36,225][simglucose.patient.t1dpatient][INFO] - t = 76.0, Patient finishes eating!
[2023-02-20 19:25:37,083][simglucose.actuator.pump][INFO] - Resetting insulin pump ...
[2023-02-20 19:25:37,820][simglucose.simulation.scenario_gen][INFO] - Time for meal!
[2023-02-20 19:25:37,821][simglucose.patient.t1dpatient][INFO] - t = 48.0, patient starts eating ...
[2023-02-20 19:25:38,279][simglucose.patient.t1dpatient][INFO] - t = 60.0, Patient finishes eating!
[2023-02-20 19:25:39,213][simglucose.actuator.pump][INFO] - Resetting insulin pump ...
[2023-02-20 19:25:41,070][simglucose.simulation.scenario_gen][INFO] - Creating new one day scenario ...
[2023-02-20 19:25:41,212][simglucose.actuator.pump][INFO] - Resetting insulin pump ...
[2023-02-20 19:25:43,190][simglucose.actuator.pump][INFO] - Resetting insulin pump ...
[2023-02-20 19:25:44,520][simglucose.simulation.scenario_gen][INFO] - Time for meal!
[2023-02-20 19:25:44,520][simglucose.patient.t1dpatient][INFO] - t = 99.0, patient starts eating ...
[2023-02-20 19:25:44,680][simglucose.patient.t1dpatient][INFO] - t = 109.0, Patient finishes eating!
[2023-02-20 19:25:45,414][simglucose.actuator.pump][INFO] - Resetting insulin pump ...
[2023-02-20 19:25:47,371][simglucose.simulation.scenario_gen][INFO] - Time for meal!
[2023-02-20 19:25:47,371][simglucose.patient.t1dpatient][INFO] - t = 197.0, patient starts eating ...
[2023-02-20 19:25:47,492][simglucose.actuator.pump][INFO] - Resetting insulin pump ...
[2023-02-20 19:25:49,520][simglucose.actuator.pump][INFO] - Resetting insulin pump ...
[2023-02-20 19:25:50,617][simglucose.simulation.scenario_gen][INFO] - Time for meal!
[2023-02-20 19:25:50,618][simglucose.patient.t1dpatient][INFO] - t = 63.0, patient starts eating ...
[2023-02-20 19:25:50,803][simglucose.patient.t1dpatient][INFO] - t = 78.0, Patient finishes eating!
[2023-02-20 19:25:51,695][simglucose.actuator.pump][INFO] - Resetting insulin pump ...
[2023-02-20 19:25:51,701][simglucose.simulation.scenario_gen][INFO] - Creating new one day scenario ...
[2023-02-20 19:25:53,682][simglucose.actuator.pump][INFO] - Resetting insulin pump ...
[2023-02-20 19:25:54,752][simglucose.simulation.scenario_gen][INFO] - Time for meal!
[2023-02-20 19:25:54,753][simglucose.patient.t1dpatient][INFO] - t = 53.0, patient starts eating ...
[2023-02-20 19:25:54,823][simglucose.patient.t1dpatient][INFO] - t = 54.0, Patient finishes eating!
[2023-02-20 19:25:55,832][simglucose.actuator.pump][INFO] - Resetting insulin pump ...
[2023-02-20 19:25:57,823][simglucose.actuator.pump][INFO] - Resetting insulin pump ...
[2023-02-20 19:25:59,776][simglucose.actuator.pump][INFO] - Resetting insulin pump ...
[2023-02-20 19:26:06,152][simglucose.actuator.pump][INFO] - Resetting insulin pump ...
[2023-02-20 19:26:10,374][simglucose.simulation.scenario_gen][INFO] - Time for meal!
[2023-02-20 19:26:10,375][simglucose.patient.t1dpatient][INFO] - t = 137.0, patient starts eating ...
[2023-02-20 19:26:10,743][simglucose.patient.t1dpatient][INFO] - t = 146.0, Patient finishes eating!
[2023-02-20 19:26:12,418][simglucose.actuator.pump][INFO] - Resetting insulin pump ...
[2023-02-20 19:26:14,615][simglucose.simulation.scenario_gen][INFO] - Creating new one day scenario ...
[2023-02-20 19:26:18,192][simglucose.actuator.pump][INFO] - Resetting insulin pump ...
[2023-02-20 19:26:24,570][simglucose.simulation.scenario_gen][INFO] - Time for meal!
[2023-02-20 19:26:24,570][simglucose.patient.t1dpatient][INFO] - t = 200.0, patient starts eating ...
[2023-02-20 19:26:24,669][simglucose.actuator.pump][INFO] - Resetting insulin pump ...
[2023-02-20 19:26:30,569][simglucose.simulation.scenario_gen][INFO] - Time for meal!
[2023-02-20 19:26:30,570][simglucose.patient.t1dpatient][INFO] - t = 191.0, patient starts eating ...
