[2023-03-06 19:41:59,537][simglucose.actuator.pump][INFO] - Resetting insulin pump ...
[2023-03-06 19:42:00,109][simglucose.simulation.scenario_gen][INFO] - Time for meal!
[2023-03-06 19:42:00,110][simglucose.patient.t1dpatient][INFO] - t = 99.0, patient starts eating ...
[2023-03-06 19:42:00,179][simglucose.controller.basal_bolus_ctrller][INFO] - Calculating bolus ...
[2023-03-06 19:42:00,179][simglucose.controller.basal_bolus_ctrller][INFO] - Meal = 30 g/min
[2023-03-06 19:42:00,180][simglucose.controller.basal_bolus_ctrller][INFO] - glucose = 149.64920591278917
[2023-03-06 19:42:00,262][simglucose.patient.t1dpatient][INFO] - t = 105.0, Patient finishes eating!
[2023-03-06 19:42:01,597][simglucose.simulation.scenario_gen][INFO] - Time for meal!
[2023-03-06 19:42:01,598][simglucose.patient.t1dpatient][INFO] - t = 337.0, patient starts eating ...
[2023-03-06 19:42:01,617][simglucose.controller.basal_bolus_ctrller][INFO] - Calculating bolus ...
[2023-03-06 19:42:01,618][simglucose.controller.basal_bolus_ctrller][INFO] - Meal = 73 g/min
[2023-03-06 19:42:01,618][simglucose.controller.basal_bolus_ctrller][INFO] - glucose = 116.15572397914647
[2023-03-06 19:42:01,748][simglucose.patient.t1dpatient][INFO] - t = 352.0, Patient finishes eating!
[2023-03-06 19:42:03,696][simglucose.simulation.scenario_gen][INFO] - Time for meal!
[2023-03-06 19:42:03,697][simglucose.patient.t1dpatient][INFO] - t = 521.0, patient starts eating ...
[2023-03-06 19:42:03,708][simglucose.controller.basal_bolus_ctrller][INFO] - Calculating bolus ...
[2023-03-06 19:42:03,708][simglucose.controller.basal_bolus_ctrller][INFO] - Meal = 12 g/min
[2023-03-06 19:42:03,709][simglucose.controller.basal_bolus_ctrller][INFO] - glucose = 69.28800170555667
[2023-03-06 19:42:03,727][simglucose.patient.t1dpatient][INFO] - t = 524.0, Patient finishes eating!
[2023-03-06 19:42:04,269][simglucose.actuator.pump][INFO] - Resetting insulin pump ...
[2023-03-06 19:42:04,843][simglucose.simulation.scenario_gen][INFO] - Time for meal!
[2023-03-06 19:42:04,844][simglucose.patient.t1dpatient][INFO] - t = 85.0, patient starts eating ...
[2023-03-06 19:42:04,944][simglucose.controller.basal_bolus_ctrller][INFO] - Calculating bolus ...
[2023-03-06 19:42:04,945][simglucose.controller.basal_bolus_ctrller][INFO] - Meal = 4 g/min
[2023-03-06 19:42:04,945][simglucose.controller.basal_bolus_ctrller][INFO] - glucose = 103.65332281587492
[2023-03-06 19:42:04,946][simglucose.patient.t1dpatient][INFO] - t = 86.0, Patient finishes eating!
[2023-03-06 19:42:05,272][simglucose.actuator.pump][INFO] - Resetting insulin pump ...
[2023-03-06 19:42:05,724][simglucose.simulation.scenario_gen][INFO] - Time for meal!
[2023-03-06 19:42:05,725][simglucose.patient.t1dpatient][INFO] - t = 84.0, patient starts eating ...
[2023-03-06 19:42:05,795][simglucose.controller.basal_bolus_ctrller][INFO] - Calculating bolus ...
[2023-03-06 19:42:05,796][simglucose.controller.basal_bolus_ctrller][INFO] - Meal = 12 g/min
[2023-03-06 19:42:05,796][simglucose.controller.basal_bolus_ctrller][INFO] - glucose = 161.8488129810316
[2023-03-06 19:42:05,840][simglucose.patient.t1dpatient][INFO] - t = 87.0, Patient finishes eating!
[2023-03-06 19:42:06,892][simglucose.simulation.scenario_gen][INFO] - Time for meal!
[2023-03-06 19:42:06,893][simglucose.patient.t1dpatient][INFO] - t = 267.0, patient starts eating ...
[2023-03-06 19:42:06,921][simglucose.controller.basal_bolus_ctrller][INFO] - Calculating bolus ...
[2023-03-06 19:42:06,921][simglucose.controller.basal_bolus_ctrller][INFO] - Meal = 68 g/min
[2023-03-06 19:42:06,921][simglucose.controller.basal_bolus_ctrller][INFO] - glucose = 138.23799544347747
[2023-03-06 19:42:07,047][simglucose.patient.t1dpatient][INFO] - t = 281.0, Patient finishes eating!
[2023-03-06 19:42:08,512][simglucose.simulation.scenario_gen][INFO] - Time for meal!
[2023-03-06 19:42:08,512][simglucose.patient.t1dpatient][INFO] - t = 558.0, patient starts eating ...
[2023-03-06 19:42:08,555][simglucose.controller.basal_bolus_ctrller][INFO] - Calculating bolus ...
[2023-03-06 19:42:08,556][simglucose.controller.basal_bolus_ctrller][INFO] - Meal = 77 g/min
[2023-03-06 19:42:08,556][simglucose.controller.basal_bolus_ctrller][INFO] - glucose = 110.21708859700344
[2023-03-06 19:42:08,683][simglucose.patient.t1dpatient][INFO] - t = 574.0, Patient finishes eating!
[2023-03-06 19:42:10,046][simglucose.actuator.pump][INFO] - Resetting insulin pump ...
[2023-03-06 19:42:10,971][simglucose.simulation.scenario_gen][INFO] - Time for meal!
[2023-03-06 19:42:10,972][simglucose.patient.t1dpatient][INFO] - t = 181.0, patient starts eating ...
[2023-03-06 19:42:11,037][simglucose.controller.basal_bolus_ctrller][INFO] - Calculating bolus ...
[2023-03-06 19:42:11,038][simglucose.controller.basal_bolus_ctrller][INFO] - Meal = 5 g/min
[2023-03-06 19:42:11,038][simglucose.controller.basal_bolus_ctrller][INFO] - glucose = 172.0466505480062
[2023-03-06 19:42:11,039][simglucose.patient.t1dpatient][INFO] - t = 182.0, Patient finishes eating!
[2023-03-06 19:42:11,558][simglucose.simulation.scenario_gen][INFO] - Time for meal!
[2023-03-06 19:42:11,559][simglucose.patient.t1dpatient][INFO] - t = 273.0, patient starts eating ...
[2023-03-06 19:42:11,580][simglucose.controller.basal_bolus_ctrller][INFO] - Calculating bolus ...
[2023-03-06 19:42:11,581][simglucose.controller.basal_bolus_ctrller][INFO] - Meal = 80 g/min
[2023-03-06 19:42:11,581][simglucose.controller.basal_bolus_ctrller][INFO] - glucose = 137.72126207756452
[2023-03-06 19:42:11,709][simglucose.patient.t1dpatient][INFO] - t = 289.0, Patient finishes eating!
[2023-03-06 19:42:14,000][simglucose.simulation.scenario_gen][INFO] - Creating new one day scenario ...
[2023-03-06 19:42:15,067][simglucose.actuator.pump][INFO] - Resetting insulin pump ...
[2023-03-06 19:42:15,266][simglucose.simulation.scenario_gen][INFO] - Time for meal!
[2023-03-06 19:42:15,266][simglucose.patient.t1dpatient][INFO] - t = 32.0, patient starts eating ...
[2023-03-06 19:42:15,338][simglucose.controller.basal_bolus_ctrller][INFO] - Calculating bolus ...
[2023-03-06 19:42:15,338][simglucose.controller.basal_bolus_ctrller][INFO] - Meal = 70 g/min
[2023-03-06 19:42:15,339][simglucose.controller.basal_bolus_ctrller][INFO] - glucose = 172.58701983716142
[2023-03-06 19:42:15,499][simglucose.patient.t1dpatient][INFO] - t = 46.0, Patient finishes eating!
[2023-03-06 19:42:17,698][simglucose.simulation.scenario_gen][INFO] - Time for meal!
[2023-03-06 19:42:17,699][simglucose.patient.t1dpatient][INFO] - t = 469.0, patient starts eating ...
[2023-03-06 19:42:17,730][simglucose.controller.basal_bolus_ctrller][INFO] - Calculating bolus ...
[2023-03-06 19:42:17,730][simglucose.controller.basal_bolus_ctrller][INFO] - Meal = 79 g/min
[2023-03-06 19:42:17,731][simglucose.controller.basal_bolus_ctrller][INFO] - glucose = 102.82563075569267
[2023-03-06 19:42:17,861][simglucose.patient.t1dpatient][INFO] - t = 485.0, Patient finishes eating!
[2023-03-06 19:42:19,187][simglucose.simulation.scenario_gen][INFO] - Time for meal!
[2023-03-06 19:42:19,188][simglucose.patient.t1dpatient][INFO] - t = 738.0, patient starts eating ...
[2023-03-06 19:42:19,207][simglucose.controller.basal_bolus_ctrller][INFO] - Calculating bolus ...
[2023-03-06 19:42:19,208][simglucose.controller.basal_bolus_ctrller][INFO] - Meal = 17 g/min
[2023-03-06 19:42:19,208][simglucose.controller.basal_bolus_ctrller][INFO] - glucose = 105.21550170553103
[2023-03-06 19:42:19,241][simglucose.patient.t1dpatient][INFO] - t = 742.0, Patient finishes eating!
[2023-03-06 19:42:19,758][simglucose.simulation.scenario_gen][INFO] - Creating new one day scenario ...
[2023-03-06 19:42:21,645][simglucose.simulation.scenario_gen][INFO] - Time for meal!
[2023-03-06 19:42:21,645][simglucose.patient.t1dpatient][INFO] - t = 1197.0, patient starts eating ...
[2023-03-06 19:42:21,697][simglucose.controller.basal_bolus_ctrller][INFO] - Calculating bolus ...
[2023-03-06 19:42:21,698][simglucose.controller.basal_bolus_ctrller][INFO] - Meal = 41 g/min
[2023-03-06 19:42:21,698][simglucose.controller.basal_bolus_ctrller][INFO] - glucose = 117.18787625132929
[2023-03-06 19:42:21,798][simglucose.patient.t1dpatient][INFO] - t = 1206.0, Patient finishes eating!
[2023-03-06 19:42:24,034][simglucose.actuator.pump][INFO] - Resetting insulin pump ...
[2023-03-06 19:42:24,231][simglucose.simulation.scenario_gen][INFO] - Time for meal!
[2023-03-06 19:42:24,232][simglucose.patient.t1dpatient][INFO] - t = 33.0, patient starts eating ...
[2023-03-06 19:42:24,314][simglucose.controller.basal_bolus_ctrller][INFO] - Calculating bolus ...
[2023-03-06 19:42:24,314][simglucose.controller.basal_bolus_ctrller][INFO] - Meal = 68 g/min
[2023-03-06 19:42:24,315][simglucose.controller.basal_bolus_ctrller][INFO] - glucose = 142.64021120356816
[2023-03-06 19:42:24,474][simglucose.patient.t1dpatient][INFO] - t = 47.0, Patient finishes eating!
[2023-03-06 19:42:26,336][simglucose.actuator.pump][INFO] - Resetting insulin pump ...
[2023-03-06 19:42:27,571][simglucose.simulation.scenario_gen][INFO] - Time for meal!
[2023-03-06 19:42:27,572][simglucose.patient.t1dpatient][INFO] - t = 247.0, patient starts eating ...
[2023-03-06 19:42:27,634][simglucose.controller.basal_bolus_ctrller][INFO] - Calculating bolus ...
[2023-03-06 19:42:27,635][simglucose.controller.basal_bolus_ctrller][INFO] - Meal = 78 g/min
[2023-03-06 19:42:27,635][simglucose.controller.basal_bolus_ctrller][INFO] - glucose = 140.46900481490536
[2023-03-06 19:42:27,794][simglucose.patient.t1dpatient][INFO] - t = 263.0, Patient finishes eating!
[2023-03-06 19:42:29,232][simglucose.simulation.scenario_gen][INFO] - Creating new one day scenario ...
[2023-03-06 19:42:31,941][simglucose.simulation.scenario_gen][INFO] - Time for meal!
[2023-03-06 19:42:31,942][simglucose.patient.t1dpatient][INFO] - t = 1059.0, patient starts eating ...
[2023-03-06 19:42:31,969][simglucose.controller.basal_bolus_ctrller][INFO] - Calculating bolus ...
[2023-03-06 19:42:31,970][simglucose.controller.basal_bolus_ctrller][INFO] - Meal = 51 g/min
[2023-03-06 19:42:31,970][simglucose.controller.basal_bolus_ctrller][INFO] - glucose = 130.44461911728285
[2023-03-06 19:42:32,081][simglucose.patient.t1dpatient][INFO] - t = 1070.0, Patient finishes eating!
[2023-03-06 19:42:32,406][simglucose.simulation.scenario_gen][INFO] - Time for meal!
[2023-03-06 19:42:32,407][simglucose.patient.t1dpatient][INFO] - t = 1135.0, patient starts eating ...
[2023-03-06 19:42:32,417][simglucose.controller.basal_bolus_ctrller][INFO] - Calculating bolus ...
[2023-03-06 19:42:32,418][simglucose.controller.basal_bolus_ctrller][INFO] - Meal = 10 g/min
[2023-03-06 19:42:32,418][simglucose.controller.basal_bolus_ctrller][INFO] - glucose = 150.39066773671308
[2023-03-06 19:42:32,427][simglucose.patient.t1dpatient][INFO] - t = 1137.0, Patient finishes eating!
[2023-03-06 19:42:32,960][simglucose.simulation.scenario_gen][INFO] - Time for meal!
[2023-03-06 19:42:32,960][simglucose.patient.t1dpatient][INFO] - t = 1243.0, patient starts eating ...
[2023-03-06 19:42:32,970][simglucose.controller.basal_bolus_ctrller][INFO] - Calculating bolus ...
[2023-03-06 19:42:32,971][simglucose.controller.basal_bolus_ctrller][INFO] - Meal = 84 g/min
[2023-03-06 19:42:32,971][simglucose.controller.basal_bolus_ctrller][INFO] - glucose = 120.04956367293
[2023-03-06 19:42:33,093][simglucose.patient.t1dpatient][INFO] - t = 1260.0, Patient finishes eating!
[2023-03-06 19:42:34,918][simglucose.simulation.scenario_gen][INFO] - Time for meal!
[2023-03-06 19:42:34,919][simglucose.patient.t1dpatient][INFO] - t = 1602.0, patient starts eating ...
[2023-03-06 19:42:34,943][simglucose.controller.basal_bolus_ctrller][INFO] - Calculating bolus ...
[2023-03-06 19:42:34,943][simglucose.controller.basal_bolus_ctrller][INFO] - Meal = 74 g/min
[2023-03-06 19:42:34,944][simglucose.controller.basal_bolus_ctrller][INFO] - glucose = 93.53243327791895
[2023-03-06 19:42:35,070][simglucose.patient.t1dpatient][INFO] - t = 1617.0, Patient finishes eating!
[2023-03-06 19:42:37,045][simglucose.simulation.scenario_gen][INFO] - Creating new one day scenario ...
[2023-03-06 19:42:38,812][simglucose.simulation.scenario_gen][INFO] - Time for meal!
[2023-03-06 19:42:38,812][simglucose.patient.t1dpatient][INFO] - t = 2303.0, patient starts eating ...
[2023-03-06 19:42:38,840][simglucose.controller.basal_bolus_ctrller][INFO] - Calculating bolus ...
[2023-03-06 19:42:38,840][simglucose.controller.basal_bolus_ctrller][INFO] - Meal = 47 g/min
[2023-03-06 19:42:38,841][simglucose.controller.basal_bolus_ctrller][INFO] - glucose = 128.42569915286887
[2023-03-06 19:42:38,951][simglucose.patient.t1dpatient][INFO] - t = 2313.0, Patient finishes eating!
[2023-03-06 19:42:41,016][simglucose.simulation.scenario_gen][INFO] - Time for meal!
[2023-03-06 19:42:41,016][simglucose.patient.t1dpatient][INFO] - t = 2704.0, patient starts eating ...
[2023-03-06 19:42:41,049][simglucose.controller.basal_bolus_ctrller][INFO] - Calculating bolus ...
[2023-03-06 19:42:41,049][simglucose.controller.basal_bolus_ctrller][INFO] - Meal = 74 g/min
[2023-03-06 19:42:41,050][simglucose.controller.basal_bolus_ctrller][INFO] - glucose = 119.03408509727745
[2023-03-06 19:42:41,183][simglucose.patient.t1dpatient][INFO] - t = 2719.0, Patient finishes eating!
[2023-03-06 19:42:42,030][simglucose.simulation.scenario_gen][INFO] - Time for meal!
[2023-03-06 19:42:42,031][simglucose.patient.t1dpatient][INFO] - t = 2887.0, patient starts eating ...
[2023-03-06 19:42:42,036][simglucose.controller.basal_bolus_ctrller][INFO] - Calculating bolus ...
[2023-03-06 19:42:42,037][simglucose.controller.basal_bolus_ctrller][INFO] - Meal = 8 g/min
[2023-03-06 19:42:42,037][simglucose.controller.basal_bolus_ctrller][INFO] - glucose = 128.5890852457303
[2023-03-06 19:42:42,046][simglucose.patient.t1dpatient][INFO] - t = 2889.0, Patient finishes eating!
[2023-03-06 19:42:42,818][simglucose.simulation.scenario_gen][INFO] - Time for meal!
[2023-03-06 19:42:42,819][simglucose.patient.t1dpatient][INFO] - t = 3042.0, patient starts eating ...
[2023-03-06 19:42:42,839][simglucose.controller.basal_bolus_ctrller][INFO] - Calculating bolus ...
[2023-03-06 19:42:42,839][simglucose.controller.basal_bolus_ctrller][INFO] - Meal = 65 g/min
[2023-03-06 19:42:42,840][simglucose.controller.basal_bolus_ctrller][INFO] - glucose = 91.39978940274452
[2023-03-06 19:42:42,947][simglucose.patient.t1dpatient][INFO] - t = 3055.0, Patient finishes eating!
[2023-03-06 19:42:44,773][simglucose.simulation.scenario_gen][INFO] - Creating new one day scenario ...
[2023-03-06 19:42:47,108][simglucose.simulation.scenario_gen][INFO] - Time for meal!
[2023-03-06 19:42:47,108][simglucose.patient.t1dpatient][INFO] - t = 3883.0, patient starts eating ...
[2023-03-06 19:42:47,145][simglucose.controller.basal_bolus_ctrller][INFO] - Calculating bolus ...
[2023-03-06 19:42:47,146][simglucose.controller.basal_bolus_ctrller][INFO] - Meal = 51 g/min
[2023-03-06 19:42:47,146][simglucose.controller.basal_bolus_ctrller][INFO] - glucose = 139.73446559836864
[2023-03-06 19:42:47,264][simglucose.patient.t1dpatient][INFO] - t = 3894.0, Patient finishes eating!
[2023-03-06 19:42:48,528][simglucose.simulation.scenario_gen][INFO] - Time for meal!
[2023-03-06 19:42:48,529][simglucose.patient.t1dpatient][INFO] - t = 4139.0, patient starts eating ...
[2023-03-06 19:42:48,546][simglucose.controller.basal_bolus_ctrller][INFO] - Calculating bolus ...
[2023-03-06 19:42:48,546][simglucose.controller.basal_bolus_ctrller][INFO] - Meal = 81 g/min
[2023-03-06 19:42:48,547][simglucose.controller.basal_bolus_ctrller][INFO] - glucose = 128.70876913731354
[2023-03-06 19:42:48,668][simglucose.patient.t1dpatient][INFO] - t = 4156.0, Patient finishes eating!
[2023-03-06 19:42:50,267][simglucose.simulation.scenario_gen][INFO] - Time for meal!
[2023-03-06 19:42:50,267][simglucose.patient.t1dpatient][INFO] - t = 4463.0, patient starts eating ...
[2023-03-06 19:42:50,285][simglucose.controller.basal_bolus_ctrller][INFO] - Calculating bolus ...
[2023-03-06 19:42:50,286][simglucose.controller.basal_bolus_ctrller][INFO] - Meal = 73 g/min
[2023-03-06 19:42:50,286][simglucose.controller.basal_bolus_ctrller][INFO] - glucose = 87.56383314534786
[2023-03-06 19:42:50,412][simglucose.patient.t1dpatient][INFO] - t = 4478.0, Patient finishes eating!
[2023-03-06 19:42:52,296][simglucose.simulation.scenario_gen][INFO] - Creating new one day scenario ...
[2023-03-06 19:42:53,471][simglucose.actuator.pump][INFO] - Resetting insulin pump ...
[2023-03-06 19:42:53,858][simglucose.simulation.scenario_gen][INFO] - Time for meal!
[2023-03-06 19:42:53,859][simglucose.patient.t1dpatient][INFO] - t = 75.0, patient starts eating ...
[2023-03-06 19:42:53,922][simglucose.controller.basal_bolus_ctrller][INFO] - Calculating bolus ...
[2023-03-06 19:42:53,923][simglucose.controller.basal_bolus_ctrller][INFO] - Meal = 17 g/min
[2023-03-06 19:42:53,923][simglucose.controller.basal_bolus_ctrller][INFO] - glucose = 166.65932269062068
[2023-03-06 19:42:53,973][simglucose.patient.t1dpatient][INFO] - t = 79.0, Patient finishes eating!
[2023-03-06 19:42:54,512][simglucose.simulation.scenario_gen][INFO] - Creating new one day scenario ...
[2023-03-06 19:42:55,613][simglucose.actuator.pump][INFO] - Resetting insulin pump ...
[2023-03-06 19:42:56,207][simglucose.simulation.scenario_gen][INFO] - Creating new one day scenario ...
[2023-03-06 19:42:58,422][simglucose.simulation.scenario_gen][INFO] - Time for meal!
[2023-03-06 19:42:58,423][simglucose.patient.t1dpatient][INFO] - t = 602.0, patient starts eating ...
[2023-03-06 19:42:58,484][simglucose.controller.basal_bolus_ctrller][INFO] - Calculating bolus ...
[2023-03-06 19:42:58,484][simglucose.controller.basal_bolus_ctrller][INFO] - Meal = 45 g/min
[2023-03-06 19:42:58,484][simglucose.controller.basal_bolus_ctrller][INFO] - glucose = 153.23321123207876
[2023-03-06 19:42:58,597][simglucose.patient.t1dpatient][INFO] - t = 611.0, Patient finishes eating!
[2023-03-06 19:43:00,044][simglucose.simulation.scenario_gen][INFO] - Time for meal!
[2023-03-06 19:43:00,045][simglucose.patient.t1dpatient][INFO] - t = 888.0, patient starts eating ...
[2023-03-06 19:43:00,071][simglucose.controller.basal_bolus_ctrller][INFO] - Calculating bolus ...
[2023-03-06 19:43:00,071][simglucose.controller.basal_bolus_ctrller][INFO] - Meal = 86 g/min
[2023-03-06 19:43:00,072][simglucose.controller.basal_bolus_ctrller][INFO] - glucose = 117.49457647701543
[2023-03-06 19:43:00,210][simglucose.patient.t1dpatient][INFO] - t = 906.0, Patient finishes eating!
[2023-03-06 19:43:00,712][simglucose.simulation.scenario_gen][INFO] - Time for meal!
[2023-03-06 19:43:00,713][simglucose.patient.t1dpatient][INFO] - t = 1005.0, patient starts eating ...
[2023-03-06 19:43:00,718][simglucose.controller.basal_bolus_ctrller][INFO] - Calculating bolus ...
[2023-03-06 19:43:00,719][simglucose.controller.basal_bolus_ctrller][INFO] - Meal = 3 g/min
[2023-03-06 19:43:00,719][simglucose.controller.basal_bolus_ctrller][INFO] - glucose = 126.46424620407714
[2023-03-06 19:43:00,719][simglucose.patient.t1dpatient][INFO] - t = 1006.0, Patient finishes eating!
[2023-03-06 19:43:01,581][simglucose.simulation.scenario_gen][INFO] - Time for meal!
[2023-03-06 19:43:01,582][simglucose.patient.t1dpatient][INFO] - t = 1181.0, patient starts eating ...
[2023-03-06 19:43:01,598][simglucose.controller.basal_bolus_ctrller][INFO] - Calculating bolus ...
[2023-03-06 19:43:01,599][simglucose.controller.basal_bolus_ctrller][INFO] - Meal = 64 g/min
[2023-03-06 19:43:01,599][simglucose.controller.basal_bolus_ctrller][INFO] - glucose = 130.3766010681411
[2023-03-06 19:43:01,705][simglucose.patient.t1dpatient][INFO] - t = 1194.0, Patient finishes eating!
[2023-03-06 19:43:02,815][simglucose.simulation.scenario_gen][INFO] - Time for meal!
[2023-03-06 19:43:02,815][simglucose.patient.t1dpatient][INFO] - t = 1410.0, patient starts eating ...
[2023-03-06 19:43:02,830][simglucose.controller.basal_bolus_ctrller][INFO] - Calculating bolus ...
[2023-03-06 19:43:02,831][simglucose.controller.basal_bolus_ctrller][INFO] - Meal = 6 g/min
[2023-03-06 19:43:02,831][simglucose.controller.basal_bolus_ctrller][INFO] - glucose = 87.00135872099926
[2023-03-06 19:43:02,841][simglucose.patient.t1dpatient][INFO] - t = 1412.0, Patient finishes eating!
[2023-03-06 19:43:03,638][simglucose.simulation.scenario_gen][INFO] - Creating new one day scenario ...
[2023-03-06 19:43:05,499][simglucose.simulation.scenario_gen][INFO] - Time for meal!
[2023-03-06 19:43:05,499][simglucose.patient.t1dpatient][INFO] - t = 1948.0, patient starts eating ...
[2023-03-06 19:43:05,526][simglucose.controller.basal_bolus_ctrller][INFO] - Calculating bolus ...
[2023-03-06 19:43:05,526][simglucose.controller.basal_bolus_ctrller][INFO] - Meal = 55 g/min
[2023-03-06 19:43:05,526][simglucose.controller.basal_bolus_ctrller][INFO] - glucose = 134.89898438777516
[2023-03-06 19:43:05,645][simglucose.patient.t1dpatient][INFO] - t = 1959.0, Patient finishes eating!
[2023-03-06 19:43:06,485][simglucose.simulation.scenario_gen][INFO] - Time for meal!
[2023-03-06 19:43:06,486][simglucose.patient.t1dpatient][INFO] - t = 2111.0, patient starts eating ...
[2023-03-06 19:43:06,497][simglucose.controller.basal_bolus_ctrller][INFO] - Calculating bolus ...
[2023-03-06 19:43:06,498][simglucose.controller.basal_bolus_ctrller][INFO] - Meal = 12 g/min
[2023-03-06 19:43:06,498][simglucose.controller.basal_bolus_ctrller][INFO] - glucose = 144.8045574164806
[2023-03-06 19:43:06,517][simglucose.patient.t1dpatient][INFO] - t = 2114.0, Patient finishes eating!
[2023-03-06 19:43:07,076][simglucose.actuator.pump][INFO] - Resetting insulin pump ...
[2023-03-06 19:43:07,414][simglucose.simulation.scenario_gen][INFO] - Time for meal!
[2023-03-06 19:43:07,414][simglucose.patient.t1dpatient][INFO] - t = 61.0, patient starts eating ...
[2023-03-06 19:43:07,477][simglucose.controller.basal_bolus_ctrller][INFO] - Calculating bolus ...
[2023-03-06 19:43:07,477][simglucose.controller.basal_bolus_ctrller][INFO] - Meal = 65 g/min
[2023-03-06 19:43:07,478][simglucose.controller.basal_bolus_ctrller][INFO] - glucose = 160.04129803407662
[2023-03-06 19:43:07,608][simglucose.patient.t1dpatient][INFO] - t = 74.0, Patient finishes eating!
[2023-03-06 19:43:09,595][simglucose.simulation.scenario_gen][INFO] - Time for meal!
[2023-03-06 19:43:09,596][simglucose.patient.t1dpatient][INFO] - t = 455.0, patient starts eating ...
[2023-03-06 19:43:09,629][simglucose.controller.basal_bolus_ctrller][INFO] - Calculating bolus ...
[2023-03-06 19:43:09,630][simglucose.controller.basal_bolus_ctrller][INFO] - Meal = 87 g/min
[2023-03-06 19:43:09,631][simglucose.controller.basal_bolus_ctrller][INFO] - glucose = 115.01766912778058
[2023-03-06 19:43:09,780][simglucose.patient.t1dpatient][INFO] - t = 473.0, Patient finishes eating!
[2023-03-06 19:43:11,308][simglucose.simulation.scenario_gen][INFO] - Creating new one day scenario ...
[2023-03-06 19:43:12,203][simglucose.actuator.pump][INFO] - Resetting insulin pump ...
[2023-03-06 19:43:13,158][simglucose.simulation.scenario_gen][INFO] - Time for meal!
[2023-03-06 19:43:13,158][simglucose.patient.t1dpatient][INFO] - t = 199.0, patient starts eating ...
[2023-03-06 19:43:13,215][simglucose.controller.basal_bolus_ctrller][INFO] - Calculating bolus ...
[2023-03-06 19:43:13,216][simglucose.controller.basal_bolus_ctrller][INFO] - Meal = 33 g/min
[2023-03-06 19:43:13,216][simglucose.controller.basal_bolus_ctrller][INFO] - glucose = 138.56546307732444
[2023-03-06 19:43:13,299][simglucose.patient.t1dpatient][INFO] - t = 206.0, Patient finishes eating!
[2023-03-06 19:43:14,668][simglucose.simulation.scenario_gen][INFO] - Time for meal!
[2023-03-06 19:43:14,669][simglucose.patient.t1dpatient][INFO] - t = 493.0, patient starts eating ...
[2023-03-06 19:43:14,687][simglucose.controller.basal_bolus_ctrller][INFO] - Calculating bolus ...
[2023-03-06 19:43:14,688][simglucose.controller.basal_bolus_ctrller][INFO] - Meal = 70 g/min
[2023-03-06 19:43:14,688][simglucose.controller.basal_bolus_ctrller][INFO] - glucose = 120.47859765747538
[2023-03-06 19:43:14,792][simglucose.patient.t1dpatient][INFO] - t = 507.0, Patient finishes eating!
[2023-03-06 19:43:16,101][simglucose.simulation.scenario_gen][INFO] - Time for meal!
[2023-03-06 19:43:16,101][simglucose.patient.t1dpatient][INFO] - t = 788.0, patient starts eating ...
[2023-03-06 19:43:16,118][simglucose.controller.basal_bolus_ctrller][INFO] - Calculating bolus ...
[2023-03-06 19:43:16,118][simglucose.controller.basal_bolus_ctrller][INFO] - Meal = 72 g/min
[2023-03-06 19:43:16,119][simglucose.controller.basal_bolus_ctrller][INFO] - glucose = 104.87276719820476
[2023-03-06 19:43:16,219][simglucose.patient.t1dpatient][INFO] - t = 803.0, Patient finishes eating!
[2023-03-06 19:43:18,085][simglucose.simulation.scenario_gen][INFO] - Creating new one day scenario ...
[2023-03-06 19:43:20,110][simglucose.simulation.scenario_gen][INFO] - Time for meal!
[2023-03-06 19:43:20,111][simglucose.patient.t1dpatient][INFO] - t = 1621.0, patient starts eating ...
[2023-03-06 19:43:20,136][simglucose.controller.basal_bolus_ctrller][INFO] - Calculating bolus ...
[2023-03-06 19:43:20,136][simglucose.controller.basal_bolus_ctrller][INFO] - Meal = 66 g/min
[2023-03-06 19:43:20,137][simglucose.controller.basal_bolus_ctrller][INFO] - glucose = 148.6667339674675
[2023-03-06 19:43:20,256][simglucose.patient.t1dpatient][INFO] - t = 1635.0, Patient finishes eating!
[2023-03-06 19:43:20,755][simglucose.simulation.scenario_gen][INFO] - Time for meal!
[2023-03-06 19:43:20,756][simglucose.patient.t1dpatient][INFO] - t = 1742.0, patient starts eating ...
[2023-03-06 19:43:20,761][simglucose.controller.basal_bolus_ctrller][INFO] - Calculating bolus ...
[2023-03-06 19:43:20,761][simglucose.controller.basal_bolus_ctrller][INFO] - Meal = 9 g/min
[2023-03-06 19:43:20,762][simglucose.controller.basal_bolus_ctrller][INFO] - glucose = 144.2773259056645
[2023-03-06 19:43:20,771][simglucose.patient.t1dpatient][INFO] - t = 1744.0, Patient finishes eating!
[2023-03-06 19:43:21,591][simglucose.actuator.pump][INFO] - Resetting insulin pump ...
[2023-03-06 19:43:21,901][simglucose.simulation.scenario_gen][INFO] - Creating new one day scenario ...
[2023-03-06 19:43:23,914][simglucose.simulation.scenario_gen][INFO] - Time for meal!
[2023-03-06 19:43:23,914][simglucose.patient.t1dpatient][INFO] - t = 512.0, patient starts eating ...
[2023-03-06 19:43:23,968][simglucose.controller.basal_bolus_ctrller][INFO] - Calculating bolus ...
[2023-03-06 19:43:23,968][simglucose.controller.basal_bolus_ctrller][INFO] - Meal = 49 g/min
[2023-03-06 19:43:23,969][simglucose.controller.basal_bolus_ctrller][INFO] - glucose = 142.16102749160726
[2023-03-06 19:43:24,075][simglucose.patient.t1dpatient][INFO] - t = 522.0, Patient finishes eating!
[2023-03-06 19:43:24,503][simglucose.simulation.scenario_gen][INFO] - Time for meal!
[2023-03-06 19:43:24,503][simglucose.patient.t1dpatient][INFO] - t = 614.0, patient starts eating ...
[2023-03-06 19:43:24,508][simglucose.controller.basal_bolus_ctrller][INFO] - Calculating bolus ...
[2023-03-06 19:43:24,509][simglucose.controller.basal_bolus_ctrller][INFO] - Meal = 7 g/min
[2023-03-06 19:43:24,509][simglucose.controller.basal_bolus_ctrller][INFO] - glucose = 138.9749992547083
[2023-03-06 19:43:24,517][simglucose.patient.t1dpatient][INFO] - t = 616.0, Patient finishes eating!
[2023-03-06 19:43:25,464][simglucose.simulation.scenario_gen][INFO] - Time for meal!
[2023-03-06 19:43:25,465][simglucose.patient.t1dpatient][INFO] - t = 816.0, patient starts eating ...
[2023-03-06 19:43:25,475][simglucose.controller.basal_bolus_ctrller][INFO] - Calculating bolus ...
[2023-03-06 19:43:25,476][simglucose.controller.basal_bolus_ctrller][INFO] - Meal = 69 g/min
[2023-03-06 19:43:25,476][simglucose.controller.basal_bolus_ctrller][INFO] - glucose = 113.42433604231432
[2023-03-06 19:43:25,588][simglucose.patient.t1dpatient][INFO] - t = 830.0, Patient finishes eating!
[2023-03-06 19:43:27,073][simglucose.simulation.scenario_gen][INFO] - Time for meal!
[2023-03-06 19:43:27,074][simglucose.patient.t1dpatient][INFO] - t = 1137.0, patient starts eating ...
[2023-03-06 19:43:27,096][simglucose.controller.basal_bolus_ctrller][INFO] - Calculating bolus ...
[2023-03-06 19:43:27,097][simglucose.controller.basal_bolus_ctrller][INFO] - Meal = 94 g/min
[2023-03-06 19:43:27,097][simglucose.controller.basal_bolus_ctrller][INFO] - glucose = 100.70286423914374
[2023-03-06 19:43:27,228][simglucose.patient.t1dpatient][INFO] - t = 1156.0, Patient finishes eating!
[2023-03-06 19:43:28,927][simglucose.simulation.scenario_gen][INFO] - Creating new one day scenario ...
[2023-03-06 19:43:30,582][simglucose.simulation.scenario_gen][INFO] - Time for meal!
[2023-03-06 19:43:30,583][simglucose.patient.t1dpatient][INFO] - t = 1868.0, patient starts eating ...
[2023-03-06 19:43:30,602][simglucose.controller.basal_bolus_ctrller][INFO] - Calculating bolus ...
[2023-03-06 19:43:30,603][simglucose.controller.basal_bolus_ctrller][INFO] - Meal = 46 g/min
[2023-03-06 19:43:30,603][simglucose.controller.basal_bolus_ctrller][INFO] - glucose = 134.3047899348427
[2023-03-06 19:43:30,705][simglucose.patient.t1dpatient][INFO] - t = 1878.0, Patient finishes eating!
[2023-03-06 19:43:31,497][simglucose.simulation.scenario_gen][INFO] - Time for meal!
[2023-03-06 19:43:31,497][simglucose.patient.t1dpatient][INFO] - t = 2041.0, patient starts eating ...
[2023-03-06 19:43:31,515][simglucose.controller.basal_bolus_ctrller][INFO] - Calculating bolus ...
[2023-03-06 19:43:31,515][simglucose.controller.basal_bolus_ctrller][INFO] - Meal = 7 g/min
[2023-03-06 19:43:31,515][simglucose.controller.basal_bolus_ctrller][INFO] - glucose = 129.7780906379263
[2023-03-06 19:43:31,523][simglucose.patient.t1dpatient][INFO] - t = 2043.0, Patient finishes eating!
[2023-03-06 19:43:32,316][simglucose.simulation.scenario_gen][INFO] - Time for meal!
[2023-03-06 19:43:32,316][simglucose.patient.t1dpatient][INFO] - t = 2201.0, patient starts eating ...
[2023-03-06 19:43:32,325][simglucose.controller.basal_bolus_ctrller][INFO] - Calculating bolus ...
[2023-03-06 19:43:32,326][simglucose.controller.basal_bolus_ctrller][INFO] - Meal = 53 g/min
[2023-03-06 19:43:32,326][simglucose.controller.basal_bolus_ctrller][INFO] - glucose = 118.60647928778684
[2023-03-06 19:43:32,408][simglucose.patient.t1dpatient][INFO] - t = 2212.0, Patient finishes eating!
[2023-03-06 19:43:32,886][simglucose.actuator.pump][INFO] - Resetting insulin pump ...
[2023-03-06 19:43:34,194][simglucose.simulation.scenario_gen][INFO] - Creating new one day scenario ...
[2023-03-06 19:43:35,880][simglucose.simulation.scenario_gen][INFO] - Time for meal!
[2023-03-06 19:43:35,880][simglucose.patient.t1dpatient][INFO] - t = 675.0, patient starts eating ...
[2023-03-06 19:43:35,937][simglucose.controller.basal_bolus_ctrller][INFO] - Calculating bolus ...
[2023-03-06 19:43:35,937][simglucose.controller.basal_bolus_ctrller][INFO] - Meal = 38 g/min
[2023-03-06 19:43:35,938][simglucose.controller.basal_bolus_ctrller][INFO] - glucose = 160.02285184127237
[2023-03-06 19:43:36,027][simglucose.patient.t1dpatient][INFO] - t = 683.0, Patient finishes eating!
[2023-03-06 19:43:36,928][simglucose.simulation.scenario_gen][INFO] - Time for meal!
[2023-03-06 19:43:36,929][simglucose.patient.t1dpatient][INFO] - t = 871.0, patient starts eating ...
[2023-03-06 19:43:36,943][simglucose.controller.basal_bolus_ctrller][INFO] - Calculating bolus ...
[2023-03-06 19:43:36,943][simglucose.controller.basal_bolus_ctrller][INFO] - Meal = 9 g/min
[2023-03-06 19:43:36,943][simglucose.controller.basal_bolus_ctrller][INFO] - glucose = 122.21439049343644
[2023-03-06 19:43:36,953][simglucose.patient.t1dpatient][INFO] - t = 873.0, Patient finishes eating!
[2023-03-06 19:43:37,729][simglucose.simulation.scenario_gen][INFO] - Time for meal!
[2023-03-06 19:43:37,749][simglucose.patient.t1dpatient][INFO] - t = 1033.0, patient starts eating ...
[2023-03-06 19:43:37,767][simglucose.controller.basal_bolus_ctrller][INFO] - Calculating bolus ...
[2023-03-06 19:43:37,767][simglucose.controller.basal_bolus_ctrller][INFO] - Meal = 56 g/min
[2023-03-06 19:43:37,768][simglucose.controller.basal_bolus_ctrller][INFO] - glucose = 108.37873049435593
[2023-03-06 19:43:37,863][simglucose.patient.t1dpatient][INFO] - t = 1045.0, Patient finishes eating!
[2023-03-06 19:43:39,038][simglucose.simulation.scenario_gen][INFO] - Time for meal!
[2023-03-06 19:43:39,039][simglucose.patient.t1dpatient][INFO] - t = 1291.0, patient starts eating ...
[2023-03-06 19:43:39,055][simglucose.controller.basal_bolus_ctrller][INFO] - Calculating bolus ...
[2023-03-06 19:43:39,056][simglucose.controller.basal_bolus_ctrller][INFO] - Meal = 64 g/min
[2023-03-06 19:43:39,056][simglucose.controller.basal_bolus_ctrller][INFO] - glucose = 113.40830284877315
[2023-03-06 19:43:39,150][simglucose.patient.t1dpatient][INFO] - t = 1304.0, Patient finishes eating!
[2023-03-06 19:43:40,459][simglucose.simulation.scenario_gen][INFO] - Time for meal!
[2023-03-06 19:43:40,460][simglucose.patient.t1dpatient][INFO] - t = 1582.0, patient starts eating ...
[2023-03-06 19:43:40,478][simglucose.controller.basal_bolus_ctrller][INFO] - Calculating bolus ...
[2023-03-06 19:43:40,478][simglucose.controller.basal_bolus_ctrller][INFO] - Meal = 10 g/min
[2023-03-06 19:43:40,478][simglucose.controller.basal_bolus_ctrller][INFO] - glucose = 77.82478114965767
[2023-03-06 19:43:40,489][simglucose.patient.t1dpatient][INFO] - t = 1584.0, Patient finishes eating!
[2023-03-06 19:43:41,215][simglucose.simulation.scenario_gen][INFO] - Creating new one day scenario ...
[2023-03-06 19:43:43,391][simglucose.simulation.scenario_gen][INFO] - Time for meal!
[2023-03-06 19:43:43,392][simglucose.patient.t1dpatient][INFO] - t = 2221.0, patient starts eating ...
[2023-03-06 19:43:43,420][simglucose.controller.basal_bolus_ctrller][INFO] - Calculating bolus ...
[2023-03-06 19:43:43,420][simglucose.controller.basal_bolus_ctrller][INFO] - Meal = 44 g/min
[2023-03-06 19:43:43,421][simglucose.controller.basal_bolus_ctrller][INFO] - glucose = 128.41869533982998
[2023-03-06 19:43:43,511][simglucose.patient.t1dpatient][INFO] - t = 2230.0, Patient finishes eating!
[2023-03-06 19:43:44,551][simglucose.simulation.scenario_gen][INFO] - Time for meal!
[2023-03-06 19:43:44,552][simglucose.patient.t1dpatient][INFO] - t = 2449.0, patient starts eating ...
[2023-03-06 19:43:44,568][simglucose.controller.basal_bolus_ctrller][INFO] - Calculating bolus ...
[2023-03-06 19:43:44,569][simglucose.controller.basal_bolus_ctrller][INFO] - Meal = 80 g/min
[2023-03-06 19:43:44,569][simglucose.controller.basal_bolus_ctrller][INFO] - glucose = 151.32005086284855
[2023-03-06 19:43:44,677][simglucose.patient.t1dpatient][INFO] - t = 2465.0, Patient finishes eating!
[2023-03-06 19:43:48,101][simglucose.simulation.scenario_gen][INFO] - Creating new one day scenario ...
[2023-03-06 19:43:50,223][simglucose.simulation.scenario_gen][INFO] - Time for meal!
[2023-03-06 19:43:50,224][simglucose.patient.t1dpatient][INFO] - t = 3619.0, patient starts eating ...
[2023-03-06 19:43:50,266][simglucose.controller.basal_bolus_ctrller][INFO] - Calculating bolus ...
[2023-03-06 19:43:50,266][simglucose.controller.basal_bolus_ctrller][INFO] - Meal = 48 g/min
[2023-03-06 19:43:50,266][simglucose.controller.basal_bolus_ctrller][INFO] - glucose = 87.68540062479656
[2023-03-06 19:43:50,367][simglucose.patient.t1dpatient][INFO] - t = 3629.0, Patient finishes eating!
[2023-03-06 19:43:50,443][simglucose.actuator.pump][INFO] - Resetting insulin pump ...
[2023-03-06 19:43:50,499][simglucose.simulation.scenario_gen][INFO] - Time for meal!
[2023-03-06 19:43:50,499][simglucose.patient.t1dpatient][INFO] - t = 6.0, patient starts eating ...
[2023-03-06 19:43:50,555][simglucose.controller.basal_bolus_ctrller][INFO] - Calculating bolus ...
[2023-03-06 19:43:50,556][simglucose.controller.basal_bolus_ctrller][INFO] - Meal = 74 g/min
[2023-03-06 19:43:50,557][simglucose.controller.basal_bolus_ctrller][INFO] - glucose = 163.54224076542815
[2023-03-06 19:43:50,700][simglucose.patient.t1dpatient][INFO] - t = 21.0, Patient finishes eating!
[2023-03-06 19:43:51,860][simglucose.simulation.scenario_gen][INFO] - Time for meal!
[2023-03-06 19:43:51,860][simglucose.patient.t1dpatient][INFO] - t = 268.0, patient starts eating ...
[2023-03-06 19:43:51,874][simglucose.controller.basal_bolus_ctrller][INFO] - Calculating bolus ...
[2023-03-06 19:43:51,874][simglucose.controller.basal_bolus_ctrller][INFO] - Meal = 90 g/min
[2023-03-06 19:43:51,874][simglucose.controller.basal_bolus_ctrller][INFO] - glucose = 113.76507408214123
[2023-03-06 19:43:51,999][simglucose.patient.t1dpatient][INFO] - t = 286.0, Patient finishes eating!
[2023-03-06 19:43:53,354][simglucose.simulation.scenario_gen][INFO] - Time for meal!
[2023-03-06 19:43:53,355][simglucose.patient.t1dpatient][INFO] - t = 589.0, patient starts eating ...
[2023-03-06 19:43:53,373][simglucose.controller.basal_bolus_ctrller][INFO] - Calculating bolus ...
[2023-03-06 19:43:53,374][simglucose.controller.basal_bolus_ctrller][INFO] - Meal = 11 g/min
[2023-03-06 19:43:53,374][simglucose.controller.basal_bolus_ctrller][INFO] - glucose = 97.7711806958976
[2023-03-06 19:43:53,392][simglucose.patient.t1dpatient][INFO] - t = 592.0, Patient finishes eating!
[2023-03-06 19:43:53,976][simglucose.simulation.scenario_gen][INFO] - Creating new one day scenario ...
[2023-03-06 19:43:55,948][simglucose.simulation.scenario_gen][INFO] - Time for meal!
[2023-03-06 19:43:55,949][simglucose.patient.t1dpatient][INFO] - t = 1155.0, patient starts eating ...
[2023-03-06 19:43:55,973][simglucose.controller.basal_bolus_ctrller][INFO] - Calculating bolus ...
[2023-03-06 19:43:55,973][simglucose.controller.basal_bolus_ctrller][INFO] - Meal = 32 g/min
[2023-03-06 19:43:55,974][simglucose.controller.basal_bolus_ctrller][INFO] - glucose = 128.75929819874122
[2023-03-06 19:43:56,053][simglucose.patient.t1dpatient][INFO] - t = 1162.0, Patient finishes eating!
