[2023-03-07 17:18:02,763][simglucose.actuator.pump][INFO] - Resetting insulin pump ...
[2023-03-07 17:18:03,151][simglucose.simulation.scenario_gen][INFO] - Time for meal!
[2023-03-07 17:18:03,151][simglucose.patient.t1dpatient][INFO] - t = 99.0, patient starts eating ...
[2023-03-07 17:18:03,193][simglucose.controller.basal_bolus_ctrller][INFO] - Calculating bolus ...
[2023-03-07 17:18:03,193][simglucose.controller.basal_bolus_ctrller][INFO] - Meal = 30 g/min
[2023-03-07 17:18:03,193][simglucose.controller.basal_bolus_ctrller][INFO] - glucose = 148.88629150390625
[2023-03-07 17:18:03,248][simglucose.patient.t1dpatient][INFO] - t = 105.0, Patient finishes eating!
[2023-03-07 17:18:04,518][simglucose.simulation.scenario_gen][INFO] - Time for meal!
[2023-03-07 17:18:04,518][simglucose.patient.t1dpatient][INFO] - t = 337.0, patient starts eating ...
[2023-03-07 17:18:04,530][simglucose.controller.basal_bolus_ctrller][INFO] - Calculating bolus ...
[2023-03-07 17:18:04,530][simglucose.controller.basal_bolus_ctrller][INFO] - Meal = 73 g/min
[2023-03-07 17:18:04,530][simglucose.controller.basal_bolus_ctrller][INFO] - glucose = 95.09338073730468
[2023-03-07 17:18:04,619][simglucose.patient.t1dpatient][INFO] - t = 352.0, Patient finishes eating!
[2023-03-07 17:18:05,292][simglucose.simulation.scenario_gen][INFO] - Time for meal!
[2023-03-07 17:18:05,293][simglucose.patient.t1dpatient][INFO] - t = 521.0, patient starts eating ...
[2023-03-07 17:18:05,296][simglucose.controller.basal_bolus_ctrller][INFO] - Calculating bolus ...
[2023-03-07 17:18:05,296][simglucose.controller.basal_bolus_ctrller][INFO] - Meal = 12 g/min
[2023-03-07 17:18:05,297][simglucose.controller.basal_bolus_ctrller][INFO] - glucose = 82.84900207519532
[2023-03-07 17:18:05,308][simglucose.patient.t1dpatient][INFO] - t = 524.0, Patient finishes eating!
[2023-03-07 17:18:06,215][simglucose.simulation.scenario_gen][INFO] - Time for meal!
[2023-03-07 17:18:06,215][simglucose.patient.t1dpatient][INFO] - t = 753.0, patient starts eating ...
[2023-03-07 17:18:06,230][simglucose.controller.basal_bolus_ctrller][INFO] - Calculating bolus ...
[2023-03-07 17:18:06,230][simglucose.controller.basal_bolus_ctrller][INFO] - Meal = 81 g/min
[2023-03-07 17:18:06,230][simglucose.controller.basal_bolus_ctrller][INFO] - glucose = 77.77688446044922
[2023-03-07 17:18:06,324][simglucose.patient.t1dpatient][INFO] - t = 770.0, Patient finishes eating!
[2023-03-07 17:18:06,959][simglucose.simulation.scenario_gen][INFO] - Time for meal!
[2023-03-07 17:18:06,959][simglucose.patient.t1dpatient][INFO] - t = 930.0, patient starts eating ...
[2023-03-07 17:18:06,963][simglucose.controller.basal_bolus_ctrller][INFO] - Calculating bolus ...
[2023-03-07 17:18:06,963][simglucose.controller.basal_bolus_ctrller][INFO] - Meal = 13 g/min
[2023-03-07 17:18:06,963][simglucose.controller.basal_bolus_ctrller][INFO] - glucose = 97.0374771118164
[2023-03-07 17:18:06,975][simglucose.patient.t1dpatient][INFO] - t = 933.0, Patient finishes eating!
[2023-03-07 17:18:07,576][simglucose.simulation.scenario_gen][INFO] - Creating new one day scenario ...
[2023-03-07 17:18:09,019][simglucose.simulation.scenario_gen][INFO] - Time for meal!
[2023-03-07 17:18:09,019][simglucose.patient.t1dpatient][INFO] - t = 1438.0, patient starts eating ...
[2023-03-07 17:18:09,036][simglucose.controller.basal_bolus_ctrller][INFO] - Calculating bolus ...
[2023-03-07 17:18:09,036][simglucose.controller.basal_bolus_ctrller][INFO] - Meal = 39 g/min
[2023-03-07 17:18:09,036][simglucose.controller.basal_bolus_ctrller][INFO] - glucose = 102.26277008056641
[2023-03-07 17:18:09,096][simglucose.patient.t1dpatient][INFO] - t = 1446.0, Patient finishes eating!
[2023-03-07 17:18:10,536][simglucose.simulation.scenario_gen][INFO] - Time for meal!
[2023-03-07 17:18:10,536][simglucose.patient.t1dpatient][INFO] - t = 1807.0, patient starts eating ...
[2023-03-07 17:18:10,549][simglucose.controller.basal_bolus_ctrller][INFO] - Calculating bolus ...
[2023-03-07 17:18:10,550][simglucose.controller.basal_bolus_ctrller][INFO] - Meal = 69 g/min
[2023-03-07 17:18:10,550][simglucose.controller.basal_bolus_ctrller][INFO] - glucose = 123.07744445800782
[2023-03-07 17:18:10,637][simglucose.patient.t1dpatient][INFO] - t = 1821.0, Patient finishes eating!
[2023-03-07 17:18:11,953][simglucose.simulation.scenario_gen][INFO] - Time for meal!
[2023-03-07 17:18:11,953][simglucose.patient.t1dpatient][INFO] - t = 2156.0, patient starts eating ...
[2023-03-07 17:18:11,963][simglucose.controller.basal_bolus_ctrller][INFO] - Calculating bolus ...
[2023-03-07 17:18:11,963][simglucose.controller.basal_bolus_ctrller][INFO] - Meal = 72 g/min
[2023-03-07 17:18:11,963][simglucose.controller.basal_bolus_ctrller][INFO] - glucose = 125.32474060058594
[2023-03-07 17:18:12,049][simglucose.patient.t1dpatient][INFO] - t = 2171.0, Patient finishes eating!
[2023-03-07 17:18:13,147][simglucose.simulation.scenario_gen][INFO] - Time for meal!
[2023-03-07 17:18:13,147][simglucose.patient.t1dpatient][INFO] - t = 2446.0, patient starts eating ...
[2023-03-07 17:18:13,158][simglucose.controller.basal_bolus_ctrller][INFO] - Calculating bolus ...
[2023-03-07 17:18:13,159][simglucose.controller.basal_bolus_ctrller][INFO] - Meal = 4 g/min
[2023-03-07 17:18:13,159][simglucose.controller.basal_bolus_ctrller][INFO] - glucose = 100.11239166259766
[2023-03-07 17:18:13,159][simglucose.patient.t1dpatient][INFO] - t = 2447.0, Patient finishes eating!
[2023-03-07 17:18:13,486][simglucose.simulation.scenario_gen][INFO] - Creating new one day scenario ...
[2023-03-07 17:18:15,539][simglucose.simulation.scenario_gen][INFO] - Time for meal!
[2023-03-07 17:18:15,540][simglucose.patient.t1dpatient][INFO] - t = 3022.0, patient starts eating ...
[2023-03-07 17:18:15,609][simglucose.patient.t1dpatient][INFO] - t = 3027.0, Patient finishes eating!
[2023-03-07 17:18:16,763][simglucose.simulation.scenario_gen][INFO] - Time for meal!
[2023-03-07 17:18:16,763][simglucose.patient.t1dpatient][INFO] - t = 3310.0, patient starts eating ...
[2023-03-07 17:18:16,778][simglucose.controller.basal_bolus_ctrller][INFO] - Calculating bolus ...
[2023-03-07 17:18:16,778][simglucose.controller.basal_bolus_ctrller][INFO] - Meal = 94 g/min
[2023-03-07 17:18:16,778][simglucose.controller.basal_bolus_ctrller][INFO] - glucose = 95.59899291992187
[2023-03-07 17:18:16,879][simglucose.patient.t1dpatient][INFO] - t = 3329.0, Patient finishes eating!
[2023-03-07 17:18:19,420][simglucose.simulation.scenario_gen][INFO] - Creating new one day scenario ...
[2023-03-07 17:18:19,596][simglucose.actuator.pump][INFO] - Resetting insulin pump ...
[2023-03-07 17:18:20,080][simglucose.simulation.scenario_gen][INFO] - Time for meal!
[2023-03-07 17:18:20,080][simglucose.patient.t1dpatient][INFO] - t = 125.0, patient starts eating ...
[2023-03-07 17:18:20,122][simglucose.controller.basal_bolus_ctrller][INFO] - Calculating bolus ...
[2023-03-07 17:18:20,122][simglucose.controller.basal_bolus_ctrller][INFO] - Meal = 64 g/min
[2023-03-07 17:18:20,122][simglucose.controller.basal_bolus_ctrller][INFO] - glucose = 161.32382507324218
[2023-03-07 17:18:20,221][simglucose.patient.t1dpatient][INFO] - t = 138.0, Patient finishes eating!
[2023-03-07 17:18:21,357][simglucose.simulation.scenario_gen][INFO] - Creating new one day scenario ...
[2023-03-07 17:18:23,229][simglucose.simulation.scenario_gen][INFO] - Time for meal!
[2023-03-07 17:18:23,229][simglucose.patient.t1dpatient][INFO] - t = 870.0, patient starts eating ...
[2023-03-07 17:18:23,244][simglucose.controller.basal_bolus_ctrller][INFO] - Calculating bolus ...
[2023-03-07 17:18:23,244][simglucose.controller.basal_bolus_ctrller][INFO] - Meal = 29 g/min
[2023-03-07 17:18:23,244][simglucose.controller.basal_bolus_ctrller][INFO] - glucose = 66.71311950683594
[2023-03-07 17:18:23,298][simglucose.patient.t1dpatient][INFO] - t = 876.0, Patient finishes eating!
[2023-03-07 17:18:24,105][simglucose.simulation.scenario_gen][INFO] - Time for meal!
[2023-03-07 17:18:24,105][simglucose.patient.t1dpatient][INFO] - t = 1079.0, patient starts eating ...
[2023-03-07 17:18:24,116][simglucose.controller.basal_bolus_ctrller][INFO] - Calculating bolus ...
[2023-03-07 17:18:24,116][simglucose.controller.basal_bolus_ctrller][INFO] - Meal = 65 g/min
[2023-03-07 17:18:24,116][simglucose.controller.basal_bolus_ctrller][INFO] - glucose = 55.474632263183594
[2023-03-07 17:18:24,189][simglucose.patient.t1dpatient][INFO] - t = 1092.0, Patient finishes eating!
[2023-03-07 17:18:25,860][simglucose.simulation.scenario_gen][INFO] - Time for meal!
[2023-03-07 17:18:25,860][simglucose.patient.t1dpatient][INFO] - t = 1499.0, patient starts eating ...
[2023-03-07 17:18:25,873][simglucose.controller.basal_bolus_ctrller][INFO] - Calculating bolus ...
[2023-03-07 17:18:25,874][simglucose.controller.basal_bolus_ctrller][INFO] - Meal = 67 g/min
[2023-03-07 17:18:25,874][simglucose.controller.basal_bolus_ctrller][INFO] - glucose = 69.97813110351562
[2023-03-07 17:18:25,963][simglucose.patient.t1dpatient][INFO] - t = 1513.0, Patient finishes eating!
[2023-03-07 17:18:27,354][simglucose.simulation.scenario_gen][INFO] - Creating new one day scenario ...
[2023-03-07 17:18:28,944][simglucose.simulation.scenario_gen][INFO] - Time for meal!
[2023-03-07 17:18:28,944][simglucose.patient.t1dpatient][INFO] - t = 2258.0, patient starts eating ...
[2023-03-07 17:18:28,961][simglucose.controller.basal_bolus_ctrller][INFO] - Calculating bolus ...
[2023-03-07 17:18:28,962][simglucose.controller.basal_bolus_ctrller][INFO] - Meal = 58 g/min
[2023-03-07 17:18:28,962][simglucose.controller.basal_bolus_ctrller][INFO] - glucose = 104.78175506591796
[2023-03-07 17:18:29,058][simglucose.patient.t1dpatient][INFO] - t = 2270.0, Patient finishes eating!
[2023-03-07 17:18:30,764][simglucose.simulation.scenario_gen][INFO] - Time for meal!
[2023-03-07 17:18:30,765][simglucose.patient.t1dpatient][INFO] - t = 2690.0, patient starts eating ...
[2023-03-07 17:18:30,783][simglucose.controller.basal_bolus_ctrller][INFO] - Calculating bolus ...
[2023-03-07 17:18:30,783][simglucose.controller.basal_bolus_ctrller][INFO] - Meal = 83 g/min
[2023-03-07 17:18:30,783][simglucose.controller.basal_bolus_ctrller][INFO] - glucose = 92.73572540283203
[2023-03-07 17:18:30,881][simglucose.patient.t1dpatient][INFO] - t = 2707.0, Patient finishes eating!
[2023-03-07 17:18:31,637][simglucose.simulation.scenario_gen][INFO] - Time for meal!
[2023-03-07 17:18:31,637][simglucose.patient.t1dpatient][INFO] - t = 2899.0, patient starts eating ...
[2023-03-07 17:18:31,641][simglucose.controller.basal_bolus_ctrller][INFO] - Calculating bolus ...
[2023-03-07 17:18:31,641][simglucose.controller.basal_bolus_ctrller][INFO] - Meal = 68 g/min
[2023-03-07 17:18:31,641][simglucose.controller.basal_bolus_ctrller][INFO] - glucose = 120.23920440673828
[2023-03-07 17:18:31,712][simglucose.patient.t1dpatient][INFO] - t = 2913.0, Patient finishes eating!
[2023-03-07 17:18:33,269][simglucose.simulation.scenario_gen][INFO] - Creating new one day scenario ...
[2023-03-07 17:18:35,047][simglucose.simulation.scenario_gen][INFO] - Time for meal!
[2023-03-07 17:18:35,047][simglucose.patient.t1dpatient][INFO] - t = 3747.0, patient starts eating ...
[2023-03-07 17:18:35,066][simglucose.controller.basal_bolus_ctrller][INFO] - Calculating bolus ...
[2023-03-07 17:18:35,066][simglucose.controller.basal_bolus_ctrller][INFO] - Meal = 60 g/min
[2023-03-07 17:18:35,066][simglucose.controller.basal_bolus_ctrller][INFO] - glucose = 131.55018920898436
[2023-03-07 17:18:35,162][simglucose.patient.t1dpatient][INFO] - t = 3759.0, Patient finishes eating!
[2023-03-07 17:18:36,130][simglucose.actuator.pump][INFO] - Resetting insulin pump ...
[2023-03-07 17:18:36,155][simglucose.simulation.scenario_gen][INFO] - Creating new one day scenario ...
[2023-03-07 17:18:42,654][simglucose.simulation.scenario_gen][INFO] - Time for meal!
[2023-03-07 17:18:42,654][simglucose.patient.t1dpatient][INFO] - t = 378.0, patient starts eating ...
[2023-03-07 17:18:42,710][simglucose.controller.basal_bolus_ctrller][INFO] - Calculating bolus ...
[2023-03-07 17:18:42,710][simglucose.controller.basal_bolus_ctrller][INFO] - Meal = 38 g/min
[2023-03-07 17:18:42,710][simglucose.controller.basal_bolus_ctrller][INFO] - glucose = 111.88128051757812
[2023-03-07 17:18:42,871][simglucose.patient.t1dpatient][INFO] - t = 386.0, Patient finishes eating!
[2023-03-07 17:18:48,130][simglucose.simulation.scenario_gen][INFO] - Time for meal!
[2023-03-07 17:18:48,130][simglucose.patient.t1dpatient][INFO] - t = 691.0, patient starts eating ...
[2023-03-07 17:18:48,157][simglucose.controller.basal_bolus_ctrller][INFO] - Calculating bolus ...
[2023-03-07 17:18:48,158][simglucose.controller.basal_bolus_ctrller][INFO] - Meal = 64 g/min
[2023-03-07 17:18:48,158][simglucose.controller.basal_bolus_ctrller][INFO] - glucose = 92.67255859375
[2023-03-07 17:18:48,395][simglucose.patient.t1dpatient][INFO] - t = 704.0, Patient finishes eating!
[2023-03-07 17:18:55,119][simglucose.simulation.scenario_gen][INFO] - Time for meal!
[2023-03-07 17:18:55,119][simglucose.patient.t1dpatient][INFO] - t = 1091.0, patient starts eating ...
[2023-03-07 17:18:55,146][simglucose.controller.basal_bolus_ctrller][INFO] - Calculating bolus ...
[2023-03-07 17:18:55,146][simglucose.controller.basal_bolus_ctrller][INFO] - Meal = 67 g/min
[2023-03-07 17:18:55,146][simglucose.controller.basal_bolus_ctrller][INFO] - glucose = 95.80869598388672
[2023-03-07 17:18:55,405][simglucose.patient.t1dpatient][INFO] - t = 1105.0, Patient finishes eating!
[2023-03-07 17:18:57,649][simglucose.simulation.scenario_gen][INFO] - Time for meal!
[2023-03-07 17:18:57,649][simglucose.patient.t1dpatient][INFO] - t = 1235.0, patient starts eating ...
[2023-03-07 17:18:57,666][simglucose.controller.basal_bolus_ctrller][INFO] - Calculating bolus ...
[2023-03-07 17:18:57,666][simglucose.controller.basal_bolus_ctrller][INFO] - Meal = 11 g/min
[2023-03-07 17:18:57,666][simglucose.controller.basal_bolus_ctrller][INFO] - glucose = 89.48067626953124
[2023-03-07 17:18:57,705][simglucose.patient.t1dpatient][INFO] - t = 1238.0, Patient finishes eating!
[2023-03-07 17:19:01,195][simglucose.simulation.scenario_gen][INFO] - Creating new one day scenario ...
[2023-03-07 17:19:07,119][simglucose.simulation.scenario_gen][INFO] - Time for meal!
[2023-03-07 17:19:07,120][simglucose.patient.t1dpatient][INFO] - t = 1783.0, patient starts eating ...
[2023-03-07 17:19:07,152][simglucose.controller.basal_bolus_ctrller][INFO] - Calculating bolus ...
[2023-03-07 17:19:07,152][simglucose.controller.basal_bolus_ctrller][INFO] - Meal = 45 g/min
[2023-03-07 17:19:07,152][simglucose.controller.basal_bolus_ctrller][INFO] - glucose = 130.88409118652345
[2023-03-07 17:19:07,327][simglucose.patient.t1dpatient][INFO] - t = 1792.0, Patient finishes eating!
[2023-03-07 17:19:14,214][simglucose.simulation.scenario_gen][INFO] - Time for meal!
[2023-03-07 17:19:14,214][simglucose.patient.t1dpatient][INFO] - t = 2190.0, patient starts eating ...
[2023-03-07 17:19:14,244][simglucose.controller.basal_bolus_ctrller][INFO] - Calculating bolus ...
[2023-03-07 17:19:14,244][simglucose.controller.basal_bolus_ctrller][INFO] - Meal = 64 g/min
[2023-03-07 17:19:14,244][simglucose.controller.basal_bolus_ctrller][INFO] - glucose = 115.64635772705078
[2023-03-07 17:19:14,485][simglucose.patient.t1dpatient][INFO] - t = 2203.0, Patient finishes eating!
[2023-03-07 17:19:20,108][simglucose.simulation.scenario_gen][INFO] - Time for meal!
[2023-03-07 17:19:20,108][simglucose.patient.t1dpatient][INFO] - t = 2529.0, patient starts eating ...
[2023-03-07 17:19:20,131][simglucose.controller.basal_bolus_ctrller][INFO] - Calculating bolus ...
[2023-03-07 17:19:20,131][simglucose.controller.basal_bolus_ctrller][INFO] - Meal = 80 g/min
[2023-03-07 17:19:20,131][simglucose.controller.basal_bolus_ctrller][INFO] - glucose = 105.50632171630859
[2023-03-07 17:19:20,420][simglucose.patient.t1dpatient][INFO] - t = 2545.0, Patient finishes eating!
[2023-03-07 17:19:23,388][simglucose.simulation.scenario_gen][INFO] - Time for meal!
[2023-03-07 17:19:23,389][simglucose.patient.t1dpatient][INFO] - t = 2717.0, patient starts eating ...
[2023-03-07 17:19:23,406][simglucose.controller.basal_bolus_ctrller][INFO] - Calculating bolus ...
[2023-03-07 17:19:23,406][simglucose.controller.basal_bolus_ctrller][INFO] - Meal = 12 g/min
[2023-03-07 17:19:23,406][simglucose.controller.basal_bolus_ctrller][INFO] - glucose = 91.54802703857422
[2023-03-07 17:19:23,444][simglucose.patient.t1dpatient][INFO] - t = 2720.0, Patient finishes eating!
[2023-03-07 17:19:26,206][simglucose.simulation.scenario_gen][INFO] - Creating new one day scenario ...
[2023-03-07 17:19:33,550][simglucose.simulation.scenario_gen][INFO] - Time for meal!
[2023-03-07 17:19:33,550][simglucose.patient.t1dpatient][INFO] - t = 3303.0, patient starts eating ...
[2023-03-07 17:19:33,583][simglucose.controller.basal_bolus_ctrller][INFO] - Calculating bolus ...
[2023-03-07 17:19:33,583][simglucose.controller.basal_bolus_ctrller][INFO] - Meal = 40 g/min
[2023-03-07 17:19:33,583][simglucose.controller.basal_bolus_ctrller][INFO] - glucose = 132.31007385253906
[2023-03-07 17:19:33,741][simglucose.patient.t1dpatient][INFO] - t = 3311.0, Patient finishes eating!
[2023-03-07 17:19:39,140][simglucose.simulation.scenario_gen][INFO] - Time for meal!
[2023-03-07 17:19:39,140][simglucose.patient.t1dpatient][INFO] - t = 3622.0, patient starts eating ...
[2023-03-07 17:19:39,167][simglucose.controller.basal_bolus_ctrller][INFO] - Calculating bolus ...
[2023-03-07 17:19:39,167][simglucose.controller.basal_bolus_ctrller][INFO] - Meal = 66 g/min
[2023-03-07 17:19:39,167][simglucose.controller.basal_bolus_ctrller][INFO] - glucose = 87.64590454101562
[2023-03-07 17:19:39,422][simglucose.patient.t1dpatient][INFO] - t = 3636.0, Patient finishes eating!
[2023-03-07 17:19:41,150][simglucose.simulation.scenario_gen][INFO] - Time for meal!
[2023-03-07 17:19:41,150][simglucose.patient.t1dpatient][INFO] - t = 3736.0, patient starts eating ...
[2023-03-07 17:19:41,169][simglucose.controller.basal_bolus_ctrller][INFO] - Calculating bolus ...
[2023-03-07 17:19:41,169][simglucose.controller.basal_bolus_ctrller][INFO] - Meal = 5 g/min
[2023-03-07 17:19:41,169][simglucose.controller.basal_bolus_ctrller][INFO] - glucose = 127.00619049072266
[2023-03-07 17:19:41,169][simglucose.patient.t1dpatient][INFO] - t = 3737.0, Patient finishes eating!
[2023-03-07 17:19:45,610][simglucose.simulation.scenario_gen][INFO] - Time for meal!
[2023-03-07 17:19:45,611][simglucose.patient.t1dpatient][INFO] - t = 3978.0, patient starts eating ...
[2023-03-07 17:19:45,642][simglucose.controller.basal_bolus_ctrller][INFO] - Calculating bolus ...
[2023-03-07 17:19:45,642][simglucose.controller.basal_bolus_ctrller][INFO] - Meal = 83 g/min
[2023-03-07 17:19:45,642][simglucose.controller.basal_bolus_ctrller][INFO] - glucose = 76.22405853271485
[2023-03-07 17:19:45,975][simglucose.patient.t1dpatient][INFO] - t = 3995.0, Patient finishes eating!
[2023-03-07 17:19:46,091][simglucose.actuator.pump][INFO] - Resetting insulin pump ...
[2023-03-07 17:19:50,435][simglucose.simulation.scenario_gen][INFO] - Creating new one day scenario ...
[2023-03-07 17:19:58,770][simglucose.simulation.scenario_gen][INFO] - Time for meal!
[2023-03-07 17:19:58,770][simglucose.patient.t1dpatient][INFO] - t = 708.0, patient starts eating ...
[2023-03-07 17:19:58,828][simglucose.controller.basal_bolus_ctrller][INFO] - Calculating bolus ...
[2023-03-07 17:19:58,828][simglucose.controller.basal_bolus_ctrller][INFO] - Meal = 21 g/min
[2023-03-07 17:19:58,828][simglucose.controller.basal_bolus_ctrller][INFO] - glucose = 130.03114624023436
[2023-03-07 17:19:58,931][simglucose.patient.t1dpatient][INFO] - t = 713.0, Patient finishes eating!
[2023-03-07 17:20:00,356][simglucose.simulation.scenario_gen][INFO] - Time for meal!
[2023-03-07 17:20:00,356][simglucose.patient.t1dpatient][INFO] - t = 790.0, patient starts eating ...
[2023-03-07 17:20:00,380][simglucose.controller.basal_bolus_ctrller][INFO] - Calculating bolus ...
[2023-03-07 17:20:00,380][simglucose.controller.basal_bolus_ctrller][INFO] - Meal = 16 g/min
[2023-03-07 17:20:00,380][simglucose.controller.basal_bolus_ctrller][INFO] - glucose = 129.68936462402343
[2023-03-07 17:20:00,449][simglucose.patient.t1dpatient][INFO] - t = 794.0, Patient finishes eating!
[2023-03-07 17:20:04,746][simglucose.simulation.scenario_gen][INFO] - Time for meal!
[2023-03-07 17:20:04,746][simglucose.patient.t1dpatient][INFO] - t = 1030.0, patient starts eating ...
[2023-03-07 17:20:04,776][simglucose.controller.basal_bolus_ctrller][INFO] - Calculating bolus ...
[2023-03-07 17:20:04,776][simglucose.controller.basal_bolus_ctrller][INFO] - Meal = 81 g/min
[2023-03-07 17:20:04,777][simglucose.controller.basal_bolus_ctrller][INFO] - glucose = 105.27834625244141
[2023-03-07 17:20:05,102][simglucose.patient.t1dpatient][INFO] - t = 1047.0, Patient finishes eating!
[2023-03-07 17:20:06,873][simglucose.simulation.scenario_gen][INFO] - Time for meal!
[2023-03-07 17:20:06,873][simglucose.patient.t1dpatient][INFO] - t = 1145.0, patient starts eating ...
[2023-03-07 17:20:06,891][simglucose.controller.basal_bolus_ctrller][INFO] - Calculating bolus ...
[2023-03-07 17:20:06,891][simglucose.controller.basal_bolus_ctrller][INFO] - Meal = 6 g/min
[2023-03-07 17:20:06,891][simglucose.controller.basal_bolus_ctrller][INFO] - glucose = 115.12000274658203
[2023-03-07 17:20:06,909][simglucose.patient.t1dpatient][INFO] - t = 1147.0, Patient finishes eating!
[2023-03-07 17:20:10,426][simglucose.simulation.scenario_gen][INFO] - Time for meal!
[2023-03-07 17:20:10,426][simglucose.patient.t1dpatient][INFO] - t = 1342.0, patient starts eating ...
[2023-03-07 17:20:10,452][simglucose.controller.basal_bolus_ctrller][INFO] - Calculating bolus ...
[2023-03-07 17:20:10,452][simglucose.controller.basal_bolus_ctrller][INFO] - Meal = 67 g/min
[2023-03-07 17:20:10,452][simglucose.controller.basal_bolus_ctrller][INFO] - glucose = 71.79462585449218
[2023-03-07 17:20:10,714][simglucose.patient.t1dpatient][INFO] - t = 1356.0, Patient finishes eating!
[2023-03-07 17:20:16,546][simglucose.simulation.scenario_gen][INFO] - Creating new one day scenario ...
[2023-03-07 17:20:25,030][simglucose.simulation.scenario_gen][INFO] - Time for meal!
[2023-03-07 17:20:25,030][simglucose.patient.t1dpatient][INFO] - t = 2149.0, patient starts eating ...
[2023-03-07 17:20:25,064][simglucose.controller.basal_bolus_ctrller][INFO] - Calculating bolus ...
[2023-03-07 17:20:25,064][simglucose.controller.basal_bolus_ctrller][INFO] - Meal = 48 g/min
[2023-03-07 17:20:25,064][simglucose.controller.basal_bolus_ctrller][INFO] - glucose = 107.95906219482421
[2023-03-07 17:20:25,276][simglucose.patient.t1dpatient][INFO] - t = 2159.0, Patient finishes eating!
[2023-03-07 17:20:30,125][simglucose.simulation.scenario_gen][INFO] - Time for meal!
[2023-03-07 17:20:30,125][simglucose.patient.t1dpatient][INFO] - t = 2427.0, patient starts eating ...
[2023-03-07 17:20:30,151][simglucose.controller.basal_bolus_ctrller][INFO] - Calculating bolus ...
[2023-03-07 17:20:30,151][simglucose.controller.basal_bolus_ctrller][INFO] - Meal = 55 g/min
[2023-03-07 17:20:30,151][simglucose.controller.basal_bolus_ctrller][INFO] - glucose = 114.7010711669922
[2023-03-07 17:20:30,362][simglucose.patient.t1dpatient][INFO] - t = 2438.0, Patient finishes eating!
[2023-03-07 17:20:36,767][simglucose.simulation.scenario_gen][INFO] - Time for meal!
[2023-03-07 17:20:36,767][simglucose.patient.t1dpatient][INFO] - t = 2793.0, patient starts eating ...
[2023-03-07 17:20:36,791][simglucose.controller.basal_bolus_ctrller][INFO] - Calculating bolus ...
[2023-03-07 17:20:36,791][simglucose.controller.basal_bolus_ctrller][INFO] - Meal = 78 g/min
[2023-03-07 17:20:36,791][simglucose.controller.basal_bolus_ctrller][INFO] - glucose = 105.86318511962891
[2023-03-07 17:20:37,097][simglucose.patient.t1dpatient][INFO] - t = 2809.0, Patient finishes eating!
[2023-03-07 17:20:39,403][simglucose.simulation.scenario_gen][INFO] - Time for meal!
[2023-03-07 17:20:39,403][simglucose.patient.t1dpatient][INFO] - t = 2937.0, patient starts eating ...
[2023-03-07 17:20:39,421][simglucose.controller.basal_bolus_ctrller][INFO] - Calculating bolus ...
[2023-03-07 17:20:39,421][simglucose.controller.basal_bolus_ctrller][INFO] - Meal = 19 g/min
[2023-03-07 17:20:39,421][simglucose.controller.basal_bolus_ctrller][INFO] - glucose = 95.82599639892578
[2023-03-07 17:20:39,482][simglucose.patient.t1dpatient][INFO] - t = 2941.0, Patient finishes eating!
[2023-03-07 17:20:42,714][simglucose.simulation.scenario_gen][INFO] - Creating new one day scenario ...
[2023-03-07 17:20:51,320][simglucose.simulation.scenario_gen][INFO] - Time for meal!
[2023-03-07 17:20:51,320][simglucose.patient.t1dpatient][INFO] - t = 3594.0, patient starts eating ...
[2023-03-07 17:20:51,350][simglucose.controller.basal_bolus_ctrller][INFO] - Calculating bolus ...
[2023-03-07 17:20:51,350][simglucose.controller.basal_bolus_ctrller][INFO] - Meal = 67 g/min
[2023-03-07 17:20:51,350][simglucose.controller.basal_bolus_ctrller][INFO] - glucose = 99.01055603027343
[2023-03-07 17:20:51,637][simglucose.patient.t1dpatient][INFO] - t = 3608.0, Patient finishes eating!
[2023-03-07 17:20:55,157][simglucose.simulation.scenario_gen][INFO] - Time for meal!
[2023-03-07 17:20:55,157][simglucose.patient.t1dpatient][INFO] - t = 3802.0, patient starts eating ...
[2023-03-07 17:20:55,185][simglucose.controller.basal_bolus_ctrller][INFO] - Calculating bolus ...
[2023-03-07 17:20:55,185][simglucose.controller.basal_bolus_ctrller][INFO] - Meal = 61 g/min
[2023-03-07 17:20:55,185][simglucose.controller.basal_bolus_ctrller][INFO] - glucose = 86.72486267089843
[2023-03-07 17:20:55,424][simglucose.patient.t1dpatient][INFO] - t = 3815.0, Patient finishes eating!
[2023-03-07 17:20:58,803][simglucose.actuator.pump][INFO] - Resetting insulin pump ...
[2023-03-07 17:21:02,239][simglucose.simulation.scenario_gen][INFO] - Time for meal!
[2023-03-07 17:21:02,239][simglucose.patient.t1dpatient][INFO] - t = 190.0, patient starts eating ...
[2023-03-07 17:21:02,297][simglucose.controller.basal_bolus_ctrller][INFO] - Calculating bolus ...
[2023-03-07 17:21:02,297][simglucose.controller.basal_bolus_ctrller][INFO] - Meal = 69 g/min
[2023-03-07 17:21:02,297][simglucose.controller.basal_bolus_ctrller][INFO] - glucose = 142.62717895507814
[2023-03-07 17:21:02,589][simglucose.patient.t1dpatient][INFO] - t = 204.0, Patient finishes eating!
[2023-03-07 17:21:05,355][simglucose.simulation.scenario_gen][INFO] - Time for meal!
[2023-03-07 17:21:05,356][simglucose.patient.t1dpatient][INFO] - t = 356.0, patient starts eating ...
[2023-03-07 17:21:05,374][simglucose.controller.basal_bolus_ctrller][INFO] - Calculating bolus ...
[2023-03-07 17:21:05,374][simglucose.controller.basal_bolus_ctrller][INFO] - Meal = 10 g/min
[2023-03-07 17:21:05,374][simglucose.controller.basal_bolus_ctrller][INFO] - glucose = 121.38876342773438
[2023-03-07 17:21:05,394][simglucose.patient.t1dpatient][INFO] - t = 358.0, Patient finishes eating!
[2023-03-07 17:21:08,648][simglucose.simulation.scenario_gen][INFO] - Time for meal!
[2023-03-07 17:21:08,648][simglucose.patient.t1dpatient][INFO] - t = 536.0, patient starts eating ...
[2023-03-07 17:21:08,674][simglucose.controller.basal_bolus_ctrller][INFO] - Calculating bolus ...
[2023-03-07 17:21:08,674][simglucose.controller.basal_bolus_ctrller][INFO] - Meal = 88 g/min
[2023-03-07 17:21:08,674][simglucose.controller.basal_bolus_ctrller][INFO] - glucose = 111.67977294921874
[2023-03-07 17:21:09,008][simglucose.patient.t1dpatient][INFO] - t = 554.0, Patient finishes eating!
[2023-03-07 17:21:15,316][simglucose.simulation.scenario_gen][INFO] - Creating new one day scenario ...
[2023-03-07 17:21:22,107][simglucose.simulation.scenario_gen][INFO] - Time for meal!
[2023-03-07 17:21:22,107][simglucose.patient.t1dpatient][INFO] - t = 1275.0, patient starts eating ...
[2023-03-07 17:21:22,137][simglucose.controller.basal_bolus_ctrller][INFO] - Calculating bolus ...
[2023-03-07 17:21:22,137][simglucose.controller.basal_bolus_ctrller][INFO] - Meal = 41 g/min
[2023-03-07 17:21:22,137][simglucose.controller.basal_bolus_ctrller][INFO] - glucose = 118.78556518554687
[2023-03-07 17:21:22,325][simglucose.patient.t1dpatient][INFO] - t = 1284.0, Patient finishes eating!
[2023-03-07 17:21:29,732][simglucose.simulation.scenario_gen][INFO] - Time for meal!
[2023-03-07 17:21:29,732][simglucose.patient.t1dpatient][INFO] - t = 1691.0, patient starts eating ...
[2023-03-07 17:21:29,762][simglucose.controller.basal_bolus_ctrller][INFO] - Calculating bolus ...
[2023-03-07 17:21:29,763][simglucose.controller.basal_bolus_ctrller][INFO] - Meal = 73 g/min
[2023-03-07 17:21:29,763][simglucose.controller.basal_bolus_ctrller][INFO] - glucose = 85.96758422851562
[2023-03-07 17:21:30,053][simglucose.patient.t1dpatient][INFO] - t = 1706.0, Patient finishes eating!
[2023-03-07 17:21:35,650][simglucose.simulation.scenario_gen][INFO] - Time for meal!
[2023-03-07 17:21:35,650][simglucose.patient.t1dpatient][INFO] - t = 2014.0, patient starts eating ...
[2023-03-07 17:21:35,682][simglucose.controller.basal_bolus_ctrller][INFO] - Calculating bolus ...
[2023-03-07 17:21:35,682][simglucose.controller.basal_bolus_ctrller][INFO] - Meal = 86 g/min
[2023-03-07 17:21:35,682][simglucose.controller.basal_bolus_ctrller][INFO] - glucose = 122.11099090576172
[2023-03-07 17:21:36,023][simglucose.patient.t1dpatient][INFO] - t = 2032.0, Patient finishes eating!
[2023-03-07 17:21:41,605][simglucose.simulation.scenario_gen][INFO] - Creating new one day scenario ...
[2023-03-07 17:21:50,392][simglucose.simulation.scenario_gen][INFO] - Time for meal!
[2023-03-07 17:21:50,392][simglucose.patient.t1dpatient][INFO] - t = 2821.0, patient starts eating ...
[2023-03-07 17:21:50,426][simglucose.controller.basal_bolus_ctrller][INFO] - Calculating bolus ...
[2023-03-07 17:21:50,426][simglucose.controller.basal_bolus_ctrller][INFO] - Meal = 42 g/min
[2023-03-07 17:21:50,426][simglucose.controller.basal_bolus_ctrller][INFO] - glucose = 110.1130355834961
[2023-03-07 17:21:50,618][simglucose.patient.t1dpatient][INFO] - t = 2830.0, Patient finishes eating!
[2023-03-07 17:22:00,711][simglucose.simulation.scenario_gen][INFO] - Time for meal!
[2023-03-07 17:22:00,712][simglucose.patient.t1dpatient][INFO] - t = 3383.0, patient starts eating ...
[2023-03-07 17:22:00,744][simglucose.controller.basal_bolus_ctrller][INFO] - Calculating bolus ...
[2023-03-07 17:22:00,744][simglucose.controller.basal_bolus_ctrller][INFO] - Meal = 83 g/min
[2023-03-07 17:22:00,744][simglucose.controller.basal_bolus_ctrller][INFO] - glucose = 69.08778839111328
[2023-03-07 17:22:01,084][simglucose.patient.t1dpatient][INFO] - t = 3400.0, Patient finishes eating!
[2023-03-07 17:22:07,993][simglucose.simulation.scenario_gen][INFO] - Creating new one day scenario ...
[2023-03-07 17:22:12,051][simglucose.actuator.pump][INFO] - Resetting insulin pump ...
[2023-03-07 17:22:13,228][simglucose.simulation.scenario_gen][INFO] - Time for meal!
[2023-03-07 17:22:13,228][simglucose.patient.t1dpatient][INFO] - t = 63.0, patient starts eating ...
[2023-03-07 17:22:13,350][simglucose.patient.t1dpatient][INFO] - t = 66.0, Patient finishes eating!
[2023-03-07 17:22:17,827][simglucose.simulation.scenario_gen][INFO] - Time for meal!
[2023-03-07 17:22:17,827][simglucose.patient.t1dpatient][INFO] - t = 309.0, patient starts eating ...
[2023-03-07 17:22:17,857][simglucose.controller.basal_bolus_ctrller][INFO] - Calculating bolus ...
[2023-03-07 17:22:17,857][simglucose.controller.basal_bolus_ctrller][INFO] - Meal = 82 g/min
[2023-03-07 17:22:17,857][simglucose.controller.basal_bolus_ctrller][INFO] - glucose = 102.55582733154297
[2023-03-07 17:22:18,187][simglucose.patient.t1dpatient][INFO] - t = 326.0, Patient finishes eating!
[2023-03-07 17:22:23,210][simglucose.simulation.scenario_gen][INFO] - Creating new one day scenario ...
[2023-03-07 17:22:30,431][simglucose.simulation.scenario_gen][INFO] - Time for meal!
[2023-03-07 17:22:30,432][simglucose.patient.t1dpatient][INFO] - t = 993.0, patient starts eating ...
[2023-03-07 17:22:30,466][simglucose.controller.basal_bolus_ctrller][INFO] - Calculating bolus ...
[2023-03-07 17:22:30,466][simglucose.controller.basal_bolus_ctrller][INFO] - Meal = 51 g/min
[2023-03-07 17:22:30,466][simglucose.controller.basal_bolus_ctrller][INFO] - glucose = 117.62303009033204
[2023-03-07 17:22:30,694][simglucose.patient.t1dpatient][INFO] - t = 1004.0, Patient finishes eating!
[2023-03-07 17:22:37,203][simglucose.simulation.scenario_gen][INFO] - Time for meal!
[2023-03-07 17:22:37,203][simglucose.patient.t1dpatient][INFO] - t = 1359.0, patient starts eating ...
[2023-03-07 17:22:37,233][simglucose.controller.basal_bolus_ctrller][INFO] - Calculating bolus ...
[2023-03-07 17:22:37,233][simglucose.controller.basal_bolus_ctrller][INFO] - Meal = 64 g/min
[2023-03-07 17:22:37,233][simglucose.controller.basal_bolus_ctrller][INFO] - glucose = 99.60598602294922
[2023-03-07 17:22:37,486][simglucose.patient.t1dpatient][INFO] - t = 1372.0, Patient finishes eating!
[2023-03-07 17:22:43,246][simglucose.simulation.scenario_gen][INFO] - Time for meal!
[2023-03-07 17:22:43,246][simglucose.patient.t1dpatient][INFO] - t = 1685.0, patient starts eating ...
[2023-03-07 17:22:43,277][simglucose.controller.basal_bolus_ctrller][INFO] - Calculating bolus ...
[2023-03-07 17:22:43,277][simglucose.controller.basal_bolus_ctrller][INFO] - Meal = 112 g/min
[2023-03-07 17:22:43,277][simglucose.controller.basal_bolus_ctrller][INFO] - glucose = 63.52408065795898
[2023-03-07 17:22:43,711][simglucose.patient.t1dpatient][INFO] - t = 1708.0, Patient finishes eating!
[2023-03-07 17:22:46,584][simglucose.simulation.scenario_gen][INFO] - Time for meal!
[2023-03-07 17:22:46,584][simglucose.patient.t1dpatient][INFO] - t = 1865.0, patient starts eating ...
[2023-03-07 17:22:46,603][simglucose.controller.basal_bolus_ctrller][INFO] - Calculating bolus ...
[2023-03-07 17:22:46,603][simglucose.controller.basal_bolus_ctrller][INFO] - Meal = 17 g/min
[2023-03-07 17:22:46,603][simglucose.controller.basal_bolus_ctrller][INFO] - glucose = 105.62519989013671
[2023-03-07 17:22:46,666][simglucose.patient.t1dpatient][INFO] - t = 1869.0, Patient finishes eating!
[2023-03-07 17:22:49,811][simglucose.simulation.scenario_gen][INFO] - Creating new one day scenario ...
[2023-03-07 17:22:56,999][simglucose.simulation.scenario_gen][INFO] - Time for meal!
[2023-03-07 17:22:56,999][simglucose.patient.t1dpatient][INFO] - t = 2431.0, patient starts eating ...
[2023-03-07 17:22:57,033][simglucose.controller.basal_bolus_ctrller][INFO] - Calculating bolus ...
[2023-03-07 17:22:57,033][simglucose.controller.basal_bolus_ctrller][INFO] - Meal = 27 g/min
[2023-03-07 17:22:57,033][simglucose.controller.basal_bolus_ctrller][INFO] - glucose = 103.30253295898437
[2023-03-07 17:22:57,153][simglucose.patient.t1dpatient][INFO] - t = 2437.0, Patient finishes eating!
[2023-03-07 17:22:59,866][simglucose.simulation.scenario_gen][INFO] - Time for meal!
[2023-03-07 17:22:59,866][simglucose.patient.t1dpatient][INFO] - t = 2584.0, patient starts eating ...
[2023-03-07 17:22:59,887][simglucose.controller.basal_bolus_ctrller][INFO] - Calculating bolus ...
[2023-03-07 17:22:59,887][simglucose.controller.basal_bolus_ctrller][INFO] - Meal = 12 g/min
[2023-03-07 17:22:59,887][simglucose.controller.basal_bolus_ctrller][INFO] - glucose = 114.87422485351563
[2023-03-07 17:22:59,930][simglucose.patient.t1dpatient][INFO] - t = 2587.0, Patient finishes eating!
[2023-03-07 17:23:03,554][simglucose.simulation.scenario_gen][INFO] - Time for meal!
[2023-03-07 17:23:03,554][simglucose.patient.t1dpatient][INFO] - t = 2784.0, patient starts eating ...
[2023-03-07 17:23:03,573][simglucose.controller.basal_bolus_ctrller][INFO] - Calculating bolus ...
[2023-03-07 17:23:03,573][simglucose.controller.basal_bolus_ctrller][INFO] - Meal = 72 g/min
[2023-03-07 17:23:03,573][simglucose.controller.basal_bolus_ctrller][INFO] - glucose = 109.03924102783203
[2023-03-07 17:23:03,861][simglucose.patient.t1dpatient][INFO] - t = 2799.0, Patient finishes eating!
[2023-03-07 17:23:06,481][simglucose.simulation.scenario_gen][INFO] - Time for meal!
[2023-03-07 17:23:06,481][simglucose.patient.t1dpatient][INFO] - t = 2942.0, patient starts eating ...
[2023-03-07 17:23:06,500][simglucose.controller.basal_bolus_ctrller][INFO] - Calculating bolus ...
[2023-03-07 17:23:06,500][simglucose.controller.basal_bolus_ctrller][INFO] - Meal = 12 g/min
[2023-03-07 17:23:06,500][simglucose.controller.basal_bolus_ctrller][INFO] - glucose = 106.43647155761718
[2023-03-07 17:23:06,541][simglucose.patient.t1dpatient][INFO] - t = 2945.0, Patient finishes eating!
[2023-03-07 17:23:11,905][simglucose.simulation.scenario_gen][INFO] - Time for meal!
[2023-03-07 17:23:11,906][simglucose.patient.t1dpatient][INFO] - t = 3238.0, patient starts eating ...
[2023-03-07 17:23:11,934][simglucose.controller.basal_bolus_ctrller][INFO] - Calculating bolus ...
[2023-03-07 17:23:11,934][simglucose.controller.basal_bolus_ctrller][INFO] - Meal = 78 g/min
[2023-03-07 17:23:11,934][simglucose.controller.basal_bolus_ctrller][INFO] - glucose = 79.59429626464843
[2023-03-07 17:23:12,243][simglucose.patient.t1dpatient][INFO] - t = 3254.0, Patient finishes eating!
[2023-03-07 17:23:14,703][simglucose.simulation.scenario_gen][INFO] - Time for meal!
[2023-03-07 17:23:14,703][simglucose.patient.t1dpatient][INFO] - t = 3388.0, patient starts eating ...
[2023-03-07 17:23:14,721][simglucose.controller.basal_bolus_ctrller][INFO] - Calculating bolus ...
[2023-03-07 17:23:14,721][simglucose.controller.basal_bolus_ctrller][INFO] - Meal = 9 g/min
[2023-03-07 17:23:14,721][simglucose.controller.basal_bolus_ctrller][INFO] - glucose = 114.8102310180664
[2023-03-07 17:23:14,742][simglucose.patient.t1dpatient][INFO] - t = 3390.0, Patient finishes eating!
[2023-03-07 17:23:16,398][simglucose.simulation.scenario_gen][INFO] - Creating new one day scenario ...
[2023-03-07 17:23:22,925][simglucose.simulation.scenario_gen][INFO] - Time for meal!
[2023-03-07 17:23:22,925][simglucose.patient.t1dpatient][INFO] - t = 3835.0, patient starts eating ...
[2023-03-07 17:23:22,958][simglucose.controller.basal_bolus_ctrller][INFO] - Calculating bolus ...
[2023-03-07 17:23:22,958][simglucose.controller.basal_bolus_ctrller][INFO] - Meal = 55 g/min
[2023-03-07 17:23:22,958][simglucose.controller.basal_bolus_ctrller][INFO] - glucose = 121.21758575439453
[2023-03-07 17:23:23,181][simglucose.patient.t1dpatient][INFO] - t = 3846.0, Patient finishes eating!
[2023-03-07 17:23:26,042][simglucose.actuator.pump][INFO] - Resetting insulin pump ...
[2023-03-07 17:23:27,631][simglucose.simulation.scenario_gen][INFO] - Time for meal!
[2023-03-07 17:23:27,631][simglucose.patient.t1dpatient][INFO] - t = 85.0, patient starts eating ...
[2023-03-07 17:23:27,690][simglucose.controller.basal_bolus_ctrller][INFO] - Calculating bolus ...
[2023-03-07 17:23:27,690][simglucose.controller.basal_bolus_ctrller][INFO] - Meal = 3 g/min
[2023-03-07 17:23:27,690][simglucose.controller.basal_bolus_ctrller][INFO] - glucose = 144.58113708496094
[2023-03-07 17:23:27,690][simglucose.patient.t1dpatient][INFO] - t = 86.0, Patient finishes eating!
[2023-03-07 17:23:29,360][simglucose.simulation.scenario_gen][INFO] - Time for meal!
[2023-03-07 17:23:29,360][simglucose.patient.t1dpatient][INFO] - t = 175.0, patient starts eating ...
[2023-03-07 17:23:29,388][simglucose.controller.basal_bolus_ctrller][INFO] - Calculating bolus ...
[2023-03-07 17:23:29,389][simglucose.controller.basal_bolus_ctrller][INFO] - Meal = 88 g/min
[2023-03-07 17:23:29,389][simglucose.controller.basal_bolus_ctrller][INFO] - glucose = 146.08469848632814
[2023-03-07 17:23:29,742][simglucose.patient.t1dpatient][INFO] - t = 193.0, Patient finishes eating!
[2023-03-07 17:23:35,974][simglucose.simulation.scenario_gen][INFO] - Time for meal!
[2023-03-07 17:23:35,974][simglucose.patient.t1dpatient][INFO] - t = 529.0, patient starts eating ...
[2023-03-07 17:23:36,004][simglucose.controller.basal_bolus_ctrller][INFO] - Calculating bolus ...
[2023-03-07 17:23:36,004][simglucose.controller.basal_bolus_ctrller][INFO] - Meal = 88 g/min
[2023-03-07 17:23:36,004][simglucose.controller.basal_bolus_ctrller][INFO] - glucose = 95.32984771728516
[2023-03-07 17:23:36,350][simglucose.patient.t1dpatient][INFO] - t = 547.0, Patient finishes eating!
[2023-03-07 17:23:43,987][simglucose.simulation.scenario_gen][INFO] - Creating new one day scenario ...
[2023-03-07 17:23:52,263][simglucose.simulation.scenario_gen][INFO] - Time for meal!
[2023-03-07 17:23:52,264][simglucose.patient.t1dpatient][INFO] - t = 1400.0, patient starts eating ...
[2023-03-07 17:23:52,300][simglucose.controller.basal_bolus_ctrller][INFO] - Calculating bolus ...
[2023-03-07 17:23:52,300][simglucose.controller.basal_bolus_ctrller][INFO] - Meal = 37 g/min
[2023-03-07 17:23:52,300][simglucose.controller.basal_bolus_ctrller][INFO] - glucose = 108.99296875
[2023-03-07 17:23:52,475][simglucose.patient.t1dpatient][INFO] - t = 1408.0, Patient finishes eating!
[2023-03-07 17:23:58,311][simglucose.simulation.scenario_gen][INFO] - Time for meal!
[2023-03-07 17:23:58,312][simglucose.patient.t1dpatient][INFO] - t = 1723.0, patient starts eating ...
[2023-03-07 17:23:58,336][simglucose.controller.basal_bolus_ctrller][INFO] - Calculating bolus ...
[2023-03-07 17:23:58,336][simglucose.controller.basal_bolus_ctrller][INFO] - Meal = 73 g/min
[2023-03-07 17:23:58,336][simglucose.controller.basal_bolus_ctrller][INFO] - glucose = 101.48025207519531
[2023-03-07 17:23:58,631][simglucose.patient.t1dpatient][INFO] - t = 1738.0, Patient finishes eating!
[2023-03-07 17:24:00,610][simglucose.simulation.scenario_gen][INFO] - Time for meal!
[2023-03-07 17:24:00,610][simglucose.patient.t1dpatient][INFO] - t = 1844.0, patient starts eating ...
[2023-03-07 17:24:00,629][simglucose.controller.basal_bolus_ctrller][INFO] - Calculating bolus ...
[2023-03-07 17:24:00,629][simglucose.controller.basal_bolus_ctrller][INFO] - Meal = 12 g/min
[2023-03-07 17:24:00,629][simglucose.controller.basal_bolus_ctrller][INFO] - glucose = 107.36133422851563
[2023-03-07 17:24:00,670][simglucose.patient.t1dpatient][INFO] - t = 1847.0, Patient finishes eating!
[2023-03-07 17:24:04,349][simglucose.simulation.scenario_gen][INFO] - Time for meal!
[2023-03-07 17:24:04,349][simglucose.patient.t1dpatient][INFO] - t = 2045.0, patient starts eating ...
[2023-03-07 17:24:04,376][simglucose.controller.basal_bolus_ctrller][INFO] - Calculating bolus ...
[2023-03-07 17:24:04,376][simglucose.controller.basal_bolus_ctrller][INFO] - Meal = 86 g/min
[2023-03-07 17:24:04,376][simglucose.controller.basal_bolus_ctrller][INFO] - glucose = 83.08052978515624
[2023-03-07 17:24:04,716][simglucose.patient.t1dpatient][INFO] - t = 2063.0, Patient finishes eating!
[2023-03-07 17:24:10,955][simglucose.simulation.scenario_gen][INFO] - Creating new one day scenario ...
[2023-03-07 17:24:18,148][simglucose.simulation.scenario_gen][INFO] - Time for meal!
[2023-03-07 17:24:18,148][simglucose.patient.t1dpatient][INFO] - t = 2788.0, patient starts eating ...
[2023-03-07 17:24:18,178][simglucose.controller.basal_bolus_ctrller][INFO] - Calculating bolus ...
[2023-03-07 17:24:18,178][simglucose.controller.basal_bolus_ctrller][INFO] - Meal = 28 g/min
[2023-03-07 17:24:18,179][simglucose.controller.basal_bolus_ctrller][INFO] - glucose = 106.79829406738281
[2023-03-07 17:24:18,306][simglucose.patient.t1dpatient][INFO] - t = 2794.0, Patient finishes eating!
[2023-03-07 17:24:25,685][simglucose.simulation.scenario_gen][INFO] - Time for meal!
[2023-03-07 17:24:25,685][simglucose.patient.t1dpatient][INFO] - t = 3193.0, patient starts eating ...
[2023-03-07 17:24:25,718][simglucose.controller.basal_bolus_ctrller][INFO] - Calculating bolus ...
[2023-03-07 17:24:25,718][simglucose.controller.basal_bolus_ctrller][INFO] - Meal = 65 g/min
[2023-03-07 17:24:25,718][simglucose.controller.basal_bolus_ctrller][INFO] - glucose = 119.92510070800782
[2023-03-07 17:24:25,983][simglucose.patient.t1dpatient][INFO] - t = 3206.0, Patient finishes eating!
[2023-03-07 17:24:30,852][simglucose.simulation.scenario_gen][INFO] - Time for meal!
[2023-03-07 17:24:30,852][simglucose.patient.t1dpatient][INFO] - t = 3469.0, patient starts eating ...
[2023-03-07 17:24:30,878][simglucose.controller.basal_bolus_ctrller][INFO] - Calculating bolus ...
[2023-03-07 17:24:30,878][simglucose.controller.basal_bolus_ctrller][INFO] - Meal = 78 g/min
[2023-03-07 17:24:30,878][simglucose.controller.basal_bolus_ctrller][INFO] - glucose = 112.26137084960938
[2023-03-07 17:24:31,181][simglucose.patient.t1dpatient][INFO] - t = 3485.0, Patient finishes eating!
[2023-03-07 17:24:37,746][simglucose.simulation.scenario_gen][INFO] - Creating new one day scenario ...
