[2023-03-06 19:32:32,642][simglucose.actuator.pump][INFO] - Resetting insulin pump ...
[2023-03-06 19:32:34,409][simglucose.simulation.scenario_gen][INFO] - Time for meal!
[2023-03-06 19:32:34,410][simglucose.patient.t1dpatient][INFO] - t = 99.0, patient starts eating ...
[2023-03-06 19:32:34,477][simglucose.controller.basal_bolus_ctrller][INFO] - Calculating bolus ...
[2023-03-06 19:32:34,477][simglucose.controller.basal_bolus_ctrller][INFO] - Meal = 30 g/min
[2023-03-06 19:32:34,478][simglucose.controller.basal_bolus_ctrller][INFO] - glucose = 104.52705970581222
[2023-03-06 19:32:34,558][simglucose.patient.t1dpatient][INFO] - t = 105.0, Patient finishes eating!
[2023-03-06 19:32:35,879][simglucose.simulation.scenario_gen][INFO] - Time for meal!
[2023-03-06 19:32:35,881][simglucose.patient.t1dpatient][INFO] - t = 337.0, patient starts eating ...
[2023-03-06 19:32:35,899][simglucose.controller.basal_bolus_ctrller][INFO] - Calculating bolus ...
[2023-03-06 19:32:35,900][simglucose.controller.basal_bolus_ctrller][INFO] - Meal = 73 g/min
[2023-03-06 19:32:35,900][simglucose.controller.basal_bolus_ctrller][INFO] - glucose = 52.30920864941689
[2023-03-06 19:32:36,026][simglucose.patient.t1dpatient][INFO] - t = 352.0, Patient finishes eating!
[2023-03-06 19:32:36,949][simglucose.actuator.pump][INFO] - Resetting insulin pump ...
[2023-03-06 19:32:37,029][simglucose.simulation.scenario_gen][INFO] - Time for meal!
[2023-03-06 19:32:37,030][simglucose.patient.t1dpatient][INFO] - t = 4.0, patient starts eating ...
[2023-03-06 19:32:37,095][simglucose.controller.basal_bolus_ctrller][INFO] - Calculating bolus ...
[2023-03-06 19:32:37,095][simglucose.controller.basal_bolus_ctrller][INFO] - Meal = 66 g/min
[2023-03-06 19:32:37,096][simglucose.controller.basal_bolus_ctrller][INFO] - glucose = 142.4463574591576
[2023-03-06 19:32:37,248][simglucose.patient.t1dpatient][INFO] - t = 18.0, Patient finishes eating!
[2023-03-06 19:32:37,860][simglucose.actuator.pump][INFO] - Resetting insulin pump ...
[2023-03-06 19:32:38,460][simglucose.actuator.pump][INFO] - Resetting insulin pump ...
[2023-03-06 19:32:39,123][simglucose.actuator.pump][INFO] - Resetting insulin pump ...
[2023-03-06 19:32:39,760][simglucose.actuator.pump][INFO] - Resetting insulin pump ...
[2023-03-06 19:32:40,565][simglucose.simulation.scenario_gen][INFO] - Time for meal!
[2023-03-06 19:32:40,565][simglucose.patient.t1dpatient][INFO] - t = 147.0, patient starts eating ...
[2023-03-06 19:32:40,631][simglucose.controller.basal_bolus_ctrller][INFO] - Calculating bolus ...
[2023-03-06 19:32:40,632][simglucose.controller.basal_bolus_ctrller][INFO] - Meal = 89 g/min
[2023-03-06 19:32:40,632][simglucose.controller.basal_bolus_ctrller][INFO] - glucose = 149.39174577781353
[2023-03-06 19:32:40,795][simglucose.patient.t1dpatient][INFO] - t = 165.0, Patient finishes eating!
[2023-03-06 19:32:41,780][simglucose.simulation.scenario_gen][INFO] - Time for meal!
[2023-03-06 19:32:41,781][simglucose.patient.t1dpatient][INFO] - t = 360.0, patient starts eating ...
[2023-03-06 19:32:41,788][simglucose.controller.basal_bolus_ctrller][INFO] - Calculating bolus ...
[2023-03-06 19:32:41,789][simglucose.controller.basal_bolus_ctrller][INFO] - Meal = 1 g/min
[2023-03-06 19:32:41,789][simglucose.controller.basal_bolus_ctrller][INFO] - glucose = 122.20262248629096
[2023-03-06 19:32:41,791][simglucose.patient.t1dpatient][INFO] - t = 361.0, Patient finishes eating!
[2023-03-06 19:32:42,757][simglucose.simulation.scenario_gen][INFO] - Creating new one day scenario ...
[2023-03-06 19:32:45,238][simglucose.simulation.scenario_gen][INFO] - Time for meal!
[2023-03-06 19:32:45,239][simglucose.patient.t1dpatient][INFO] - t = 984.0, patient starts eating ...
[2023-03-06 19:32:45,271][simglucose.controller.basal_bolus_ctrller][INFO] - Calculating bolus ...
[2023-03-06 19:32:45,271][simglucose.controller.basal_bolus_ctrller][INFO] - Meal = 33 g/min
[2023-03-06 19:32:45,272][simglucose.controller.basal_bolus_ctrller][INFO] - glucose = 139.5409494050695
[2023-03-06 19:32:45,355][simglucose.patient.t1dpatient][INFO] - t = 991.0, Patient finishes eating!
[2023-03-06 19:32:46,815][simglucose.simulation.scenario_gen][INFO] - Time for meal!
[2023-03-06 19:32:46,816][simglucose.patient.t1dpatient][INFO] - t = 1262.0, patient starts eating ...
[2023-03-06 19:32:46,852][simglucose.controller.basal_bolus_ctrller][INFO] - Calculating bolus ...
[2023-03-06 19:32:46,853][simglucose.controller.basal_bolus_ctrller][INFO] - Meal = 69 g/min
[2023-03-06 19:32:46,853][simglucose.controller.basal_bolus_ctrller][INFO] - glucose = 125.9592969124829
[2023-03-06 19:32:47,016][simglucose.patient.t1dpatient][INFO] - t = 1276.0, Patient finishes eating!
[2023-03-06 19:32:47,905][simglucose.simulation.scenario_gen][INFO] - Time for meal!
[2023-03-06 19:32:47,905][simglucose.patient.t1dpatient][INFO] - t = 1436.0, patient starts eating ...
[2023-03-06 19:32:47,911][simglucose.controller.basal_bolus_ctrller][INFO] - Calculating bolus ...
[2023-03-06 19:32:47,911][simglucose.controller.basal_bolus_ctrller][INFO] - Meal = 7 g/min
[2023-03-06 19:32:47,912][simglucose.controller.basal_bolus_ctrller][INFO] - glucose = 127.42814145009247
[2023-03-06 19:32:47,921][simglucose.patient.t1dpatient][INFO] - t = 1438.0, Patient finishes eating!
[2023-03-06 19:32:49,478][simglucose.simulation.scenario_gen][INFO] - Time for meal!
[2023-03-06 19:32:49,479][simglucose.patient.t1dpatient][INFO] - t = 1727.0, patient starts eating ...
[2023-03-06 19:32:49,511][simglucose.controller.basal_bolus_ctrller][INFO] - Calculating bolus ...
[2023-03-06 19:32:49,513][simglucose.controller.basal_bolus_ctrller][INFO] - Meal = 83 g/min
[2023-03-06 19:32:49,513][simglucose.controller.basal_bolus_ctrller][INFO] - glucose = 123.67185701215674
[2023-03-06 19:32:49,670][simglucose.patient.t1dpatient][INFO] - t = 1744.0, Patient finishes eating!
[2023-03-06 19:32:51,121][simglucose.simulation.scenario_gen][INFO] - Creating new one day scenario ...
[2023-03-06 19:32:53,171][simglucose.simulation.scenario_gen][INFO] - Time for meal!
[2023-03-06 19:32:53,171][simglucose.patient.t1dpatient][INFO] - t = 2318.0, patient starts eating ...
[2023-03-06 19:32:53,201][simglucose.controller.basal_bolus_ctrller][INFO] - Calculating bolus ...
[2023-03-06 19:32:53,202][simglucose.controller.basal_bolus_ctrller][INFO] - Meal = 56 g/min
[2023-03-06 19:32:53,202][simglucose.controller.basal_bolus_ctrller][INFO] - glucose = 106.60985364986809
[2023-03-06 19:32:53,333][simglucose.patient.t1dpatient][INFO] - t = 2330.0, Patient finishes eating!
[2023-03-06 19:32:55,322][simglucose.simulation.scenario_gen][INFO] - Time for meal!
[2023-03-06 19:32:55,322][simglucose.patient.t1dpatient][INFO] - t = 2722.0, patient starts eating ...
[2023-03-06 19:32:55,341][simglucose.controller.basal_bolus_ctrller][INFO] - Calculating bolus ...
[2023-03-06 19:32:55,342][simglucose.controller.basal_bolus_ctrller][INFO] - Meal = 62 g/min
[2023-03-06 19:32:55,342][simglucose.controller.basal_bolus_ctrller][INFO] - glucose = 107.86553424518016
[2023-03-06 19:32:55,469][simglucose.patient.t1dpatient][INFO] - t = 2735.0, Patient finishes eating!
[2023-03-06 19:32:56,687][simglucose.simulation.scenario_gen][INFO] - Time for meal!
[2023-03-06 19:32:56,688][simglucose.patient.t1dpatient][INFO] - t = 2972.0, patient starts eating ...
[2023-03-06 19:32:56,705][simglucose.controller.basal_bolus_ctrller][INFO] - Calculating bolus ...
[2023-03-06 19:32:56,705][simglucose.controller.basal_bolus_ctrller][INFO] - Meal = 98 g/min
[2023-03-06 19:32:56,706][simglucose.controller.basal_bolus_ctrller][INFO] - glucose = 110.5806036651583
[2023-03-06 19:32:56,844][simglucose.patient.t1dpatient][INFO] - t = 2992.0, Patient finishes eating!
[2023-03-06 19:32:58,435][simglucose.actuator.pump][INFO] - Resetting insulin pump ...
[2023-03-06 19:32:58,926][simglucose.simulation.scenario_gen][INFO] - Time for meal!
[2023-03-06 19:32:58,926][simglucose.patient.t1dpatient][INFO] - t = 90.0, patient starts eating ...
[2023-03-06 19:32:58,990][simglucose.controller.basal_bolus_ctrller][INFO] - Calculating bolus ...
[2023-03-06 19:32:58,991][simglucose.controller.basal_bolus_ctrller][INFO] - Meal = 57 g/min
[2023-03-06 19:32:58,991][simglucose.controller.basal_bolus_ctrller][INFO] - glucose = 70.0355705253671
[2023-03-06 19:32:59,147][simglucose.patient.t1dpatient][INFO] - t = 102.0, Patient finishes eating!
[2023-03-06 19:32:59,223][simglucose.actuator.pump][INFO] - Resetting insulin pump ...
[2023-03-06 19:32:59,570][simglucose.simulation.scenario_gen][INFO] - Time for meal!
[2023-03-06 19:32:59,571][simglucose.patient.t1dpatient][INFO] - t = 58.0, patient starts eating ...
[2023-03-06 19:32:59,644][simglucose.controller.basal_bolus_ctrller][INFO] - Calculating bolus ...
[2023-03-06 19:32:59,644][simglucose.controller.basal_bolus_ctrller][INFO] - Meal = 67 g/min
[2023-03-06 19:32:59,645][simglucose.controller.basal_bolus_ctrller][INFO] - glucose = 86.47485890374989
[2023-03-06 19:32:59,809][simglucose.patient.t1dpatient][INFO] - t = 72.0, Patient finishes eating!
[2023-03-06 19:33:00,194][simglucose.actuator.pump][INFO] - Resetting insulin pump ...
[2023-03-06 19:33:00,821][simglucose.actuator.pump][INFO] - Resetting insulin pump ...
[2023-03-06 19:33:01,442][simglucose.actuator.pump][INFO] - Resetting insulin pump ...
[2023-03-06 19:33:01,694][simglucose.simulation.scenario_gen][INFO] - Time for meal!
[2023-03-06 19:33:01,695][simglucose.patient.t1dpatient][INFO] - t = 43.0, patient starts eating ...
[2023-03-06 19:33:01,756][simglucose.controller.basal_bolus_ctrller][INFO] - Calculating bolus ...
[2023-03-06 19:33:01,756][simglucose.controller.basal_bolus_ctrller][INFO] - Meal = 64 g/min
[2023-03-06 19:33:01,757][simglucose.controller.basal_bolus_ctrller][INFO] - glucose = 148.64498302770255
[2023-03-06 19:33:01,908][simglucose.patient.t1dpatient][INFO] - t = 56.0, Patient finishes eating!
[2023-03-06 19:33:03,631][simglucose.simulation.scenario_gen][INFO] - Time for meal!
[2023-03-06 19:33:03,632][simglucose.patient.t1dpatient][INFO] - t = 402.0, patient starts eating ...
[2023-03-06 19:33:03,667][simglucose.controller.basal_bolus_ctrller][INFO] - Calculating bolus ...
[2023-03-06 19:33:03,667][simglucose.controller.basal_bolus_ctrller][INFO] - Meal = 73 g/min
[2023-03-06 19:33:03,668][simglucose.controller.basal_bolus_ctrller][INFO] - glucose = 64.10343353103565
[2023-03-06 19:33:03,791][simglucose.patient.t1dpatient][INFO] - t = 417.0, Patient finishes eating!
[2023-03-06 19:33:03,913][simglucose.actuator.pump][INFO] - Resetting insulin pump ...
[2023-03-06 19:33:04,385][simglucose.simulation.scenario_gen][INFO] - Time for meal!
[2023-03-06 19:33:04,385][simglucose.patient.t1dpatient][INFO] - t = 91.0, patient starts eating ...
[2023-03-06 19:33:04,449][simglucose.controller.basal_bolus_ctrller][INFO] - Calculating bolus ...
[2023-03-06 19:33:04,449][simglucose.controller.basal_bolus_ctrller][INFO] - Meal = 8 g/min
[2023-03-06 19:33:04,450][simglucose.controller.basal_bolus_ctrller][INFO] - glucose = 134.38023224245083
[2023-03-06 19:33:04,480][simglucose.patient.t1dpatient][INFO] - t = 93.0, Patient finishes eating!
[2023-03-06 19:33:05,125][simglucose.simulation.scenario_gen][INFO] - Time for meal!
[2023-03-06 19:33:05,125][simglucose.patient.t1dpatient][INFO] - t = 220.0, patient starts eating ...
[2023-03-06 19:33:05,147][simglucose.controller.basal_bolus_ctrller][INFO] - Calculating bolus ...
[2023-03-06 19:33:05,148][simglucose.controller.basal_bolus_ctrller][INFO] - Meal = 89 g/min
[2023-03-06 19:33:05,148][simglucose.controller.basal_bolus_ctrller][INFO] - glucose = 157.01529134072695
[2023-03-06 19:33:05,283][simglucose.patient.t1dpatient][INFO] - t = 238.0, Patient finishes eating!
[2023-03-06 19:33:07,439][simglucose.simulation.scenario_gen][INFO] - Creating new one day scenario ...
[2023-03-06 19:33:09,749][simglucose.simulation.scenario_gen][INFO] - Time for meal!
[2023-03-06 19:33:09,750][simglucose.patient.t1dpatient][INFO] - t = 1105.0, patient starts eating ...
[2023-03-06 19:33:09,782][simglucose.controller.basal_bolus_ctrller][INFO] - Calculating bolus ...
[2023-03-06 19:33:09,783][simglucose.controller.basal_bolus_ctrller][INFO] - Meal = 49 g/min
[2023-03-06 19:33:09,783][simglucose.controller.basal_bolus_ctrller][INFO] - glucose = 143.63866400539456
[2023-03-06 19:33:09,904][simglucose.patient.t1dpatient][INFO] - t = 1115.0, Patient finishes eating!
[2023-03-06 19:33:11,773][simglucose.simulation.scenario_gen][INFO] - Time for meal!
[2023-03-06 19:33:11,773][simglucose.patient.t1dpatient][INFO] - t = 1487.0, patient starts eating ...
[2023-03-06 19:33:11,794][simglucose.controller.basal_bolus_ctrller][INFO] - Calculating bolus ...
[2023-03-06 19:33:11,795][simglucose.controller.basal_bolus_ctrller][INFO] - Meal = 64 g/min
[2023-03-06 19:33:11,795][simglucose.controller.basal_bolus_ctrller][INFO] - glucose = 123.48946692705327
[2023-03-06 19:33:11,912][simglucose.patient.t1dpatient][INFO] - t = 1500.0, Patient finishes eating!
[2023-03-06 19:33:12,707][simglucose.simulation.scenario_gen][INFO] - Time for meal!
[2023-03-06 19:33:12,708][simglucose.patient.t1dpatient][INFO] - t = 1661.0, patient starts eating ...
[2023-03-06 19:33:12,713][simglucose.controller.basal_bolus_ctrller][INFO] - Calculating bolus ...
[2023-03-06 19:33:12,714][simglucose.controller.basal_bolus_ctrller][INFO] - Meal = 90 g/min
[2023-03-06 19:33:12,714][simglucose.controller.basal_bolus_ctrller][INFO] - glucose = 107.72644649816695
[2023-03-06 19:33:12,863][simglucose.patient.t1dpatient][INFO] - t = 1679.0, Patient finishes eating!
[2023-03-06 19:33:14,269][simglucose.actuator.pump][INFO] - Resetting insulin pump ...
[2023-03-06 19:33:15,795][simglucose.simulation.scenario_gen][INFO] - Time for meal!
[2023-03-06 19:33:15,795][simglucose.patient.t1dpatient][INFO] - t = 325.0, patient starts eating ...
[2023-03-06 19:33:15,860][simglucose.controller.basal_bolus_ctrller][INFO] - Calculating bolus ...
[2023-03-06 19:33:15,860][simglucose.controller.basal_bolus_ctrller][INFO] - Meal = 86 g/min
[2023-03-06 19:33:15,861][simglucose.controller.basal_bolus_ctrller][INFO] - glucose = 141.2815533412519
[2023-03-06 19:33:16,032][simglucose.patient.t1dpatient][INFO] - t = 343.0, Patient finishes eating!
[2023-03-06 19:33:17,199][simglucose.simulation.scenario_gen][INFO] - Time for meal!
[2023-03-06 19:33:17,200][simglucose.patient.t1dpatient][INFO] - t = 536.0, patient starts eating ...
[2023-03-06 19:33:17,207][simglucose.controller.basal_bolus_ctrller][INFO] - Calculating bolus ...
[2023-03-06 19:33:17,207][simglucose.controller.basal_bolus_ctrller][INFO] - Meal = 9 g/min
[2023-03-06 19:33:17,208][simglucose.controller.basal_bolus_ctrller][INFO] - glucose = 87.17663879671214
[2023-03-06 19:33:17,217][simglucose.patient.t1dpatient][INFO] - t = 538.0, Patient finishes eating!
[2023-03-06 19:33:17,490][simglucose.actuator.pump][INFO] - Resetting insulin pump ...
[2023-03-06 19:33:19,328][simglucose.simulation.scenario_gen][INFO] - Time for meal!
[2023-03-06 19:33:19,329][simglucose.patient.t1dpatient][INFO] - t = 388.0, patient starts eating ...
[2023-03-06 19:33:19,398][simglucose.controller.basal_bolus_ctrller][INFO] - Calculating bolus ...
[2023-03-06 19:33:19,399][simglucose.controller.basal_bolus_ctrller][INFO] - Meal = 44 g/min
[2023-03-06 19:33:19,399][simglucose.controller.basal_bolus_ctrller][INFO] - glucose = 141.33472755241056
[2023-03-06 19:33:19,515][simglucose.patient.t1dpatient][INFO] - t = 397.0, Patient finishes eating!
[2023-03-06 19:33:20,568][simglucose.simulation.scenario_gen][INFO] - Time for meal!
[2023-03-06 19:33:20,569][simglucose.patient.t1dpatient][INFO] - t = 589.0, patient starts eating ...
[2023-03-06 19:33:20,602][simglucose.controller.basal_bolus_ctrller][INFO] - Calculating bolus ...
[2023-03-06 19:33:20,603][simglucose.controller.basal_bolus_ctrller][INFO] - Meal = 64 g/min
[2023-03-06 19:33:20,603][simglucose.controller.basal_bolus_ctrller][INFO] - glucose = 131.0663462747258
[2023-03-06 19:33:20,714][simglucose.patient.t1dpatient][INFO] - t = 602.0, Patient finishes eating!
[2023-03-06 19:33:22,573][simglucose.simulation.scenario_gen][INFO] - Time for meal!
[2023-03-06 19:33:22,573][simglucose.patient.t1dpatient][INFO] - t = 952.0, patient starts eating ...
[2023-03-06 19:33:22,595][simglucose.controller.basal_bolus_ctrller][INFO] - Calculating bolus ...
[2023-03-06 19:33:22,595][simglucose.controller.basal_bolus_ctrller][INFO] - Meal = 83 g/min
[2023-03-06 19:33:22,596][simglucose.controller.basal_bolus_ctrller][INFO] - glucose = 106.55944097884512
[2023-03-06 19:33:22,726][simglucose.patient.t1dpatient][INFO] - t = 969.0, Patient finishes eating!
[2023-03-06 19:33:24,921][simglucose.actuator.pump][INFO] - Resetting insulin pump ...
[2023-03-06 19:33:25,048][simglucose.simulation.scenario_gen][INFO] - Time for meal!
[2023-03-06 19:33:25,048][simglucose.patient.t1dpatient][INFO] - t = 15.0, patient starts eating ...
[2023-03-06 19:33:25,151][simglucose.controller.basal_bolus_ctrller][INFO] - Calculating bolus ...
[2023-03-06 19:33:25,151][simglucose.controller.basal_bolus_ctrller][INFO] - Meal = 2 g/min
[2023-03-06 19:33:25,152][simglucose.controller.basal_bolus_ctrller][INFO] - glucose = 141.08576360535517
[2023-03-06 19:33:25,153][simglucose.patient.t1dpatient][INFO] - t = 16.0, Patient finishes eating!
[2023-03-06 19:33:26,044][simglucose.simulation.scenario_gen][INFO] - Creating new one day scenario ...
[2023-03-06 19:33:27,696][simglucose.actuator.pump][INFO] - Resetting insulin pump ...
[2023-03-06 19:33:27,948][simglucose.simulation.scenario_gen][INFO] - Time for meal!
[2023-03-06 19:33:27,948][simglucose.patient.t1dpatient][INFO] - t = 34.0, patient starts eating ...
[2023-03-06 19:33:28,017][simglucose.controller.basal_bolus_ctrller][INFO] - Calculating bolus ...
[2023-03-06 19:33:28,017][simglucose.controller.basal_bolus_ctrller][INFO] - Meal = 85 g/min
[2023-03-06 19:33:28,018][simglucose.controller.basal_bolus_ctrller][INFO] - glucose = 122.32258019717813
[2023-03-06 19:33:28,185][simglucose.patient.t1dpatient][INFO] - t = 51.0, Patient finishes eating!
[2023-03-06 19:33:28,733][simglucose.actuator.pump][INFO] - Resetting insulin pump ...
[2023-03-06 19:33:29,370][simglucose.actuator.pump][INFO] - Resetting insulin pump ...
[2023-03-06 19:33:29,982][simglucose.actuator.pump][INFO] - Resetting insulin pump ...
[2023-03-06 19:33:30,575][simglucose.actuator.pump][INFO] - Resetting insulin pump ...
[2023-03-06 19:33:31,358][simglucose.simulation.scenario_gen][INFO] - Time for meal!
[2023-03-06 19:33:31,358][simglucose.patient.t1dpatient][INFO] - t = 157.0, patient starts eating ...
[2023-03-06 19:33:31,422][simglucose.controller.basal_bolus_ctrller][INFO] - Calculating bolus ...
[2023-03-06 19:33:31,422][simglucose.controller.basal_bolus_ctrller][INFO] - Meal = 52 g/min
[2023-03-06 19:33:31,423][simglucose.controller.basal_bolus_ctrller][INFO] - glucose = 79.50624852069116
[2023-03-06 19:33:31,550][simglucose.patient.t1dpatient][INFO] - t = 168.0, Patient finishes eating!
[2023-03-06 19:33:32,484][simglucose.simulation.scenario_gen][INFO] - Time for meal!
[2023-03-06 19:33:32,484][simglucose.patient.t1dpatient][INFO] - t = 343.0, patient starts eating ...
[2023-03-06 19:33:32,506][simglucose.controller.basal_bolus_ctrller][INFO] - Calculating bolus ...
[2023-03-06 19:33:32,506][simglucose.controller.basal_bolus_ctrller][INFO] - Meal = 20 g/min
[2023-03-06 19:33:32,507][simglucose.controller.basal_bolus_ctrller][INFO] - glucose = 87.45775621365617
[2023-03-06 19:33:32,546][simglucose.patient.t1dpatient][INFO] - t = 347.0, Patient finishes eating!
[2023-03-06 19:33:33,100][simglucose.simulation.scenario_gen][INFO] - Time for meal!
[2023-03-06 19:33:33,101][simglucose.patient.t1dpatient][INFO] - t = 460.0, patient starts eating ...
[2023-03-06 19:33:33,117][simglucose.controller.basal_bolus_ctrller][INFO] - Calculating bolus ...
[2023-03-06 19:33:33,118][simglucose.controller.basal_bolus_ctrller][INFO] - Meal = 76 g/min
[2023-03-06 19:33:33,118][simglucose.controller.basal_bolus_ctrller][INFO] - glucose = 79.6735476175183
[2023-03-06 19:33:33,236][simglucose.patient.t1dpatient][INFO] - t = 476.0, Patient finishes eating!
[2023-03-06 19:33:35,177][simglucose.simulation.scenario_gen][INFO] - Creating new one day scenario ...
[2023-03-06 19:33:37,383][simglucose.simulation.scenario_gen][INFO] - Time for meal!
[2023-03-06 19:33:37,383][simglucose.patient.t1dpatient][INFO] - t = 1268.0, patient starts eating ...
[2023-03-06 19:33:37,408][simglucose.controller.basal_bolus_ctrller][INFO] - Calculating bolus ...
[2023-03-06 19:33:37,408][simglucose.controller.basal_bolus_ctrller][INFO] - Meal = 50 g/min
[2023-03-06 19:33:37,408][simglucose.controller.basal_bolus_ctrller][INFO] - glucose = 127.74838870762429
[2023-03-06 19:33:37,513][simglucose.patient.t1dpatient][INFO] - t = 1278.0, Patient finishes eating!
[2023-03-06 19:33:38,606][simglucose.simulation.scenario_gen][INFO] - Time for meal!
[2023-03-06 19:33:38,606][simglucose.patient.t1dpatient][INFO] - t = 1495.0, patient starts eating ...
[2023-03-06 19:33:38,637][simglucose.controller.basal_bolus_ctrller][INFO] - Calculating bolus ...
[2023-03-06 19:33:38,638][simglucose.controller.basal_bolus_ctrller][INFO] - Meal = 73 g/min
[2023-03-06 19:33:38,638][simglucose.controller.basal_bolus_ctrller][INFO] - glucose = 125.53063898878014
[2023-03-06 19:33:38,759][simglucose.patient.t1dpatient][INFO] - t = 1510.0, Patient finishes eating!
[2023-03-06 19:33:39,887][simglucose.actuator.pump][INFO] - Resetting insulin pump ...
[2023-03-06 19:33:44,741][simglucose.simulation.scenario_gen][INFO] - Time for meal!
[2023-03-06 19:33:44,742][simglucose.patient.t1dpatient][INFO] - t = 115.0, patient starts eating ...
[2023-03-06 19:33:44,826][simglucose.controller.basal_bolus_ctrller][INFO] - Calculating bolus ...
[2023-03-06 19:33:44,827][simglucose.controller.basal_bolus_ctrller][INFO] - Meal = 75 g/min
[2023-03-06 19:33:44,827][simglucose.controller.basal_bolus_ctrller][INFO] - glucose = 125.88772883295631
[2023-03-06 19:33:45,418][simglucose.patient.t1dpatient][INFO] - t = 130.0, Patient finishes eating!
[2023-03-06 19:33:56,811][simglucose.simulation.scenario_gen][INFO] - Creating new one day scenario ...
[2023-03-06 19:34:10,684][simglucose.simulation.scenario_gen][INFO] - Time for meal!
[2023-03-06 19:34:10,684][simglucose.patient.t1dpatient][INFO] - t = 748.0, patient starts eating ...
[2023-03-06 19:34:10,756][simglucose.controller.basal_bolus_ctrller][INFO] - Calculating bolus ...
[2023-03-06 19:34:10,757][simglucose.controller.basal_bolus_ctrller][INFO] - Meal = 75 g/min
[2023-03-06 19:34:10,757][simglucose.controller.basal_bolus_ctrller][INFO] - glucose = 132.0263446067828
[2023-03-06 19:34:11,356][simglucose.patient.t1dpatient][INFO] - t = 763.0, Patient finishes eating!
[2023-03-06 19:34:21,626][simglucose.actuator.pump][INFO] - Resetting insulin pump ...
[2023-03-06 19:34:34,257][simglucose.simulation.scenario_gen][INFO] - Time for meal!
[2023-03-06 19:34:34,258][simglucose.patient.t1dpatient][INFO] - t = 302.0, patient starts eating ...
[2023-03-06 19:34:34,363][simglucose.controller.basal_bolus_ctrller][INFO] - Calculating bolus ...
[2023-03-06 19:34:34,364][simglucose.controller.basal_bolus_ctrller][INFO] - Meal = 78 g/min
[2023-03-06 19:34:34,364][simglucose.controller.basal_bolus_ctrller][INFO] - glucose = 58.04847640552918
[2023-03-06 19:34:35,076][simglucose.patient.t1dpatient][INFO] - t = 318.0, Patient finishes eating!
[2023-03-06 19:34:49,007][simglucose.simulation.scenario_gen][INFO] - Creating new one day scenario ...
[2023-03-06 19:35:04,327][simglucose.simulation.scenario_gen][INFO] - Time for meal!
[2023-03-06 19:35:04,328][simglucose.patient.t1dpatient][INFO] - t = 1036.0, patient starts eating ...
[2023-03-06 19:35:04,394][simglucose.controller.basal_bolus_ctrller][INFO] - Calculating bolus ...
[2023-03-06 19:35:04,395][simglucose.controller.basal_bolus_ctrller][INFO] - Meal = 46 g/min
[2023-03-06 19:35:04,395][simglucose.controller.basal_bolus_ctrller][INFO] - glucose = 138.97732045464937
[2023-03-06 19:35:04,801][simglucose.patient.t1dpatient][INFO] - t = 1046.0, Patient finishes eating!
[2023-03-06 19:35:20,045][simglucose.simulation.scenario_gen][INFO] - Time for meal!
[2023-03-06 19:35:20,045][simglucose.patient.t1dpatient][INFO] - t = 1403.0, patient starts eating ...
[2023-03-06 19:35:20,120][simglucose.controller.basal_bolus_ctrller][INFO] - Calculating bolus ...
[2023-03-06 19:35:20,120][simglucose.controller.basal_bolus_ctrller][INFO] - Meal = 75 g/min
[2023-03-06 19:35:20,121][simglucose.controller.basal_bolus_ctrller][INFO] - glucose = 135.84805393778987
[2023-03-06 19:35:20,893][simglucose.patient.t1dpatient][INFO] - t = 1418.0, Patient finishes eating!
[2023-03-06 19:35:37,284][simglucose.simulation.scenario_gen][INFO] - Time for meal!
[2023-03-06 19:35:37,285][simglucose.patient.t1dpatient][INFO] - t = 1811.0, patient starts eating ...
[2023-03-06 19:35:37,357][simglucose.controller.basal_bolus_ctrller][INFO] - Calculating bolus ...
[2023-03-06 19:35:37,358][simglucose.controller.basal_bolus_ctrller][INFO] - Meal = 75 g/min
[2023-03-06 19:35:37,358][simglucose.controller.basal_bolus_ctrller][INFO] - glucose = 98.4982578909749
[2023-03-06 19:35:38,074][simglucose.patient.t1dpatient][INFO] - t = 1826.0, Patient finishes eating!
[2023-03-06 19:35:50,429][simglucose.simulation.scenario_gen][INFO] - Creating new one day scenario ...
[2023-03-06 19:36:11,051][simglucose.simulation.scenario_gen][INFO] - Time for meal!
[2023-03-06 19:36:11,052][simglucose.patient.t1dpatient][INFO] - t = 2561.0, patient starts eating ...
[2023-03-06 19:36:11,128][simglucose.controller.basal_bolus_ctrller][INFO] - Calculating bolus ...
[2023-03-06 19:36:11,129][simglucose.controller.basal_bolus_ctrller][INFO] - Meal = 35 g/min
[2023-03-06 19:36:11,129][simglucose.controller.basal_bolus_ctrller][INFO] - glucose = 105.28149775367804
[2023-03-06 19:36:11,493][simglucose.patient.t1dpatient][INFO] - t = 2568.0, Patient finishes eating!
[2023-03-06 19:36:16,866][simglucose.simulation.scenario_gen][INFO] - Time for meal!
[2023-03-06 19:36:16,867][simglucose.patient.t1dpatient][INFO] - t = 2684.0, patient starts eating ...
[2023-03-06 19:36:16,928][simglucose.controller.basal_bolus_ctrller][INFO] - Calculating bolus ...
[2023-03-06 19:36:16,928][simglucose.controller.basal_bolus_ctrller][INFO] - Meal = 19 g/min
[2023-03-06 19:36:16,929][simglucose.controller.basal_bolus_ctrller][INFO] - glucose = 113.09535351452097
[2023-03-06 19:36:17,092][simglucose.patient.t1dpatient][INFO] - t = 2688.0, Patient finishes eating!
[2023-03-06 19:36:21,525][simglucose.simulation.scenario_gen][INFO] - Time for meal!
[2023-03-06 19:36:21,526][simglucose.patient.t1dpatient][INFO] - t = 2796.0, patient starts eating ...
[2023-03-06 19:36:21,588][simglucose.controller.basal_bolus_ctrller][INFO] - Calculating bolus ...
[2023-03-06 19:36:21,588][simglucose.controller.basal_bolus_ctrller][INFO] - Meal = 65 g/min
[2023-03-06 19:36:21,588][simglucose.controller.basal_bolus_ctrller][INFO] - glucose = 83.02072537957454
[2023-03-06 19:36:22,106][simglucose.patient.t1dpatient][INFO] - t = 2809.0, Patient finishes eating!
[2023-03-06 19:36:28,232][simglucose.actuator.pump][INFO] - Resetting insulin pump ...
[2023-03-06 19:36:32,372][simglucose.simulation.scenario_gen][INFO] - Time for meal!
[2023-03-06 19:36:32,373][simglucose.patient.t1dpatient][INFO] - t = 98.0, patient starts eating ...
[2023-03-06 19:36:32,508][simglucose.controller.basal_bolus_ctrller][INFO] - Calculating bolus ...
[2023-03-06 19:36:32,508][simglucose.controller.basal_bolus_ctrller][INFO] - Meal = 25 g/min
[2023-03-06 19:36:32,509][simglucose.controller.basal_bolus_ctrller][INFO] - glucose = 91.24311704023066
[2023-03-06 19:36:32,762][simglucose.patient.t1dpatient][INFO] - t = 103.0, Patient finishes eating!
[2023-03-06 19:36:34,000][simglucose.simulation.scenario_gen][INFO] - Time for meal!
[2023-03-06 19:36:34,001][simglucose.patient.t1dpatient][INFO] - t = 128.0, patient starts eating ...
[2023-03-06 19:36:34,049][simglucose.controller.basal_bolus_ctrller][INFO] - Calculating bolus ...
[2023-03-06 19:36:34,050][simglucose.controller.basal_bolus_ctrller][INFO] - Meal = 3 g/min
[2023-03-06 19:36:34,050][simglucose.controller.basal_bolus_ctrller][INFO] - glucose = 64.7544256240366
[2023-03-06 19:36:34,050][simglucose.patient.t1dpatient][INFO] - t = 129.0, Patient finishes eating!
[2023-03-06 19:36:41,427][simglucose.simulation.scenario_gen][INFO] - Time for meal!
[2023-03-06 19:36:41,428][simglucose.patient.t1dpatient][INFO] - t = 290.0, patient starts eating ...
[2023-03-06 19:36:41,484][simglucose.controller.basal_bolus_ctrller][INFO] - Calculating bolus ...
[2023-03-06 19:36:41,485][simglucose.controller.basal_bolus_ctrller][INFO] - Meal = 79 g/min
[2023-03-06 19:36:41,485][simglucose.controller.basal_bolus_ctrller][INFO] - glucose = 78.04586174943893
[2023-03-06 19:36:42,287][simglucose.patient.t1dpatient][INFO] - t = 306.0, Patient finishes eating!
[2023-03-06 19:36:48,354][simglucose.simulation.scenario_gen][INFO] - Time for meal!
[2023-03-06 19:36:48,355][simglucose.patient.t1dpatient][INFO] - t = 431.0, patient starts eating ...
[2023-03-06 19:36:48,408][simglucose.controller.basal_bolus_ctrller][INFO] - Calculating bolus ...
[2023-03-06 19:36:48,409][simglucose.controller.basal_bolus_ctrller][INFO] - Meal = 12 g/min
[2023-03-06 19:36:48,409][simglucose.controller.basal_bolus_ctrller][INFO] - glucose = 80.6675175089321
[2023-03-06 19:36:48,523][simglucose.patient.t1dpatient][INFO] - t = 434.0, Patient finishes eating!
[2023-03-06 19:36:55,319][simglucose.actuator.pump][INFO] - Resetting insulin pump ...
[2023-03-06 19:36:56,941][simglucose.simulation.scenario_gen][INFO] - Time for meal!
[2023-03-06 19:36:56,942][simglucose.patient.t1dpatient][INFO] - t = 31.0, patient starts eating ...
[2023-03-06 19:36:57,069][simglucose.controller.basal_bolus_ctrller][INFO] - Calculating bolus ...
[2023-03-06 19:36:57,069][simglucose.controller.basal_bolus_ctrller][INFO] - Meal = 76 g/min
[2023-03-06 19:36:57,070][simglucose.controller.basal_bolus_ctrller][INFO] - glucose = 142.52837476154946
[2023-03-06 19:36:57,931][simglucose.patient.t1dpatient][INFO] - t = 47.0, Patient finishes eating!
[2023-03-06 19:37:05,676][simglucose.actuator.pump][INFO] - Resetting insulin pump ...
[2023-03-06 19:37:05,716][simglucose.simulation.scenario_gen][INFO] - Creating new one day scenario ...
