[2023-03-07 17:19:48,749][simglucose.actuator.pump][INFO] - Resetting insulin pump ...
[2023-03-07 17:19:49,153][simglucose.simulation.scenario_gen][INFO] - Time for meal!
[2023-03-07 17:19:49,153][simglucose.patient.t1dpatient][INFO] - t = 99.0, patient starts eating ...
[2023-03-07 17:19:49,197][simglucose.controller.basal_bolus_ctrller][INFO] - Calculating bolus ...
[2023-03-07 17:19:49,197][simglucose.controller.basal_bolus_ctrller][INFO] - Meal = 30 g/min
[2023-03-07 17:19:49,197][simglucose.controller.basal_bolus_ctrller][INFO] - glucose = 148.88629150390625
[2023-03-07 17:19:49,254][simglucose.patient.t1dpatient][INFO] - t = 105.0, Patient finishes eating!
[2023-03-07 17:19:50,203][simglucose.simulation.scenario_gen][INFO] - Time for meal!
[2023-03-07 17:19:50,204][simglucose.patient.t1dpatient][INFO] - t = 337.0, patient starts eating ...
[2023-03-07 17:19:50,216][simglucose.controller.basal_bolus_ctrller][INFO] - Calculating bolus ...
[2023-03-07 17:19:50,216][simglucose.controller.basal_bolus_ctrller][INFO] - Meal = 73 g/min
[2023-03-07 17:19:50,216][simglucose.controller.basal_bolus_ctrller][INFO] - glucose = 116.00752105712891
[2023-03-07 17:19:50,304][simglucose.patient.t1dpatient][INFO] - t = 352.0, Patient finishes eating!
[2023-03-07 17:19:51,352][simglucose.simulation.scenario_gen][INFO] - Time for meal!
[2023-03-07 17:19:51,352][simglucose.patient.t1dpatient][INFO] - t = 521.0, patient starts eating ...
[2023-03-07 17:19:51,357][simglucose.controller.basal_bolus_ctrller][INFO] - Calculating bolus ...
[2023-03-07 17:19:51,357][simglucose.controller.basal_bolus_ctrller][INFO] - Meal = 12 g/min
[2023-03-07 17:19:51,357][simglucose.controller.basal_bolus_ctrller][INFO] - glucose = 90.58918151855468
[2023-03-07 17:19:51,369][simglucose.patient.t1dpatient][INFO] - t = 524.0, Patient finishes eating!
[2023-03-07 17:19:52,308][simglucose.simulation.scenario_gen][INFO] - Time for meal!
[2023-03-07 17:19:52,309][simglucose.patient.t1dpatient][INFO] - t = 753.0, patient starts eating ...
[2023-03-07 17:19:52,325][simglucose.controller.basal_bolus_ctrller][INFO] - Calculating bolus ...
[2023-03-07 17:19:52,325][simglucose.controller.basal_bolus_ctrller][INFO] - Meal = 81 g/min
[2023-03-07 17:19:52,325][simglucose.controller.basal_bolus_ctrller][INFO] - glucose = 74.73352813720703
[2023-03-07 17:19:52,422][simglucose.patient.t1dpatient][INFO] - t = 770.0, Patient finishes eating!
[2023-03-07 17:19:53,090][simglucose.simulation.scenario_gen][INFO] - Time for meal!
[2023-03-07 17:19:53,090][simglucose.patient.t1dpatient][INFO] - t = 930.0, patient starts eating ...
[2023-03-07 17:19:53,094][simglucose.controller.basal_bolus_ctrller][INFO] - Calculating bolus ...
[2023-03-07 17:19:53,094][simglucose.controller.basal_bolus_ctrller][INFO] - Meal = 13 g/min
[2023-03-07 17:19:53,094][simglucose.controller.basal_bolus_ctrller][INFO] - glucose = 91.76798706054687
[2023-03-07 17:19:53,107][simglucose.patient.t1dpatient][INFO] - t = 933.0, Patient finishes eating!
[2023-03-07 17:19:53,732][simglucose.simulation.scenario_gen][INFO] - Creating new one day scenario ...
[2023-03-07 17:19:55,189][simglucose.simulation.scenario_gen][INFO] - Time for meal!
[2023-03-07 17:19:55,189][simglucose.patient.t1dpatient][INFO] - t = 1438.0, patient starts eating ...
[2023-03-07 17:19:55,207][simglucose.controller.basal_bolus_ctrller][INFO] - Calculating bolus ...
[2023-03-07 17:19:55,207][simglucose.controller.basal_bolus_ctrller][INFO] - Meal = 39 g/min
[2023-03-07 17:19:55,207][simglucose.controller.basal_bolus_ctrller][INFO] - glucose = 109.99773864746093
[2023-03-07 17:19:55,270][simglucose.patient.t1dpatient][INFO] - t = 1446.0, Patient finishes eating!
[2023-03-07 17:19:56,759][simglucose.simulation.scenario_gen][INFO] - Time for meal!
[2023-03-07 17:19:56,759][simglucose.patient.t1dpatient][INFO] - t = 1807.0, patient starts eating ...
[2023-03-07 17:19:56,773][simglucose.controller.basal_bolus_ctrller][INFO] - Calculating bolus ...
[2023-03-07 17:19:56,773][simglucose.controller.basal_bolus_ctrller][INFO] - Meal = 69 g/min
[2023-03-07 17:19:56,773][simglucose.controller.basal_bolus_ctrller][INFO] - glucose = 113.23589782714843
[2023-03-07 17:19:56,865][simglucose.patient.t1dpatient][INFO] - t = 1821.0, Patient finishes eating!
[2023-03-07 17:19:58,225][simglucose.simulation.scenario_gen][INFO] - Time for meal!
[2023-03-07 17:19:58,226][simglucose.patient.t1dpatient][INFO] - t = 2156.0, patient starts eating ...
[2023-03-07 17:19:58,236][simglucose.controller.basal_bolus_ctrller][INFO] - Calculating bolus ...
[2023-03-07 17:19:58,236][simglucose.controller.basal_bolus_ctrller][INFO] - Meal = 72 g/min
[2023-03-07 17:19:58,236][simglucose.controller.basal_bolus_ctrller][INFO] - glucose = 129.3836456298828
[2023-03-07 17:19:58,325][simglucose.patient.t1dpatient][INFO] - t = 2171.0, Patient finishes eating!
[2023-03-07 17:19:59,443][simglucose.simulation.scenario_gen][INFO] - Time for meal!
[2023-03-07 17:19:59,443][simglucose.patient.t1dpatient][INFO] - t = 2446.0, patient starts eating ...
[2023-03-07 17:19:59,455][simglucose.controller.basal_bolus_ctrller][INFO] - Calculating bolus ...
[2023-03-07 17:19:59,455][simglucose.controller.basal_bolus_ctrller][INFO] - Meal = 4 g/min
[2023-03-07 17:19:59,455][simglucose.controller.basal_bolus_ctrller][INFO] - glucose = 107.9354736328125
[2023-03-07 17:19:59,456][simglucose.patient.t1dpatient][INFO] - t = 2447.0, Patient finishes eating!
[2023-03-07 17:19:59,764][simglucose.simulation.scenario_gen][INFO] - Creating new one day scenario ...
[2023-03-07 17:20:01,900][simglucose.simulation.scenario_gen][INFO] - Time for meal!
[2023-03-07 17:20:01,901][simglucose.patient.t1dpatient][INFO] - t = 3022.0, patient starts eating ...
[2023-03-07 17:20:01,919][simglucose.controller.basal_bolus_ctrller][INFO] - Calculating bolus ...
[2023-03-07 17:20:01,919][simglucose.controller.basal_bolus_ctrller][INFO] - Meal = 25 g/min
[2023-03-07 17:20:01,919][simglucose.controller.basal_bolus_ctrller][INFO] - glucose = 127.53390808105469
[2023-03-07 17:20:01,967][simglucose.patient.t1dpatient][INFO] - t = 3027.0, Patient finishes eating!
[2023-03-07 17:20:03,141][simglucose.simulation.scenario_gen][INFO] - Time for meal!
[2023-03-07 17:20:03,142][simglucose.patient.t1dpatient][INFO] - t = 3310.0, patient starts eating ...
[2023-03-07 17:20:03,157][simglucose.controller.basal_bolus_ctrller][INFO] - Calculating bolus ...
[2023-03-07 17:20:03,158][simglucose.controller.basal_bolus_ctrller][INFO] - Meal = 94 g/min
[2023-03-07 17:20:03,158][simglucose.controller.basal_bolus_ctrller][INFO] - glucose = 71.16373596191406
[2023-03-07 17:20:03,263][simglucose.patient.t1dpatient][INFO] - t = 3329.0, Patient finishes eating!
[2023-03-07 17:20:05,820][simglucose.simulation.scenario_gen][INFO] - Creating new one day scenario ...
[2023-03-07 17:20:06,003][simglucose.actuator.pump][INFO] - Resetting insulin pump ...
[2023-03-07 17:20:06,506][simglucose.simulation.scenario_gen][INFO] - Time for meal!
[2023-03-07 17:20:06,506][simglucose.patient.t1dpatient][INFO] - t = 125.0, patient starts eating ...
[2023-03-07 17:20:06,550][simglucose.controller.basal_bolus_ctrller][INFO] - Calculating bolus ...
[2023-03-07 17:20:06,550][simglucose.controller.basal_bolus_ctrller][INFO] - Meal = 64 g/min
[2023-03-07 17:20:06,550][simglucose.controller.basal_bolus_ctrller][INFO] - glucose = 161.32382507324218
[2023-03-07 17:20:06,653][simglucose.patient.t1dpatient][INFO] - t = 138.0, Patient finishes eating!
[2023-03-07 17:20:07,799][simglucose.simulation.scenario_gen][INFO] - Creating new one day scenario ...
[2023-03-07 17:20:09,628][simglucose.simulation.scenario_gen][INFO] - Time for meal!
[2023-03-07 17:20:09,629][simglucose.patient.t1dpatient][INFO] - t = 870.0, patient starts eating ...
[2023-03-07 17:20:09,645][simglucose.controller.basal_bolus_ctrller][INFO] - Calculating bolus ...
[2023-03-07 17:20:09,645][simglucose.controller.basal_bolus_ctrller][INFO] - Meal = 29 g/min
[2023-03-07 17:20:09,645][simglucose.controller.basal_bolus_ctrller][INFO] - glucose = 133.14185791015626
[2023-03-07 17:20:09,699][simglucose.patient.t1dpatient][INFO] - t = 876.0, Patient finishes eating!
[2023-03-07 17:20:10,535][simglucose.simulation.scenario_gen][INFO] - Time for meal!
[2023-03-07 17:20:10,535][simglucose.patient.t1dpatient][INFO] - t = 1079.0, patient starts eating ...
[2023-03-07 17:20:10,547][simglucose.controller.basal_bolus_ctrller][INFO] - Calculating bolus ...
[2023-03-07 17:20:10,547][simglucose.controller.basal_bolus_ctrller][INFO] - Meal = 65 g/min
[2023-03-07 17:20:10,547][simglucose.controller.basal_bolus_ctrller][INFO] - glucose = 103.80999145507812
[2023-03-07 17:20:10,628][simglucose.patient.t1dpatient][INFO] - t = 1092.0, Patient finishes eating!
[2023-03-07 17:20:12,283][simglucose.simulation.scenario_gen][INFO] - Time for meal!
[2023-03-07 17:20:12,284][simglucose.patient.t1dpatient][INFO] - t = 1499.0, patient starts eating ...
[2023-03-07 17:20:12,298][simglucose.controller.basal_bolus_ctrller][INFO] - Calculating bolus ...
[2023-03-07 17:20:12,298][simglucose.controller.basal_bolus_ctrller][INFO] - Meal = 67 g/min
[2023-03-07 17:20:12,298][simglucose.controller.basal_bolus_ctrller][INFO] - glucose = 114.5698745727539
[2023-03-07 17:20:12,391][simglucose.patient.t1dpatient][INFO] - t = 1513.0, Patient finishes eating!
[2023-03-07 17:20:13,800][simglucose.simulation.scenario_gen][INFO] - Creating new one day scenario ...
[2023-03-07 17:20:15,418][simglucose.simulation.scenario_gen][INFO] - Time for meal!
[2023-03-07 17:20:15,418][simglucose.patient.t1dpatient][INFO] - t = 2258.0, patient starts eating ...
[2023-03-07 17:20:15,436][simglucose.controller.basal_bolus_ctrller][INFO] - Calculating bolus ...
[2023-03-07 17:20:15,436][simglucose.controller.basal_bolus_ctrller][INFO] - Meal = 58 g/min
[2023-03-07 17:20:15,437][simglucose.controller.basal_bolus_ctrller][INFO] - glucose = 138.2475158691406
[2023-03-07 17:20:15,529][simglucose.patient.t1dpatient][INFO] - t = 2270.0, Patient finishes eating!
[2023-03-07 17:20:17,235][simglucose.simulation.scenario_gen][INFO] - Time for meal!
[2023-03-07 17:20:17,235][simglucose.patient.t1dpatient][INFO] - t = 2690.0, patient starts eating ...
[2023-03-07 17:20:17,254][simglucose.controller.basal_bolus_ctrller][INFO] - Calculating bolus ...
[2023-03-07 17:20:17,254][simglucose.controller.basal_bolus_ctrller][INFO] - Meal = 83 g/min
[2023-03-07 17:20:17,254][simglucose.controller.basal_bolus_ctrller][INFO] - glucose = 126.00548400878907
[2023-03-07 17:20:17,356][simglucose.patient.t1dpatient][INFO] - t = 2707.0, Patient finishes eating!
[2023-03-07 17:20:18,137][simglucose.simulation.scenario_gen][INFO] - Time for meal!
[2023-03-07 17:20:18,137][simglucose.patient.t1dpatient][INFO] - t = 2899.0, patient starts eating ...
[2023-03-07 17:20:18,141][simglucose.controller.basal_bolus_ctrller][INFO] - Calculating bolus ...
[2023-03-07 17:20:18,141][simglucose.controller.basal_bolus_ctrller][INFO] - Meal = 68 g/min
[2023-03-07 17:20:18,141][simglucose.controller.basal_bolus_ctrller][INFO] - glucose = 132.0299865722656
[2023-03-07 17:20:18,214][simglucose.patient.t1dpatient][INFO] - t = 2913.0, Patient finishes eating!
[2023-03-07 17:20:19,788][simglucose.simulation.scenario_gen][INFO] - Creating new one day scenario ...
[2023-03-07 17:20:21,631][simglucose.simulation.scenario_gen][INFO] - Time for meal!
[2023-03-07 17:20:21,631][simglucose.patient.t1dpatient][INFO] - t = 3747.0, patient starts eating ...
[2023-03-07 17:20:21,651][simglucose.controller.basal_bolus_ctrller][INFO] - Calculating bolus ...
[2023-03-07 17:20:21,651][simglucose.controller.basal_bolus_ctrller][INFO] - Meal = 60 g/min
[2023-03-07 17:20:21,652][simglucose.controller.basal_bolus_ctrller][INFO] - glucose = 119.02158813476562
[2023-03-07 17:20:21,749][simglucose.patient.t1dpatient][INFO] - t = 3759.0, Patient finishes eating!
[2023-03-07 17:20:22,755][simglucose.actuator.pump][INFO] - Resetting insulin pump ...
[2023-03-07 17:20:22,781][simglucose.simulation.scenario_gen][INFO] - Creating new one day scenario ...
[2023-03-07 17:20:29,364][simglucose.simulation.scenario_gen][INFO] - Time for meal!
[2023-03-07 17:20:29,364][simglucose.patient.t1dpatient][INFO] - t = 378.0, patient starts eating ...
[2023-03-07 17:20:29,421][simglucose.controller.basal_bolus_ctrller][INFO] - Calculating bolus ...
[2023-03-07 17:20:29,421][simglucose.controller.basal_bolus_ctrller][INFO] - Meal = 38 g/min
[2023-03-07 17:20:29,421][simglucose.controller.basal_bolus_ctrller][INFO] - glucose = 151.69302673339843
[2023-03-07 17:20:29,591][simglucose.patient.t1dpatient][INFO] - t = 386.0, Patient finishes eating!
[2023-03-07 17:20:34,981][simglucose.simulation.scenario_gen][INFO] - Time for meal!
[2023-03-07 17:20:34,981][simglucose.patient.t1dpatient][INFO] - t = 691.0, patient starts eating ...
[2023-03-07 17:20:35,009][simglucose.controller.basal_bolus_ctrller][INFO] - Calculating bolus ...
[2023-03-07 17:20:35,009][simglucose.controller.basal_bolus_ctrller][INFO] - Meal = 64 g/min
[2023-03-07 17:20:35,009][simglucose.controller.basal_bolus_ctrller][INFO] - glucose = 117.85980834960938
[2023-03-07 17:20:35,253][simglucose.patient.t1dpatient][INFO] - t = 704.0, Patient finishes eating!
[2023-03-07 17:20:42,091][simglucose.simulation.scenario_gen][INFO] - Time for meal!
[2023-03-07 17:20:42,091][simglucose.patient.t1dpatient][INFO] - t = 1091.0, patient starts eating ...
[2023-03-07 17:20:42,119][simglucose.controller.basal_bolus_ctrller][INFO] - Calculating bolus ...
[2023-03-07 17:20:42,119][simglucose.controller.basal_bolus_ctrller][INFO] - Meal = 67 g/min
[2023-03-07 17:20:42,119][simglucose.controller.basal_bolus_ctrller][INFO] - glucose = 109.87968292236329
[2023-03-07 17:20:42,387][simglucose.patient.t1dpatient][INFO] - t = 1105.0, Patient finishes eating!
[2023-03-07 17:20:44,702][simglucose.simulation.scenario_gen][INFO] - Time for meal!
[2023-03-07 17:20:44,702][simglucose.patient.t1dpatient][INFO] - t = 1235.0, patient starts eating ...
[2023-03-07 17:20:44,720][simglucose.controller.basal_bolus_ctrller][INFO] - Calculating bolus ...
[2023-03-07 17:20:44,720][simglucose.controller.basal_bolus_ctrller][INFO] - Meal = 11 g/min
[2023-03-07 17:20:44,720][simglucose.controller.basal_bolus_ctrller][INFO] - glucose = 109.60719604492188
[2023-03-07 17:20:44,759][simglucose.patient.t1dpatient][INFO] - t = 1238.0, Patient finishes eating!
[2023-03-07 17:20:48,338][simglucose.simulation.scenario_gen][INFO] - Creating new one day scenario ...
[2023-03-07 17:20:54,424][simglucose.simulation.scenario_gen][INFO] - Time for meal!
[2023-03-07 17:20:54,424][simglucose.patient.t1dpatient][INFO] - t = 1783.0, patient starts eating ...
[2023-03-07 17:20:54,458][simglucose.controller.basal_bolus_ctrller][INFO] - Calculating bolus ...
[2023-03-07 17:20:54,458][simglucose.controller.basal_bolus_ctrller][INFO] - Meal = 45 g/min
[2023-03-07 17:20:54,458][simglucose.controller.basal_bolus_ctrller][INFO] - glucose = 131.64508056640625
[2023-03-07 17:20:54,637][simglucose.patient.t1dpatient][INFO] - t = 1792.0, Patient finishes eating!
[2023-03-07 17:21:01,675][simglucose.simulation.scenario_gen][INFO] - Time for meal!
[2023-03-07 17:21:01,676][simglucose.patient.t1dpatient][INFO] - t = 2190.0, patient starts eating ...
[2023-03-07 17:21:01,705][simglucose.controller.basal_bolus_ctrller][INFO] - Calculating bolus ...
[2023-03-07 17:21:01,705][simglucose.controller.basal_bolus_ctrller][INFO] - Meal = 64 g/min
[2023-03-07 17:21:01,705][simglucose.controller.basal_bolus_ctrller][INFO] - glucose = 128.13236389160156
[2023-03-07 17:21:01,954][simglucose.patient.t1dpatient][INFO] - t = 2203.0, Patient finishes eating!
[2023-03-07 17:21:07,720][simglucose.simulation.scenario_gen][INFO] - Time for meal!
[2023-03-07 17:21:07,720][simglucose.patient.t1dpatient][INFO] - t = 2529.0, patient starts eating ...
[2023-03-07 17:21:07,744][simglucose.controller.basal_bolus_ctrller][INFO] - Calculating bolus ...
[2023-03-07 17:21:07,744][simglucose.controller.basal_bolus_ctrller][INFO] - Meal = 80 g/min
[2023-03-07 17:21:07,744][simglucose.controller.basal_bolus_ctrller][INFO] - glucose = 122.93891754150391
[2023-03-07 17:21:08,041][simglucose.patient.t1dpatient][INFO] - t = 2545.0, Patient finishes eating!
[2023-03-07 17:21:11,084][simglucose.simulation.scenario_gen][INFO] - Time for meal!
[2023-03-07 17:21:11,084][simglucose.patient.t1dpatient][INFO] - t = 2717.0, patient starts eating ...
[2023-03-07 17:21:11,101][simglucose.controller.basal_bolus_ctrller][INFO] - Calculating bolus ...
[2023-03-07 17:21:11,102][simglucose.controller.basal_bolus_ctrller][INFO] - Meal = 12 g/min
[2023-03-07 17:21:11,102][simglucose.controller.basal_bolus_ctrller][INFO] - glucose = 101.42904052734374
[2023-03-07 17:21:11,141][simglucose.patient.t1dpatient][INFO] - t = 2720.0, Patient finishes eating!
[2023-03-07 17:21:13,978][simglucose.simulation.scenario_gen][INFO] - Creating new one day scenario ...
[2023-03-07 17:21:21,461][simglucose.simulation.scenario_gen][INFO] - Time for meal!
[2023-03-07 17:21:21,461][simglucose.patient.t1dpatient][INFO] - t = 3303.0, patient starts eating ...
[2023-03-07 17:21:21,494][simglucose.controller.basal_bolus_ctrller][INFO] - Calculating bolus ...
[2023-03-07 17:21:21,494][simglucose.controller.basal_bolus_ctrller][INFO] - Meal = 40 g/min
[2023-03-07 17:21:21,494][simglucose.controller.basal_bolus_ctrller][INFO] - glucose = 163.9471405029297
[2023-03-07 17:21:21,657][simglucose.patient.t1dpatient][INFO] - t = 3311.0, Patient finishes eating!
[2023-03-07 17:21:27,158][simglucose.simulation.scenario_gen][INFO] - Time for meal!
[2023-03-07 17:21:27,158][simglucose.patient.t1dpatient][INFO] - t = 3622.0, patient starts eating ...
[2023-03-07 17:21:27,185][simglucose.controller.basal_bolus_ctrller][INFO] - Calculating bolus ...
[2023-03-07 17:21:27,186][simglucose.controller.basal_bolus_ctrller][INFO] - Meal = 66 g/min
[2023-03-07 17:21:27,186][simglucose.controller.basal_bolus_ctrller][INFO] - glucose = 122.41161804199218
[2023-03-07 17:21:27,448][simglucose.patient.t1dpatient][INFO] - t = 3636.0, Patient finishes eating!
[2023-03-07 17:21:29,218][simglucose.simulation.scenario_gen][INFO] - Time for meal!
[2023-03-07 17:21:29,218][simglucose.patient.t1dpatient][INFO] - t = 3736.0, patient starts eating ...
[2023-03-07 17:21:29,236][simglucose.controller.basal_bolus_ctrller][INFO] - Calculating bolus ...
[2023-03-07 17:21:29,236][simglucose.controller.basal_bolus_ctrller][INFO] - Meal = 5 g/min
[2023-03-07 17:21:29,236][simglucose.controller.basal_bolus_ctrller][INFO] - glucose = 158.22771606445312
[2023-03-07 17:21:29,237][simglucose.patient.t1dpatient][INFO] - t = 3737.0, Patient finishes eating!
[2023-03-07 17:21:33,520][simglucose.simulation.scenario_gen][INFO] - Time for meal!
[2023-03-07 17:21:33,520][simglucose.patient.t1dpatient][INFO] - t = 3978.0, patient starts eating ...
[2023-03-07 17:21:33,550][simglucose.controller.basal_bolus_ctrller][INFO] - Calculating bolus ...
[2023-03-07 17:21:33,550][simglucose.controller.basal_bolus_ctrller][INFO] - Meal = 83 g/min
[2023-03-07 17:21:33,550][simglucose.controller.basal_bolus_ctrller][INFO] - glucose = 86.32881774902344
[2023-03-07 17:21:33,865][simglucose.patient.t1dpatient][INFO] - t = 3995.0, Patient finishes eating!
[2023-03-07 17:21:33,975][simglucose.actuator.pump][INFO] - Resetting insulin pump ...
[2023-03-07 17:21:38,224][simglucose.simulation.scenario_gen][INFO] - Creating new one day scenario ...
[2023-03-07 17:21:46,428][simglucose.simulation.scenario_gen][INFO] - Time for meal!
[2023-03-07 17:21:46,428][simglucose.patient.t1dpatient][INFO] - t = 708.0, patient starts eating ...
[2023-03-07 17:21:46,485][simglucose.controller.basal_bolus_ctrller][INFO] - Calculating bolus ...
[2023-03-07 17:21:46,485][simglucose.controller.basal_bolus_ctrller][INFO] - Meal = 21 g/min
[2023-03-07 17:21:46,485][simglucose.controller.basal_bolus_ctrller][INFO] - glucose = 153.82200927734374
[2023-03-07 17:21:46,589][simglucose.patient.t1dpatient][INFO] - t = 713.0, Patient finishes eating!
[2023-03-07 17:21:47,969][simglucose.simulation.scenario_gen][INFO] - Time for meal!
[2023-03-07 17:21:47,969][simglucose.patient.t1dpatient][INFO] - t = 790.0, patient starts eating ...
[2023-03-07 17:21:47,991][simglucose.controller.basal_bolus_ctrller][INFO] - Calculating bolus ...
[2023-03-07 17:21:47,991][simglucose.controller.basal_bolus_ctrller][INFO] - Meal = 16 g/min
[2023-03-07 17:21:47,991][simglucose.controller.basal_bolus_ctrller][INFO] - glucose = 149.90524291992188
[2023-03-07 17:21:48,055][simglucose.patient.t1dpatient][INFO] - t = 794.0, Patient finishes eating!
[2023-03-07 17:21:52,263][simglucose.simulation.scenario_gen][INFO] - Time for meal!
[2023-03-07 17:21:52,264][simglucose.patient.t1dpatient][INFO] - t = 1030.0, patient starts eating ...
[2023-03-07 17:21:52,293][simglucose.controller.basal_bolus_ctrller][INFO] - Calculating bolus ...
[2023-03-07 17:21:52,293][simglucose.controller.basal_bolus_ctrller][INFO] - Meal = 81 g/min
[2023-03-07 17:21:52,293][simglucose.controller.basal_bolus_ctrller][INFO] - glucose = 117.72725677490234
[2023-03-07 17:21:52,610][simglucose.patient.t1dpatient][INFO] - t = 1047.0, Patient finishes eating!
[2023-03-07 17:21:54,354][simglucose.simulation.scenario_gen][INFO] - Time for meal!
[2023-03-07 17:21:54,355][simglucose.patient.t1dpatient][INFO] - t = 1145.0, patient starts eating ...
[2023-03-07 17:21:54,372][simglucose.controller.basal_bolus_ctrller][INFO] - Calculating bolus ...
[2023-03-07 17:21:54,372][simglucose.controller.basal_bolus_ctrller][INFO] - Meal = 6 g/min
[2023-03-07 17:21:54,372][simglucose.controller.basal_bolus_ctrller][INFO] - glucose = 131.25331115722656
[2023-03-07 17:21:54,391][simglucose.patient.t1dpatient][INFO] - t = 1147.0, Patient finishes eating!
[2023-03-07 17:21:57,866][simglucose.simulation.scenario_gen][INFO] - Time for meal!
[2023-03-07 17:21:57,867][simglucose.patient.t1dpatient][INFO] - t = 1342.0, patient starts eating ...
[2023-03-07 17:21:57,892][simglucose.controller.basal_bolus_ctrller][INFO] - Calculating bolus ...
[2023-03-07 17:21:57,892][simglucose.controller.basal_bolus_ctrller][INFO] - Meal = 67 g/min
[2023-03-07 17:21:57,892][simglucose.controller.basal_bolus_ctrller][INFO] - glucose = 90.91732940673828
[2023-03-07 17:21:58,151][simglucose.patient.t1dpatient][INFO] - t = 1356.0, Patient finishes eating!
[2023-03-07 17:22:03,956][simglucose.simulation.scenario_gen][INFO] - Creating new one day scenario ...
[2023-03-07 17:22:12,318][simglucose.simulation.scenario_gen][INFO] - Time for meal!
[2023-03-07 17:22:12,318][simglucose.patient.t1dpatient][INFO] - t = 2149.0, patient starts eating ...
[2023-03-07 17:22:12,352][simglucose.controller.basal_bolus_ctrller][INFO] - Calculating bolus ...
[2023-03-07 17:22:12,352][simglucose.controller.basal_bolus_ctrller][INFO] - Meal = 48 g/min
[2023-03-07 17:22:12,352][simglucose.controller.basal_bolus_ctrller][INFO] - glucose = 119.93256378173828
[2023-03-07 17:22:12,562][simglucose.patient.t1dpatient][INFO] - t = 2159.0, Patient finishes eating!
[2023-03-07 17:22:17,334][simglucose.simulation.scenario_gen][INFO] - Time for meal!
[2023-03-07 17:22:17,334][simglucose.patient.t1dpatient][INFO] - t = 2427.0, patient starts eating ...
[2023-03-07 17:22:17,360][simglucose.controller.basal_bolus_ctrller][INFO] - Calculating bolus ...
[2023-03-07 17:22:17,360][simglucose.controller.basal_bolus_ctrller][INFO] - Meal = 55 g/min
[2023-03-07 17:22:17,360][simglucose.controller.basal_bolus_ctrller][INFO] - glucose = 121.06145782470703
[2023-03-07 17:22:17,568][simglucose.patient.t1dpatient][INFO] - t = 2438.0, Patient finishes eating!
[2023-03-07 17:22:23,895][simglucose.simulation.scenario_gen][INFO] - Time for meal!
[2023-03-07 17:22:23,895][simglucose.patient.t1dpatient][INFO] - t = 2793.0, patient starts eating ...
[2023-03-07 17:22:23,919][simglucose.controller.basal_bolus_ctrller][INFO] - Calculating bolus ...
[2023-03-07 17:22:23,919][simglucose.controller.basal_bolus_ctrller][INFO] - Meal = 78 g/min
[2023-03-07 17:22:23,919][simglucose.controller.basal_bolus_ctrller][INFO] - glucose = 122.15968780517578
[2023-03-07 17:22:24,221][simglucose.patient.t1dpatient][INFO] - t = 2809.0, Patient finishes eating!
[2023-03-07 17:22:26,501][simglucose.simulation.scenario_gen][INFO] - Time for meal!
[2023-03-07 17:22:26,501][simglucose.patient.t1dpatient][INFO] - t = 2937.0, patient starts eating ...
[2023-03-07 17:22:26,519][simglucose.controller.basal_bolus_ctrller][INFO] - Calculating bolus ...
[2023-03-07 17:22:26,519][simglucose.controller.basal_bolus_ctrller][INFO] - Meal = 19 g/min
[2023-03-07 17:22:26,519][simglucose.controller.basal_bolus_ctrller][INFO] - glucose = 103.84434967041015
[2023-03-07 17:22:26,578][simglucose.patient.t1dpatient][INFO] - t = 2941.0, Patient finishes eating!
[2023-03-07 17:22:29,774][simglucose.simulation.scenario_gen][INFO] - Creating new one day scenario ...
[2023-03-07 17:22:38,234][simglucose.simulation.scenario_gen][INFO] - Time for meal!
[2023-03-07 17:22:38,235][simglucose.patient.t1dpatient][INFO] - t = 3594.0, patient starts eating ...
[2023-03-07 17:22:38,265][simglucose.controller.basal_bolus_ctrller][INFO] - Calculating bolus ...
[2023-03-07 17:22:38,265][simglucose.controller.basal_bolus_ctrller][INFO] - Meal = 67 g/min
[2023-03-07 17:22:38,265][simglucose.controller.basal_bolus_ctrller][INFO] - glucose = 125.4188232421875
[2023-03-07 17:22:38,549][simglucose.patient.t1dpatient][INFO] - t = 3608.0, Patient finishes eating!
[2023-03-07 17:22:42,012][simglucose.simulation.scenario_gen][INFO] - Time for meal!
[2023-03-07 17:22:42,012][simglucose.patient.t1dpatient][INFO] - t = 3802.0, patient starts eating ...
[2023-03-07 17:22:42,040][simglucose.controller.basal_bolus_ctrller][INFO] - Calculating bolus ...
[2023-03-07 17:22:42,040][simglucose.controller.basal_bolus_ctrller][INFO] - Meal = 61 g/min
[2023-03-07 17:22:42,040][simglucose.controller.basal_bolus_ctrller][INFO] - glucose = 100.88792266845704
[2023-03-07 17:22:42,277][simglucose.patient.t1dpatient][INFO] - t = 3815.0, Patient finishes eating!
[2023-03-07 17:22:45,597][simglucose.actuator.pump][INFO] - Resetting insulin pump ...
[2023-03-07 17:22:48,996][simglucose.simulation.scenario_gen][INFO] - Time for meal!
[2023-03-07 17:22:48,996][simglucose.patient.t1dpatient][INFO] - t = 190.0, patient starts eating ...
[2023-03-07 17:22:49,054][simglucose.controller.basal_bolus_ctrller][INFO] - Calculating bolus ...
[2023-03-07 17:22:49,054][simglucose.controller.basal_bolus_ctrller][INFO] - Meal = 69 g/min
[2023-03-07 17:22:49,054][simglucose.controller.basal_bolus_ctrller][INFO] - glucose = 142.62717895507814
[2023-03-07 17:22:49,344][simglucose.patient.t1dpatient][INFO] - t = 204.0, Patient finishes eating!
[2023-03-07 17:22:52,070][simglucose.simulation.scenario_gen][INFO] - Time for meal!
[2023-03-07 17:22:52,071][simglucose.patient.t1dpatient][INFO] - t = 356.0, patient starts eating ...
[2023-03-07 17:22:52,089][simglucose.controller.basal_bolus_ctrller][INFO] - Calculating bolus ...
[2023-03-07 17:22:52,089][simglucose.controller.basal_bolus_ctrller][INFO] - Meal = 10 g/min
[2023-03-07 17:22:52,089][simglucose.controller.basal_bolus_ctrller][INFO] - glucose = 127.27480926513672
[2023-03-07 17:22:52,109][simglucose.patient.t1dpatient][INFO] - t = 358.0, Patient finishes eating!
[2023-03-07 17:22:55,312][simglucose.simulation.scenario_gen][INFO] - Time for meal!
[2023-03-07 17:22:55,312][simglucose.patient.t1dpatient][INFO] - t = 536.0, patient starts eating ...
[2023-03-07 17:22:55,338][simglucose.controller.basal_bolus_ctrller][INFO] - Calculating bolus ...
[2023-03-07 17:22:55,338][simglucose.controller.basal_bolus_ctrller][INFO] - Meal = 88 g/min
[2023-03-07 17:22:55,338][simglucose.controller.basal_bolus_ctrller][INFO] - glucose = 125.08817596435547
[2023-03-07 17:22:55,673][simglucose.patient.t1dpatient][INFO] - t = 554.0, Patient finishes eating!
[2023-03-07 17:23:01,886][simglucose.simulation.scenario_gen][INFO] - Creating new one day scenario ...
[2023-03-07 17:23:08,614][simglucose.simulation.scenario_gen][INFO] - Time for meal!
[2023-03-07 17:23:08,614][simglucose.patient.t1dpatient][INFO] - t = 1275.0, patient starts eating ...
[2023-03-07 17:23:08,644][simglucose.controller.basal_bolus_ctrller][INFO] - Calculating bolus ...
[2023-03-07 17:23:08,644][simglucose.controller.basal_bolus_ctrller][INFO] - Meal = 41 g/min
[2023-03-07 17:23:08,644][simglucose.controller.basal_bolus_ctrller][INFO] - glucose = 134.73900451660157
[2023-03-07 17:23:08,830][simglucose.patient.t1dpatient][INFO] - t = 1284.0, Patient finishes eating!
[2023-03-07 17:23:16,141][simglucose.simulation.scenario_gen][INFO] - Time for meal!
[2023-03-07 17:23:16,141][simglucose.patient.t1dpatient][INFO] - t = 1691.0, patient starts eating ...
[2023-03-07 17:23:16,171][simglucose.controller.basal_bolus_ctrller][INFO] - Calculating bolus ...
[2023-03-07 17:23:16,171][simglucose.controller.basal_bolus_ctrller][INFO] - Meal = 73 g/min
[2023-03-07 17:23:16,171][simglucose.controller.basal_bolus_ctrller][INFO] - glucose = 108.21874694824218
[2023-03-07 17:23:16,459][simglucose.patient.t1dpatient][INFO] - t = 1706.0, Patient finishes eating!
[2023-03-07 17:23:21,998][simglucose.simulation.scenario_gen][INFO] - Time for meal!
[2023-03-07 17:23:21,999][simglucose.patient.t1dpatient][INFO] - t = 2014.0, patient starts eating ...
[2023-03-07 17:23:22,030][simglucose.controller.basal_bolus_ctrller][INFO] - Calculating bolus ...
[2023-03-07 17:23:22,030][simglucose.controller.basal_bolus_ctrller][INFO] - Meal = 86 g/min
[2023-03-07 17:23:22,030][simglucose.controller.basal_bolus_ctrller][INFO] - glucose = 128.82913970947266
[2023-03-07 17:23:22,369][simglucose.patient.t1dpatient][INFO] - t = 2032.0, Patient finishes eating!
[2023-03-07 17:23:27,896][simglucose.simulation.scenario_gen][INFO] - Creating new one day scenario ...
[2023-03-07 17:23:36,538][simglucose.simulation.scenario_gen][INFO] - Time for meal!
[2023-03-07 17:23:36,538][simglucose.patient.t1dpatient][INFO] - t = 2821.0, patient starts eating ...
[2023-03-07 17:23:36,572][simglucose.controller.basal_bolus_ctrller][INFO] - Calculating bolus ...
[2023-03-07 17:23:36,572][simglucose.controller.basal_bolus_ctrller][INFO] - Meal = 42 g/min
[2023-03-07 17:23:36,572][simglucose.controller.basal_bolus_ctrller][INFO] - glucose = 139.533251953125
[2023-03-07 17:23:36,760][simglucose.patient.t1dpatient][INFO] - t = 2830.0, Patient finishes eating!
[2023-03-07 17:23:46,708][simglucose.simulation.scenario_gen][INFO] - Time for meal!
[2023-03-07 17:23:46,708][simglucose.patient.t1dpatient][INFO] - t = 3383.0, patient starts eating ...
[2023-03-07 17:23:46,740][simglucose.controller.basal_bolus_ctrller][INFO] - Calculating bolus ...
[2023-03-07 17:23:46,740][simglucose.controller.basal_bolus_ctrller][INFO] - Meal = 83 g/min
[2023-03-07 17:23:46,740][simglucose.controller.basal_bolus_ctrller][INFO] - glucose = 112.96079864501954
[2023-03-07 17:23:47,075][simglucose.patient.t1dpatient][INFO] - t = 3400.0, Patient finishes eating!
[2023-03-07 17:23:53,906][simglucose.simulation.scenario_gen][INFO] - Creating new one day scenario ...
[2023-03-07 17:23:57,890][simglucose.actuator.pump][INFO] - Resetting insulin pump ...
[2023-03-07 17:23:59,059][simglucose.simulation.scenario_gen][INFO] - Time for meal!
[2023-03-07 17:23:59,059][simglucose.patient.t1dpatient][INFO] - t = 63.0, patient starts eating ...
[2023-03-07 17:23:59,116][simglucose.controller.basal_bolus_ctrller][INFO] - Calculating bolus ...
[2023-03-07 17:23:59,116][simglucose.controller.basal_bolus_ctrller][INFO] - Meal = 14 g/min
[2023-03-07 17:23:59,116][simglucose.controller.basal_bolus_ctrller][INFO] - glucose = 163.22557983398437
[2023-03-07 17:23:59,175][simglucose.patient.t1dpatient][INFO] - t = 66.0, Patient finishes eating!
[2023-03-07 17:24:03,609][simglucose.simulation.scenario_gen][INFO] - Time for meal!
[2023-03-07 17:24:03,609][simglucose.patient.t1dpatient][INFO] - t = 309.0, patient starts eating ...
[2023-03-07 17:24:03,639][simglucose.controller.basal_bolus_ctrller][INFO] - Calculating bolus ...
[2023-03-07 17:24:03,639][simglucose.controller.basal_bolus_ctrller][INFO] - Meal = 82 g/min
[2023-03-07 17:24:03,640][simglucose.controller.basal_bolus_ctrller][INFO] - glucose = 105.69803009033203
[2023-03-07 17:24:03,965][simglucose.patient.t1dpatient][INFO] - t = 326.0, Patient finishes eating!
[2023-03-07 17:24:08,924][simglucose.simulation.scenario_gen][INFO] - Creating new one day scenario ...
[2023-03-07 17:24:16,040][simglucose.simulation.scenario_gen][INFO] - Time for meal!
[2023-03-07 17:24:16,040][simglucose.patient.t1dpatient][INFO] - t = 993.0, patient starts eating ...
[2023-03-07 17:24:16,075][simglucose.controller.basal_bolus_ctrller][INFO] - Calculating bolus ...
[2023-03-07 17:24:16,075][simglucose.controller.basal_bolus_ctrller][INFO] - Meal = 51 g/min
[2023-03-07 17:24:16,075][simglucose.controller.basal_bolus_ctrller][INFO] - glucose = 142.83017272949218
[2023-03-07 17:24:16,300][simglucose.patient.t1dpatient][INFO] - t = 1004.0, Patient finishes eating!
[2023-03-07 17:24:22,734][simglucose.simulation.scenario_gen][INFO] - Time for meal!
[2023-03-07 17:24:22,734][simglucose.patient.t1dpatient][INFO] - t = 1359.0, patient starts eating ...
[2023-03-07 17:24:22,764][simglucose.controller.basal_bolus_ctrller][INFO] - Calculating bolus ...
[2023-03-07 17:24:22,764][simglucose.controller.basal_bolus_ctrller][INFO] - Meal = 64 g/min
[2023-03-07 17:24:22,764][simglucose.controller.basal_bolus_ctrller][INFO] - glucose = 106.18912811279297
[2023-03-07 17:24:23,022][simglucose.patient.t1dpatient][INFO] - t = 1372.0, Patient finishes eating!
[2023-03-07 17:24:28,704][simglucose.simulation.scenario_gen][INFO] - Time for meal!
[2023-03-07 17:24:28,704][simglucose.patient.t1dpatient][INFO] - t = 1685.0, patient starts eating ...
[2023-03-07 17:24:28,734][simglucose.controller.basal_bolus_ctrller][INFO] - Calculating bolus ...
[2023-03-07 17:24:28,734][simglucose.controller.basal_bolus_ctrller][INFO] - Meal = 112 g/min
[2023-03-07 17:24:28,734][simglucose.controller.basal_bolus_ctrller][INFO] - glucose = 95.88402099609375
[2023-03-07 17:24:29,168][simglucose.patient.t1dpatient][INFO] - t = 1708.0, Patient finishes eating!
[2023-03-07 17:24:32,009][simglucose.simulation.scenario_gen][INFO] - Time for meal!
[2023-03-07 17:24:32,009][simglucose.patient.t1dpatient][INFO] - t = 1865.0, patient starts eating ...
[2023-03-07 17:24:32,027][simglucose.controller.basal_bolus_ctrller][INFO] - Calculating bolus ...
[2023-03-07 17:24:32,027][simglucose.controller.basal_bolus_ctrller][INFO] - Meal = 17 g/min
[2023-03-07 17:24:32,027][simglucose.controller.basal_bolus_ctrller][INFO] - glucose = 120.56873626708985
[2023-03-07 17:24:32,090][simglucose.patient.t1dpatient][INFO] - t = 1869.0, Patient finishes eating!
[2023-03-07 17:24:35,189][simglucose.simulation.scenario_gen][INFO] - Creating new one day scenario ...
[2023-03-07 17:24:42,255][simglucose.simulation.scenario_gen][INFO] - Time for meal!
[2023-03-07 17:24:42,255][simglucose.patient.t1dpatient][INFO] - t = 2431.0, patient starts eating ...
[2023-03-07 17:24:42,288][simglucose.controller.basal_bolus_ctrller][INFO] - Calculating bolus ...
[2023-03-07 17:24:42,288][simglucose.controller.basal_bolus_ctrller][INFO] - Meal = 27 g/min
[2023-03-07 17:24:42,288][simglucose.controller.basal_bolus_ctrller][INFO] - glucose = 127.77205810546874
[2023-03-07 17:24:42,402][simglucose.patient.t1dpatient][INFO] - t = 2437.0, Patient finishes eating!
[2023-03-07 17:24:44,967][simglucose.simulation.scenario_gen][INFO] - Time for meal!
[2023-03-07 17:24:44,967][simglucose.patient.t1dpatient][INFO] - t = 2584.0, patient starts eating ...
[2023-03-07 17:24:44,994][simglucose.controller.basal_bolus_ctrller][INFO] - Calculating bolus ...
[2023-03-07 17:24:44,994][simglucose.controller.basal_bolus_ctrller][INFO] - Meal = 12 g/min
[2023-03-07 17:24:44,994][simglucose.controller.basal_bolus_ctrller][INFO] - glucose = 127.93531341552735
[2023-03-07 17:24:45,037][simglucose.patient.t1dpatient][INFO] - t = 2587.0, Patient finishes eating!
[2023-03-07 17:24:48,472][simglucose.simulation.scenario_gen][INFO] - Time for meal!
[2023-03-07 17:24:48,472][simglucose.patient.t1dpatient][INFO] - t = 2784.0, patient starts eating ...
[2023-03-07 17:24:48,490][simglucose.controller.basal_bolus_ctrller][INFO] - Calculating bolus ...
[2023-03-07 17:24:48,490][simglucose.controller.basal_bolus_ctrller][INFO] - Meal = 72 g/min
[2023-03-07 17:24:48,490][simglucose.controller.basal_bolus_ctrller][INFO] - glucose = 122.87286834716797
[2023-03-07 17:24:48,764][simglucose.patient.t1dpatient][INFO] - t = 2799.0, Patient finishes eating!
[2023-03-07 17:24:51,251][simglucose.simulation.scenario_gen][INFO] - Time for meal!
[2023-03-07 17:24:51,251][simglucose.patient.t1dpatient][INFO] - t = 2942.0, patient starts eating ...
[2023-03-07 17:24:51,268][simglucose.controller.basal_bolus_ctrller][INFO] - Calculating bolus ...
[2023-03-07 17:24:51,268][simglucose.controller.basal_bolus_ctrller][INFO] - Meal = 12 g/min
[2023-03-07 17:24:51,268][simglucose.controller.basal_bolus_ctrller][INFO] - glucose = 119.93694763183593
[2023-03-07 17:24:51,307][simglucose.patient.t1dpatient][INFO] - t = 2945.0, Patient finishes eating!
[2023-03-07 17:24:56,407][simglucose.simulation.scenario_gen][INFO] - Time for meal!
[2023-03-07 17:24:56,408][simglucose.patient.t1dpatient][INFO] - t = 3238.0, patient starts eating ...
[2023-03-07 17:24:56,434][simglucose.controller.basal_bolus_ctrller][INFO] - Calculating bolus ...
[2023-03-07 17:24:56,434][simglucose.controller.basal_bolus_ctrller][INFO] - Meal = 78 g/min
[2023-03-07 17:24:56,435][simglucose.controller.basal_bolus_ctrller][INFO] - glucose = 89.46839904785156
[2023-03-07 17:24:56,727][simglucose.patient.t1dpatient][INFO] - t = 3254.0, Patient finishes eating!
[2023-03-07 17:24:59,056][simglucose.simulation.scenario_gen][INFO] - Time for meal!
[2023-03-07 17:24:59,056][simglucose.patient.t1dpatient][INFO] - t = 3388.0, patient starts eating ...
[2023-03-07 17:24:59,074][simglucose.controller.basal_bolus_ctrller][INFO] - Calculating bolus ...
[2023-03-07 17:24:59,074][simglucose.controller.basal_bolus_ctrller][INFO] - Meal = 9 g/min
[2023-03-07 17:24:59,074][simglucose.controller.basal_bolus_ctrller][INFO] - glucose = 120.09255981445312
[2023-03-07 17:24:59,094][simglucose.patient.t1dpatient][INFO] - t = 3390.0, Patient finishes eating!
[2023-03-07 17:25:00,668][simglucose.simulation.scenario_gen][INFO] - Creating new one day scenario ...
[2023-03-07 17:25:06,845][simglucose.simulation.scenario_gen][INFO] - Time for meal!
[2023-03-07 17:25:06,845][simglucose.patient.t1dpatient][INFO] - t = 3835.0, patient starts eating ...
[2023-03-07 17:25:06,875][simglucose.controller.basal_bolus_ctrller][INFO] - Calculating bolus ...
[2023-03-07 17:25:06,875][simglucose.controller.basal_bolus_ctrller][INFO] - Meal = 55 g/min
[2023-03-07 17:25:06,875][simglucose.controller.basal_bolus_ctrller][INFO] - glucose = 134.20848693847657
[2023-03-07 17:25:07,089][simglucose.patient.t1dpatient][INFO] - t = 3846.0, Patient finishes eating!
[2023-03-07 17:25:09,805][simglucose.actuator.pump][INFO] - Resetting insulin pump ...
[2023-03-07 17:25:11,317][simglucose.simulation.scenario_gen][INFO] - Time for meal!
[2023-03-07 17:25:11,317][simglucose.patient.t1dpatient][INFO] - t = 85.0, patient starts eating ...
[2023-03-07 17:25:11,372][simglucose.controller.basal_bolus_ctrller][INFO] - Calculating bolus ...
[2023-03-07 17:25:11,372][simglucose.controller.basal_bolus_ctrller][INFO] - Meal = 3 g/min
[2023-03-07 17:25:11,372][simglucose.controller.basal_bolus_ctrller][INFO] - glucose = 144.58113708496094
[2023-03-07 17:25:11,372][simglucose.patient.t1dpatient][INFO] - t = 86.0, Patient finishes eating!
[2023-03-07 17:25:12,957][simglucose.simulation.scenario_gen][INFO] - Time for meal!
[2023-03-07 17:25:12,957][simglucose.patient.t1dpatient][INFO] - t = 175.0, patient starts eating ...
[2023-03-07 17:25:12,984][simglucose.controller.basal_bolus_ctrller][INFO] - Calculating bolus ...
[2023-03-07 17:25:12,984][simglucose.controller.basal_bolus_ctrller][INFO] - Meal = 88 g/min
[2023-03-07 17:25:12,984][simglucose.controller.basal_bolus_ctrller][INFO] - glucose = 146.27029724121093
[2023-03-07 17:25:13,320][simglucose.patient.t1dpatient][INFO] - t = 193.0, Patient finishes eating!
[2023-03-07 17:25:19,204][simglucose.simulation.scenario_gen][INFO] - Time for meal!
[2023-03-07 17:25:19,204][simglucose.patient.t1dpatient][INFO] - t = 529.0, patient starts eating ...
[2023-03-07 17:25:19,233][simglucose.controller.basal_bolus_ctrller][INFO] - Calculating bolus ...
[2023-03-07 17:25:19,233][simglucose.controller.basal_bolus_ctrller][INFO] - Meal = 88 g/min
[2023-03-07 17:25:19,233][simglucose.controller.basal_bolus_ctrller][INFO] - glucose = 103.82594604492188
[2023-03-07 17:25:19,562][simglucose.patient.t1dpatient][INFO] - t = 547.0, Patient finishes eating!
[2023-03-07 17:25:26,792][simglucose.simulation.scenario_gen][INFO] - Creating new one day scenario ...
[2023-03-07 17:25:34,660][simglucose.simulation.scenario_gen][INFO] - Time for meal!
[2023-03-07 17:25:34,660][simglucose.patient.t1dpatient][INFO] - t = 1400.0, patient starts eating ...
[2023-03-07 17:25:34,694][simglucose.controller.basal_bolus_ctrller][INFO] - Calculating bolus ...
[2023-03-07 17:25:34,694][simglucose.controller.basal_bolus_ctrller][INFO] - Meal = 37 g/min
[2023-03-07 17:25:34,694][simglucose.controller.basal_bolus_ctrller][INFO] - glucose = 110.80362091064453
[2023-03-07 17:25:34,861][simglucose.patient.t1dpatient][INFO] - t = 1408.0, Patient finishes eating!
[2023-03-07 17:25:40,392][simglucose.simulation.scenario_gen][INFO] - Time for meal!
[2023-03-07 17:25:40,392][simglucose.patient.t1dpatient][INFO] - t = 1723.0, patient starts eating ...
[2023-03-07 17:25:40,415][simglucose.controller.basal_bolus_ctrller][INFO] - Calculating bolus ...
[2023-03-07 17:25:40,415][simglucose.controller.basal_bolus_ctrller][INFO] - Meal = 73 g/min
[2023-03-07 17:25:40,415][simglucose.controller.basal_bolus_ctrller][INFO] - glucose = 111.8135482788086
[2023-03-07 17:25:40,699][simglucose.patient.t1dpatient][INFO] - t = 1738.0, Patient finishes eating!
[2023-03-07 17:25:42,559][simglucose.simulation.scenario_gen][INFO] - Time for meal!
[2023-03-07 17:25:42,559][simglucose.patient.t1dpatient][INFO] - t = 1844.0, patient starts eating ...
[2023-03-07 17:25:42,577][simglucose.controller.basal_bolus_ctrller][INFO] - Calculating bolus ...
[2023-03-07 17:25:42,577][simglucose.controller.basal_bolus_ctrller][INFO] - Meal = 12 g/min
[2023-03-07 17:25:42,577][simglucose.controller.basal_bolus_ctrller][INFO] - glucose = 123.95872192382812
[2023-03-07 17:25:42,618][simglucose.patient.t1dpatient][INFO] - t = 1847.0, Patient finishes eating!
[2023-03-07 17:25:46,103][simglucose.simulation.scenario_gen][INFO] - Time for meal!
[2023-03-07 17:25:46,103][simglucose.patient.t1dpatient][INFO] - t = 2045.0, patient starts eating ...
[2023-03-07 17:25:46,129][simglucose.controller.basal_bolus_ctrller][INFO] - Calculating bolus ...
[2023-03-07 17:25:46,129][simglucose.controller.basal_bolus_ctrller][INFO] - Meal = 86 g/min
[2023-03-07 17:25:46,129][simglucose.controller.basal_bolus_ctrller][INFO] - glucose = 107.2129913330078
[2023-03-07 17:25:46,459][simglucose.patient.t1dpatient][INFO] - t = 2063.0, Patient finishes eating!
[2023-03-07 17:25:52,371][simglucose.simulation.scenario_gen][INFO] - Creating new one day scenario ...
[2023-03-07 17:25:59,198][simglucose.simulation.scenario_gen][INFO] - Time for meal!
[2023-03-07 17:25:59,198][simglucose.patient.t1dpatient][INFO] - t = 2788.0, patient starts eating ...
[2023-03-07 17:25:59,227][simglucose.controller.basal_bolus_ctrller][INFO] - Calculating bolus ...
[2023-03-07 17:25:59,227][simglucose.controller.basal_bolus_ctrller][INFO] - Meal = 28 g/min
[2023-03-07 17:25:59,227][simglucose.controller.basal_bolus_ctrller][INFO] - glucose = 121.26373443603515
[2023-03-07 17:25:59,346][simglucose.patient.t1dpatient][INFO] - t = 2794.0, Patient finishes eating!
[2023-03-07 17:26:06,381][simglucose.simulation.scenario_gen][INFO] - Time for meal!
[2023-03-07 17:26:06,382][simglucose.patient.t1dpatient][INFO] - t = 3193.0, patient starts eating ...
[2023-03-07 17:26:06,412][simglucose.controller.basal_bolus_ctrller][INFO] - Calculating bolus ...
[2023-03-07 17:26:06,412][simglucose.controller.basal_bolus_ctrller][INFO] - Meal = 65 g/min
[2023-03-07 17:26:06,412][simglucose.controller.basal_bolus_ctrller][INFO] - glucose = 139.94432983398437
[2023-03-07 17:26:06,663][simglucose.patient.t1dpatient][INFO] - t = 3206.0, Patient finishes eating!
[2023-03-07 17:26:11,280][simglucose.simulation.scenario_gen][INFO] - Time for meal!
[2023-03-07 17:26:11,280][simglucose.patient.t1dpatient][INFO] - t = 3469.0, patient starts eating ...
[2023-03-07 17:26:11,306][simglucose.controller.basal_bolus_ctrller][INFO] - Calculating bolus ...
[2023-03-07 17:26:11,306][simglucose.controller.basal_bolus_ctrller][INFO] - Meal = 78 g/min
[2023-03-07 17:26:11,306][simglucose.controller.basal_bolus_ctrller][INFO] - glucose = 129.25103454589845
[2023-03-07 17:26:11,595][simglucose.patient.t1dpatient][INFO] - t = 3485.0, Patient finishes eating!
[2023-03-07 17:26:17,826][simglucose.simulation.scenario_gen][INFO] - Creating new one day scenario ...
