[2023-02-20 19:12:24,855][simglucose.actuator.pump][INFO] - Resetting insulin pump ...
[2023-02-20 19:12:27,545][simglucose.simulation.scenario_gen][INFO] - Time for meal!
[2023-02-20 19:12:27,546][simglucose.patient.t1dpatient][INFO] - t = 99.0, patient starts eating ...
[2023-02-20 19:12:27,742][simglucose.patient.t1dpatient][INFO] - t = 105.0, Patient finishes eating!
[2023-02-20 19:12:28,706][simglucose.actuator.pump][INFO] - Resetting insulin pump ...
[2023-02-20 19:12:31,355][simglucose.actuator.pump][INFO] - Resetting insulin pump ...
[2023-02-20 19:12:31,683][simglucose.simulation.scenario_gen][INFO] - Time for meal!
[2023-02-20 19:12:31,683][simglucose.patient.t1dpatient][INFO] - t = 23.0, patient starts eating ...
[2023-02-20 19:12:31,958][simglucose.patient.t1dpatient][INFO] - t = 35.0, Patient finishes eating!
[2023-02-20 19:12:35,802][simglucose.actuator.pump][INFO] - Resetting insulin pump ...
[2023-02-20 19:12:37,338][simglucose.simulation.scenario_gen][INFO] - Time for meal!
[2023-02-20 19:12:37,338][simglucose.patient.t1dpatient][INFO] - t = 80.0, patient starts eating ...
[2023-02-20 19:12:37,661][simglucose.patient.t1dpatient][INFO] - t = 96.0, Patient finishes eating!
[2023-02-20 19:12:38,870][simglucose.actuator.pump][INFO] - Resetting insulin pump ...
[2023-02-20 19:12:39,818][simglucose.simulation.scenario_gen][INFO] - Time for meal!
[2023-02-20 19:12:39,819][simglucose.patient.t1dpatient][INFO] - t = 61.0, patient starts eating ...
[2023-02-20 19:12:40,570][simglucose.patient.t1dpatient][INFO] - t = 75.0, Patient finishes eating!
[2023-02-20 19:12:41,630][simglucose.simulation.scenario_gen][INFO] - Time for meal!
[2023-02-20 19:12:41,632][simglucose.patient.t1dpatient][INFO] - t = 146.0, patient starts eating ...
[2023-02-20 19:12:41,705][simglucose.patient.t1dpatient][INFO] - t = 150.0, Patient finishes eating!
[2023-02-20 19:12:42,399][simglucose.actuator.pump][INFO] - Resetting insulin pump ...
[2023-02-20 19:12:44,376][simglucose.simulation.scenario_gen][INFO] - Creating new one day scenario ...
[2023-02-20 19:12:45,239][simglucose.actuator.pump][INFO] - Resetting insulin pump ...
[2023-02-20 19:12:48,332][simglucose.actuator.pump][INFO] - Resetting insulin pump ...
[2023-02-20 19:12:51,424][simglucose.actuator.pump][INFO] - Resetting insulin pump ...
[2023-02-20 19:12:52,311][simglucose.simulation.scenario_gen][INFO] - Time for meal!
[2023-02-20 19:12:52,311][simglucose.patient.t1dpatient][INFO] - t = 62.0, patient starts eating ...
[2023-02-20 19:12:52,779][simglucose.patient.t1dpatient][INFO] - t = 76.0, Patient finishes eating!
[2023-02-20 19:12:56,580][simglucose.actuator.pump][INFO] - Resetting insulin pump ...
[2023-02-20 19:12:57,257][simglucose.simulation.scenario_gen][INFO] - Time for meal!
[2023-02-20 19:12:57,258][simglucose.patient.t1dpatient][INFO] - t = 48.0, patient starts eating ...
[2023-02-20 19:12:57,548][simglucose.patient.t1dpatient][INFO] - t = 60.0, Patient finishes eating!
[2023-02-20 19:13:01,788][simglucose.actuator.pump][INFO] - Resetting insulin pump ...
[2023-02-20 19:13:04,411][simglucose.simulation.scenario_gen][INFO] - Creating new one day scenario ...
[2023-02-20 19:13:04,646][simglucose.actuator.pump][INFO] - Resetting insulin pump ...
[2023-02-20 19:13:07,596][simglucose.actuator.pump][INFO] - Resetting insulin pump ...
[2023-02-20 19:13:09,329][simglucose.simulation.scenario_gen][INFO] - Time for meal!
[2023-02-20 19:13:09,329][simglucose.patient.t1dpatient][INFO] - t = 99.0, patient starts eating ...
[2023-02-20 19:13:09,559][simglucose.patient.t1dpatient][INFO] - t = 109.0, Patient finishes eating!
[2023-02-20 19:13:10,559][simglucose.actuator.pump][INFO] - Resetting insulin pump ...
[2023-02-20 19:13:13,152][simglucose.simulation.scenario_gen][INFO] - Time for meal!
[2023-02-20 19:13:13,153][simglucose.patient.t1dpatient][INFO] - t = 197.0, patient starts eating ...
[2023-02-20 19:13:13,340][simglucose.actuator.pump][INFO] - Resetting insulin pump ...
[2023-02-20 19:13:16,008][simglucose.actuator.pump][INFO] - Resetting insulin pump ...
[2023-02-20 19:13:17,003][simglucose.simulation.scenario_gen][INFO] - Time for meal!
[2023-02-20 19:13:17,004][simglucose.patient.t1dpatient][INFO] - t = 63.0, patient starts eating ...
[2023-02-20 19:13:17,786][simglucose.patient.t1dpatient][INFO] - t = 78.0, Patient finishes eating!
[2023-02-20 19:13:19,317][simglucose.actuator.pump][INFO] - Resetting insulin pump ...
[2023-02-20 19:13:19,324][simglucose.simulation.scenario_gen][INFO] - Creating new one day scenario ...
[2023-02-20 19:13:22,111][simglucose.actuator.pump][INFO] - Resetting insulin pump ...
[2023-02-20 19:13:22,824][simglucose.simulation.scenario_gen][INFO] - Time for meal!
[2023-02-20 19:13:22,825][simglucose.patient.t1dpatient][INFO] - t = 53.0, patient starts eating ...
[2023-02-20 19:13:22,940][simglucose.patient.t1dpatient][INFO] - t = 54.0, Patient finishes eating!
[2023-02-20 19:13:25,131][simglucose.actuator.pump][INFO] - Resetting insulin pump ...
[2023-02-20 19:13:27,819][simglucose.actuator.pump][INFO] - Resetting insulin pump ...
[2023-02-20 19:13:30,534][simglucose.actuator.pump][INFO] - Resetting insulin pump ...
[2023-02-20 19:13:40,953][simglucose.actuator.pump][INFO] - Resetting insulin pump ...
[2023-02-20 19:13:47,933][simglucose.simulation.scenario_gen][INFO] - Time for meal!
[2023-02-20 19:13:47,933][simglucose.patient.t1dpatient][INFO] - t = 137.0, patient starts eating ...
[2023-02-20 19:13:48,470][simglucose.patient.t1dpatient][INFO] - t = 146.0, Patient finishes eating!
[2023-02-20 19:13:50,837][simglucose.actuator.pump][INFO] - Resetting insulin pump ...
[2023-02-20 19:13:54,503][simglucose.simulation.scenario_gen][INFO] - Creating new one day scenario ...
[2023-02-20 19:14:00,442][simglucose.actuator.pump][INFO] - Resetting insulin pump ...
