[2023-02-20 18:17:57,297][simglucose.actuator.pump][INFO] - Resetting insulin pump ...
[2023-02-20 18:17:59,245][simglucose.simulation.scenario_gen][INFO] - Time for meal!
[2023-02-20 18:17:59,245][simglucose.patient.t1dpatient][INFO] - t = 99.0, patient starts eating ...
[2023-02-20 18:17:59,365][simglucose.patient.t1dpatient][INFO] - t = 105.0, Patient finishes eating!
[2023-02-20 18:18:01,085][simglucose.simulation.scenario_gen][INFO] - Time for meal!
[2023-02-20 18:18:01,086][simglucose.patient.t1dpatient][INFO] - t = 337.0, patient starts eating ...
[2023-02-20 18:18:01,209][simglucose.patient.t1dpatient][INFO] - t = 352.0, Patient finishes eating!
[2023-02-20 18:18:02,336][simglucose.simulation.scenario_gen][INFO] - Time for meal!
[2023-02-20 18:18:02,337][simglucose.patient.t1dpatient][INFO] - t = 521.0, patient starts eating ...
[2023-02-20 18:18:02,383][simglucose.patient.t1dpatient][INFO] - t = 524.0, Patient finishes eating!
[2023-02-20 18:18:03,999][simglucose.simulation.scenario_gen][INFO] - Time for meal!
[2023-02-20 18:18:04,000][simglucose.patient.t1dpatient][INFO] - t = 753.0, patient starts eating ...
[2023-02-20 18:18:04,145][simglucose.patient.t1dpatient][INFO] - t = 770.0, Patient finishes eating!
[2023-02-20 18:18:05,298][simglucose.simulation.scenario_gen][INFO] - Time for meal!
[2023-02-20 18:18:05,299][simglucose.patient.t1dpatient][INFO] - t = 930.0, patient starts eating ...
[2023-02-20 18:18:05,331][simglucose.patient.t1dpatient][INFO] - t = 933.0, Patient finishes eating!
[2023-02-20 18:18:06,474][simglucose.simulation.scenario_gen][INFO] - Creating new one day scenario ...
[2023-02-20 18:18:09,256][simglucose.simulation.scenario_gen][INFO] - Time for meal!
[2023-02-20 18:18:09,257][simglucose.patient.t1dpatient][INFO] - t = 1438.0, patient starts eating ...
[2023-02-20 18:18:09,391][simglucose.patient.t1dpatient][INFO] - t = 1446.0, Patient finishes eating!
[2023-02-20 18:18:12,249][simglucose.simulation.scenario_gen][INFO] - Time for meal!
[2023-02-20 18:18:12,250][simglucose.patient.t1dpatient][INFO] - t = 1807.0, patient starts eating ...
[2023-02-20 18:18:12,400][simglucose.patient.t1dpatient][INFO] - t = 1821.0, Patient finishes eating!
[2023-02-20 18:18:15,007][simglucose.simulation.scenario_gen][INFO] - Time for meal!
[2023-02-20 18:18:15,008][simglucose.patient.t1dpatient][INFO] - t = 2156.0, patient starts eating ...
[2023-02-20 18:18:15,153][simglucose.patient.t1dpatient][INFO] - t = 2171.0, Patient finishes eating!
[2023-02-20 18:18:17,235][simglucose.simulation.scenario_gen][INFO] - Time for meal!
[2023-02-20 18:18:17,236][simglucose.patient.t1dpatient][INFO] - t = 2446.0, patient starts eating ...
[2023-02-20 18:18:17,267][simglucose.patient.t1dpatient][INFO] - t = 2447.0, Patient finishes eating!
[2023-02-20 18:18:17,819][simglucose.simulation.scenario_gen][INFO] - Creating new one day scenario ...
[2023-02-20 18:18:21,813][simglucose.simulation.scenario_gen][INFO] - Time for meal!
[2023-02-20 18:18:21,814][simglucose.patient.t1dpatient][INFO] - t = 3022.0, patient starts eating ...
[2023-02-20 18:18:21,937][simglucose.patient.t1dpatient][INFO] - t = 3027.0, Patient finishes eating!
[2023-02-20 18:18:24,122][simglucose.simulation.scenario_gen][INFO] - Time for meal!
[2023-02-20 18:18:24,123][simglucose.patient.t1dpatient][INFO] - t = 3310.0, patient starts eating ...
[2023-02-20 18:18:24,288][simglucose.patient.t1dpatient][INFO] - t = 3329.0, Patient finishes eating!
[2023-02-20 18:18:29,124][simglucose.simulation.scenario_gen][INFO] - Creating new one day scenario ...
[2023-02-20 18:18:33,093][simglucose.simulation.scenario_gen][INFO] - Time for meal!
[2023-02-20 18:18:33,094][simglucose.patient.t1dpatient][INFO] - t = 4463.0, patient starts eating ...
[2023-02-20 18:18:33,261][simglucose.patient.t1dpatient][INFO] - t = 4474.0, Patient finishes eating!
[2023-02-20 18:18:33,783][simglucose.simulation.scenario_gen][INFO] - Time for meal!
[2023-02-20 18:18:33,784][simglucose.patient.t1dpatient][INFO] - t = 4532.0, patient starts eating ...
[2023-02-20 18:18:33,791][simglucose.patient.t1dpatient][INFO] - t = 4533.0, Patient finishes eating!
[2023-02-20 18:18:34,888][simglucose.simulation.scenario_gen][INFO] - Time for meal!
[2023-02-20 18:18:34,888][simglucose.patient.t1dpatient][INFO] - t = 4660.0, patient starts eating ...
[2023-02-20 18:18:35,045][simglucose.patient.t1dpatient][INFO] - t = 4676.0, Patient finishes eating!
[2023-02-20 18:18:38,162][simglucose.simulation.scenario_gen][INFO] - Time for meal!
[2023-02-20 18:18:38,163][simglucose.patient.t1dpatient][INFO] - t = 5066.0, patient starts eating ...
[2023-02-20 18:18:38,350][simglucose.patient.t1dpatient][INFO] - t = 5083.0, Patient finishes eating!
[2023-02-20 18:18:40,750][simglucose.simulation.scenario_gen][INFO] - Creating new one day scenario ...
[2023-02-20 18:18:43,837][simglucose.simulation.scenario_gen][INFO] - Time for meal!
[2023-02-20 18:18:43,838][simglucose.patient.t1dpatient][INFO] - t = 5811.0, patient starts eating ...
[2023-02-20 18:18:43,981][simglucose.patient.t1dpatient][INFO] - t = 5819.0, Patient finishes eating!
[2023-02-20 18:18:45,952][simglucose.simulation.scenario_gen][INFO] - Time for meal!
[2023-02-20 18:18:45,953][simglucose.patient.t1dpatient][INFO] - t = 6081.0, patient starts eating ...
[2023-02-20 18:18:46,089][simglucose.patient.t1dpatient][INFO] - t = 6093.0, Patient finishes eating!
[2023-02-20 18:18:47,686][simglucose.simulation.scenario_gen][INFO] - Time for meal!
[2023-02-20 18:18:47,686][simglucose.patient.t1dpatient][INFO] - t = 6290.0, patient starts eating ...
[2023-02-20 18:18:47,702][simglucose.patient.t1dpatient][INFO] - t = 6291.0, Patient finishes eating!
[2023-02-20 18:18:49,218][simglucose.simulation.scenario_gen][INFO] - Time for meal!
[2023-02-20 18:18:49,218][simglucose.patient.t1dpatient][INFO] - t = 6476.0, patient starts eating ...
[2023-02-20 18:18:49,385][simglucose.patient.t1dpatient][INFO] - t = 6490.0, Patient finishes eating!
[2023-02-20 18:18:52,228][simglucose.simulation.scenario_gen][INFO] - Creating new one day scenario ...
[2023-02-20 18:18:55,598][simglucose.simulation.scenario_gen][INFO] - Time for meal!
[2023-02-20 18:18:55,598][simglucose.patient.t1dpatient][INFO] - t = 7263.0, patient starts eating ...
[2023-02-20 18:18:55,756][simglucose.patient.t1dpatient][INFO] - t = 7273.0, Patient finishes eating!
[2023-02-20 18:18:58,802][simglucose.simulation.scenario_gen][INFO] - Time for meal!
[2023-02-20 18:18:58,802][simglucose.patient.t1dpatient][INFO] - t = 7657.0, patient starts eating ...
[2023-02-20 18:18:58,978][simglucose.patient.t1dpatient][INFO] - t = 7673.0, Patient finishes eating!
[2023-02-20 18:19:00,548][simglucose.simulation.scenario_gen][INFO] - Time for meal!
[2023-02-20 18:19:00,548][simglucose.patient.t1dpatient][INFO] - t = 7867.0, patient starts eating ...
[2023-02-20 18:19:00,689][simglucose.patient.t1dpatient][INFO] - t = 7882.0, Patient finishes eating!
[2023-02-20 18:19:02,605][simglucose.simulation.scenario_gen][INFO] - Time for meal!
[2023-02-20 18:19:02,606][simglucose.patient.t1dpatient][INFO] - t = 8119.0, patient starts eating ...
[2023-02-20 18:19:02,635][simglucose.patient.t1dpatient][INFO] - t = 8121.0, Patient finishes eating!
[2023-02-20 18:19:03,916][simglucose.simulation.scenario_gen][INFO] - Creating new one day scenario ...
[2023-02-20 18:19:07,945][simglucose.simulation.scenario_gen][INFO] - Time for meal!
[2023-02-20 18:19:07,945][simglucose.patient.t1dpatient][INFO] - t = 8802.0, patient starts eating ...
[2023-02-20 18:19:08,111][simglucose.patient.t1dpatient][INFO] - t = 8814.0, Patient finishes eating!
[2023-02-20 18:19:09,389][simglucose.simulation.scenario_gen][INFO] - Time for meal!
[2023-02-20 18:19:09,390][simglucose.patient.t1dpatient][INFO] - t = 8970.0, patient starts eating ...
[2023-02-20 18:19:09,514][simglucose.patient.t1dpatient][INFO] - t = 8985.0, Patient finishes eating!
[2023-02-20 18:19:12,399][simglucose.simulation.scenario_gen][INFO] - Time for meal!
[2023-02-20 18:19:12,400][simglucose.patient.t1dpatient][INFO] - t = 9336.0, patient starts eating ...
[2023-02-20 18:19:12,553][simglucose.patient.t1dpatient][INFO] - t = 9350.0, Patient finishes eating!
[2023-02-20 18:19:15,342][simglucose.simulation.scenario_gen][INFO] - Creating new one day scenario ...
