[2023-03-10 15:58:06,784][simglucose.actuator.pump][INFO] - Resetting insulin pump ...
[2023-03-10 15:58:14,213][simglucose.simulation.scenario_gen][INFO] - Time for meal!
[2023-03-10 15:58:14,233][simglucose.patient.t1dpatient][INFO] - t = 99.0, patient starts eating ...
[2023-03-10 15:58:14,617][simglucose.patient.t1dpatient][INFO] - t = 105.0, Patient finishes eating!
[2023-03-10 15:58:23,843][simglucose.simulation.scenario_gen][INFO] - Time for meal!
[2023-03-10 15:58:23,864][simglucose.patient.t1dpatient][INFO] - t = 337.0, patient starts eating ...
[2023-03-10 15:58:24,602][simglucose.patient.t1dpatient][INFO] - t = 352.0, Patient finishes eating!
[2023-03-10 15:58:31,525][simglucose.simulation.scenario_gen][INFO] - Time for meal!
[2023-03-10 15:58:31,546][simglucose.patient.t1dpatient][INFO] - t = 521.0, patient starts eating ...
[2023-03-10 15:58:31,675][simglucose.patient.t1dpatient][INFO] - t = 524.0, Patient finishes eating!
[2023-03-10 15:58:40,945][simglucose.simulation.scenario_gen][INFO] - Time for meal!
[2023-03-10 15:58:40,968][simglucose.patient.t1dpatient][INFO] - t = 753.0, patient starts eating ...
[2023-03-10 15:58:41,746][simglucose.patient.t1dpatient][INFO] - t = 770.0, Patient finishes eating!
[2023-03-10 15:58:48,277][simglucose.simulation.scenario_gen][INFO] - Time for meal!
[2023-03-10 15:58:48,293][simglucose.patient.t1dpatient][INFO] - t = 930.0, patient starts eating ...
[2023-03-10 15:58:48,418][simglucose.patient.t1dpatient][INFO] - t = 933.0, Patient finishes eating!
[2023-03-10 15:58:53,941][simglucose.simulation.scenario_gen][INFO] - Creating new one day scenario ...
[2023-03-10 15:59:08,155][simglucose.simulation.scenario_gen][INFO] - Time for meal!
[2023-03-10 15:59:08,173][simglucose.patient.t1dpatient][INFO] - t = 1438.0, patient starts eating ...
[2023-03-10 15:59:08,569][simglucose.patient.t1dpatient][INFO] - t = 1446.0, Patient finishes eating!
[2023-03-10 15:59:22,463][simglucose.simulation.scenario_gen][INFO] - Time for meal!
[2023-03-10 15:59:22,482][simglucose.patient.t1dpatient][INFO] - t = 1807.0, patient starts eating ...
[2023-03-10 15:59:23,261][simglucose.patient.t1dpatient][INFO] - t = 1821.0, Patient finishes eating!
[2023-03-10 15:59:36,299][simglucose.simulation.scenario_gen][INFO] - Time for meal!
[2023-03-10 15:59:36,315][simglucose.patient.t1dpatient][INFO] - t = 2156.0, patient starts eating ...
[2023-03-10 15:59:37,049][simglucose.patient.t1dpatient][INFO] - t = 2171.0, Patient finishes eating!
[2023-03-10 15:59:47,751][simglucose.simulation.scenario_gen][INFO] - Time for meal!
[2023-03-10 15:59:47,778][simglucose.patient.t1dpatient][INFO] - t = 2446.0, patient starts eating ...
[2023-03-10 15:59:47,888][simglucose.patient.t1dpatient][INFO] - t = 2447.0, Patient finishes eating!
[2023-03-10 15:59:50,574][simglucose.simulation.scenario_gen][INFO] - Creating new one day scenario ...
[2023-03-10 16:00:09,552][simglucose.simulation.scenario_gen][INFO] - Time for meal!
[2023-03-10 16:00:09,575][simglucose.patient.t1dpatient][INFO] - t = 3022.0, patient starts eating ...
[2023-03-10 16:00:09,881][simglucose.patient.t1dpatient][INFO] - t = 3027.0, Patient finishes eating!
[2023-03-10 16:00:21,365][simglucose.simulation.scenario_gen][INFO] - Time for meal!
[2023-03-10 16:00:21,382][simglucose.patient.t1dpatient][INFO] - t = 3310.0, patient starts eating ...
[2023-03-10 16:00:22,201][simglucose.patient.t1dpatient][INFO] - t = 3329.0, Patient finishes eating!
[2023-03-10 16:00:46,887][simglucose.simulation.scenario_gen][INFO] - Creating new one day scenario ...
[2023-03-10 16:00:48,644][simglucose.actuator.pump][INFO] - Resetting insulin pump ...
[2023-03-10 16:01:06,193][simglucose.simulation.scenario_gen][INFO] - Time for meal!
[2023-03-10 16:01:06,213][simglucose.patient.t1dpatient][INFO] - t = 457.0, patient starts eating ...
[2023-03-10 16:01:06,815][simglucose.patient.t1dpatient][INFO] - t = 467.0, Patient finishes eating!
[2023-03-10 16:01:07,387][simglucose.simulation.scenario_gen][INFO] - Time for meal!
[2023-03-10 16:01:07,416][simglucose.patient.t1dpatient][INFO] - t = 481.0, patient starts eating ...
[2023-03-10 16:01:07,524][simglucose.patient.t1dpatient][INFO] - t = 484.0, Patient finishes eating!
[2023-03-10 16:01:13,841][simglucose.simulation.scenario_gen][INFO] - Time for meal!
[2023-03-10 16:01:13,860][simglucose.patient.t1dpatient][INFO] - t = 646.0, patient starts eating ...
[2023-03-10 16:01:14,271][simglucose.patient.t1dpatient][INFO] - t = 656.0, Patient finishes eating!
[2023-03-10 16:01:29,983][simglucose.simulation.scenario_gen][INFO] - Time for meal!
[2023-03-10 16:01:30,002][simglucose.patient.t1dpatient][INFO] - t = 1060.0, patient starts eating ...
[2023-03-10 16:01:30,894][simglucose.patient.t1dpatient][INFO] - t = 1081.0, Patient finishes eating!
[2023-03-10 16:01:42,703][simglucose.simulation.scenario_gen][INFO] - Creating new one day scenario ...
[2023-03-10 16:01:59,207][simglucose.simulation.scenario_gen][INFO] - Time for meal!
[2023-03-10 16:01:59,222][simglucose.patient.t1dpatient][INFO] - t = 1789.0, patient starts eating ...
[2023-03-10 16:01:59,604][simglucose.patient.t1dpatient][INFO] - t = 1796.0, Patient finishes eating!
[2023-03-10 16:02:06,849][simglucose.simulation.scenario_gen][INFO] - Time for meal!
[2023-03-10 16:02:06,873][simglucose.patient.t1dpatient][INFO] - t = 1979.0, patient starts eating ...
[2023-03-10 16:02:06,986][simglucose.patient.t1dpatient][INFO] - t = 1981.0, Patient finishes eating!
[2023-03-10 16:02:10,452][simglucose.simulation.scenario_gen][INFO] - Time for meal!
[2023-03-10 16:02:10,479][simglucose.patient.t1dpatient][INFO] - t = 2074.0, patient starts eating ...
[2023-03-10 16:02:11,097][simglucose.patient.t1dpatient][INFO] - t = 2090.0, Patient finishes eating!
[2023-03-10 16:02:32,736][simglucose.simulation.scenario_gen][INFO] - Time for meal!
[2023-03-10 16:02:32,753][simglucose.patient.t1dpatient][INFO] - t = 2659.0, patient starts eating ...
[2023-03-10 16:02:32,959][simglucose.patient.t1dpatient][INFO] - t = 2661.0, Patient finishes eating!
[2023-03-10 16:02:39,680][simglucose.simulation.scenario_gen][INFO] - Creating new one day scenario ...
[2023-03-10 16:03:02,281][simglucose.simulation.scenario_gen][INFO] - Time for meal!
[2023-03-10 16:03:02,325][simglucose.patient.t1dpatient][INFO] - t = 3281.0, patient starts eating ...
[2023-03-10 16:03:02,960][simglucose.patient.t1dpatient][INFO] - t = 3290.0, Patient finishes eating!
[2023-03-10 16:03:15,370][simglucose.simulation.scenario_gen][INFO] - Time for meal!
[2023-03-10 16:03:15,388][simglucose.patient.t1dpatient][INFO] - t = 3588.0, patient starts eating ...
[2023-03-10 16:03:16,141][simglucose.patient.t1dpatient][INFO] - t = 3603.0, Patient finishes eating!
[2023-03-10 16:03:28,268][simglucose.simulation.scenario_gen][INFO] - Time for meal!
[2023-03-10 16:03:28,284][simglucose.patient.t1dpatient][INFO] - t = 3915.0, patient starts eating ...
[2023-03-10 16:03:29,144][simglucose.patient.t1dpatient][INFO] - t = 3934.0, Patient finishes eating!
[2023-03-10 16:03:32,109][simglucose.actuator.pump][INFO] - Resetting insulin pump ...
[2023-03-10 16:03:35,113][simglucose.simulation.scenario_gen][INFO] - Time for meal!
[2023-03-10 16:03:35,128][simglucose.patient.t1dpatient][INFO] - t = 23.0, patient starts eating ...
[2023-03-10 16:03:36,539][simglucose.patient.t1dpatient][INFO] - t = 35.0, Patient finishes eating!
[2023-03-10 16:04:13,535][simglucose.simulation.scenario_gen][INFO] - Time for meal!
[2023-03-10 16:04:13,552][simglucose.patient.t1dpatient][INFO] - t = 391.0, patient starts eating ...
[2023-03-10 16:04:14,817][simglucose.patient.t1dpatient][INFO] - t = 402.0, Patient finishes eating!
[2023-03-10 16:04:34,400][simglucose.simulation.scenario_gen][INFO] - Time for meal!
[2023-03-10 16:04:34,416][simglucose.patient.t1dpatient][INFO] - t = 585.0, patient starts eating ...
[2023-03-10 16:04:35,931][simglucose.patient.t1dpatient][INFO] - t = 598.0, Patient finishes eating!
[2023-03-10 16:04:57,449][simglucose.simulation.scenario_gen][INFO] - Time for meal!
[2023-03-10 16:04:57,471][simglucose.patient.t1dpatient][INFO] - t = 802.0, patient starts eating ...
[2023-03-10 16:04:57,753][simglucose.patient.t1dpatient][INFO] - t = 804.0, Patient finishes eating!
[2023-03-10 16:05:20,218][simglucose.simulation.scenario_gen][INFO] - Creating new one day scenario ...
[2023-03-10 16:06:08,562][simglucose.simulation.scenario_gen][INFO] - Time for meal!
[2023-03-10 16:06:08,600][simglucose.patient.t1dpatient][INFO] - t = 1439.0, patient starts eating ...
[2023-03-10 16:06:10,270][simglucose.patient.t1dpatient][INFO] - t = 1448.0, Patient finishes eating!
[2023-03-10 16:06:28,933][simglucose.simulation.scenario_gen][INFO] - Time for meal!
[2023-03-10 16:06:28,965][simglucose.patient.t1dpatient][INFO] - t = 1585.0, patient starts eating ...
[2023-03-10 16:06:29,284][simglucose.patient.t1dpatient][INFO] - t = 1587.0, Patient finishes eating!
[2023-03-10 16:06:55,281][simglucose.simulation.scenario_gen][INFO] - Time for meal!
[2023-03-10 16:06:55,307][simglucose.patient.t1dpatient][INFO] - t = 1782.0, patient starts eating ...
[2023-03-10 16:06:57,000][simglucose.patient.t1dpatient][INFO] - t = 1793.0, Patient finishes eating!
[2023-03-10 16:07:27,409][simglucose.simulation.scenario_gen][INFO] - Time for meal!
[2023-03-10 16:07:27,441][simglucose.patient.t1dpatient][INFO] - t = 2026.0, patient starts eating ...
[2023-03-10 16:07:30,265][simglucose.patient.t1dpatient][INFO] - t = 2046.0, Patient finishes eating!
[2023-03-10 16:08:25,177][simglucose.simulation.scenario_gen][INFO] - Creating new one day scenario ...
[2023-03-10 16:08:59,563][simglucose.simulation.scenario_gen][INFO] - Time for meal!
[2023-03-10 16:08:59,574][simglucose.patient.t1dpatient][INFO] - t = 2842.0, patient starts eating ...
[2023-03-10 16:09:00,269][simglucose.patient.t1dpatient][INFO] - t = 2852.0, Patient finishes eating!
[2023-03-10 16:09:17,457][simglucose.simulation.scenario_gen][INFO] - Time for meal!
[2023-03-10 16:09:17,468][simglucose.patient.t1dpatient][INFO] - t = 3127.0, patient starts eating ...
[2023-03-10 16:09:18,644][simglucose.patient.t1dpatient][INFO] - t = 3145.0, Patient finishes eating!
[2023-03-10 16:09:44,320][simglucose.simulation.scenario_gen][INFO] - Time for meal!
[2023-03-10 16:09:44,330][simglucose.patient.t1dpatient][INFO] - t = 3554.0, patient starts eating ...
[2023-03-10 16:09:45,339][simglucose.patient.t1dpatient][INFO] - t = 3569.0, Patient finishes eating!
[2023-03-10 16:10:06,188][simglucose.simulation.scenario_gen][INFO] - Creating new one day scenario ...
