[2023-03-06 19:40:00,168][simglucose.actuator.pump][INFO] - Resetting insulin pump ...
[2023-03-06 19:40:01,877][simglucose.simulation.scenario_gen][INFO] - Time for meal!
[2023-03-06 19:40:01,877][simglucose.patient.t1dpatient][INFO] - t = 99.0, patient starts eating ...
[2023-03-06 19:40:01,971][simglucose.controller.basal_bolus_ctrller][INFO] - Calculating bolus ...
[2023-03-06 19:40:01,972][simglucose.controller.basal_bolus_ctrller][INFO] - Meal = 30 g/min
[2023-03-06 19:40:01,973][simglucose.controller.basal_bolus_ctrller][INFO] - glucose = 104.52705970581222
[2023-03-06 19:40:02,079][simglucose.patient.t1dpatient][INFO] - t = 105.0, Patient finishes eating!
[2023-03-06 19:40:03,348][simglucose.simulation.scenario_gen][INFO] - Time for meal!
[2023-03-06 19:40:03,656][simglucose.patient.t1dpatient][INFO] - t = 337.0, patient starts eating ...
[2023-03-06 19:40:03,673][simglucose.controller.basal_bolus_ctrller][INFO] - Calculating bolus ...
[2023-03-06 19:40:03,674][simglucose.controller.basal_bolus_ctrller][INFO] - Meal = 73 g/min
[2023-03-06 19:40:03,674][simglucose.controller.basal_bolus_ctrller][INFO] - glucose = 52.30920864941689
[2023-03-06 19:40:03,796][simglucose.patient.t1dpatient][INFO] - t = 352.0, Patient finishes eating!
[2023-03-06 19:40:04,657][simglucose.actuator.pump][INFO] - Resetting insulin pump ...
[2023-03-06 19:40:04,736][simglucose.simulation.scenario_gen][INFO] - Time for meal!
[2023-03-06 19:40:04,736][simglucose.patient.t1dpatient][INFO] - t = 4.0, patient starts eating ...
[2023-03-06 19:40:04,800][simglucose.controller.basal_bolus_ctrller][INFO] - Calculating bolus ...
[2023-03-06 19:40:04,801][simglucose.controller.basal_bolus_ctrller][INFO] - Meal = 66 g/min
[2023-03-06 19:40:04,801][simglucose.controller.basal_bolus_ctrller][INFO] - glucose = 142.4463574591576
[2023-03-06 19:40:04,957][simglucose.patient.t1dpatient][INFO] - t = 18.0, Patient finishes eating!
[2023-03-06 19:40:05,582][simglucose.actuator.pump][INFO] - Resetting insulin pump ...
[2023-03-06 19:40:06,198][simglucose.actuator.pump][INFO] - Resetting insulin pump ...
[2023-03-06 19:40:06,879][simglucose.actuator.pump][INFO] - Resetting insulin pump ...
[2023-03-06 19:40:07,491][simglucose.actuator.pump][INFO] - Resetting insulin pump ...
[2023-03-06 19:40:08,214][simglucose.simulation.scenario_gen][INFO] - Time for meal!
[2023-03-06 19:40:08,215][simglucose.patient.t1dpatient][INFO] - t = 147.0, patient starts eating ...
[2023-03-06 19:40:08,277][simglucose.controller.basal_bolus_ctrller][INFO] - Calculating bolus ...
[2023-03-06 19:40:08,278][simglucose.controller.basal_bolus_ctrller][INFO] - Meal = 89 g/min
[2023-03-06 19:40:08,278][simglucose.controller.basal_bolus_ctrller][INFO] - glucose = 149.39174577781353
[2023-03-06 19:40:08,458][simglucose.patient.t1dpatient][INFO] - t = 165.0, Patient finishes eating!
[2023-03-06 19:40:09,480][simglucose.simulation.scenario_gen][INFO] - Time for meal!
[2023-03-06 19:40:09,578][simglucose.patient.t1dpatient][INFO] - t = 360.0, patient starts eating ...
[2023-03-06 19:40:09,588][simglucose.controller.basal_bolus_ctrller][INFO] - Calculating bolus ...
[2023-03-06 19:40:09,589][simglucose.controller.basal_bolus_ctrller][INFO] - Meal = 1 g/min
[2023-03-06 19:40:09,589][simglucose.controller.basal_bolus_ctrller][INFO] - glucose = 122.20262248629096
[2023-03-06 19:40:09,590][simglucose.patient.t1dpatient][INFO] - t = 361.0, Patient finishes eating!
[2023-03-06 19:40:10,579][simglucose.simulation.scenario_gen][INFO] - Creating new one day scenario ...
[2023-03-06 19:40:12,911][simglucose.simulation.scenario_gen][INFO] - Time for meal!
[2023-03-06 19:40:12,911][simglucose.patient.t1dpatient][INFO] - t = 984.0, patient starts eating ...
[2023-03-06 19:40:12,950][simglucose.controller.basal_bolus_ctrller][INFO] - Calculating bolus ...
[2023-03-06 19:40:12,950][simglucose.controller.basal_bolus_ctrller][INFO] - Meal = 33 g/min
[2023-03-06 19:40:12,950][simglucose.controller.basal_bolus_ctrller][INFO] - glucose = 139.5409494050695
[2023-03-06 19:40:13,034][simglucose.patient.t1dpatient][INFO] - t = 991.0, Patient finishes eating!
[2023-03-06 19:40:14,549][simglucose.simulation.scenario_gen][INFO] - Time for meal!
[2023-03-06 19:40:14,550][simglucose.patient.t1dpatient][INFO] - t = 1262.0, patient starts eating ...
[2023-03-06 19:40:14,585][simglucose.controller.basal_bolus_ctrller][INFO] - Calculating bolus ...
[2023-03-06 19:40:14,585][simglucose.controller.basal_bolus_ctrller][INFO] - Meal = 69 g/min
[2023-03-06 19:40:14,586][simglucose.controller.basal_bolus_ctrller][INFO] - glucose = 125.9592969124829
[2023-03-06 19:40:14,726][simglucose.patient.t1dpatient][INFO] - t = 1276.0, Patient finishes eating!
[2023-03-06 19:40:15,601][simglucose.simulation.scenario_gen][INFO] - Time for meal!
[2023-03-06 19:40:15,602][simglucose.patient.t1dpatient][INFO] - t = 1436.0, patient starts eating ...
[2023-03-06 19:40:15,607][simglucose.controller.basal_bolus_ctrller][INFO] - Calculating bolus ...
[2023-03-06 19:40:15,608][simglucose.controller.basal_bolus_ctrller][INFO] - Meal = 7 g/min
[2023-03-06 19:40:15,608][simglucose.controller.basal_bolus_ctrller][INFO] - glucose = 127.42814145009247
[2023-03-06 19:40:15,617][simglucose.patient.t1dpatient][INFO] - t = 1438.0, Patient finishes eating!
[2023-03-06 19:40:17,182][simglucose.simulation.scenario_gen][INFO] - Time for meal!
[2023-03-06 19:40:17,183][simglucose.patient.t1dpatient][INFO] - t = 1727.0, patient starts eating ...
[2023-03-06 19:40:17,216][simglucose.controller.basal_bolus_ctrller][INFO] - Calculating bolus ...
[2023-03-06 19:40:17,217][simglucose.controller.basal_bolus_ctrller][INFO] - Meal = 83 g/min
[2023-03-06 19:40:17,217][simglucose.controller.basal_bolus_ctrller][INFO] - glucose = 123.67185701215674
[2023-03-06 19:40:17,359][simglucose.patient.t1dpatient][INFO] - t = 1744.0, Patient finishes eating!
[2023-03-06 19:40:18,586][simglucose.simulation.scenario_gen][INFO] - Creating new one day scenario ...
[2023-03-06 19:40:20,406][simglucose.simulation.scenario_gen][INFO] - Time for meal!
[2023-03-06 19:40:20,406][simglucose.patient.t1dpatient][INFO] - t = 2318.0, patient starts eating ...
[2023-03-06 19:40:20,431][simglucose.controller.basal_bolus_ctrller][INFO] - Calculating bolus ...
[2023-03-06 19:40:20,431][simglucose.controller.basal_bolus_ctrller][INFO] - Meal = 56 g/min
[2023-03-06 19:40:20,431][simglucose.controller.basal_bolus_ctrller][INFO] - glucose = 106.60985364986809
[2023-03-06 19:40:20,550][simglucose.patient.t1dpatient][INFO] - t = 2330.0, Patient finishes eating!
[2023-03-06 19:40:22,703][simglucose.simulation.scenario_gen][INFO] - Time for meal!
[2023-03-06 19:40:22,703][simglucose.patient.t1dpatient][INFO] - t = 2722.0, patient starts eating ...
[2023-03-06 19:40:22,723][simglucose.controller.basal_bolus_ctrller][INFO] - Calculating bolus ...
[2023-03-06 19:40:22,723][simglucose.controller.basal_bolus_ctrller][INFO] - Meal = 62 g/min
[2023-03-06 19:40:22,724][simglucose.controller.basal_bolus_ctrller][INFO] - glucose = 107.86553424518016
[2023-03-06 19:40:22,842][simglucose.patient.t1dpatient][INFO] - t = 2735.0, Patient finishes eating!
[2023-03-06 19:40:24,056][simglucose.simulation.scenario_gen][INFO] - Time for meal!
[2023-03-06 19:40:24,056][simglucose.patient.t1dpatient][INFO] - t = 2972.0, patient starts eating ...
[2023-03-06 19:40:24,077][simglucose.controller.basal_bolus_ctrller][INFO] - Calculating bolus ...
[2023-03-06 19:40:24,078][simglucose.controller.basal_bolus_ctrller][INFO] - Meal = 98 g/min
[2023-03-06 19:40:24,078][simglucose.controller.basal_bolus_ctrller][INFO] - glucose = 110.5806036651583
[2023-03-06 19:40:24,223][simglucose.patient.t1dpatient][INFO] - t = 2992.0, Patient finishes eating!
[2023-03-06 19:40:25,910][simglucose.actuator.pump][INFO] - Resetting insulin pump ...
[2023-03-06 19:40:26,424][simglucose.simulation.scenario_gen][INFO] - Time for meal!
[2023-03-06 19:40:26,424][simglucose.patient.t1dpatient][INFO] - t = 90.0, patient starts eating ...
[2023-03-06 19:40:26,486][simglucose.controller.basal_bolus_ctrller][INFO] - Calculating bolus ...
[2023-03-06 19:40:26,487][simglucose.controller.basal_bolus_ctrller][INFO] - Meal = 57 g/min
[2023-03-06 19:40:26,487][simglucose.controller.basal_bolus_ctrller][INFO] - glucose = 70.0355705253671
[2023-03-06 19:40:26,628][simglucose.patient.t1dpatient][INFO] - t = 102.0, Patient finishes eating!
[2023-03-06 19:40:26,679][simglucose.actuator.pump][INFO] - Resetting insulin pump ...
[2023-03-06 19:40:27,047][simglucose.simulation.scenario_gen][INFO] - Time for meal!
[2023-03-06 19:40:27,047][simglucose.patient.t1dpatient][INFO] - t = 58.0, patient starts eating ...
[2023-03-06 19:40:27,108][simglucose.controller.basal_bolus_ctrller][INFO] - Calculating bolus ...
[2023-03-06 19:40:27,109][simglucose.controller.basal_bolus_ctrller][INFO] - Meal = 67 g/min
[2023-03-06 19:40:27,109][simglucose.controller.basal_bolus_ctrller][INFO] - glucose = 86.47485890374989
[2023-03-06 19:40:27,261][simglucose.patient.t1dpatient][INFO] - t = 72.0, Patient finishes eating!
[2023-03-06 19:40:27,665][simglucose.actuator.pump][INFO] - Resetting insulin pump ...
[2023-03-06 19:40:28,283][simglucose.actuator.pump][INFO] - Resetting insulin pump ...
[2023-03-06 19:40:28,924][simglucose.actuator.pump][INFO] - Resetting insulin pump ...
[2023-03-06 19:40:29,192][simglucose.simulation.scenario_gen][INFO] - Time for meal!
[2023-03-06 19:40:29,192][simglucose.patient.t1dpatient][INFO] - t = 43.0, patient starts eating ...
[2023-03-06 19:40:29,261][simglucose.controller.basal_bolus_ctrller][INFO] - Calculating bolus ...
[2023-03-06 19:40:29,262][simglucose.controller.basal_bolus_ctrller][INFO] - Meal = 64 g/min
[2023-03-06 19:40:29,262][simglucose.controller.basal_bolus_ctrller][INFO] - glucose = 148.64498302770255
[2023-03-06 19:40:29,423][simglucose.patient.t1dpatient][INFO] - t = 56.0, Patient finishes eating!
[2023-03-06 19:40:31,277][simglucose.simulation.scenario_gen][INFO] - Time for meal!
[2023-03-06 19:40:31,278][simglucose.patient.t1dpatient][INFO] - t = 402.0, patient starts eating ...
[2023-03-06 19:40:31,300][simglucose.controller.basal_bolus_ctrller][INFO] - Calculating bolus ...
[2023-03-06 19:40:31,301][simglucose.controller.basal_bolus_ctrller][INFO] - Meal = 73 g/min
[2023-03-06 19:40:31,301][simglucose.controller.basal_bolus_ctrller][INFO] - glucose = 64.10343353103565
[2023-03-06 19:40:31,426][simglucose.patient.t1dpatient][INFO] - t = 417.0, Patient finishes eating!
[2023-03-06 19:40:31,551][simglucose.actuator.pump][INFO] - Resetting insulin pump ...
[2023-03-06 19:40:32,056][simglucose.simulation.scenario_gen][INFO] - Time for meal!
[2023-03-06 19:40:32,057][simglucose.patient.t1dpatient][INFO] - t = 91.0, patient starts eating ...
[2023-03-06 19:40:32,121][simglucose.controller.basal_bolus_ctrller][INFO] - Calculating bolus ...
[2023-03-06 19:40:32,122][simglucose.controller.basal_bolus_ctrller][INFO] - Meal = 8 g/min
[2023-03-06 19:40:32,122][simglucose.controller.basal_bolus_ctrller][INFO] - glucose = 134.38023224245083
[2023-03-06 19:40:32,152][simglucose.patient.t1dpatient][INFO] - t = 93.0, Patient finishes eating!
[2023-03-06 19:40:32,881][simglucose.simulation.scenario_gen][INFO] - Time for meal!
[2023-03-06 19:40:32,881][simglucose.patient.t1dpatient][INFO] - t = 220.0, patient starts eating ...
[2023-03-06 19:40:32,903][simglucose.controller.basal_bolus_ctrller][INFO] - Calculating bolus ...
[2023-03-06 19:40:32,904][simglucose.controller.basal_bolus_ctrller][INFO] - Meal = 89 g/min
[2023-03-06 19:40:32,904][simglucose.controller.basal_bolus_ctrller][INFO] - glucose = 157.01529134072695
[2023-03-06 19:40:33,054][simglucose.patient.t1dpatient][INFO] - t = 238.0, Patient finishes eating!
[2023-03-06 19:40:35,358][simglucose.simulation.scenario_gen][INFO] - Creating new one day scenario ...
[2023-03-06 19:40:37,641][simglucose.simulation.scenario_gen][INFO] - Time for meal!
[2023-03-06 19:40:37,641][simglucose.patient.t1dpatient][INFO] - t = 1105.0, patient starts eating ...
[2023-03-06 19:40:37,675][simglucose.controller.basal_bolus_ctrller][INFO] - Calculating bolus ...
[2023-03-06 19:40:37,675][simglucose.controller.basal_bolus_ctrller][INFO] - Meal = 49 g/min
[2023-03-06 19:40:37,676][simglucose.controller.basal_bolus_ctrller][INFO] - glucose = 143.63866400539456
[2023-03-06 19:40:37,793][simglucose.patient.t1dpatient][INFO] - t = 1115.0, Patient finishes eating!
[2023-03-06 19:40:39,741][simglucose.simulation.scenario_gen][INFO] - Time for meal!
[2023-03-06 19:40:39,742][simglucose.patient.t1dpatient][INFO] - t = 1487.0, patient starts eating ...
[2023-03-06 19:40:39,762][simglucose.controller.basal_bolus_ctrller][INFO] - Calculating bolus ...
[2023-03-06 19:40:39,763][simglucose.controller.basal_bolus_ctrller][INFO] - Meal = 64 g/min
[2023-03-06 19:40:39,763][simglucose.controller.basal_bolus_ctrller][INFO] - glucose = 123.48946692705327
[2023-03-06 19:40:39,878][simglucose.patient.t1dpatient][INFO] - t = 1500.0, Patient finishes eating!
[2023-03-06 19:40:40,707][simglucose.simulation.scenario_gen][INFO] - Time for meal!
[2023-03-06 19:40:40,708][simglucose.patient.t1dpatient][INFO] - t = 1661.0, patient starts eating ...
[2023-03-06 19:40:40,714][simglucose.controller.basal_bolus_ctrller][INFO] - Calculating bolus ...
[2023-03-06 19:40:40,715][simglucose.controller.basal_bolus_ctrller][INFO] - Meal = 90 g/min
[2023-03-06 19:40:40,715][simglucose.controller.basal_bolus_ctrller][INFO] - glucose = 107.72644649816695
[2023-03-06 19:40:40,861][simglucose.patient.t1dpatient][INFO] - t = 1679.0, Patient finishes eating!
[2023-03-06 19:40:42,306][simglucose.actuator.pump][INFO] - Resetting insulin pump ...
[2023-03-06 19:40:43,904][simglucose.simulation.scenario_gen][INFO] - Time for meal!
[2023-03-06 19:40:43,904][simglucose.patient.t1dpatient][INFO] - t = 325.0, patient starts eating ...
[2023-03-06 19:40:43,971][simglucose.controller.basal_bolus_ctrller][INFO] - Calculating bolus ...
[2023-03-06 19:40:43,972][simglucose.controller.basal_bolus_ctrller][INFO] - Meal = 86 g/min
[2023-03-06 19:40:43,972][simglucose.controller.basal_bolus_ctrller][INFO] - glucose = 141.2815533412519
[2023-03-06 19:40:44,144][simglucose.patient.t1dpatient][INFO] - t = 343.0, Patient finishes eating!
[2023-03-06 19:40:45,218][simglucose.simulation.scenario_gen][INFO] - Time for meal!
[2023-03-06 19:40:45,219][simglucose.patient.t1dpatient][INFO] - t = 536.0, patient starts eating ...
[2023-03-06 19:40:45,224][simglucose.controller.basal_bolus_ctrller][INFO] - Calculating bolus ...
[2023-03-06 19:40:45,225][simglucose.controller.basal_bolus_ctrller][INFO] - Meal = 9 g/min
[2023-03-06 19:40:45,226][simglucose.controller.basal_bolus_ctrller][INFO] - glucose = 87.17663879671214
[2023-03-06 19:40:45,235][simglucose.patient.t1dpatient][INFO] - t = 538.0, Patient finishes eating!
[2023-03-06 19:40:45,499][simglucose.actuator.pump][INFO] - Resetting insulin pump ...
[2023-03-06 19:40:47,480][simglucose.simulation.scenario_gen][INFO] - Time for meal!
[2023-03-06 19:40:47,482][simglucose.patient.t1dpatient][INFO] - t = 388.0, patient starts eating ...
[2023-03-06 19:40:47,549][simglucose.controller.basal_bolus_ctrller][INFO] - Calculating bolus ...
[2023-03-06 19:40:47,549][simglucose.controller.basal_bolus_ctrller][INFO] - Meal = 44 g/min
[2023-03-06 19:40:47,550][simglucose.controller.basal_bolus_ctrller][INFO] - glucose = 141.33472755241056
[2023-03-06 19:40:47,674][simglucose.patient.t1dpatient][INFO] - t = 397.0, Patient finishes eating!
[2023-03-06 19:40:48,673][simglucose.simulation.scenario_gen][INFO] - Time for meal!
[2023-03-06 19:40:48,674][simglucose.patient.t1dpatient][INFO] - t = 589.0, patient starts eating ...
[2023-03-06 19:40:48,693][simglucose.controller.basal_bolus_ctrller][INFO] - Calculating bolus ...
[2023-03-06 19:40:48,694][simglucose.controller.basal_bolus_ctrller][INFO] - Meal = 64 g/min
[2023-03-06 19:40:48,695][simglucose.controller.basal_bolus_ctrller][INFO] - glucose = 131.0663462747258
[2023-03-06 19:40:48,806][simglucose.patient.t1dpatient][INFO] - t = 602.0, Patient finishes eating!
[2023-03-06 19:40:50,602][simglucose.simulation.scenario_gen][INFO] - Time for meal!
[2023-03-06 19:40:50,603][simglucose.patient.t1dpatient][INFO] - t = 952.0, patient starts eating ...
[2023-03-06 19:40:50,626][simglucose.controller.basal_bolus_ctrller][INFO] - Calculating bolus ...
[2023-03-06 19:40:50,627][simglucose.controller.basal_bolus_ctrller][INFO] - Meal = 83 g/min
[2023-03-06 19:40:50,628][simglucose.controller.basal_bolus_ctrller][INFO] - glucose = 106.55944097884512
[2023-03-06 19:40:50,771][simglucose.patient.t1dpatient][INFO] - t = 969.0, Patient finishes eating!
[2023-03-06 19:40:53,104][simglucose.actuator.pump][INFO] - Resetting insulin pump ...
[2023-03-06 19:40:53,232][simglucose.simulation.scenario_gen][INFO] - Time for meal!
[2023-03-06 19:40:53,233][simglucose.patient.t1dpatient][INFO] - t = 15.0, patient starts eating ...
[2023-03-06 19:40:53,305][simglucose.controller.basal_bolus_ctrller][INFO] - Calculating bolus ...
[2023-03-06 19:40:53,305][simglucose.controller.basal_bolus_ctrller][INFO] - Meal = 2 g/min
[2023-03-06 19:40:53,306][simglucose.controller.basal_bolus_ctrller][INFO] - glucose = 141.08576360535517
[2023-03-06 19:40:53,306][simglucose.patient.t1dpatient][INFO] - t = 16.0, Patient finishes eating!
[2023-03-06 19:40:54,220][simglucose.simulation.scenario_gen][INFO] - Creating new one day scenario ...
[2023-03-06 19:40:56,109][simglucose.actuator.pump][INFO] - Resetting insulin pump ...
[2023-03-06 19:40:56,356][simglucose.simulation.scenario_gen][INFO] - Time for meal!
[2023-03-06 19:40:56,356][simglucose.patient.t1dpatient][INFO] - t = 34.0, patient starts eating ...
[2023-03-06 19:40:56,452][simglucose.controller.basal_bolus_ctrller][INFO] - Calculating bolus ...
[2023-03-06 19:40:56,453][simglucose.controller.basal_bolus_ctrller][INFO] - Meal = 85 g/min
[2023-03-06 19:40:56,453][simglucose.controller.basal_bolus_ctrller][INFO] - glucose = 122.32258019717813
[2023-03-06 19:40:56,618][simglucose.patient.t1dpatient][INFO] - t = 51.0, Patient finishes eating!
[2023-03-06 19:40:57,157][simglucose.actuator.pump][INFO] - Resetting insulin pump ...
[2023-03-06 19:40:57,772][simglucose.actuator.pump][INFO] - Resetting insulin pump ...
[2023-03-06 19:40:58,361][simglucose.actuator.pump][INFO] - Resetting insulin pump ...
[2023-03-06 19:40:58,965][simglucose.actuator.pump][INFO] - Resetting insulin pump ...
[2023-03-06 19:40:59,756][simglucose.simulation.scenario_gen][INFO] - Time for meal!
[2023-03-06 19:40:59,757][simglucose.patient.t1dpatient][INFO] - t = 157.0, patient starts eating ...
[2023-03-06 19:40:59,821][simglucose.controller.basal_bolus_ctrller][INFO] - Calculating bolus ...
[2023-03-06 19:40:59,822][simglucose.controller.basal_bolus_ctrller][INFO] - Meal = 52 g/min
[2023-03-06 19:40:59,822][simglucose.controller.basal_bolus_ctrller][INFO] - glucose = 79.50624852069116
[2023-03-06 19:40:59,952][simglucose.patient.t1dpatient][INFO] - t = 168.0, Patient finishes eating!
[2023-03-06 19:41:00,885][simglucose.simulation.scenario_gen][INFO] - Time for meal!
[2023-03-06 19:41:00,885][simglucose.patient.t1dpatient][INFO] - t = 343.0, patient starts eating ...
[2023-03-06 19:41:00,901][simglucose.controller.basal_bolus_ctrller][INFO] - Calculating bolus ...
[2023-03-06 19:41:00,902][simglucose.controller.basal_bolus_ctrller][INFO] - Meal = 20 g/min
[2023-03-06 19:41:00,902][simglucose.controller.basal_bolus_ctrller][INFO] - glucose = 87.45775621365617
[2023-03-06 19:41:00,935][simglucose.patient.t1dpatient][INFO] - t = 347.0, Patient finishes eating!
[2023-03-06 19:41:01,525][simglucose.simulation.scenario_gen][INFO] - Time for meal!
[2023-03-06 19:41:01,526][simglucose.patient.t1dpatient][INFO] - t = 460.0, patient starts eating ...
[2023-03-06 19:41:01,542][simglucose.controller.basal_bolus_ctrller][INFO] - Calculating bolus ...
[2023-03-06 19:41:01,542][simglucose.controller.basal_bolus_ctrller][INFO] - Meal = 76 g/min
[2023-03-06 19:41:01,543][simglucose.controller.basal_bolus_ctrller][INFO] - glucose = 79.6735476175183
[2023-03-06 19:41:01,661][simglucose.patient.t1dpatient][INFO] - t = 476.0, Patient finishes eating!
[2023-03-06 19:41:03,475][simglucose.simulation.scenario_gen][INFO] - Creating new one day scenario ...
[2023-03-06 19:41:05,583][simglucose.simulation.scenario_gen][INFO] - Time for meal!
[2023-03-06 19:41:05,584][simglucose.patient.t1dpatient][INFO] - t = 1268.0, patient starts eating ...
[2023-03-06 19:41:05,608][simglucose.controller.basal_bolus_ctrller][INFO] - Calculating bolus ...
[2023-03-06 19:41:05,609][simglucose.controller.basal_bolus_ctrller][INFO] - Meal = 50 g/min
[2023-03-06 19:41:05,609][simglucose.controller.basal_bolus_ctrller][INFO] - glucose = 127.74838870762429
[2023-03-06 19:41:05,716][simglucose.patient.t1dpatient][INFO] - t = 1278.0, Patient finishes eating!
[2023-03-06 19:41:06,834][simglucose.simulation.scenario_gen][INFO] - Time for meal!
[2023-03-06 19:41:06,835][simglucose.patient.t1dpatient][INFO] - t = 1495.0, patient starts eating ...
[2023-03-06 19:41:06,852][simglucose.controller.basal_bolus_ctrller][INFO] - Calculating bolus ...
[2023-03-06 19:41:06,852][simglucose.controller.basal_bolus_ctrller][INFO] - Meal = 73 g/min
[2023-03-06 19:41:06,853][simglucose.controller.basal_bolus_ctrller][INFO] - glucose = 125.53063898878014
[2023-03-06 19:41:06,973][simglucose.patient.t1dpatient][INFO] - t = 1510.0, Patient finishes eating!
[2023-03-06 19:41:08,080][simglucose.actuator.pump][INFO] - Resetting insulin pump ...
[2023-03-06 19:41:12,604][simglucose.simulation.scenario_gen][INFO] - Time for meal!
[2023-03-06 19:41:12,605][simglucose.patient.t1dpatient][INFO] - t = 115.0, patient starts eating ...
[2023-03-06 19:41:12,706][simglucose.controller.basal_bolus_ctrller][INFO] - Calculating bolus ...
[2023-03-06 19:41:12,707][simglucose.controller.basal_bolus_ctrller][INFO] - Meal = 75 g/min
[2023-03-06 19:41:12,707][simglucose.controller.basal_bolus_ctrller][INFO] - glucose = 125.88772883295631
[2023-03-06 19:41:13,285][simglucose.patient.t1dpatient][INFO] - t = 130.0, Patient finishes eating!
[2023-03-06 19:41:25,568][simglucose.simulation.scenario_gen][INFO] - Creating new one day scenario ...
[2023-03-06 19:41:39,656][simglucose.simulation.scenario_gen][INFO] - Time for meal!
[2023-03-06 19:41:39,657][simglucose.patient.t1dpatient][INFO] - t = 748.0, patient starts eating ...
[2023-03-06 19:41:39,739][simglucose.controller.basal_bolus_ctrller][INFO] - Calculating bolus ...
[2023-03-06 19:41:39,739][simglucose.controller.basal_bolus_ctrller][INFO] - Meal = 75 g/min
[2023-03-06 19:41:39,740][simglucose.controller.basal_bolus_ctrller][INFO] - glucose = 132.0263446067828
[2023-03-06 19:41:40,464][simglucose.patient.t1dpatient][INFO] - t = 763.0, Patient finishes eating!
