[2023-03-06 20:24:19,780][simglucose.actuator.pump][INFO] - Resetting insulin pump ...
[2023-03-06 20:24:20,409][simglucose.simulation.scenario_gen][INFO] - Time for meal!
[2023-03-06 20:24:20,410][simglucose.patient.t1dpatient][INFO] - t = 99.0, patient starts eating ...
[2023-03-06 20:24:20,478][simglucose.controller.basal_bolus_ctrller][INFO] - Calculating bolus ...
[2023-03-06 20:24:20,479][simglucose.controller.basal_bolus_ctrller][INFO] - Meal = 30 g/min
[2023-03-06 20:24:20,479][simglucose.controller.basal_bolus_ctrller][INFO] - glucose = 149.64920591278917
[2023-03-06 20:24:20,579][simglucose.patient.t1dpatient][INFO] - t = 105.0, Patient finishes eating!
[2023-03-06 20:24:22,017][simglucose.simulation.scenario_gen][INFO] - Time for meal!
[2023-03-06 20:24:22,020][simglucose.patient.t1dpatient][INFO] - t = 337.0, patient starts eating ...
[2023-03-06 20:24:22,044][simglucose.controller.basal_bolus_ctrller][INFO] - Calculating bolus ...
[2023-03-06 20:24:22,046][simglucose.controller.basal_bolus_ctrller][INFO] - Meal = 73 g/min
[2023-03-06 20:24:22,047][simglucose.controller.basal_bolus_ctrller][INFO] - glucose = 116.15572397914647
[2023-03-06 20:24:22,211][simglucose.patient.t1dpatient][INFO] - t = 352.0, Patient finishes eating!
[2023-03-06 20:24:25,897][simglucose.simulation.scenario_gen][INFO] - Time for meal!
[2023-03-06 20:24:25,898][simglucose.patient.t1dpatient][INFO] - t = 521.0, patient starts eating ...
[2023-03-06 20:24:25,904][simglucose.controller.basal_bolus_ctrller][INFO] - Calculating bolus ...
[2023-03-06 20:24:25,906][simglucose.controller.basal_bolus_ctrller][INFO] - Meal = 12 g/min
[2023-03-06 20:24:25,906][simglucose.controller.basal_bolus_ctrller][INFO] - glucose = 69.28800170555667
[2023-03-06 20:24:25,936][simglucose.patient.t1dpatient][INFO] - t = 524.0, Patient finishes eating!
[2023-03-06 20:24:26,493][simglucose.actuator.pump][INFO] - Resetting insulin pump ...
[2023-03-06 20:24:27,152][simglucose.simulation.scenario_gen][INFO] - Time for meal!
[2023-03-06 20:24:27,153][simglucose.patient.t1dpatient][INFO] - t = 85.0, patient starts eating ...
[2023-03-06 20:24:27,230][simglucose.controller.basal_bolus_ctrller][INFO] - Calculating bolus ...
[2023-03-06 20:24:27,230][simglucose.controller.basal_bolus_ctrller][INFO] - Meal = 4 g/min
[2023-03-06 20:24:27,230][simglucose.controller.basal_bolus_ctrller][INFO] - glucose = 103.65332281587492
[2023-03-06 20:24:27,231][simglucose.patient.t1dpatient][INFO] - t = 86.0, Patient finishes eating!
[2023-03-06 20:24:27,579][simglucose.actuator.pump][INFO] - Resetting insulin pump ...
[2023-03-06 20:24:28,718][simglucose.simulation.scenario_gen][INFO] - Time for meal!
[2023-03-06 20:24:28,719][simglucose.patient.t1dpatient][INFO] - t = 84.0, patient starts eating ...
[2023-03-06 20:24:28,794][simglucose.controller.basal_bolus_ctrller][INFO] - Calculating bolus ...
[2023-03-06 20:24:28,794][simglucose.controller.basal_bolus_ctrller][INFO] - Meal = 12 g/min
[2023-03-06 20:24:28,794][simglucose.controller.basal_bolus_ctrller][INFO] - glucose = 161.8488129810316
[2023-03-06 20:24:28,843][simglucose.patient.t1dpatient][INFO] - t = 87.0, Patient finishes eating!
[2023-03-06 20:24:30,017][simglucose.simulation.scenario_gen][INFO] - Time for meal!
[2023-03-06 20:24:30,018][simglucose.patient.t1dpatient][INFO] - t = 267.0, patient starts eating ...
[2023-03-06 20:24:30,047][simglucose.controller.basal_bolus_ctrller][INFO] - Calculating bolus ...
[2023-03-06 20:24:30,047][simglucose.controller.basal_bolus_ctrller][INFO] - Meal = 68 g/min
[2023-03-06 20:24:30,048][simglucose.controller.basal_bolus_ctrller][INFO] - glucose = 138.23799544347747
[2023-03-06 20:24:30,193][simglucose.patient.t1dpatient][INFO] - t = 281.0, Patient finishes eating!
[2023-03-06 20:24:31,763][simglucose.simulation.scenario_gen][INFO] - Time for meal!
[2023-03-06 20:24:31,764][simglucose.patient.t1dpatient][INFO] - t = 558.0, patient starts eating ...
[2023-03-06 20:24:31,790][simglucose.controller.basal_bolus_ctrller][INFO] - Calculating bolus ...
[2023-03-06 20:24:31,790][simglucose.controller.basal_bolus_ctrller][INFO] - Meal = 77 g/min
[2023-03-06 20:24:31,791][simglucose.controller.basal_bolus_ctrller][INFO] - glucose = 110.21708859700344
[2023-03-06 20:24:31,937][simglucose.patient.t1dpatient][INFO] - t = 574.0, Patient finishes eating!
[2023-03-06 20:24:33,409][simglucose.actuator.pump][INFO] - Resetting insulin pump ...
[2023-03-06 20:24:34,432][simglucose.simulation.scenario_gen][INFO] - Time for meal!
[2023-03-06 20:24:34,433][simglucose.patient.t1dpatient][INFO] - t = 181.0, patient starts eating ...
[2023-03-06 20:24:34,511][simglucose.controller.basal_bolus_ctrller][INFO] - Calculating bolus ...
[2023-03-06 20:24:34,512][simglucose.controller.basal_bolus_ctrller][INFO] - Meal = 5 g/min
[2023-03-06 20:24:34,512][simglucose.controller.basal_bolus_ctrller][INFO] - glucose = 172.0466505480062
[2023-03-06 20:24:34,513][simglucose.patient.t1dpatient][INFO] - t = 182.0, Patient finishes eating!
[2023-03-06 20:24:35,170][simglucose.simulation.scenario_gen][INFO] - Time for meal!
[2023-03-06 20:24:35,170][simglucose.patient.t1dpatient][INFO] - t = 273.0, patient starts eating ...
[2023-03-06 20:24:35,205][simglucose.controller.basal_bolus_ctrller][INFO] - Calculating bolus ...
[2023-03-06 20:24:35,206][simglucose.controller.basal_bolus_ctrller][INFO] - Meal = 80 g/min
[2023-03-06 20:24:35,206][simglucose.controller.basal_bolus_ctrller][INFO] - glucose = 137.72126207756452
[2023-03-06 20:24:35,428][simglucose.patient.t1dpatient][INFO] - t = 289.0, Patient finishes eating!
[2023-03-06 20:24:38,009][simglucose.simulation.scenario_gen][INFO] - Creating new one day scenario ...
[2023-03-06 20:24:39,253][simglucose.actuator.pump][INFO] - Resetting insulin pump ...
[2023-03-06 20:24:39,515][simglucose.simulation.scenario_gen][INFO] - Time for meal!
[2023-03-06 20:24:39,517][simglucose.patient.t1dpatient][INFO] - t = 32.0, patient starts eating ...
[2023-03-06 20:24:39,617][simglucose.controller.basal_bolus_ctrller][INFO] - Calculating bolus ...
[2023-03-06 20:24:39,618][simglucose.controller.basal_bolus_ctrller][INFO] - Meal = 70 g/min
[2023-03-06 20:24:39,618][simglucose.controller.basal_bolus_ctrller][INFO] - glucose = 172.58701983716142
[2023-03-06 20:24:39,835][simglucose.patient.t1dpatient][INFO] - t = 46.0, Patient finishes eating!
[2023-03-06 20:24:42,537][simglucose.simulation.scenario_gen][INFO] - Time for meal!
[2023-03-06 20:24:42,541][simglucose.patient.t1dpatient][INFO] - t = 469.0, patient starts eating ...
[2023-03-06 20:24:42,569][simglucose.controller.basal_bolus_ctrller][INFO] - Calculating bolus ...
[2023-03-06 20:24:42,570][simglucose.controller.basal_bolus_ctrller][INFO] - Meal = 79 g/min
[2023-03-06 20:24:42,570][simglucose.controller.basal_bolus_ctrller][INFO] - glucose = 102.82563075569267
[2023-03-06 20:24:42,748][simglucose.patient.t1dpatient][INFO] - t = 485.0, Patient finishes eating!
[2023-03-06 20:24:44,269][simglucose.simulation.scenario_gen][INFO] - Time for meal!
[2023-03-06 20:24:44,270][simglucose.patient.t1dpatient][INFO] - t = 738.0, patient starts eating ...
[2023-03-06 20:24:44,292][simglucose.controller.basal_bolus_ctrller][INFO] - Calculating bolus ...
[2023-03-06 20:24:44,292][simglucose.controller.basal_bolus_ctrller][INFO] - Meal = 17 g/min
[2023-03-06 20:24:44,293][simglucose.controller.basal_bolus_ctrller][INFO] - glucose = 105.21550170553103
[2023-03-06 20:24:44,342][simglucose.patient.t1dpatient][INFO] - t = 742.0, Patient finishes eating!
[2023-03-06 20:24:44,985][simglucose.simulation.scenario_gen][INFO] - Creating new one day scenario ...
[2023-03-06 20:24:47,075][simglucose.simulation.scenario_gen][INFO] - Time for meal!
[2023-03-06 20:24:47,076][simglucose.patient.t1dpatient][INFO] - t = 1197.0, patient starts eating ...
[2023-03-06 20:24:47,163][simglucose.controller.basal_bolus_ctrller][INFO] - Calculating bolus ...
[2023-03-06 20:24:47,163][simglucose.controller.basal_bolus_ctrller][INFO] - Meal = 41 g/min
[2023-03-06 20:24:47,164][simglucose.controller.basal_bolus_ctrller][INFO] - glucose = 117.18787625132929
[2023-03-06 20:24:47,298][simglucose.patient.t1dpatient][INFO] - t = 1206.0, Patient finishes eating!
[2023-03-06 20:24:50,674][simglucose.actuator.pump][INFO] - Resetting insulin pump ...
[2023-03-06 20:24:50,968][simglucose.simulation.scenario_gen][INFO] - Time for meal!
[2023-03-06 20:24:50,968][simglucose.patient.t1dpatient][INFO] - t = 33.0, patient starts eating ...
[2023-03-06 20:24:51,063][simglucose.controller.basal_bolus_ctrller][INFO] - Calculating bolus ...
[2023-03-06 20:24:51,064][simglucose.controller.basal_bolus_ctrller][INFO] - Meal = 68 g/min
[2023-03-06 20:24:51,064][simglucose.controller.basal_bolus_ctrller][INFO] - glucose = 142.64021120356816
[2023-03-06 20:24:51,276][simglucose.patient.t1dpatient][INFO] - t = 47.0, Patient finishes eating!
[2023-03-06 20:24:53,233][simglucose.actuator.pump][INFO] - Resetting insulin pump ...
[2023-03-06 20:24:54,680][simglucose.simulation.scenario_gen][INFO] - Time for meal!
[2023-03-06 20:24:54,681][simglucose.patient.t1dpatient][INFO] - t = 247.0, patient starts eating ...
[2023-03-06 20:24:54,763][simglucose.controller.basal_bolus_ctrller][INFO] - Calculating bolus ...
[2023-03-06 20:24:54,764][simglucose.controller.basal_bolus_ctrller][INFO] - Meal = 78 g/min
[2023-03-06 20:24:54,764][simglucose.controller.basal_bolus_ctrller][INFO] - glucose = 140.46900481490536
[2023-03-06 20:24:54,942][simglucose.patient.t1dpatient][INFO] - t = 263.0, Patient finishes eating!
[2023-03-06 20:24:56,542][simglucose.simulation.scenario_gen][INFO] - Creating new one day scenario ...
[2023-03-06 20:24:59,685][simglucose.simulation.scenario_gen][INFO] - Time for meal!
[2023-03-06 20:24:59,687][simglucose.patient.t1dpatient][INFO] - t = 1059.0, patient starts eating ...
[2023-03-06 20:24:59,720][simglucose.controller.basal_bolus_ctrller][INFO] - Calculating bolus ...
[2023-03-06 20:24:59,721][simglucose.controller.basal_bolus_ctrller][INFO] - Meal = 51 g/min
[2023-03-06 20:24:59,721][simglucose.controller.basal_bolus_ctrller][INFO] - glucose = 130.44461911728285
[2023-03-06 20:24:59,900][simglucose.patient.t1dpatient][INFO] - t = 1070.0, Patient finishes eating!
[2023-03-06 20:25:00,400][simglucose.simulation.scenario_gen][INFO] - Time for meal!
[2023-03-06 20:25:00,401][simglucose.patient.t1dpatient][INFO] - t = 1135.0, patient starts eating ...
[2023-03-06 20:25:00,407][simglucose.controller.basal_bolus_ctrller][INFO] - Calculating bolus ...
[2023-03-06 20:25:00,408][simglucose.controller.basal_bolus_ctrller][INFO] - Meal = 10 g/min
[2023-03-06 20:25:00,408][simglucose.controller.basal_bolus_ctrller][INFO] - glucose = 150.39066773671308
[2023-03-06 20:25:00,419][simglucose.patient.t1dpatient][INFO] - t = 1137.0, Patient finishes eating!
[2023-03-06 20:25:01,080][simglucose.simulation.scenario_gen][INFO] - Time for meal!
[2023-03-06 20:25:01,081][simglucose.patient.t1dpatient][INFO] - t = 1243.0, patient starts eating ...
[2023-03-06 20:25:01,087][simglucose.controller.basal_bolus_ctrller][INFO] - Calculating bolus ...
[2023-03-06 20:25:01,088][simglucose.controller.basal_bolus_ctrller][INFO] - Meal = 84 g/min
[2023-03-06 20:25:01,088][simglucose.controller.basal_bolus_ctrller][INFO] - glucose = 120.04956367293
[2023-03-06 20:25:01,280][simglucose.patient.t1dpatient][INFO] - t = 1260.0, Patient finishes eating!
[2023-03-06 20:25:03,356][simglucose.simulation.scenario_gen][INFO] - Time for meal!
[2023-03-06 20:25:03,356][simglucose.patient.t1dpatient][INFO] - t = 1602.0, patient starts eating ...
[2023-03-06 20:25:03,385][simglucose.controller.basal_bolus_ctrller][INFO] - Calculating bolus ...
[2023-03-06 20:25:03,387][simglucose.controller.basal_bolus_ctrller][INFO] - Meal = 74 g/min
[2023-03-06 20:25:03,387][simglucose.controller.basal_bolus_ctrller][INFO] - glucose = 93.53243327791895
[2023-03-06 20:25:03,526][simglucose.patient.t1dpatient][INFO] - t = 1617.0, Patient finishes eating!
[2023-03-06 20:25:05,751][simglucose.simulation.scenario_gen][INFO] - Creating new one day scenario ...
[2023-03-06 20:25:07,585][simglucose.simulation.scenario_gen][INFO] - Time for meal!
[2023-03-06 20:25:07,586][simglucose.patient.t1dpatient][INFO] - t = 2303.0, patient starts eating ...
[2023-03-06 20:25:07,616][simglucose.controller.basal_bolus_ctrller][INFO] - Calculating bolus ...
[2023-03-06 20:25:07,617][simglucose.controller.basal_bolus_ctrller][INFO] - Meal = 47 g/min
[2023-03-06 20:25:07,618][simglucose.controller.basal_bolus_ctrller][INFO] - glucose = 128.42569915286887
[2023-03-06 20:25:07,793][simglucose.patient.t1dpatient][INFO] - t = 2313.0, Patient finishes eating!
[2023-03-06 20:25:10,070][simglucose.simulation.scenario_gen][INFO] - Time for meal!
[2023-03-06 20:25:10,071][simglucose.patient.t1dpatient][INFO] - t = 2704.0, patient starts eating ...
[2023-03-06 20:25:10,110][simglucose.controller.basal_bolus_ctrller][INFO] - Calculating bolus ...
[2023-03-06 20:25:10,111][simglucose.controller.basal_bolus_ctrller][INFO] - Meal = 74 g/min
[2023-03-06 20:25:10,112][simglucose.controller.basal_bolus_ctrller][INFO] - glucose = 119.03408509727745
[2023-03-06 20:25:10,275][simglucose.patient.t1dpatient][INFO] - t = 2719.0, Patient finishes eating!
[2023-03-06 20:25:11,270][simglucose.simulation.scenario_gen][INFO] - Time for meal!
[2023-03-06 20:25:11,271][simglucose.patient.t1dpatient][INFO] - t = 2887.0, patient starts eating ...
[2023-03-06 20:25:11,278][simglucose.controller.basal_bolus_ctrller][INFO] - Calculating bolus ...
[2023-03-06 20:25:11,278][simglucose.controller.basal_bolus_ctrller][INFO] - Meal = 8 g/min
[2023-03-06 20:25:11,279][simglucose.controller.basal_bolus_ctrller][INFO] - glucose = 128.5890852457303
[2023-03-06 20:25:11,289][simglucose.patient.t1dpatient][INFO] - t = 2889.0, Patient finishes eating!
[2023-03-06 20:25:12,256][simglucose.simulation.scenario_gen][INFO] - Time for meal!
[2023-03-06 20:25:12,257][simglucose.patient.t1dpatient][INFO] - t = 3042.0, patient starts eating ...
[2023-03-06 20:25:12,277][simglucose.controller.basal_bolus_ctrller][INFO] - Calculating bolus ...
[2023-03-06 20:25:12,278][simglucose.controller.basal_bolus_ctrller][INFO] - Meal = 65 g/min
[2023-03-06 20:25:12,278][simglucose.controller.basal_bolus_ctrller][INFO] - glucose = 91.39978940274452
[2023-03-06 20:25:12,477][simglucose.patient.t1dpatient][INFO] - t = 3055.0, Patient finishes eating!
[2023-03-06 20:25:14,660][simglucose.simulation.scenario_gen][INFO] - Creating new one day scenario ...
[2023-03-06 20:25:17,469][simglucose.simulation.scenario_gen][INFO] - Time for meal!
[2023-03-06 20:25:17,469][simglucose.patient.t1dpatient][INFO] - t = 3883.0, patient starts eating ...
[2023-03-06 20:25:17,499][simglucose.controller.basal_bolus_ctrller][INFO] - Calculating bolus ...
[2023-03-06 20:25:17,499][simglucose.controller.basal_bolus_ctrller][INFO] - Meal = 51 g/min
[2023-03-06 20:25:17,500][simglucose.controller.basal_bolus_ctrller][INFO] - glucose = 139.73446559836864
[2023-03-06 20:25:17,687][simglucose.patient.t1dpatient][INFO] - t = 3894.0, Patient finishes eating!
[2023-03-06 20:25:19,063][simglucose.simulation.scenario_gen][INFO] - Time for meal!
[2023-03-06 20:25:19,064][simglucose.patient.t1dpatient][INFO] - t = 4139.0, patient starts eating ...
[2023-03-06 20:25:19,084][simglucose.controller.basal_bolus_ctrller][INFO] - Calculating bolus ...
[2023-03-06 20:25:19,085][simglucose.controller.basal_bolus_ctrller][INFO] - Meal = 81 g/min
[2023-03-06 20:25:19,085][simglucose.controller.basal_bolus_ctrller][INFO] - glucose = 128.70876913731354
[2023-03-06 20:25:19,250][simglucose.patient.t1dpatient][INFO] - t = 4156.0, Patient finishes eating!
[2023-03-06 20:25:21,122][simglucose.simulation.scenario_gen][INFO] - Time for meal!
[2023-03-06 20:25:21,123][simglucose.patient.t1dpatient][INFO] - t = 4463.0, patient starts eating ...
[2023-03-06 20:25:21,144][simglucose.controller.basal_bolus_ctrller][INFO] - Calculating bolus ...
[2023-03-06 20:25:21,145][simglucose.controller.basal_bolus_ctrller][INFO] - Meal = 73 g/min
[2023-03-06 20:25:21,145][simglucose.controller.basal_bolus_ctrller][INFO] - glucose = 87.56383314534786
[2023-03-06 20:25:21,325][simglucose.patient.t1dpatient][INFO] - t = 4478.0, Patient finishes eating!
[2023-03-06 20:25:23,435][simglucose.simulation.scenario_gen][INFO] - Creating new one day scenario ...
[2023-03-06 20:25:24,814][simglucose.actuator.pump][INFO] - Resetting insulin pump ...
[2023-03-06 20:25:25,309][simglucose.simulation.scenario_gen][INFO] - Time for meal!
[2023-03-06 20:25:25,310][simglucose.patient.t1dpatient][INFO] - t = 75.0, patient starts eating ...
[2023-03-06 20:25:25,390][simglucose.controller.basal_bolus_ctrller][INFO] - Calculating bolus ...
[2023-03-06 20:25:25,390][simglucose.controller.basal_bolus_ctrller][INFO] - Meal = 17 g/min
[2023-03-06 20:25:25,391][simglucose.controller.basal_bolus_ctrller][INFO] - glucose = 166.65932269062068
[2023-03-06 20:25:25,460][simglucose.patient.t1dpatient][INFO] - t = 79.0, Patient finishes eating!
[2023-03-06 20:25:26,138][simglucose.simulation.scenario_gen][INFO] - Creating new one day scenario ...
[2023-03-06 20:25:27,518][simglucose.actuator.pump][INFO] - Resetting insulin pump ...
[2023-03-06 20:25:28,317][simglucose.simulation.scenario_gen][INFO] - Creating new one day scenario ...
[2023-03-06 20:25:31,012][simglucose.simulation.scenario_gen][INFO] - Time for meal!
[2023-03-06 20:25:31,013][simglucose.patient.t1dpatient][INFO] - t = 602.0, patient starts eating ...
[2023-03-06 20:25:31,106][simglucose.controller.basal_bolus_ctrller][INFO] - Calculating bolus ...
[2023-03-06 20:25:31,107][simglucose.controller.basal_bolus_ctrller][INFO] - Meal = 45 g/min
[2023-03-06 20:25:31,107][simglucose.controller.basal_bolus_ctrller][INFO] - glucose = 153.23321123207876
[2023-03-06 20:25:31,236][simglucose.patient.t1dpatient][INFO] - t = 611.0, Patient finishes eating!
[2023-03-06 20:25:32,857][simglucose.simulation.scenario_gen][INFO] - Time for meal!
[2023-03-06 20:25:32,859][simglucose.patient.t1dpatient][INFO] - t = 888.0, patient starts eating ...
[2023-03-06 20:25:32,886][simglucose.controller.basal_bolus_ctrller][INFO] - Calculating bolus ...
[2023-03-06 20:25:32,887][simglucose.controller.basal_bolus_ctrller][INFO] - Meal = 86 g/min
[2023-03-06 20:25:32,887][simglucose.controller.basal_bolus_ctrller][INFO] - glucose = 117.49457647701543
[2023-03-06 20:25:33,063][simglucose.patient.t1dpatient][INFO] - t = 906.0, Patient finishes eating!
[2023-03-06 20:25:33,674][simglucose.simulation.scenario_gen][INFO] - Time for meal!
[2023-03-06 20:25:33,675][simglucose.patient.t1dpatient][INFO] - t = 1005.0, patient starts eating ...
[2023-03-06 20:25:33,683][simglucose.controller.basal_bolus_ctrller][INFO] - Calculating bolus ...
[2023-03-06 20:25:33,683][simglucose.controller.basal_bolus_ctrller][INFO] - Meal = 3 g/min
[2023-03-06 20:25:33,684][simglucose.controller.basal_bolus_ctrller][INFO] - glucose = 126.46424620407714
[2023-03-06 20:25:33,685][simglucose.patient.t1dpatient][INFO] - t = 1006.0, Patient finishes eating!
[2023-03-06 20:25:34,626][simglucose.simulation.scenario_gen][INFO] - Time for meal!
[2023-03-06 20:25:34,660][simglucose.patient.t1dpatient][INFO] - t = 1181.0, patient starts eating ...
[2023-03-06 20:25:34,703][simglucose.controller.basal_bolus_ctrller][INFO] - Calculating bolus ...
[2023-03-06 20:25:34,704][simglucose.controller.basal_bolus_ctrller][INFO] - Meal = 64 g/min
[2023-03-06 20:25:34,705][simglucose.controller.basal_bolus_ctrller][INFO] - glucose = 130.3766010681411
[2023-03-06 20:25:34,954][simglucose.patient.t1dpatient][INFO] - t = 1194.0, Patient finishes eating!
[2023-03-06 20:25:36,460][simglucose.simulation.scenario_gen][INFO] - Time for meal!
[2023-03-06 20:25:36,462][simglucose.patient.t1dpatient][INFO] - t = 1410.0, patient starts eating ...
[2023-03-06 20:25:36,479][simglucose.controller.basal_bolus_ctrller][INFO] - Calculating bolus ...
[2023-03-06 20:25:36,480][simglucose.controller.basal_bolus_ctrller][INFO] - Meal = 6 g/min
[2023-03-06 20:25:36,480][simglucose.controller.basal_bolus_ctrller][INFO] - glucose = 87.00135872099926
[2023-03-06 20:25:36,491][simglucose.patient.t1dpatient][INFO] - t = 1412.0, Patient finishes eating!
[2023-03-06 20:25:37,979][simglucose.simulation.scenario_gen][INFO] - Creating new one day scenario ...
[2023-03-06 20:25:41,126][simglucose.simulation.scenario_gen][INFO] - Time for meal!
[2023-03-06 20:25:41,127][simglucose.patient.t1dpatient][INFO] - t = 1948.0, patient starts eating ...
[2023-03-06 20:25:41,180][simglucose.controller.basal_bolus_ctrller][INFO] - Calculating bolus ...
[2023-03-06 20:25:41,181][simglucose.controller.basal_bolus_ctrller][INFO] - Meal = 55 g/min
[2023-03-06 20:25:41,181][simglucose.controller.basal_bolus_ctrller][INFO] - glucose = 134.89898438777516
[2023-03-06 20:25:41,426][simglucose.patient.t1dpatient][INFO] - t = 1959.0, Patient finishes eating!
[2023-03-06 20:25:42,978][simglucose.simulation.scenario_gen][INFO] - Time for meal!
[2023-03-06 20:25:42,980][simglucose.patient.t1dpatient][INFO] - t = 2111.0, patient starts eating ...
[2023-03-06 20:25:43,037][simglucose.controller.basal_bolus_ctrller][INFO] - Calculating bolus ...
[2023-03-06 20:25:43,039][simglucose.controller.basal_bolus_ctrller][INFO] - Meal = 12 g/min
[2023-03-06 20:25:43,041][simglucose.controller.basal_bolus_ctrller][INFO] - glucose = 144.8045574164806
[2023-03-06 20:25:43,115][simglucose.patient.t1dpatient][INFO] - t = 2114.0, Patient finishes eating!
[2023-03-06 20:25:44,712][simglucose.actuator.pump][INFO] - Resetting insulin pump ...
[2023-03-06 20:25:45,700][simglucose.simulation.scenario_gen][INFO] - Time for meal!
[2023-03-06 20:25:45,701][simglucose.patient.t1dpatient][INFO] - t = 61.0, patient starts eating ...
[2023-03-06 20:25:45,899][simglucose.controller.basal_bolus_ctrller][INFO] - Calculating bolus ...
[2023-03-06 20:25:45,900][simglucose.controller.basal_bolus_ctrller][INFO] - Meal = 65 g/min
[2023-03-06 20:25:45,901][simglucose.controller.basal_bolus_ctrller][INFO] - glucose = 160.04129803407662
[2023-03-06 20:25:46,293][simglucose.patient.t1dpatient][INFO] - t = 74.0, Patient finishes eating!
[2023-03-06 20:25:51,119][simglucose.simulation.scenario_gen][INFO] - Time for meal!
[2023-03-06 20:25:51,121][simglucose.patient.t1dpatient][INFO] - t = 455.0, patient starts eating ...
[2023-03-06 20:25:51,167][simglucose.controller.basal_bolus_ctrller][INFO] - Calculating bolus ...
[2023-03-06 20:25:51,167][simglucose.controller.basal_bolus_ctrller][INFO] - Meal = 87 g/min
[2023-03-06 20:25:51,167][simglucose.controller.basal_bolus_ctrller][INFO] - glucose = 115.01766912778058
[2023-03-06 20:25:51,370][simglucose.patient.t1dpatient][INFO] - t = 473.0, Patient finishes eating!
[2023-03-06 20:25:53,197][simglucose.simulation.scenario_gen][INFO] - Creating new one day scenario ...
[2023-03-06 20:25:54,866][simglucose.actuator.pump][INFO] - Resetting insulin pump ...
[2023-03-06 20:25:56,078][simglucose.simulation.scenario_gen][INFO] - Time for meal!
[2023-03-06 20:25:56,080][simglucose.patient.t1dpatient][INFO] - t = 199.0, patient starts eating ...
[2023-03-06 20:25:56,215][simglucose.controller.basal_bolus_ctrller][INFO] - Calculating bolus ...
[2023-03-06 20:25:56,216][simglucose.controller.basal_bolus_ctrller][INFO] - Meal = 33 g/min
[2023-03-06 20:25:56,217][simglucose.controller.basal_bolus_ctrller][INFO] - glucose = 138.56546307732444
[2023-03-06 20:25:56,368][simglucose.patient.t1dpatient][INFO] - t = 206.0, Patient finishes eating!
[2023-03-06 20:25:58,054][simglucose.simulation.scenario_gen][INFO] - Time for meal!
[2023-03-06 20:25:58,055][simglucose.patient.t1dpatient][INFO] - t = 493.0, patient starts eating ...
[2023-03-06 20:25:58,082][simglucose.controller.basal_bolus_ctrller][INFO] - Calculating bolus ...
[2023-03-06 20:25:58,083][simglucose.controller.basal_bolus_ctrller][INFO] - Meal = 70 g/min
[2023-03-06 20:25:58,083][simglucose.controller.basal_bolus_ctrller][INFO] - glucose = 120.47859765747538
[2023-03-06 20:25:58,212][simglucose.patient.t1dpatient][INFO] - t = 507.0, Patient finishes eating!
[2023-03-06 20:25:59,734][simglucose.simulation.scenario_gen][INFO] - Time for meal!
[2023-03-06 20:25:59,735][simglucose.patient.t1dpatient][INFO] - t = 788.0, patient starts eating ...
[2023-03-06 20:25:59,777][simglucose.controller.basal_bolus_ctrller][INFO] - Calculating bolus ...
[2023-03-06 20:25:59,777][simglucose.controller.basal_bolus_ctrller][INFO] - Meal = 72 g/min
[2023-03-06 20:25:59,778][simglucose.controller.basal_bolus_ctrller][INFO] - glucose = 104.87276719820476
[2023-03-06 20:25:59,923][simglucose.patient.t1dpatient][INFO] - t = 803.0, Patient finishes eating!
[2023-03-06 20:26:02,369][simglucose.simulation.scenario_gen][INFO] - Creating new one day scenario ...
[2023-03-06 20:26:04,864][simglucose.simulation.scenario_gen][INFO] - Time for meal!
[2023-03-06 20:26:04,864][simglucose.patient.t1dpatient][INFO] - t = 1621.0, patient starts eating ...
[2023-03-06 20:26:04,895][simglucose.controller.basal_bolus_ctrller][INFO] - Calculating bolus ...
[2023-03-06 20:26:04,896][simglucose.controller.basal_bolus_ctrller][INFO] - Meal = 66 g/min
[2023-03-06 20:26:04,896][simglucose.controller.basal_bolus_ctrller][INFO] - glucose = 148.6667339674675
[2023-03-06 20:26:05,053][simglucose.patient.t1dpatient][INFO] - t = 1635.0, Patient finishes eating!
[2023-03-06 20:26:05,667][simglucose.simulation.scenario_gen][INFO] - Time for meal!
[2023-03-06 20:26:05,668][simglucose.patient.t1dpatient][INFO] - t = 1742.0, patient starts eating ...
[2023-03-06 20:26:05,674][simglucose.controller.basal_bolus_ctrller][INFO] - Calculating bolus ...
[2023-03-06 20:26:05,675][simglucose.controller.basal_bolus_ctrller][INFO] - Meal = 9 g/min
[2023-03-06 20:26:05,676][simglucose.controller.basal_bolus_ctrller][INFO] - glucose = 144.2773259056645
[2023-03-06 20:26:05,687][simglucose.patient.t1dpatient][INFO] - t = 1744.0, Patient finishes eating!
[2023-03-06 20:26:06,626][simglucose.actuator.pump][INFO] - Resetting insulin pump ...
[2023-03-06 20:26:07,117][simglucose.simulation.scenario_gen][INFO] - Creating new one day scenario ...
[2023-03-06 20:26:09,348][simglucose.simulation.scenario_gen][INFO] - Time for meal!
[2023-03-06 20:26:09,349][simglucose.patient.t1dpatient][INFO] - t = 512.0, patient starts eating ...
[2023-03-06 20:26:09,415][simglucose.controller.basal_bolus_ctrller][INFO] - Calculating bolus ...
[2023-03-06 20:26:09,417][simglucose.controller.basal_bolus_ctrller][INFO] - Meal = 49 g/min
[2023-03-06 20:26:09,417][simglucose.controller.basal_bolus_ctrller][INFO] - glucose = 142.16102749160726
[2023-03-06 20:26:09,543][simglucose.patient.t1dpatient][INFO] - t = 522.0, Patient finishes eating!
[2023-03-06 20:26:10,093][simglucose.simulation.scenario_gen][INFO] - Time for meal!
[2023-03-06 20:26:10,094][simglucose.patient.t1dpatient][INFO] - t = 614.0, patient starts eating ...
[2023-03-06 20:26:10,102][simglucose.controller.basal_bolus_ctrller][INFO] - Calculating bolus ...
[2023-03-06 20:26:10,102][simglucose.controller.basal_bolus_ctrller][INFO] - Meal = 7 g/min
[2023-03-06 20:26:10,103][simglucose.controller.basal_bolus_ctrller][INFO] - glucose = 138.9749992547083
[2023-03-06 20:26:10,116][simglucose.patient.t1dpatient][INFO] - t = 616.0, Patient finishes eating!
[2023-03-06 20:26:11,244][simglucose.simulation.scenario_gen][INFO] - Time for meal!
[2023-03-06 20:26:11,246][simglucose.patient.t1dpatient][INFO] - t = 816.0, patient starts eating ...
[2023-03-06 20:26:11,260][simglucose.controller.basal_bolus_ctrller][INFO] - Calculating bolus ...
[2023-03-06 20:26:11,260][simglucose.controller.basal_bolus_ctrller][INFO] - Meal = 69 g/min
[2023-03-06 20:26:11,260][simglucose.controller.basal_bolus_ctrller][INFO] - glucose = 113.42433604231432
[2023-03-06 20:26:11,414][simglucose.patient.t1dpatient][INFO] - t = 830.0, Patient finishes eating!
[2023-03-06 20:26:13,222][simglucose.simulation.scenario_gen][INFO] - Time for meal!
[2023-03-06 20:26:13,222][simglucose.patient.t1dpatient][INFO] - t = 1137.0, patient starts eating ...
[2023-03-06 20:26:13,252][simglucose.controller.basal_bolus_ctrller][INFO] - Calculating bolus ...
[2023-03-06 20:26:13,253][simglucose.controller.basal_bolus_ctrller][INFO] - Meal = 94 g/min
[2023-03-06 20:26:13,253][simglucose.controller.basal_bolus_ctrller][INFO] - glucose = 100.70286423914374
[2023-03-06 20:26:13,446][simglucose.patient.t1dpatient][INFO] - t = 1156.0, Patient finishes eating!
[2023-03-06 20:26:15,499][simglucose.simulation.scenario_gen][INFO] - Creating new one day scenario ...
[2023-03-06 20:26:17,607][simglucose.simulation.scenario_gen][INFO] - Time for meal!
[2023-03-06 20:26:17,608][simglucose.patient.t1dpatient][INFO] - t = 1868.0, patient starts eating ...
[2023-03-06 20:26:17,636][simglucose.controller.basal_bolus_ctrller][INFO] - Calculating bolus ...
[2023-03-06 20:26:17,637][simglucose.controller.basal_bolus_ctrller][INFO] - Meal = 46 g/min
[2023-03-06 20:26:17,638][simglucose.controller.basal_bolus_ctrller][INFO] - glucose = 134.3047899348427
[2023-03-06 20:26:17,796][simglucose.patient.t1dpatient][INFO] - t = 1878.0, Patient finishes eating!
[2023-03-06 20:26:18,971][simglucose.simulation.scenario_gen][INFO] - Time for meal!
[2023-03-06 20:26:18,972][simglucose.patient.t1dpatient][INFO] - t = 2041.0, patient starts eating ...
[2023-03-06 20:26:18,991][simglucose.controller.basal_bolus_ctrller][INFO] - Calculating bolus ...
[2023-03-06 20:26:18,992][simglucose.controller.basal_bolus_ctrller][INFO] - Meal = 7 g/min
[2023-03-06 20:26:18,992][simglucose.controller.basal_bolus_ctrller][INFO] - glucose = 129.7780906379263
[2023-03-06 20:26:19,004][simglucose.patient.t1dpatient][INFO] - t = 2043.0, Patient finishes eating!
[2023-03-06 20:26:19,996][simglucose.simulation.scenario_gen][INFO] - Time for meal!
[2023-03-06 20:26:19,997][simglucose.patient.t1dpatient][INFO] - t = 2201.0, patient starts eating ...
[2023-03-06 20:26:20,011][simglucose.controller.basal_bolus_ctrller][INFO] - Calculating bolus ...
[2023-03-06 20:26:20,011][simglucose.controller.basal_bolus_ctrller][INFO] - Meal = 53 g/min
[2023-03-06 20:26:20,012][simglucose.controller.basal_bolus_ctrller][INFO] - glucose = 118.60647928778684
[2023-03-06 20:26:20,162][simglucose.patient.t1dpatient][INFO] - t = 2212.0, Patient finishes eating!
[2023-03-06 20:26:20,794][simglucose.actuator.pump][INFO] - Resetting insulin pump ...
[2023-03-06 20:26:22,446][simglucose.simulation.scenario_gen][INFO] - Creating new one day scenario ...
[2023-03-06 20:26:24,520][simglucose.simulation.scenario_gen][INFO] - Time for meal!
[2023-03-06 20:26:24,520][simglucose.patient.t1dpatient][INFO] - t = 675.0, patient starts eating ...
[2023-03-06 20:26:24,602][simglucose.controller.basal_bolus_ctrller][INFO] - Calculating bolus ...
[2023-03-06 20:26:24,603][simglucose.controller.basal_bolus_ctrller][INFO] - Meal = 38 g/min
[2023-03-06 20:26:24,604][simglucose.controller.basal_bolus_ctrller][INFO] - glucose = 160.02285184127237
[2023-03-06 20:26:24,746][simglucose.patient.t1dpatient][INFO] - t = 683.0, Patient finishes eating!
[2023-03-06 20:26:25,968][simglucose.simulation.scenario_gen][INFO] - Time for meal!
[2023-03-06 20:26:25,969][simglucose.patient.t1dpatient][INFO] - t = 871.0, patient starts eating ...
[2023-03-06 20:26:26,009][simglucose.controller.basal_bolus_ctrller][INFO] - Calculating bolus ...
[2023-03-06 20:26:26,010][simglucose.controller.basal_bolus_ctrller][INFO] - Meal = 9 g/min
[2023-03-06 20:26:26,011][simglucose.controller.basal_bolus_ctrller][INFO] - glucose = 122.21439049343644
[2023-03-06 20:26:26,036][simglucose.patient.t1dpatient][INFO] - t = 873.0, Patient finishes eating!
[2023-03-06 20:26:27,043][simglucose.simulation.scenario_gen][INFO] - Time for meal!
[2023-03-06 20:26:27,147][simglucose.patient.t1dpatient][INFO] - t = 1033.0, patient starts eating ...
[2023-03-06 20:26:27,245][simglucose.controller.basal_bolus_ctrller][INFO] - Calculating bolus ...
[2023-03-06 20:26:27,247][simglucose.controller.basal_bolus_ctrller][INFO] - Meal = 56 g/min
[2023-03-06 20:26:27,248][simglucose.controller.basal_bolus_ctrller][INFO] - glucose = 108.37873049435593
[2023-03-06 20:26:27,471][simglucose.patient.t1dpatient][INFO] - t = 1045.0, Patient finishes eating!
[2023-03-06 20:26:28,968][simglucose.simulation.scenario_gen][INFO] - Time for meal!
[2023-03-06 20:26:28,970][simglucose.patient.t1dpatient][INFO] - t = 1291.0, patient starts eating ...
[2023-03-06 20:26:28,999][simglucose.controller.basal_bolus_ctrller][INFO] - Calculating bolus ...
[2023-03-06 20:26:29,001][simglucose.controller.basal_bolus_ctrller][INFO] - Meal = 64 g/min
[2023-03-06 20:26:29,001][simglucose.controller.basal_bolus_ctrller][INFO] - glucose = 113.40830284877315
[2023-03-06 20:26:29,161][simglucose.patient.t1dpatient][INFO] - t = 1304.0, Patient finishes eating!
[2023-03-06 20:26:30,862][simglucose.simulation.scenario_gen][INFO] - Time for meal!
[2023-03-06 20:26:30,864][simglucose.patient.t1dpatient][INFO] - t = 1582.0, patient starts eating ...
[2023-03-06 20:26:30,886][simglucose.controller.basal_bolus_ctrller][INFO] - Calculating bolus ...
[2023-03-06 20:26:30,886][simglucose.controller.basal_bolus_ctrller][INFO] - Meal = 10 g/min
[2023-03-06 20:26:30,887][simglucose.controller.basal_bolus_ctrller][INFO] - glucose = 77.82478114965767
[2023-03-06 20:26:30,903][simglucose.patient.t1dpatient][INFO] - t = 1584.0, Patient finishes eating!
[2023-03-06 20:26:31,876][simglucose.simulation.scenario_gen][INFO] - Creating new one day scenario ...
[2023-03-06 20:26:34,611][simglucose.simulation.scenario_gen][INFO] - Time for meal!
[2023-03-06 20:26:34,612][simglucose.patient.t1dpatient][INFO] - t = 2221.0, patient starts eating ...
[2023-03-06 20:26:34,646][simglucose.controller.basal_bolus_ctrller][INFO] - Calculating bolus ...
[2023-03-06 20:26:34,647][simglucose.controller.basal_bolus_ctrller][INFO] - Meal = 44 g/min
[2023-03-06 20:26:34,647][simglucose.controller.basal_bolus_ctrller][INFO] - glucose = 128.41869533982998
[2023-03-06 20:26:34,813][simglucose.patient.t1dpatient][INFO] - t = 2230.0, Patient finishes eating!
[2023-03-06 20:26:36,331][simglucose.simulation.scenario_gen][INFO] - Time for meal!
[2023-03-06 20:26:36,332][simglucose.patient.t1dpatient][INFO] - t = 2449.0, patient starts eating ...
[2023-03-06 20:26:36,372][simglucose.controller.basal_bolus_ctrller][INFO] - Calculating bolus ...
[2023-03-06 20:26:36,374][simglucose.controller.basal_bolus_ctrller][INFO] - Meal = 80 g/min
[2023-03-06 20:26:36,375][simglucose.controller.basal_bolus_ctrller][INFO] - glucose = 151.32005086284855
[2023-03-06 20:26:36,707][simglucose.patient.t1dpatient][INFO] - t = 2465.0, Patient finishes eating!
[2023-03-06 20:26:41,282][simglucose.simulation.scenario_gen][INFO] - Creating new one day scenario ...
[2023-03-06 20:26:45,361][simglucose.simulation.scenario_gen][INFO] - Time for meal!
[2023-03-06 20:26:45,362][simglucose.patient.t1dpatient][INFO] - t = 3619.0, patient starts eating ...
[2023-03-06 20:26:45,434][simglucose.controller.basal_bolus_ctrller][INFO] - Calculating bolus ...
[2023-03-06 20:26:45,435][simglucose.controller.basal_bolus_ctrller][INFO] - Meal = 48 g/min
[2023-03-06 20:26:45,437][simglucose.controller.basal_bolus_ctrller][INFO] - glucose = 87.68540062479656
[2023-03-06 20:26:45,604][simglucose.patient.t1dpatient][INFO] - t = 3629.0, Patient finishes eating!
[2023-03-06 20:26:45,728][simglucose.actuator.pump][INFO] - Resetting insulin pump ...
[2023-03-06 20:26:45,858][simglucose.simulation.scenario_gen][INFO] - Time for meal!
[2023-03-06 20:26:45,860][simglucose.patient.t1dpatient][INFO] - t = 6.0, patient starts eating ...
[2023-03-06 20:26:45,958][simglucose.controller.basal_bolus_ctrller][INFO] - Calculating bolus ...
[2023-03-06 20:26:45,960][simglucose.controller.basal_bolus_ctrller][INFO] - Meal = 74 g/min
[2023-03-06 20:26:45,960][simglucose.controller.basal_bolus_ctrller][INFO] - glucose = 163.54224076542815
[2023-03-06 20:26:46,230][simglucose.patient.t1dpatient][INFO] - t = 21.0, Patient finishes eating!
[2023-03-06 20:26:49,160][simglucose.simulation.scenario_gen][INFO] - Time for meal!
[2023-03-06 20:26:49,162][simglucose.patient.t1dpatient][INFO] - t = 268.0, patient starts eating ...
[2023-03-06 20:26:49,234][simglucose.controller.basal_bolus_ctrller][INFO] - Calculating bolus ...
[2023-03-06 20:26:49,236][simglucose.controller.basal_bolus_ctrller][INFO] - Meal = 90 g/min
[2023-03-06 20:26:49,237][simglucose.controller.basal_bolus_ctrller][INFO] - glucose = 113.76507408214123
[2023-03-06 20:26:49,774][simglucose.patient.t1dpatient][INFO] - t = 286.0, Patient finishes eating!
[2023-03-06 20:26:53,575][simglucose.simulation.scenario_gen][INFO] - Time for meal!
[2023-03-06 20:26:53,575][simglucose.patient.t1dpatient][INFO] - t = 589.0, patient starts eating ...
[2023-03-06 20:26:53,607][simglucose.controller.basal_bolus_ctrller][INFO] - Calculating bolus ...
[2023-03-06 20:26:53,607][simglucose.controller.basal_bolus_ctrller][INFO] - Meal = 11 g/min
[2023-03-06 20:26:53,608][simglucose.controller.basal_bolus_ctrller][INFO] - glucose = 97.7711806958976
[2023-03-06 20:26:53,642][simglucose.patient.t1dpatient][INFO] - t = 592.0, Patient finishes eating!
[2023-03-06 20:26:55,967][simglucose.simulation.scenario_gen][INFO] - Creating new one day scenario ...
[2023-03-06 20:27:00,614][simglucose.simulation.scenario_gen][INFO] - Time for meal!
[2023-03-06 20:27:00,614][simglucose.patient.t1dpatient][INFO] - t = 1155.0, patient starts eating ...
[2023-03-06 20:27:00,665][simglucose.controller.basal_bolus_ctrller][INFO] - Calculating bolus ...
[2023-03-06 20:27:00,665][simglucose.controller.basal_bolus_ctrller][INFO] - Meal = 32 g/min
[2023-03-06 20:27:00,666][simglucose.controller.basal_bolus_ctrller][INFO] - glucose = 128.75929819874122
[2023-03-06 20:27:00,779][simglucose.patient.t1dpatient][INFO] - t = 1162.0, Patient finishes eating!
[2023-03-06 20:27:03,356][simglucose.simulation.scenario_gen][INFO] - Time for meal!
[2023-03-06 20:27:03,357][simglucose.patient.t1dpatient][INFO] - t = 1356.0, patient starts eating ...
[2023-03-06 20:27:03,399][simglucose.controller.basal_bolus_ctrller][INFO] - Calculating bolus ...
[2023-03-06 20:27:03,400][simglucose.controller.basal_bolus_ctrller][INFO] - Meal = 57 g/min
[2023-03-06 20:27:03,401][simglucose.controller.basal_bolus_ctrller][INFO] - glucose = 113.41602010773782
[2023-03-06 20:27:03,615][simglucose.patient.t1dpatient][INFO] - t = 1368.0, Patient finishes eating!
[2023-03-06 20:27:11,339][simglucose.simulation.scenario_gen][INFO] - Time for meal!
[2023-03-06 20:27:11,341][simglucose.patient.t1dpatient][INFO] - t = 1910.0, patient starts eating ...
[2023-03-06 20:27:11,416][simglucose.controller.basal_bolus_ctrller][INFO] - Calculating bolus ...
[2023-03-06 20:27:11,417][simglucose.controller.basal_bolus_ctrller][INFO] - Meal = 93 g/min
[2023-03-06 20:27:11,418][simglucose.controller.basal_bolus_ctrller][INFO] - glucose = 121.00391227445775
[2023-03-06 20:27:11,808][simglucose.patient.t1dpatient][INFO] - t = 1929.0, Patient finishes eating!
[2023-03-06 20:27:12,749][simglucose.simulation.scenario_gen][INFO] - Time for meal!
[2023-03-06 20:27:12,751][simglucose.patient.t1dpatient][INFO] - t = 1988.0, patient starts eating ...
[2023-03-06 20:27:12,775][simglucose.controller.basal_bolus_ctrller][INFO] - Calculating bolus ...
[2023-03-06 20:27:12,777][simglucose.controller.basal_bolus_ctrller][INFO] - Meal = 8 g/min
[2023-03-06 20:27:12,778][simglucose.controller.basal_bolus_ctrller][INFO] - glucose = 155.44230180458823
[2023-03-06 20:27:12,799][simglucose.patient.t1dpatient][INFO] - t = 1990.0, Patient finishes eating!
[2023-03-06 20:27:15,562][simglucose.simulation.scenario_gen][INFO] - Creating new one day scenario ...
[2023-03-06 20:27:17,181][simglucose.actuator.pump][INFO] - Resetting insulin pump ...
[2023-03-06 20:27:18,908][simglucose.simulation.scenario_gen][INFO] - Time for meal!
[2023-03-06 20:27:18,909][simglucose.patient.t1dpatient][INFO] - t = 135.0, patient starts eating ...
[2023-03-06 20:27:19,038][simglucose.controller.basal_bolus_ctrller][INFO] - Calculating bolus ...
[2023-03-06 20:27:19,039][simglucose.controller.basal_bolus_ctrller][INFO] - Meal = 83 g/min
[2023-03-06 20:27:19,040][simglucose.controller.basal_bolus_ctrller][INFO] - glucose = 148.5977763368279
[2023-03-06 20:27:19,321][simglucose.patient.t1dpatient][INFO] - t = 152.0, Patient finishes eating!
[2023-03-06 20:27:21,658][simglucose.simulation.scenario_gen][INFO] - Creating new one day scenario ...
[2023-03-06 20:27:23,834][simglucose.simulation.scenario_gen][INFO] - Time for meal!
[2023-03-06 20:27:23,835][simglucose.patient.t1dpatient][INFO] - t = 914.0, patient starts eating ...
[2023-03-06 20:27:23,889][simglucose.controller.basal_bolus_ctrller][INFO] - Calculating bolus ...
[2023-03-06 20:27:23,891][simglucose.controller.basal_bolus_ctrller][INFO] - Meal = 48 g/min
[2023-03-06 20:27:23,891][simglucose.controller.basal_bolus_ctrller][INFO] - glucose = 130.28054608545102
[2023-03-06 20:27:24,077][simglucose.patient.t1dpatient][INFO] - t = 924.0, Patient finishes eating!
[2023-03-06 20:27:26,446][simglucose.simulation.scenario_gen][INFO] - Time for meal!
[2023-03-06 20:27:26,447][simglucose.patient.t1dpatient][INFO] - t = 1257.0, patient starts eating ...
[2023-03-06 20:27:26,473][simglucose.controller.basal_bolus_ctrller][INFO] - Calculating bolus ...
[2023-03-06 20:27:26,475][simglucose.controller.basal_bolus_ctrller][INFO] - Meal = 66 g/min
[2023-03-06 20:27:26,475][simglucose.controller.basal_bolus_ctrller][INFO] - glucose = 109.15356418213914
[2023-03-06 20:27:26,610][simglucose.patient.t1dpatient][INFO] - t = 1271.0, Patient finishes eating!
[2023-03-06 20:27:29,374][simglucose.simulation.scenario_gen][INFO] - Time for meal!
[2023-03-06 20:27:29,374][simglucose.patient.t1dpatient][INFO] - t = 1729.0, patient starts eating ...
[2023-03-06 20:27:29,410][simglucose.controller.basal_bolus_ctrller][INFO] - Calculating bolus ...
[2023-03-06 20:27:29,411][simglucose.controller.basal_bolus_ctrller][INFO] - Meal = 80 g/min
[2023-03-06 20:27:29,411][simglucose.controller.basal_bolus_ctrller][INFO] - glucose = 122.30933085690256
[2023-03-06 20:27:29,663][simglucose.patient.t1dpatient][INFO] - t = 1745.0, Patient finishes eating!
[2023-03-06 20:27:30,366][simglucose.simulation.scenario_gen][INFO] - Time for meal!
[2023-03-06 20:27:30,367][simglucose.patient.t1dpatient][INFO] - t = 1857.0, patient starts eating ...
[2023-03-06 20:27:30,373][simglucose.controller.basal_bolus_ctrller][INFO] - Calculating bolus ...
[2023-03-06 20:27:30,374][simglucose.controller.basal_bolus_ctrller][INFO] - Meal = 15 g/min
[2023-03-06 20:27:30,374][simglucose.controller.basal_bolus_ctrller][INFO] - glucose = 129.37453238671876
[2023-03-06 20:27:30,390][simglucose.patient.t1dpatient][INFO] - t = 1860.0, Patient finishes eating!
[2023-03-06 20:27:31,110][simglucose.simulation.scenario_gen][INFO] - Creating new one day scenario ...
[2023-03-06 20:27:32,611][simglucose.actuator.pump][INFO] - Resetting insulin pump ...
[2023-03-06 20:27:33,999][simglucose.simulation.scenario_gen][INFO] - Time for meal!
[2023-03-06 20:27:34,000][simglucose.patient.t1dpatient][INFO] - t = 233.0, patient starts eating ...
[2023-03-06 20:27:34,147][simglucose.controller.basal_bolus_ctrller][INFO] - Calculating bolus ...
[2023-03-06 20:27:34,148][simglucose.controller.basal_bolus_ctrller][INFO] - Meal = 37 g/min
[2023-03-06 20:27:34,149][simglucose.controller.basal_bolus_ctrller][INFO] - glucose = 50.02923292580321
[2023-03-06 20:27:34,325][simglucose.patient.t1dpatient][INFO] - t = 241.0, Patient finishes eating!
[2023-03-06 20:27:34,403][simglucose.actuator.pump][INFO] - Resetting insulin pump ...
[2023-03-06 20:27:35,604][simglucose.simulation.scenario_gen][INFO] - Creating new one day scenario ...
[2023-03-06 20:27:38,175][simglucose.actuator.pump][INFO] - Resetting insulin pump ...
[2023-03-06 20:27:39,657][simglucose.simulation.scenario_gen][INFO] - Creating new one day scenario ...
[2023-03-06 20:27:41,030][simglucose.actuator.pump][INFO] - Resetting insulin pump ...
[2023-03-06 20:27:41,505][simglucose.simulation.scenario_gen][INFO] - Creating new one day scenario ...
[2023-03-06 20:27:44,195][simglucose.simulation.scenario_gen][INFO] - Time for meal!
[2023-03-06 20:27:44,196][simglucose.patient.t1dpatient][INFO] - t = 533.0, patient starts eating ...
[2023-03-06 20:27:44,267][simglucose.controller.basal_bolus_ctrller][INFO] - Calculating bolus ...
[2023-03-06 20:27:44,268][simglucose.controller.basal_bolus_ctrller][INFO] - Meal = 57 g/min
[2023-03-06 20:27:44,268][simglucose.controller.basal_bolus_ctrller][INFO] - glucose = 160.28905311396548
[2023-03-06 20:27:44,436][simglucose.patient.t1dpatient][INFO] - t = 545.0, Patient finishes eating!
[2023-03-06 20:27:44,968][simglucose.simulation.scenario_gen][INFO] - Time for meal!
[2023-03-06 20:27:44,969][simglucose.patient.t1dpatient][INFO] - t = 620.0, patient starts eating ...
[2023-03-06 20:27:44,976][simglucose.controller.basal_bolus_ctrller][INFO] - Calculating bolus ...
[2023-03-06 20:27:44,976][simglucose.controller.basal_bolus_ctrller][INFO] - Meal = 5 g/min
[2023-03-06 20:27:44,977][simglucose.controller.basal_bolus_ctrller][INFO] - glucose = 162.73416829942684
[2023-03-06 20:27:44,978][simglucose.patient.t1dpatient][INFO] - t = 621.0, Patient finishes eating!
[2023-03-06 20:27:45,811][simglucose.actuator.pump][INFO] - Resetting insulin pump ...
[2023-03-06 20:27:47,352][simglucose.simulation.scenario_gen][INFO] - Creating new one day scenario ...
[2023-03-06 20:27:48,631][simglucose.actuator.pump][INFO] - Resetting insulin pump ...
[2023-03-06 20:27:51,651][simglucose.simulation.scenario_gen][INFO] - Creating new one day scenario ...
[2023-03-06 20:28:11,364][simglucose.simulation.scenario_gen][INFO] - Time for meal!
[2023-03-06 20:28:11,364][simglucose.patient.t1dpatient][INFO] - t = 521.0, patient starts eating ...
[2023-03-06 20:28:11,483][simglucose.controller.basal_bolus_ctrller][INFO] - Calculating bolus ...
[2023-03-06 20:28:11,484][simglucose.controller.basal_bolus_ctrller][INFO] - Meal = 49 g/min
[2023-03-06 20:28:11,484][simglucose.controller.basal_bolus_ctrller][INFO] - glucose = 143.552658067668
[2023-03-06 20:28:11,953][simglucose.patient.t1dpatient][INFO] - t = 531.0, Patient finishes eating!
[2023-03-06 20:28:24,333][simglucose.simulation.scenario_gen][INFO] - Time for meal!
[2023-03-06 20:28:24,334][simglucose.patient.t1dpatient][INFO] - t = 813.0, patient starts eating ...
[2023-03-06 20:28:24,387][simglucose.controller.basal_bolus_ctrller][INFO] - Calculating bolus ...
[2023-03-06 20:28:24,388][simglucose.controller.basal_bolus_ctrller][INFO] - Meal = 54 g/min
[2023-03-06 20:28:24,388][simglucose.controller.basal_bolus_ctrller][INFO] - glucose = 137.8879670678345
[2023-03-06 20:28:24,895][simglucose.patient.t1dpatient][INFO] - t = 824.0, Patient finishes eating!
[2023-03-06 20:28:39,714][simglucose.simulation.scenario_gen][INFO] - Time for meal!
[2023-03-06 20:28:39,715][simglucose.patient.t1dpatient][INFO] - t = 1160.0, patient starts eating ...
[2023-03-06 20:28:39,778][simglucose.controller.basal_bolus_ctrller][INFO] - Calculating bolus ...
[2023-03-06 20:28:39,778][simglucose.controller.basal_bolus_ctrller][INFO] - Meal = 76 g/min
[2023-03-06 20:28:39,779][simglucose.controller.basal_bolus_ctrller][INFO] - glucose = 90.47519311939439
[2023-03-06 20:28:40,508][simglucose.patient.t1dpatient][INFO] - t = 1176.0, Patient finishes eating!
[2023-03-06 20:28:54,998][simglucose.simulation.scenario_gen][INFO] - Creating new one day scenario ...
[2023-03-06 20:29:15,788][simglucose.simulation.scenario_gen][INFO] - Time for meal!
[2023-03-06 20:29:15,791][simglucose.patient.t1dpatient][INFO] - t = 1884.0, patient starts eating ...
[2023-03-06 20:29:15,921][simglucose.controller.basal_bolus_ctrller][INFO] - Calculating bolus ...
[2023-03-06 20:29:15,922][simglucose.controller.basal_bolus_ctrller][INFO] - Meal = 61 g/min
[2023-03-06 20:29:15,923][simglucose.controller.basal_bolus_ctrller][INFO] - glucose = 58.59708794282976
[2023-03-06 20:29:16,871][simglucose.patient.t1dpatient][INFO] - t = 1897.0, Patient finishes eating!
[2023-03-06 20:29:26,887][simglucose.simulation.scenario_gen][INFO] - Time for meal!
[2023-03-06 20:29:26,887][simglucose.patient.t1dpatient][INFO] - t = 2078.0, patient starts eating ...
[2023-03-06 20:29:27,002][simglucose.controller.basal_bolus_ctrller][INFO] - Calculating bolus ...
[2023-03-06 20:29:27,003][simglucose.controller.basal_bolus_ctrller][INFO] - Meal = 9 g/min
[2023-03-06 20:29:27,240][simglucose.controller.basal_bolus_ctrller][INFO] - glucose = 99.10578261939727
[2023-03-06 20:29:27,343][simglucose.patient.t1dpatient][INFO] - t = 2080.0, Patient finishes eating!
[2023-03-06 20:29:34,711][simglucose.simulation.scenario_gen][INFO] - Time for meal!
[2023-03-06 20:29:34,712][simglucose.patient.t1dpatient][INFO] - t = 2207.0, patient starts eating ...
[2023-03-06 20:29:34,833][simglucose.controller.basal_bolus_ctrller][INFO] - Calculating bolus ...
[2023-03-06 20:29:34,835][simglucose.controller.basal_bolus_ctrller][INFO] - Meal = 60 g/min
[2023-03-06 20:29:34,835][simglucose.controller.basal_bolus_ctrller][INFO] - glucose = 150.12607363383825
[2023-03-06 20:29:35,632][simglucose.patient.t1dpatient][INFO] - t = 2219.0, Patient finishes eating!
[2023-03-06 20:29:57,007][simglucose.simulation.scenario_gen][INFO] - Time for meal!
[2023-03-06 20:29:57,008][simglucose.patient.t1dpatient][INFO] - t = 2602.0, patient starts eating ...
[2023-03-06 20:29:57,140][simglucose.controller.basal_bolus_ctrller][INFO] - Calculating bolus ...
[2023-03-06 20:29:57,141][simglucose.controller.basal_bolus_ctrller][INFO] - Meal = 69 g/min
[2023-03-06 20:29:57,142][simglucose.controller.basal_bolus_ctrller][INFO] - glucose = 95.86326547127454
[2023-03-06 20:29:58,011][simglucose.patient.t1dpatient][INFO] - t = 2616.0, Patient finishes eating!
[2023-03-06 20:30:15,281][simglucose.simulation.scenario_gen][INFO] - Creating new one day scenario ...
[2023-03-06 20:30:34,718][simglucose.simulation.scenario_gen][INFO] - Time for meal!
[2023-03-06 20:30:34,719][simglucose.patient.t1dpatient][INFO] - t = 3368.0, patient starts eating ...
[2023-03-06 20:30:34,792][simglucose.controller.basal_bolus_ctrller][INFO] - Calculating bolus ...
[2023-03-06 20:30:34,793][simglucose.controller.basal_bolus_ctrller][INFO] - Meal = 40 g/min
[2023-03-06 20:30:34,793][simglucose.controller.basal_bolus_ctrller][INFO] - glucose = 133.15177188598813
[2023-03-06 20:30:35,197][simglucose.patient.t1dpatient][INFO] - t = 3376.0, Patient finishes eating!
[2023-03-06 20:30:48,407][simglucose.simulation.scenario_gen][INFO] - Time for meal!
[2023-03-06 20:30:48,408][simglucose.patient.t1dpatient][INFO] - t = 3654.0, patient starts eating ...
[2023-03-06 20:30:48,502][simglucose.controller.basal_bolus_ctrller][INFO] - Calculating bolus ...
[2023-03-06 20:30:48,503][simglucose.controller.basal_bolus_ctrller][INFO] - Meal = 61 g/min
[2023-03-06 20:30:48,503][simglucose.controller.basal_bolus_ctrller][INFO] - glucose = 121.51727931621703
[2023-03-06 20:30:49,342][simglucose.patient.t1dpatient][INFO] - t = 3667.0, Patient finishes eating!
[2023-03-06 20:31:08,794][simglucose.simulation.scenario_gen][INFO] - Time for meal!
[2023-03-06 20:31:08,795][simglucose.patient.t1dpatient][INFO] - t = 4036.0, patient starts eating ...
[2023-03-06 20:31:08,901][simglucose.controller.basal_bolus_ctrller][INFO] - Calculating bolus ...
[2023-03-06 20:31:08,902][simglucose.controller.basal_bolus_ctrller][INFO] - Meal = 79 g/min
[2023-03-06 20:31:08,903][simglucose.controller.basal_bolus_ctrller][INFO] - glucose = 103.80084151398542
[2023-03-06 20:31:09,789][simglucose.patient.t1dpatient][INFO] - t = 4052.0, Patient finishes eating!
[2023-03-06 20:31:27,253][simglucose.simulation.scenario_gen][INFO] - Creating new one day scenario ...
[2023-03-06 20:31:49,809][simglucose.simulation.scenario_gen][INFO] - Time for meal!
[2023-03-06 20:31:49,810][simglucose.patient.t1dpatient][INFO] - t = 4821.0, patient starts eating ...
[2023-03-06 20:31:49,990][simglucose.controller.basal_bolus_ctrller][INFO] - Calculating bolus ...
[2023-03-06 20:31:49,991][simglucose.controller.basal_bolus_ctrller][INFO] - Meal = 34 g/min
[2023-03-06 20:31:49,991][simglucose.controller.basal_bolus_ctrller][INFO] - glucose = 130.6470290160037
[2023-03-06 20:31:50,485][simglucose.patient.t1dpatient][INFO] - t = 4828.0, Patient finishes eating!
[2023-03-06 20:32:04,602][simglucose.simulation.scenario_gen][INFO] - Time for meal!
[2023-03-06 20:32:04,603][simglucose.patient.t1dpatient][INFO] - t = 5097.0, patient starts eating ...
[2023-03-06 20:32:04,694][simglucose.controller.basal_bolus_ctrller][INFO] - Calculating bolus ...
[2023-03-06 20:32:04,695][simglucose.controller.basal_bolus_ctrller][INFO] - Meal = 71 g/min
[2023-03-06 20:32:04,695][simglucose.controller.basal_bolus_ctrller][INFO] - glucose = 108.53378589457202
[2023-03-06 20:32:05,604][simglucose.patient.t1dpatient][INFO] - t = 5112.0, Patient finishes eating!
[2023-03-06 20:32:15,927][simglucose.simulation.scenario_gen][INFO] - Time for meal!
[2023-03-06 20:32:15,928][simglucose.patient.t1dpatient][INFO] - t = 5305.0, patient starts eating ...
[2023-03-06 20:32:16,065][simglucose.controller.basal_bolus_ctrller][INFO] - Calculating bolus ...
[2023-03-06 20:32:16,066][simglucose.controller.basal_bolus_ctrller][INFO] - Meal = 18 g/min
[2023-03-06 20:32:16,067][simglucose.controller.basal_bolus_ctrller][INFO] - glucose = 106.34844193348454
[2023-03-06 20:32:16,262][simglucose.patient.t1dpatient][INFO] - t = 5309.0, Patient finishes eating!
[2023-03-06 20:32:27,006][simglucose.simulation.scenario_gen][INFO] - Time for meal!
[2023-03-06 20:32:27,007][simglucose.patient.t1dpatient][INFO] - t = 5503.0, patient starts eating ...
[2023-03-06 20:32:27,126][simglucose.controller.basal_bolus_ctrller][INFO] - Calculating bolus ...
[2023-03-06 20:32:27,127][simglucose.controller.basal_bolus_ctrller][INFO] - Meal = 88 g/min
[2023-03-06 20:32:27,128][simglucose.controller.basal_bolus_ctrller][INFO] - glucose = 107.24588750248196
[2023-03-06 20:32:28,383][simglucose.patient.t1dpatient][INFO] - t = 5521.0, Patient finishes eating!
[2023-03-06 20:32:42,726][simglucose.simulation.scenario_gen][INFO] - Creating new one day scenario ...
[2023-03-06 20:33:23,805][simglucose.simulation.scenario_gen][INFO] - Time for meal!
[2023-03-06 20:33:23,805][simglucose.patient.t1dpatient][INFO] - t = 6596.0, patient starts eating ...
[2023-03-06 20:33:23,967][simglucose.controller.basal_bolus_ctrller][INFO] - Calculating bolus ...
[2023-03-06 20:33:23,967][simglucose.controller.basal_bolus_ctrller][INFO] - Meal = 63 g/min
[2023-03-06 20:33:23,968][simglucose.controller.basal_bolus_ctrller][INFO] - glucose = 99.96180664047401
[2023-03-06 20:33:24,869][simglucose.patient.t1dpatient][INFO] - t = 6609.0, Patient finishes eating!
[2023-03-06 20:33:38,743][simglucose.simulation.scenario_gen][INFO] - Time for meal!
[2023-03-06 20:33:38,744][simglucose.patient.t1dpatient][INFO] - t = 6871.0, patient starts eating ...
[2023-03-06 20:33:38,839][simglucose.controller.basal_bolus_ctrller][INFO] - Calculating bolus ...
[2023-03-06 20:33:38,840][simglucose.controller.basal_bolus_ctrller][INFO] - Meal = 84 g/min
[2023-03-06 20:33:38,840][simglucose.controller.basal_bolus_ctrller][INFO] - glucose = 64.46803111723251
[2023-03-06 20:33:39,753][simglucose.patient.t1dpatient][INFO] - t = 6888.0, Patient finishes eating!
[2023-03-06 20:33:53,972][simglucose.simulation.scenario_gen][INFO] - Time for meal!
[2023-03-06 20:33:53,973][simglucose.patient.t1dpatient][INFO] - t = 7129.0, patient starts eating ...
[2023-03-06 20:33:54,076][simglucose.controller.basal_bolus_ctrller][INFO] - Calculating bolus ...
[2023-03-06 20:33:54,076][simglucose.controller.basal_bolus_ctrller][INFO] - Meal = 10 g/min
[2023-03-06 20:33:54,077][simglucose.controller.basal_bolus_ctrller][INFO] - glucose = 77.21354214707613
[2023-03-06 20:33:54,169][simglucose.patient.t1dpatient][INFO] - t = 7131.0, Patient finishes eating!
[2023-03-06 20:34:02,395][simglucose.simulation.scenario_gen][INFO] - Creating new one day scenario ...
[2023-03-06 20:34:24,978][simglucose.simulation.scenario_gen][INFO] - Time for meal!
[2023-03-06 20:34:24,979][simglucose.patient.t1dpatient][INFO] - t = 7632.0, patient starts eating ...
[2023-03-06 20:34:25,880][simglucose.patient.t1dpatient][INFO] - t = 7643.0, Patient finishes eating!
[2023-03-06 20:34:42,922][simglucose.simulation.scenario_gen][INFO] - Time for meal!
[2023-03-06 20:34:42,922][simglucose.patient.t1dpatient][INFO] - t = 7990.0, patient starts eating ...
[2023-03-06 20:34:42,979][simglucose.controller.basal_bolus_ctrller][INFO] - Calculating bolus ...
[2023-03-06 20:34:42,980][simglucose.controller.basal_bolus_ctrller][INFO] - Meal = 76 g/min
[2023-03-06 20:34:42,980][simglucose.controller.basal_bolus_ctrller][INFO] - glucose = 48.8695676836552
[2023-03-06 20:34:43,718][simglucose.patient.t1dpatient][INFO] - t = 8006.0, Patient finishes eating!
[2023-03-06 20:34:49,339][simglucose.simulation.scenario_gen][INFO] - Time for meal!
[2023-03-06 20:34:49,340][simglucose.patient.t1dpatient][INFO] - t = 8131.0, patient starts eating ...
[2023-03-06 20:34:49,398][simglucose.controller.basal_bolus_ctrller][INFO] - Calculating bolus ...
[2023-03-06 20:34:49,399][simglucose.controller.basal_bolus_ctrller][INFO] - Meal = 12 g/min
[2023-03-06 20:34:49,400][simglucose.controller.basal_bolus_ctrller][INFO] - glucose = 96.40437272329727
[2023-03-06 20:34:49,500][simglucose.patient.t1dpatient][INFO] - t = 8134.0, Patient finishes eating!
[2023-03-06 20:35:00,105][simglucose.simulation.scenario_gen][INFO] - Time for meal!
[2023-03-06 20:35:00,106][simglucose.patient.t1dpatient][INFO] - t = 8363.0, patient starts eating ...
[2023-03-06 20:35:00,181][simglucose.controller.basal_bolus_ctrller][INFO] - Calculating bolus ...
[2023-03-06 20:35:00,182][simglucose.controller.basal_bolus_ctrller][INFO] - Meal = 73 g/min
[2023-03-06 20:35:00,182][simglucose.controller.basal_bolus_ctrller][INFO] - glucose = 85.76557010347237
[2023-03-06 20:35:01,041][simglucose.patient.t1dpatient][INFO] - t = 8378.0, Patient finishes eating!
[2023-03-06 20:35:19,137][simglucose.simulation.scenario_gen][INFO] - Creating new one day scenario ...
[2023-03-06 20:35:33,389][simglucose.simulation.scenario_gen][INFO] - Time for meal!
[2023-03-06 20:35:33,390][simglucose.patient.t1dpatient][INFO] - t = 9009.0, patient starts eating ...
[2023-03-06 20:35:33,471][simglucose.controller.basal_bolus_ctrller][INFO] - Calculating bolus ...
[2023-03-06 20:35:33,472][simglucose.controller.basal_bolus_ctrller][INFO] - Meal = 37 g/min
[2023-03-06 20:35:33,472][simglucose.controller.basal_bolus_ctrller][INFO] - glucose = 121.23584206098562
[2023-03-06 20:35:33,850][simglucose.patient.t1dpatient][INFO] - t = 9017.0, Patient finishes eating!
[2023-03-06 20:35:44,679][simglucose.simulation.scenario_gen][INFO] - Time for meal!
[2023-03-06 20:35:44,680][simglucose.patient.t1dpatient][INFO] - t = 9264.0, patient starts eating ...
[2023-03-06 20:35:44,743][simglucose.controller.basal_bolus_ctrller][INFO] - Calculating bolus ...
[2023-03-06 20:35:44,744][simglucose.controller.basal_bolus_ctrller][INFO] - Meal = 7 g/min
[2023-03-06 20:35:44,744][simglucose.controller.basal_bolus_ctrller][INFO] - glucose = 118.4732081538875
[2023-03-06 20:35:44,799][simglucose.patient.t1dpatient][INFO] - t = 9266.0, Patient finishes eating!
[2023-03-06 20:35:47,349][simglucose.simulation.scenario_gen][INFO] - Time for meal!
[2023-03-06 20:35:47,349][simglucose.patient.t1dpatient][INFO] - t = 9321.0, patient starts eating ...
[2023-03-06 20:35:47,405][simglucose.controller.basal_bolus_ctrller][INFO] - Calculating bolus ...
[2023-03-06 20:35:47,406][simglucose.controller.basal_bolus_ctrller][INFO] - Meal = 60 g/min
[2023-03-06 20:35:47,407][simglucose.controller.basal_bolus_ctrller][INFO] - glucose = 125.03297705777699
[2023-03-06 20:35:47,975][simglucose.patient.t1dpatient][INFO] - t = 9333.0, Patient finishes eating!
[2023-03-06 20:36:00,018][simglucose.simulation.scenario_gen][INFO] - Time for meal!
[2023-03-06 20:36:00,019][simglucose.patient.t1dpatient][INFO] - t = 9610.0, patient starts eating ...
[2023-03-06 20:36:00,094][simglucose.controller.basal_bolus_ctrller][INFO] - Calculating bolus ...
[2023-03-06 20:36:00,096][simglucose.controller.basal_bolus_ctrller][INFO] - Meal = 22 g/min
[2023-03-06 20:36:00,097][simglucose.controller.basal_bolus_ctrller][INFO] - glucose = 113.13633953561711
[2023-03-06 20:36:00,300][simglucose.patient.t1dpatient][INFO] - t = 9615.0, Patient finishes eating!
[2023-03-06 20:36:12,747][simglucose.simulation.scenario_gen][INFO] - Time for meal!
[2023-03-06 20:36:12,747][simglucose.patient.t1dpatient][INFO] - t = 9870.0, patient starts eating ...
[2023-03-06 20:36:12,823][simglucose.controller.basal_bolus_ctrller][INFO] - Calculating bolus ...
[2023-03-06 20:36:12,824][simglucose.controller.basal_bolus_ctrller][INFO] - Meal = 76 g/min
[2023-03-06 20:36:12,825][simglucose.controller.basal_bolus_ctrller][INFO] - glucose = 117.72632639908237
[2023-03-06 20:36:13,566][simglucose.patient.t1dpatient][INFO] - t = 9886.0, Patient finishes eating!
[2023-03-06 20:36:25,599][simglucose.simulation.scenario_gen][INFO] - Creating new one day scenario ...
[2023-03-06 20:36:46,384][simglucose.simulation.scenario_gen][INFO] - Time for meal!
[2023-03-06 20:36:46,385][simglucose.patient.t1dpatient][INFO] - t = 10585.0, patient starts eating ...
[2023-03-06 20:36:46,463][simglucose.controller.basal_bolus_ctrller][INFO] - Calculating bolus ...
[2023-03-06 20:36:46,463][simglucose.controller.basal_bolus_ctrller][INFO] - Meal = 44 g/min
[2023-03-06 20:36:46,464][simglucose.controller.basal_bolus_ctrller][INFO] - glucose = 125.53504207539504
[2023-03-06 20:36:46,906][simglucose.patient.t1dpatient][INFO] - t = 10594.0, Patient finishes eating!
[2023-03-06 20:36:52,651][simglucose.simulation.scenario_gen][INFO] - Time for meal!
[2023-03-06 20:36:52,651][simglucose.patient.t1dpatient][INFO] - t = 10716.0, patient starts eating ...
[2023-03-06 20:36:52,706][simglucose.controller.basal_bolus_ctrller][INFO] - Calculating bolus ...
[2023-03-06 20:36:52,706][simglucose.controller.basal_bolus_ctrller][INFO] - Meal = 9 g/min
[2023-03-06 20:36:52,707][simglucose.controller.basal_bolus_ctrller][INFO] - glucose = 125.75744044668585
[2023-03-06 20:36:52,759][simglucose.patient.t1dpatient][INFO] - t = 10718.0, Patient finishes eating!
[2023-03-06 20:36:58,359][simglucose.simulation.scenario_gen][INFO] - Time for meal!
[2023-03-06 20:36:58,360][simglucose.patient.t1dpatient][INFO] - t = 10837.0, patient starts eating ...
[2023-03-06 20:36:58,413][simglucose.controller.basal_bolus_ctrller][INFO] - Calculating bolus ...
[2023-03-06 20:36:58,413][simglucose.controller.basal_bolus_ctrller][INFO] - Meal = 64 g/min
[2023-03-06 20:36:58,414][simglucose.controller.basal_bolus_ctrller][INFO] - glucose = 91.02064939560276
[2023-03-06 20:36:59,001][simglucose.patient.t1dpatient][INFO] - t = 10850.0, Patient finishes eating!
[2023-03-06 20:37:07,424][simglucose.simulation.scenario_gen][INFO] - Time for meal!
[2023-03-06 20:37:07,425][simglucose.patient.t1dpatient][INFO] - t = 11027.0, patient starts eating ...
[2023-03-06 20:37:07,478][simglucose.controller.basal_bolus_ctrller][INFO] - Calculating bolus ...
[2023-03-06 20:37:07,479][simglucose.controller.basal_bolus_ctrller][INFO] - Meal = 11 g/min
[2023-03-06 20:37:07,479][simglucose.controller.basal_bolus_ctrller][INFO] - glucose = 111.66117674846421
[2023-03-06 20:37:07,578][simglucose.patient.t1dpatient][INFO] - t = 11030.0, Patient finishes eating!
[2023-03-06 20:37:15,721][simglucose.simulation.scenario_gen][INFO] - Time for meal!
[2023-03-06 20:37:15,722][simglucose.patient.t1dpatient][INFO] - t = 11214.0, patient starts eating ...
[2023-03-06 20:37:15,781][simglucose.controller.basal_bolus_ctrller][INFO] - Calculating bolus ...
[2023-03-06 20:37:15,782][simglucose.controller.basal_bolus_ctrller][INFO] - Meal = 87 g/min
[2023-03-06 20:37:15,782][simglucose.controller.basal_bolus_ctrller][INFO] - glucose = 75.43875902117679
[2023-03-06 20:37:16,571][simglucose.patient.t1dpatient][INFO] - t = 11232.0, Patient finishes eating!
