[2023-03-07 19:11:08,294][simglucose.actuator.pump][INFO] - Resetting insulin pump ...
[2023-03-07 19:11:08,855][simglucose.simulation.scenario_gen][INFO] - Time for meal!
[2023-03-07 19:11:08,855][simglucose.patient.t1dpatient][INFO] - t = 99.0, patient starts eating ...
[2023-03-07 19:11:08,942][simglucose.controller.basal_bolus_ctrller][INFO] - Calculating bolus ...
[2023-03-07 19:11:08,943][simglucose.controller.basal_bolus_ctrller][INFO] - Meal = 30 g/min
[2023-03-07 19:11:08,943][simglucose.controller.basal_bolus_ctrller][INFO] - glucose = 148.88629150390625
[2023-03-07 19:11:09,075][simglucose.patient.t1dpatient][INFO] - t = 105.0, Patient finishes eating!
[2023-03-07 19:11:11,110][simglucose.simulation.scenario_gen][INFO] - Time for meal!
[2023-03-07 19:11:11,111][simglucose.patient.t1dpatient][INFO] - t = 337.0, patient starts eating ...
[2023-03-07 19:11:11,130][simglucose.controller.basal_bolus_ctrller][INFO] - Calculating bolus ...
[2023-03-07 19:11:11,131][simglucose.controller.basal_bolus_ctrller][INFO] - Meal = 73 g/min
[2023-03-07 19:11:11,131][simglucose.controller.basal_bolus_ctrller][INFO] - glucose = 115.59459381103515
[2023-03-07 19:11:11,265][simglucose.patient.t1dpatient][INFO] - t = 352.0, Patient finishes eating!
[2023-03-07 19:11:12,165][simglucose.simulation.scenario_gen][INFO] - Time for meal!
[2023-03-07 19:11:12,166][simglucose.patient.t1dpatient][INFO] - t = 521.0, patient starts eating ...
[2023-03-07 19:11:12,172][simglucose.controller.basal_bolus_ctrller][INFO] - Calculating bolus ...
[2023-03-07 19:11:12,173][simglucose.controller.basal_bolus_ctrller][INFO] - Meal = 12 g/min
[2023-03-07 19:11:12,173][simglucose.controller.basal_bolus_ctrller][INFO] - glucose = 98.15252838134765
[2023-03-07 19:11:12,194][simglucose.patient.t1dpatient][INFO] - t = 524.0, Patient finishes eating!
[2023-03-07 19:11:13,495][simglucose.simulation.scenario_gen][INFO] - Time for meal!
[2023-03-07 19:11:13,496][simglucose.patient.t1dpatient][INFO] - t = 753.0, patient starts eating ...
[2023-03-07 19:11:13,524][simglucose.controller.basal_bolus_ctrller][INFO] - Calculating bolus ...
[2023-03-07 19:11:13,525][simglucose.controller.basal_bolus_ctrller][INFO] - Meal = 81 g/min
[2023-03-07 19:11:13,525][simglucose.controller.basal_bolus_ctrller][INFO] - glucose = 90.88862609863281
[2023-03-07 19:11:13,684][simglucose.patient.t1dpatient][INFO] - t = 770.0, Patient finishes eating!
[2023-03-07 19:11:14,548][simglucose.simulation.scenario_gen][INFO] - Time for meal!
[2023-03-07 19:11:14,548][simglucose.patient.t1dpatient][INFO] - t = 930.0, patient starts eating ...
[2023-03-07 19:11:14,555][simglucose.controller.basal_bolus_ctrller][INFO] - Calculating bolus ...
[2023-03-07 19:11:14,556][simglucose.controller.basal_bolus_ctrller][INFO] - Meal = 13 g/min
[2023-03-07 19:11:14,556][simglucose.controller.basal_bolus_ctrller][INFO] - glucose = 104.78925323486328
[2023-03-07 19:11:14,577][simglucose.patient.t1dpatient][INFO] - t = 933.0, Patient finishes eating!
[2023-03-07 19:11:15,361][simglucose.simulation.scenario_gen][INFO] - Creating new one day scenario ...
[2023-03-07 19:11:17,212][simglucose.simulation.scenario_gen][INFO] - Time for meal!
[2023-03-07 19:11:17,213][simglucose.patient.t1dpatient][INFO] - t = 1438.0, patient starts eating ...
[2023-03-07 19:11:17,242][simglucose.controller.basal_bolus_ctrller][INFO] - Calculating bolus ...
[2023-03-07 19:11:17,242][simglucose.controller.basal_bolus_ctrller][INFO] - Meal = 39 g/min
[2023-03-07 19:11:17,242][simglucose.controller.basal_bolus_ctrller][INFO] - glucose = 128.79412536621095
[2023-03-07 19:11:17,330][simglucose.patient.t1dpatient][INFO] - t = 1446.0, Patient finishes eating!
[2023-03-07 19:11:19,420][simglucose.simulation.scenario_gen][INFO] - Time for meal!
[2023-03-07 19:11:19,421][simglucose.patient.t1dpatient][INFO] - t = 1807.0, patient starts eating ...
[2023-03-07 19:11:19,445][simglucose.controller.basal_bolus_ctrller][INFO] - Calculating bolus ...
[2023-03-07 19:11:19,447][simglucose.controller.basal_bolus_ctrller][INFO] - Meal = 69 g/min
[2023-03-07 19:11:19,447][simglucose.controller.basal_bolus_ctrller][INFO] - glucose = 134.43264465332032
[2023-03-07 19:11:19,619][simglucose.patient.t1dpatient][INFO] - t = 1821.0, Patient finishes eating!
[2023-03-07 19:11:21,424][simglucose.simulation.scenario_gen][INFO] - Time for meal!
[2023-03-07 19:11:21,425][simglucose.patient.t1dpatient][INFO] - t = 2156.0, patient starts eating ...
[2023-03-07 19:11:21,442][simglucose.controller.basal_bolus_ctrller][INFO] - Calculating bolus ...
[2023-03-07 19:11:21,443][simglucose.controller.basal_bolus_ctrller][INFO] - Meal = 72 g/min
[2023-03-07 19:11:21,443][simglucose.controller.basal_bolus_ctrller][INFO] - glucose = 132.37667236328124
[2023-03-07 19:11:21,564][simglucose.patient.t1dpatient][INFO] - t = 2171.0, Patient finishes eating!
[2023-03-07 19:11:23,073][simglucose.simulation.scenario_gen][INFO] - Time for meal!
[2023-03-07 19:11:23,074][simglucose.patient.t1dpatient][INFO] - t = 2446.0, patient starts eating ...
[2023-03-07 19:11:23,094][simglucose.controller.basal_bolus_ctrller][INFO] - Calculating bolus ...
[2023-03-07 19:11:23,095][simglucose.controller.basal_bolus_ctrller][INFO] - Meal = 4 g/min
[2023-03-07 19:11:23,096][simglucose.controller.basal_bolus_ctrller][INFO] - glucose = 108.02501831054687
[2023-03-07 19:11:23,097][simglucose.patient.t1dpatient][INFO] - t = 2447.0, Patient finishes eating!
[2023-03-07 19:11:23,594][simglucose.simulation.scenario_gen][INFO] - Creating new one day scenario ...
[2023-03-07 19:11:29,118][simglucose.simulation.scenario_gen][INFO] - Time for meal!
[2023-03-07 19:11:29,119][simglucose.patient.t1dpatient][INFO] - t = 3022.0, patient starts eating ...
[2023-03-07 19:11:29,339][simglucose.patient.t1dpatient][INFO] - t = 3027.0, Patient finishes eating!
[2023-03-07 19:11:32,467][simglucose.simulation.scenario_gen][INFO] - Time for meal!
[2023-03-07 19:11:32,468][simglucose.patient.t1dpatient][INFO] - t = 3310.0, patient starts eating ...
[2023-03-07 19:11:32,527][simglucose.controller.basal_bolus_ctrller][INFO] - Calculating bolus ...
[2023-03-07 19:11:32,528][simglucose.controller.basal_bolus_ctrller][INFO] - Meal = 94 g/min
[2023-03-07 19:11:32,528][simglucose.controller.basal_bolus_ctrller][INFO] - glucose = 147.03642883300782
[2023-03-07 19:11:32,905][simglucose.patient.t1dpatient][INFO] - t = 3329.0, Patient finishes eating!
[2023-03-07 19:11:39,848][simglucose.simulation.scenario_gen][INFO] - Creating new one day scenario ...
[2023-03-07 19:11:40,369][simglucose.actuator.pump][INFO] - Resetting insulin pump ...
[2023-03-07 19:11:41,718][simglucose.simulation.scenario_gen][INFO] - Time for meal!
[2023-03-07 19:11:41,719][simglucose.patient.t1dpatient][INFO] - t = 125.0, patient starts eating ...
[2023-03-07 19:11:41,850][simglucose.controller.basal_bolus_ctrller][INFO] - Calculating bolus ...
[2023-03-07 19:11:41,851][simglucose.controller.basal_bolus_ctrller][INFO] - Meal = 64 g/min
[2023-03-07 19:11:41,852][simglucose.controller.basal_bolus_ctrller][INFO] - glucose = 161.32382507324218
[2023-03-07 19:11:42,179][simglucose.patient.t1dpatient][INFO] - t = 138.0, Patient finishes eating!
[2023-03-07 19:11:45,356][simglucose.simulation.scenario_gen][INFO] - Creating new one day scenario ...
[2023-03-07 19:11:50,269][simglucose.simulation.scenario_gen][INFO] - Time for meal!
[2023-03-07 19:11:50,270][simglucose.patient.t1dpatient][INFO] - t = 870.0, patient starts eating ...
[2023-03-07 19:11:50,324][simglucose.controller.basal_bolus_ctrller][INFO] - Calculating bolus ...
[2023-03-07 19:11:50,325][simglucose.controller.basal_bolus_ctrller][INFO] - Meal = 29 g/min
[2023-03-07 19:11:50,326][simglucose.controller.basal_bolus_ctrller][INFO] - glucose = 127.61138763427735
[2023-03-07 19:11:50,534][simglucose.patient.t1dpatient][INFO] - t = 876.0, Patient finishes eating!
[2023-03-07 19:11:52,723][simglucose.simulation.scenario_gen][INFO] - Time for meal!
[2023-03-07 19:11:52,724][simglucose.patient.t1dpatient][INFO] - t = 1079.0, patient starts eating ...
[2023-03-07 19:11:52,765][simglucose.controller.basal_bolus_ctrller][INFO] - Calculating bolus ...
[2023-03-07 19:11:52,766][simglucose.controller.basal_bolus_ctrller][INFO] - Meal = 65 g/min
[2023-03-07 19:11:52,767][simglucose.controller.basal_bolus_ctrller][INFO] - glucose = 101.13324890136718
[2023-03-07 19:11:53,024][simglucose.patient.t1dpatient][INFO] - t = 1092.0, Patient finishes eating!
[2023-03-07 19:11:57,463][simglucose.simulation.scenario_gen][INFO] - Time for meal!
[2023-03-07 19:11:57,465][simglucose.patient.t1dpatient][INFO] - t = 1499.0, patient starts eating ...
[2023-03-07 19:11:57,513][simglucose.controller.basal_bolus_ctrller][INFO] - Calculating bolus ...
[2023-03-07 19:11:57,514][simglucose.controller.basal_bolus_ctrller][INFO] - Meal = 67 g/min
[2023-03-07 19:11:57,515][simglucose.controller.basal_bolus_ctrller][INFO] - glucose = 110.6595245361328
[2023-03-07 19:11:57,781][simglucose.patient.t1dpatient][INFO] - t = 1513.0, Patient finishes eating!
[2023-03-07 19:12:01,509][simglucose.simulation.scenario_gen][INFO] - Creating new one day scenario ...
[2023-03-07 19:12:05,815][simglucose.simulation.scenario_gen][INFO] - Time for meal!
[2023-03-07 19:12:05,816][simglucose.patient.t1dpatient][INFO] - t = 2258.0, patient starts eating ...
[2023-03-07 19:12:05,879][simglucose.controller.basal_bolus_ctrller][INFO] - Calculating bolus ...
[2023-03-07 19:12:05,880][simglucose.controller.basal_bolus_ctrller][INFO] - Meal = 58 g/min
[2023-03-07 19:12:05,881][simglucose.controller.basal_bolus_ctrller][INFO] - glucose = 133.92514343261718
[2023-03-07 19:12:06,170][simglucose.patient.t1dpatient][INFO] - t = 2270.0, Patient finishes eating!
[2023-03-07 19:12:10,810][simglucose.simulation.scenario_gen][INFO] - Time for meal!
[2023-03-07 19:12:10,812][simglucose.patient.t1dpatient][INFO] - t = 2690.0, patient starts eating ...
[2023-03-07 19:12:10,873][simglucose.controller.basal_bolus_ctrller][INFO] - Calculating bolus ...
[2023-03-07 19:12:10,874][simglucose.controller.basal_bolus_ctrller][INFO] - Meal = 83 g/min
[2023-03-07 19:12:10,875][simglucose.controller.basal_bolus_ctrller][INFO] - glucose = 124.185400390625
[2023-03-07 19:12:11,179][simglucose.patient.t1dpatient][INFO] - t = 2707.0, Patient finishes eating!
[2023-03-07 19:12:13,307][simglucose.simulation.scenario_gen][INFO] - Time for meal!
[2023-03-07 19:12:13,307][simglucose.patient.t1dpatient][INFO] - t = 2899.0, patient starts eating ...
[2023-03-07 19:12:13,320][simglucose.controller.basal_bolus_ctrller][INFO] - Calculating bolus ...
[2023-03-07 19:12:13,321][simglucose.controller.basal_bolus_ctrller][INFO] - Meal = 68 g/min
[2023-03-07 19:12:13,322][simglucose.controller.basal_bolus_ctrller][INFO] - glucose = 144.57835083007814
[2023-03-07 19:12:13,571][simglucose.patient.t1dpatient][INFO] - t = 2913.0, Patient finishes eating!
[2023-03-07 19:12:17,860][simglucose.simulation.scenario_gen][INFO] - Creating new one day scenario ...
[2023-03-07 19:12:24,241][simglucose.simulation.scenario_gen][INFO] - Time for meal!
[2023-03-07 19:12:24,243][simglucose.patient.t1dpatient][INFO] - t = 3747.0, patient starts eating ...
[2023-03-07 19:12:24,314][simglucose.controller.basal_bolus_ctrller][INFO] - Calculating bolus ...
[2023-03-07 19:12:24,315][simglucose.controller.basal_bolus_ctrller][INFO] - Meal = 60 g/min
[2023-03-07 19:12:24,316][simglucose.controller.basal_bolus_ctrller][INFO] - glucose = 143.74647827148436
[2023-03-07 19:12:24,635][simglucose.patient.t1dpatient][INFO] - t = 3759.0, Patient finishes eating!
[2023-03-07 19:12:27,777][simglucose.actuator.pump][INFO] - Resetting insulin pump ...
[2023-03-07 19:12:27,962][simglucose.simulation.scenario_gen][INFO] - Creating new one day scenario ...
[2023-03-07 19:12:50,038][simglucose.simulation.scenario_gen][INFO] - Time for meal!
[2023-03-07 19:12:50,038][simglucose.patient.t1dpatient][INFO] - t = 378.0, patient starts eating ...
[2023-03-07 19:12:50,259][simglucose.controller.basal_bolus_ctrller][INFO] - Calculating bolus ...
[2023-03-07 19:12:50,260][simglucose.controller.basal_bolus_ctrller][INFO] - Meal = 38 g/min
[2023-03-07 19:12:50,261][simglucose.controller.basal_bolus_ctrller][INFO] - glucose = 111.88683319091797
[2023-03-07 19:12:50,936][simglucose.patient.t1dpatient][INFO] - t = 386.0, Patient finishes eating!
[2023-03-07 19:13:09,025][simglucose.simulation.scenario_gen][INFO] - Time for meal!
[2023-03-07 19:13:09,026][simglucose.patient.t1dpatient][INFO] - t = 691.0, patient starts eating ...
[2023-03-07 19:13:09,131][simglucose.controller.basal_bolus_ctrller][INFO] - Calculating bolus ...
[2023-03-07 19:13:09,132][simglucose.controller.basal_bolus_ctrller][INFO] - Meal = 64 g/min
[2023-03-07 19:13:09,133][simglucose.controller.basal_bolus_ctrller][INFO] - glucose = 90.444580078125
[2023-03-07 19:13:10,141][simglucose.patient.t1dpatient][INFO] - t = 704.0, Patient finishes eating!
[2023-03-07 19:13:32,846][simglucose.simulation.scenario_gen][INFO] - Time for meal!
[2023-03-07 19:13:32,848][simglucose.patient.t1dpatient][INFO] - t = 1091.0, patient starts eating ...
[2023-03-07 19:13:32,955][simglucose.controller.basal_bolus_ctrller][INFO] - Calculating bolus ...
[2023-03-07 19:13:32,956][simglucose.controller.basal_bolus_ctrller][INFO] - Meal = 67 g/min
[2023-03-07 19:13:32,956][simglucose.controller.basal_bolus_ctrller][INFO] - glucose = 93.17312927246094
[2023-03-07 19:13:34,099][simglucose.patient.t1dpatient][INFO] - t = 1105.0, Patient finishes eating!
[2023-03-07 19:13:42,064][simglucose.simulation.scenario_gen][INFO] - Time for meal!
[2023-03-07 19:13:42,065][simglucose.patient.t1dpatient][INFO] - t = 1235.0, patient starts eating ...
[2023-03-07 19:13:42,128][simglucose.controller.basal_bolus_ctrller][INFO] - Calculating bolus ...
[2023-03-07 19:13:42,129][simglucose.controller.basal_bolus_ctrller][INFO] - Meal = 11 g/min
[2023-03-07 19:13:42,130][simglucose.controller.basal_bolus_ctrller][INFO] - glucose = 88.66209869384765
[2023-03-07 19:13:42,284][simglucose.patient.t1dpatient][INFO] - t = 1238.0, Patient finishes eating!
[2023-03-07 19:13:54,420][simglucose.simulation.scenario_gen][INFO] - Creating new one day scenario ...
[2023-03-07 19:14:15,133][simglucose.simulation.scenario_gen][INFO] - Time for meal!
[2023-03-07 19:14:15,134][simglucose.patient.t1dpatient][INFO] - t = 1783.0, patient starts eating ...
[2023-03-07 19:14:15,256][simglucose.controller.basal_bolus_ctrller][INFO] - Calculating bolus ...
[2023-03-07 19:14:15,257][simglucose.controller.basal_bolus_ctrller][INFO] - Meal = 45 g/min
[2023-03-07 19:14:15,257][simglucose.controller.basal_bolus_ctrller][INFO] - glucose = 130.95057067871093
[2023-03-07 19:14:15,873][simglucose.patient.t1dpatient][INFO] - t = 1792.0, Patient finishes eating!
[2023-03-07 19:14:40,383][simglucose.simulation.scenario_gen][INFO] - Time for meal!
[2023-03-07 19:14:40,384][simglucose.patient.t1dpatient][INFO] - t = 2190.0, patient starts eating ...
[2023-03-07 19:14:40,533][simglucose.controller.basal_bolus_ctrller][INFO] - Calculating bolus ...
[2023-03-07 19:14:40,533][simglucose.controller.basal_bolus_ctrller][INFO] - Meal = 64 g/min
[2023-03-07 19:14:40,534][simglucose.controller.basal_bolus_ctrller][INFO] - glucose = 115.73189697265624
[2023-03-07 19:14:41,340][simglucose.patient.t1dpatient][INFO] - t = 2203.0, Patient finishes eating!
[2023-03-07 19:15:00,920][simglucose.simulation.scenario_gen][INFO] - Time for meal!
[2023-03-07 19:15:00,921][simglucose.patient.t1dpatient][INFO] - t = 2529.0, patient starts eating ...
[2023-03-07 19:15:01,011][simglucose.controller.basal_bolus_ctrller][INFO] - Calculating bolus ...
[2023-03-07 19:15:01,011][simglucose.controller.basal_bolus_ctrller][INFO] - Meal = 80 g/min
[2023-03-07 19:15:01,012][simglucose.controller.basal_bolus_ctrller][INFO] - glucose = 105.27877960205078
[2023-03-07 19:15:02,045][simglucose.patient.t1dpatient][INFO] - t = 2545.0, Patient finishes eating!
[2023-03-07 19:15:12,699][simglucose.simulation.scenario_gen][INFO] - Time for meal!
[2023-03-07 19:15:12,701][simglucose.patient.t1dpatient][INFO] - t = 2717.0, patient starts eating ...
[2023-03-07 19:15:12,770][simglucose.controller.basal_bolus_ctrller][INFO] - Calculating bolus ...
[2023-03-07 19:15:12,771][simglucose.controller.basal_bolus_ctrller][INFO] - Meal = 12 g/min
[2023-03-07 19:15:12,772][simglucose.controller.basal_bolus_ctrller][INFO] - glucose = 91.57028045654297
[2023-03-07 19:15:12,909][simglucose.patient.t1dpatient][INFO] - t = 2720.0, Patient finishes eating!
[2023-03-07 19:15:22,290][simglucose.simulation.scenario_gen][INFO] - Creating new one day scenario ...
[2023-03-07 19:15:48,728][simglucose.simulation.scenario_gen][INFO] - Time for meal!
[2023-03-07 19:15:48,730][simglucose.patient.t1dpatient][INFO] - t = 3303.0, patient starts eating ...
[2023-03-07 19:15:48,851][simglucose.controller.basal_bolus_ctrller][INFO] - Calculating bolus ...
[2023-03-07 19:15:48,852][simglucose.controller.basal_bolus_ctrller][INFO] - Meal = 40 g/min
[2023-03-07 19:15:48,853][simglucose.controller.basal_bolus_ctrller][INFO] - glucose = 132.83309020996094
[2023-03-07 19:15:49,390][simglucose.patient.t1dpatient][INFO] - t = 3311.0, Patient finishes eating!
[2023-03-07 19:16:07,947][simglucose.simulation.scenario_gen][INFO] - Time for meal!
[2023-03-07 19:16:07,949][simglucose.patient.t1dpatient][INFO] - t = 3622.0, patient starts eating ...
[2023-03-07 19:16:08,031][simglucose.controller.basal_bolus_ctrller][INFO] - Calculating bolus ...
[2023-03-07 19:16:08,032][simglucose.controller.basal_bolus_ctrller][INFO] - Meal = 66 g/min
[2023-03-07 19:16:08,032][simglucose.controller.basal_bolus_ctrller][INFO] - glucose = 88.34113159179688
[2023-03-07 19:16:08,868][simglucose.patient.t1dpatient][INFO] - t = 3636.0, Patient finishes eating!
[2023-03-07 19:16:14,364][simglucose.simulation.scenario_gen][INFO] - Time for meal!
[2023-03-07 19:16:14,365][simglucose.patient.t1dpatient][INFO] - t = 3736.0, patient starts eating ...
[2023-03-07 19:16:14,417][simglucose.controller.basal_bolus_ctrller][INFO] - Calculating bolus ...
[2023-03-07 19:16:14,418][simglucose.controller.basal_bolus_ctrller][INFO] - Meal = 5 g/min
[2023-03-07 19:16:14,418][simglucose.controller.basal_bolus_ctrller][INFO] - glucose = 127.5898681640625
[2023-03-07 19:16:14,419][simglucose.patient.t1dpatient][INFO] - t = 3737.0, Patient finishes eating!
[2023-03-07 19:16:27,438][simglucose.simulation.scenario_gen][INFO] - Time for meal!
[2023-03-07 19:16:27,438][simglucose.patient.t1dpatient][INFO] - t = 3978.0, patient starts eating ...
[2023-03-07 19:16:27,520][simglucose.controller.basal_bolus_ctrller][INFO] - Calculating bolus ...
[2023-03-07 19:16:27,521][simglucose.controller.basal_bolus_ctrller][INFO] - Meal = 83 g/min
[2023-03-07 19:16:27,522][simglucose.controller.basal_bolus_ctrller][INFO] - glucose = 76.73083038330078
[2023-03-07 19:16:28,468][simglucose.patient.t1dpatient][INFO] - t = 3995.0, Patient finishes eating!
[2023-03-07 19:16:28,791][simglucose.actuator.pump][INFO] - Resetting insulin pump ...
[2023-03-07 19:16:42,341][simglucose.simulation.scenario_gen][INFO] - Creating new one day scenario ...
[2023-03-07 19:17:08,190][simglucose.simulation.scenario_gen][INFO] - Time for meal!
[2023-03-07 19:17:08,191][simglucose.patient.t1dpatient][INFO] - t = 708.0, patient starts eating ...
[2023-03-07 19:17:08,326][simglucose.controller.basal_bolus_ctrller][INFO] - Calculating bolus ...
[2023-03-07 19:17:08,328][simglucose.controller.basal_bolus_ctrller][INFO] - Meal = 21 g/min
[2023-03-07 19:17:08,328][simglucose.controller.basal_bolus_ctrller][INFO] - glucose = 130.1125030517578
[2023-03-07 19:17:08,611][simglucose.patient.t1dpatient][INFO] - t = 713.0, Patient finishes eating!
[2023-03-07 19:17:12,978][simglucose.simulation.scenario_gen][INFO] - Time for meal!
[2023-03-07 19:17:12,979][simglucose.patient.t1dpatient][INFO] - t = 790.0, patient starts eating ...
[2023-03-07 19:17:13,052][simglucose.controller.basal_bolus_ctrller][INFO] - Calculating bolus ...
[2023-03-07 19:17:13,053][simglucose.controller.basal_bolus_ctrller][INFO] - Meal = 16 g/min
[2023-03-07 19:17:13,053][simglucose.controller.basal_bolus_ctrller][INFO] - glucose = 128.89346618652343
[2023-03-07 19:17:13,239][simglucose.patient.t1dpatient][INFO] - t = 794.0, Patient finishes eating!
[2023-03-07 19:17:26,438][simglucose.simulation.scenario_gen][INFO] - Time for meal!
[2023-03-07 19:17:26,438][simglucose.patient.t1dpatient][INFO] - t = 1030.0, patient starts eating ...
[2023-03-07 19:17:26,507][simglucose.controller.basal_bolus_ctrller][INFO] - Calculating bolus ...
[2023-03-07 19:17:26,508][simglucose.controller.basal_bolus_ctrller][INFO] - Meal = 81 g/min
[2023-03-07 19:17:26,509][simglucose.controller.basal_bolus_ctrller][INFO] - glucose = 105.1066177368164
[2023-03-07 19:17:27,461][simglucose.patient.t1dpatient][INFO] - t = 1047.0, Patient finishes eating!
[2023-03-07 19:17:32,892][simglucose.simulation.scenario_gen][INFO] - Time for meal!
[2023-03-07 19:17:32,893][simglucose.patient.t1dpatient][INFO] - t = 1145.0, patient starts eating ...
[2023-03-07 19:17:32,951][simglucose.controller.basal_bolus_ctrller][INFO] - Calculating bolus ...
[2023-03-07 19:17:32,952][simglucose.controller.basal_bolus_ctrller][INFO] - Meal = 6 g/min
[2023-03-07 19:17:32,952][simglucose.controller.basal_bolus_ctrller][INFO] - glucose = 115.27186431884766
[2023-03-07 19:17:33,003][simglucose.patient.t1dpatient][INFO] - t = 1147.0, Patient finishes eating!
[2023-03-07 19:17:44,220][simglucose.simulation.scenario_gen][INFO] - Time for meal!
[2023-03-07 19:17:44,220][simglucose.patient.t1dpatient][INFO] - t = 1342.0, patient starts eating ...
[2023-03-07 19:17:44,296][simglucose.controller.basal_bolus_ctrller][INFO] - Calculating bolus ...
[2023-03-07 19:17:44,297][simglucose.controller.basal_bolus_ctrller][INFO] - Meal = 67 g/min
[2023-03-07 19:17:44,297][simglucose.controller.basal_bolus_ctrller][INFO] - glucose = 70.90686492919922
[2023-03-07 19:17:45,054][simglucose.patient.t1dpatient][INFO] - t = 1356.0, Patient finishes eating!
[2023-03-07 19:18:03,081][simglucose.simulation.scenario_gen][INFO] - Creating new one day scenario ...
[2023-03-07 19:18:29,318][simglucose.simulation.scenario_gen][INFO] - Time for meal!
[2023-03-07 19:18:29,319][simglucose.patient.t1dpatient][INFO] - t = 2149.0, patient starts eating ...
[2023-03-07 19:18:29,418][simglucose.controller.basal_bolus_ctrller][INFO] - Calculating bolus ...
[2023-03-07 19:18:29,419][simglucose.controller.basal_bolus_ctrller][INFO] - Meal = 48 g/min
[2023-03-07 19:18:29,419][simglucose.controller.basal_bolus_ctrller][INFO] - glucose = 108.87793884277343
[2023-03-07 19:18:30,069][simglucose.patient.t1dpatient][INFO] - t = 2159.0, Patient finishes eating!
[2023-03-07 19:18:45,374][simglucose.simulation.scenario_gen][INFO] - Time for meal!
[2023-03-07 19:18:45,376][simglucose.patient.t1dpatient][INFO] - t = 2427.0, patient starts eating ...
[2023-03-07 19:18:45,441][simglucose.controller.basal_bolus_ctrller][INFO] - Calculating bolus ...
[2023-03-07 19:18:45,442][simglucose.controller.basal_bolus_ctrller][INFO] - Meal = 55 g/min
[2023-03-07 19:18:45,443][simglucose.controller.basal_bolus_ctrller][INFO] - glucose = 115.23226623535156
[2023-03-07 19:18:46,118][simglucose.patient.t1dpatient][INFO] - t = 2438.0, Patient finishes eating!
[2023-03-07 19:19:08,216][simglucose.simulation.scenario_gen][INFO] - Time for meal!
[2023-03-07 19:19:08,217][simglucose.patient.t1dpatient][INFO] - t = 2793.0, patient starts eating ...
[2023-03-07 19:19:08,320][simglucose.controller.basal_bolus_ctrller][INFO] - Calculating bolus ...
[2023-03-07 19:19:08,321][simglucose.controller.basal_bolus_ctrller][INFO] - Meal = 78 g/min
[2023-03-07 19:19:08,322][simglucose.controller.basal_bolus_ctrller][INFO] - glucose = 105.04415740966797
[2023-03-07 19:19:09,394][simglucose.patient.t1dpatient][INFO] - t = 2809.0, Patient finishes eating!
[2023-03-07 19:19:18,290][simglucose.simulation.scenario_gen][INFO] - Time for meal!
[2023-03-07 19:19:18,291][simglucose.patient.t1dpatient][INFO] - t = 2937.0, patient starts eating ...
[2023-03-07 19:19:18,361][simglucose.controller.basal_bolus_ctrller][INFO] - Calculating bolus ...
[2023-03-07 19:19:18,361][simglucose.controller.basal_bolus_ctrller][INFO] - Meal = 19 g/min
[2023-03-07 19:19:18,362][simglucose.controller.basal_bolus_ctrller][INFO] - glucose = 95.46268005371094
[2023-03-07 19:19:18,574][simglucose.patient.t1dpatient][INFO] - t = 2941.0, Patient finishes eating!
[2023-03-07 19:19:30,723][simglucose.simulation.scenario_gen][INFO] - Creating new one day scenario ...
[2023-03-07 19:20:03,142][simglucose.simulation.scenario_gen][INFO] - Time for meal!
[2023-03-07 19:20:03,143][simglucose.patient.t1dpatient][INFO] - t = 3594.0, patient starts eating ...
[2023-03-07 19:20:03,258][simglucose.controller.basal_bolus_ctrller][INFO] - Calculating bolus ...
[2023-03-07 19:20:03,258][simglucose.controller.basal_bolus_ctrller][INFO] - Meal = 67 g/min
[2023-03-07 19:20:03,259][simglucose.controller.basal_bolus_ctrller][INFO] - glucose = 100.25480194091797
[2023-03-07 19:20:04,308][simglucose.patient.t1dpatient][INFO] - t = 3608.0, Patient finishes eating!
[2023-03-07 19:20:17,208][simglucose.simulation.scenario_gen][INFO] - Time for meal!
[2023-03-07 19:20:17,209][simglucose.patient.t1dpatient][INFO] - t = 3802.0, patient starts eating ...
[2023-03-07 19:20:17,351][simglucose.controller.basal_bolus_ctrller][INFO] - Calculating bolus ...
[2023-03-07 19:20:17,351][simglucose.controller.basal_bolus_ctrller][INFO] - Meal = 61 g/min
[2023-03-07 19:20:17,352][simglucose.controller.basal_bolus_ctrller][INFO] - glucose = 86.72093353271484
[2023-03-07 19:20:18,227][simglucose.patient.t1dpatient][INFO] - t = 3815.0, Patient finishes eating!
[2023-03-07 19:20:30,971][simglucose.actuator.pump][INFO] - Resetting insulin pump ...
[2023-03-07 19:20:43,523][simglucose.simulation.scenario_gen][INFO] - Time for meal!
[2023-03-07 19:20:43,524][simglucose.patient.t1dpatient][INFO] - t = 190.0, patient starts eating ...
[2023-03-07 19:20:43,743][simglucose.controller.basal_bolus_ctrller][INFO] - Calculating bolus ...
[2023-03-07 19:20:43,743][simglucose.controller.basal_bolus_ctrller][INFO] - Meal = 69 g/min
[2023-03-07 19:20:43,744][simglucose.controller.basal_bolus_ctrller][INFO] - glucose = 142.62717895507814
[2023-03-07 19:20:44,849][simglucose.patient.t1dpatient][INFO] - t = 204.0, Patient finishes eating!
[2023-03-07 19:20:55,612][simglucose.simulation.scenario_gen][INFO] - Time for meal!
[2023-03-07 19:20:55,613][simglucose.patient.t1dpatient][INFO] - t = 356.0, patient starts eating ...
[2023-03-07 19:20:55,688][simglucose.controller.basal_bolus_ctrller][INFO] - Calculating bolus ...
[2023-03-07 19:20:55,689][simglucose.controller.basal_bolus_ctrller][INFO] - Meal = 10 g/min
[2023-03-07 19:20:55,690][simglucose.controller.basal_bolus_ctrller][INFO] - glucose = 120.71309356689453
[2023-03-07 19:20:55,766][simglucose.patient.t1dpatient][INFO] - t = 358.0, Patient finishes eating!
[2023-03-07 19:21:08,214][simglucose.simulation.scenario_gen][INFO] - Time for meal!
[2023-03-07 19:21:08,215][simglucose.patient.t1dpatient][INFO] - t = 536.0, patient starts eating ...
[2023-03-07 19:21:08,341][simglucose.controller.basal_bolus_ctrller][INFO] - Calculating bolus ...
[2023-03-07 19:21:08,342][simglucose.controller.basal_bolus_ctrller][INFO] - Meal = 88 g/min
[2023-03-07 19:21:08,343][simglucose.controller.basal_bolus_ctrller][INFO] - glucose = 111.77715454101562
[2023-03-07 19:21:09,754][simglucose.patient.t1dpatient][INFO] - t = 554.0, Patient finishes eating!
[2023-03-07 19:21:28,709][simglucose.simulation.scenario_gen][INFO] - Creating new one day scenario ...
[2023-03-07 19:21:41,075][simglucose.simulation.scenario_gen][INFO] - Time for meal!
[2023-03-07 19:21:41,076][simglucose.patient.t1dpatient][INFO] - t = 1275.0, patient starts eating ...
[2023-03-07 19:21:41,129][simglucose.controller.basal_bolus_ctrller][INFO] - Calculating bolus ...
[2023-03-07 19:21:41,130][simglucose.controller.basal_bolus_ctrller][INFO] - Meal = 41 g/min
[2023-03-07 19:21:41,130][simglucose.controller.basal_bolus_ctrller][INFO] - glucose = 120.05792694091797
[2023-03-07 19:21:41,449][simglucose.patient.t1dpatient][INFO] - t = 1284.0, Patient finishes eating!
[2023-03-07 19:21:55,841][simglucose.simulation.scenario_gen][INFO] - Time for meal!
[2023-03-07 19:21:55,842][simglucose.patient.t1dpatient][INFO] - t = 1691.0, patient starts eating ...
[2023-03-07 19:21:55,892][simglucose.controller.basal_bolus_ctrller][INFO] - Calculating bolus ...
[2023-03-07 19:21:55,893][simglucose.controller.basal_bolus_ctrller][INFO] - Meal = 73 g/min
[2023-03-07 19:21:55,893][simglucose.controller.basal_bolus_ctrller][INFO] - glucose = 88.76233367919922
[2023-03-07 19:21:56,510][simglucose.patient.t1dpatient][INFO] - t = 1706.0, Patient finishes eating!
[2023-03-07 19:22:08,260][simglucose.simulation.scenario_gen][INFO] - Time for meal!
[2023-03-07 19:22:08,261][simglucose.patient.t1dpatient][INFO] - t = 2014.0, patient starts eating ...
[2023-03-07 19:22:08,318][simglucose.controller.basal_bolus_ctrller][INFO] - Calculating bolus ...
[2023-03-07 19:22:08,318][simglucose.controller.basal_bolus_ctrller][INFO] - Meal = 86 g/min
[2023-03-07 19:22:08,319][simglucose.controller.basal_bolus_ctrller][INFO] - glucose = 121.14059600830078
[2023-03-07 19:22:08,928][simglucose.patient.t1dpatient][INFO] - t = 2032.0, Patient finishes eating!
[2023-03-07 19:22:18,804][simglucose.simulation.scenario_gen][INFO] - Creating new one day scenario ...
[2023-03-07 19:22:34,972][simglucose.simulation.scenario_gen][INFO] - Time for meal!
[2023-03-07 19:22:34,972][simglucose.patient.t1dpatient][INFO] - t = 2821.0, patient starts eating ...
[2023-03-07 19:22:35,034][simglucose.controller.basal_bolus_ctrller][INFO] - Calculating bolus ...
[2023-03-07 19:22:35,034][simglucose.controller.basal_bolus_ctrller][INFO] - Meal = 42 g/min
[2023-03-07 19:22:35,035][simglucose.controller.basal_bolus_ctrller][INFO] - glucose = 112.04054412841796
[2023-03-07 19:22:35,359][simglucose.patient.t1dpatient][INFO] - t = 2830.0, Patient finishes eating!
[2023-03-07 19:22:53,758][simglucose.simulation.scenario_gen][INFO] - Time for meal!
[2023-03-07 19:22:53,759][simglucose.patient.t1dpatient][INFO] - t = 3383.0, patient starts eating ...
[2023-03-07 19:22:53,811][simglucose.controller.basal_bolus_ctrller][INFO] - Calculating bolus ...
[2023-03-07 19:22:53,811][simglucose.controller.basal_bolus_ctrller][INFO] - Meal = 83 g/min
[2023-03-07 19:22:53,812][simglucose.controller.basal_bolus_ctrller][INFO] - glucose = 64.96251220703125
[2023-03-07 19:22:54,452][simglucose.patient.t1dpatient][INFO] - t = 3400.0, Patient finishes eating!
[2023-03-07 19:23:08,351][simglucose.simulation.scenario_gen][INFO] - Creating new one day scenario ...
[2023-03-07 19:23:17,212][simglucose.actuator.pump][INFO] - Resetting insulin pump ...
[2023-03-07 19:23:19,826][simglucose.simulation.scenario_gen][INFO] - Time for meal!
[2023-03-07 19:23:19,826][simglucose.patient.t1dpatient][INFO] - t = 63.0, patient starts eating ...
[2023-03-07 19:23:20,036][simglucose.patient.t1dpatient][INFO] - t = 66.0, Patient finishes eating!
[2023-03-07 19:23:29,898][simglucose.simulation.scenario_gen][INFO] - Time for meal!
[2023-03-07 19:23:29,899][simglucose.patient.t1dpatient][INFO] - t = 309.0, patient starts eating ...
[2023-03-07 19:23:29,970][simglucose.controller.basal_bolus_ctrller][INFO] - Calculating bolus ...
[2023-03-07 19:23:29,971][simglucose.controller.basal_bolus_ctrller][INFO] - Meal = 82 g/min
[2023-03-07 19:23:29,971][simglucose.controller.basal_bolus_ctrller][INFO] - glucose = 102.82341613769532
[2023-03-07 19:23:30,670][simglucose.patient.t1dpatient][INFO] - t = 326.0, Patient finishes eating!
[2023-03-07 19:23:41,787][simglucose.simulation.scenario_gen][INFO] - Creating new one day scenario ...
[2023-03-07 19:23:57,660][simglucose.simulation.scenario_gen][INFO] - Time for meal!
[2023-03-07 19:23:57,661][simglucose.patient.t1dpatient][INFO] - t = 993.0, patient starts eating ...
[2023-03-07 19:23:57,738][simglucose.controller.basal_bolus_ctrller][INFO] - Calculating bolus ...
[2023-03-07 19:23:57,738][simglucose.controller.basal_bolus_ctrller][INFO] - Meal = 51 g/min
[2023-03-07 19:23:57,739][simglucose.controller.basal_bolus_ctrller][INFO] - glucose = 120.17593383789062
[2023-03-07 19:23:58,190][simglucose.patient.t1dpatient][INFO] - t = 1004.0, Patient finishes eating!
[2023-03-07 19:24:12,631][simglucose.simulation.scenario_gen][INFO] - Time for meal!
[2023-03-07 19:24:12,631][simglucose.patient.t1dpatient][INFO] - t = 1359.0, patient starts eating ...
[2023-03-07 19:24:12,687][simglucose.controller.basal_bolus_ctrller][INFO] - Calculating bolus ...
[2023-03-07 19:24:12,688][simglucose.controller.basal_bolus_ctrller][INFO] - Meal = 64 g/min
[2023-03-07 19:24:12,688][simglucose.controller.basal_bolus_ctrller][INFO] - glucose = 100.4524169921875
[2023-03-07 19:24:13,214][simglucose.patient.t1dpatient][INFO] - t = 1372.0, Patient finishes eating!
[2023-03-07 19:24:26,108][simglucose.simulation.scenario_gen][INFO] - Time for meal!
[2023-03-07 19:24:26,109][simglucose.patient.t1dpatient][INFO] - t = 1685.0, patient starts eating ...
[2023-03-07 19:24:26,171][simglucose.controller.basal_bolus_ctrller][INFO] - Calculating bolus ...
[2023-03-07 19:24:26,171][simglucose.controller.basal_bolus_ctrller][INFO] - Meal = 112 g/min
[2023-03-07 19:24:26,171][simglucose.controller.basal_bolus_ctrller][INFO] - glucose = 66.36775817871094
[2023-03-07 19:24:27,111][simglucose.patient.t1dpatient][INFO] - t = 1708.0, Patient finishes eating!
[2023-03-07 19:24:33,329][simglucose.simulation.scenario_gen][INFO] - Time for meal!
[2023-03-07 19:24:33,330][simglucose.patient.t1dpatient][INFO] - t = 1865.0, patient starts eating ...
[2023-03-07 19:24:33,369][simglucose.controller.basal_bolus_ctrller][INFO] - Calculating bolus ...
[2023-03-07 19:24:33,370][simglucose.controller.basal_bolus_ctrller][INFO] - Meal = 17 g/min
[2023-03-07 19:24:33,371][simglucose.controller.basal_bolus_ctrller][INFO] - glucose = 107.36072082519532
[2023-03-07 19:24:33,488][simglucose.patient.t1dpatient][INFO] - t = 1869.0, Patient finishes eating!
[2023-03-07 19:24:39,577][simglucose.simulation.scenario_gen][INFO] - Creating new one day scenario ...
[2023-03-07 19:24:54,205][simglucose.simulation.scenario_gen][INFO] - Time for meal!
[2023-03-07 19:24:54,206][simglucose.patient.t1dpatient][INFO] - t = 2431.0, patient starts eating ...
[2023-03-07 19:24:54,274][simglucose.controller.basal_bolus_ctrller][INFO] - Calculating bolus ...
[2023-03-07 19:24:54,274][simglucose.controller.basal_bolus_ctrller][INFO] - Meal = 27 g/min
[2023-03-07 19:24:54,275][simglucose.controller.basal_bolus_ctrller][INFO] - glucose = 97.83446197509765
[2023-03-07 19:24:54,529][simglucose.patient.t1dpatient][INFO] - t = 2437.0, Patient finishes eating!
[2023-03-07 19:25:00,100][simglucose.simulation.scenario_gen][INFO] - Time for meal!
[2023-03-07 19:25:00,102][simglucose.patient.t1dpatient][INFO] - t = 2584.0, patient starts eating ...
[2023-03-07 19:25:00,160][simglucose.controller.basal_bolus_ctrller][INFO] - Calculating bolus ...
[2023-03-07 19:25:00,160][simglucose.controller.basal_bolus_ctrller][INFO] - Meal = 12 g/min
[2023-03-07 19:25:00,161][simglucose.controller.basal_bolus_ctrller][INFO] - glucose = 111.53656005859375
[2023-03-07 19:25:00,246][simglucose.patient.t1dpatient][INFO] - t = 2587.0, Patient finishes eating!
[2023-03-07 19:25:08,073][simglucose.simulation.scenario_gen][INFO] - Time for meal!
[2023-03-07 19:25:08,074][simglucose.patient.t1dpatient][INFO] - t = 2784.0, patient starts eating ...
[2023-03-07 19:25:08,111][simglucose.controller.basal_bolus_ctrller][INFO] - Calculating bolus ...
[2023-03-07 19:25:08,111][simglucose.controller.basal_bolus_ctrller][INFO] - Meal = 72 g/min
[2023-03-07 19:25:08,112][simglucose.controller.basal_bolus_ctrller][INFO] - glucose = 109.43739166259766
[2023-03-07 19:25:08,654][simglucose.patient.t1dpatient][INFO] - t = 2799.0, Patient finishes eating!
[2023-03-07 19:25:14,420][simglucose.simulation.scenario_gen][INFO] - Time for meal!
[2023-03-07 19:25:14,420][simglucose.patient.t1dpatient][INFO] - t = 2942.0, patient starts eating ...
[2023-03-07 19:25:14,460][simglucose.controller.basal_bolus_ctrller][INFO] - Calculating bolus ...
[2023-03-07 19:25:14,461][simglucose.controller.basal_bolus_ctrller][INFO] - Meal = 12 g/min
[2023-03-07 19:25:14,461][simglucose.controller.basal_bolus_ctrller][INFO] - glucose = 105.81370086669922
[2023-03-07 19:25:14,550][simglucose.patient.t1dpatient][INFO] - t = 2945.0, Patient finishes eating!
[2023-03-07 19:25:25,200][simglucose.simulation.scenario_gen][INFO] - Time for meal!
[2023-03-07 19:25:25,201][simglucose.patient.t1dpatient][INFO] - t = 3238.0, patient starts eating ...
[2023-03-07 19:25:25,252][simglucose.controller.basal_bolus_ctrller][INFO] - Calculating bolus ...
[2023-03-07 19:25:25,252][simglucose.controller.basal_bolus_ctrller][INFO] - Meal = 78 g/min
[2023-03-07 19:25:25,253][simglucose.controller.basal_bolus_ctrller][INFO] - glucose = 77.71280975341797
[2023-03-07 19:25:25,963][simglucose.patient.t1dpatient][INFO] - t = 3254.0, Patient finishes eating!
[2023-03-07 19:25:31,734][simglucose.simulation.scenario_gen][INFO] - Time for meal!
[2023-03-07 19:25:31,734][simglucose.patient.t1dpatient][INFO] - t = 3388.0, patient starts eating ...
[2023-03-07 19:25:31,770][simglucose.controller.basal_bolus_ctrller][INFO] - Calculating bolus ...
[2023-03-07 19:25:31,771][simglucose.controller.basal_bolus_ctrller][INFO] - Meal = 9 g/min
[2023-03-07 19:25:31,771][simglucose.controller.basal_bolus_ctrller][INFO] - glucose = 113.04132690429688
[2023-03-07 19:25:31,812][simglucose.patient.t1dpatient][INFO] - t = 3390.0, Patient finishes eating!
[2023-03-07 19:25:35,205][simglucose.simulation.scenario_gen][INFO] - Creating new one day scenario ...
[2023-03-07 19:25:49,466][simglucose.simulation.scenario_gen][INFO] - Time for meal!
[2023-03-07 19:25:49,467][simglucose.patient.t1dpatient][INFO] - t = 3835.0, patient starts eating ...
[2023-03-07 19:25:49,526][simglucose.controller.basal_bolus_ctrller][INFO] - Calculating bolus ...
[2023-03-07 19:25:49,526][simglucose.controller.basal_bolus_ctrller][INFO] - Meal = 55 g/min
[2023-03-07 19:25:49,526][simglucose.controller.basal_bolus_ctrller][INFO] - glucose = 121.11846466064453
[2023-03-07 19:25:49,957][simglucose.patient.t1dpatient][INFO] - t = 3846.0, Patient finishes eating!
[2023-03-07 19:25:55,953][simglucose.actuator.pump][INFO] - Resetting insulin pump ...
[2023-03-07 19:25:59,612][simglucose.simulation.scenario_gen][INFO] - Time for meal!
[2023-03-07 19:25:59,613][simglucose.patient.t1dpatient][INFO] - t = 85.0, patient starts eating ...
[2023-03-07 19:25:59,700][simglucose.controller.basal_bolus_ctrller][INFO] - Calculating bolus ...
[2023-03-07 19:25:59,701][simglucose.controller.basal_bolus_ctrller][INFO] - Meal = 3 g/min
[2023-03-07 19:25:59,701][simglucose.controller.basal_bolus_ctrller][INFO] - glucose = 144.58113708496094
[2023-03-07 19:25:59,702][simglucose.patient.t1dpatient][INFO] - t = 86.0, Patient finishes eating!
[2023-03-07 19:26:03,747][simglucose.simulation.scenario_gen][INFO] - Time for meal!
[2023-03-07 19:26:03,747][simglucose.patient.t1dpatient][INFO] - t = 175.0, patient starts eating ...
[2023-03-07 19:26:03,801][simglucose.controller.basal_bolus_ctrller][INFO] - Calculating bolus ...
[2023-03-07 19:26:03,801][simglucose.controller.basal_bolus_ctrller][INFO] - Meal = 88 g/min
[2023-03-07 19:26:03,802][simglucose.controller.basal_bolus_ctrller][INFO] - glucose = 146.19359741210937
[2023-03-07 19:26:04,478][simglucose.patient.t1dpatient][INFO] - t = 193.0, Patient finishes eating!
[2023-03-07 19:26:18,642][simglucose.simulation.scenario_gen][INFO] - Time for meal!
[2023-03-07 19:26:18,643][simglucose.patient.t1dpatient][INFO] - t = 529.0, patient starts eating ...
[2023-03-07 19:26:18,709][simglucose.controller.basal_bolus_ctrller][INFO] - Calculating bolus ...
[2023-03-07 19:26:18,709][simglucose.controller.basal_bolus_ctrller][INFO] - Meal = 88 g/min
[2023-03-07 19:26:18,710][simglucose.controller.basal_bolus_ctrller][INFO] - glucose = 97.86197357177734
[2023-03-07 19:26:19,500][simglucose.patient.t1dpatient][INFO] - t = 547.0, Patient finishes eating!
[2023-03-07 19:26:36,241][simglucose.simulation.scenario_gen][INFO] - Creating new one day scenario ...
[2023-03-07 19:26:53,545][simglucose.simulation.scenario_gen][INFO] - Time for meal!
[2023-03-07 19:26:53,546][simglucose.patient.t1dpatient][INFO] - t = 1400.0, patient starts eating ...
[2023-03-07 19:26:53,633][simglucose.controller.basal_bolus_ctrller][INFO] - Calculating bolus ...
[2023-03-07 19:26:53,633][simglucose.controller.basal_bolus_ctrller][INFO] - Meal = 37 g/min
[2023-03-07 19:26:53,633][simglucose.controller.basal_bolus_ctrller][INFO] - glucose = 110.79631958007812
[2023-03-07 19:26:53,993][simglucose.patient.t1dpatient][INFO] - t = 1408.0, Patient finishes eating!
[2023-03-07 19:27:07,660][simglucose.simulation.scenario_gen][INFO] - Time for meal!
[2023-03-07 19:27:07,660][simglucose.patient.t1dpatient][INFO] - t = 1723.0, patient starts eating ...
[2023-03-07 19:27:07,711][simglucose.controller.basal_bolus_ctrller][INFO] - Calculating bolus ...
[2023-03-07 19:27:07,711][simglucose.controller.basal_bolus_ctrller][INFO] - Meal = 73 g/min
[2023-03-07 19:27:07,712][simglucose.controller.basal_bolus_ctrller][INFO] - glucose = 105.42238922119141
[2023-03-07 19:27:08,298][simglucose.patient.t1dpatient][INFO] - t = 1738.0, Patient finishes eating!
[2023-03-07 19:27:12,040][simglucose.simulation.scenario_gen][INFO] - Time for meal!
[2023-03-07 19:27:12,041][simglucose.patient.t1dpatient][INFO] - t = 1844.0, patient starts eating ...
[2023-03-07 19:27:12,087][simglucose.controller.basal_bolus_ctrller][INFO] - Calculating bolus ...
[2023-03-07 19:27:12,088][simglucose.controller.basal_bolus_ctrller][INFO] - Meal = 12 g/min
[2023-03-07 19:27:12,088][simglucose.controller.basal_bolus_ctrller][INFO] - glucose = 106.41118774414062
[2023-03-07 19:27:12,192][simglucose.patient.t1dpatient][INFO] - t = 1847.0, Patient finishes eating!
[2023-03-07 19:27:20,141][simglucose.simulation.scenario_gen][INFO] - Time for meal!
[2023-03-07 19:27:20,141][simglucose.patient.t1dpatient][INFO] - t = 2045.0, patient starts eating ...
[2023-03-07 19:27:20,188][simglucose.controller.basal_bolus_ctrller][INFO] - Calculating bolus ...
[2023-03-07 19:27:20,189][simglucose.controller.basal_bolus_ctrller][INFO] - Meal = 86 g/min
[2023-03-07 19:27:20,189][simglucose.controller.basal_bolus_ctrller][INFO] - glucose = 82.53860931396484
[2023-03-07 19:27:20,833][simglucose.patient.t1dpatient][INFO] - t = 2063.0, Patient finishes eating!
[2023-03-07 19:27:33,094][simglucose.simulation.scenario_gen][INFO] - Creating new one day scenario ...
[2023-03-07 19:27:49,027][simglucose.simulation.scenario_gen][INFO] - Time for meal!
[2023-03-07 19:27:49,028][simglucose.patient.t1dpatient][INFO] - t = 2788.0, patient starts eating ...
[2023-03-07 19:27:49,083][simglucose.controller.basal_bolus_ctrller][INFO] - Calculating bolus ...
[2023-03-07 19:27:49,083][simglucose.controller.basal_bolus_ctrller][INFO] - Meal = 28 g/min
[2023-03-07 19:27:49,083][simglucose.controller.basal_bolus_ctrller][INFO] - glucose = 97.70500793457032
[2023-03-07 19:27:49,357][simglucose.patient.t1dpatient][INFO] - t = 2794.0, Patient finishes eating!
[2023-03-07 19:28:06,554][simglucose.simulation.scenario_gen][INFO] - Time for meal!
[2023-03-07 19:28:06,554][simglucose.patient.t1dpatient][INFO] - t = 3193.0, patient starts eating ...
[2023-03-07 19:28:06,622][simglucose.controller.basal_bolus_ctrller][INFO] - Calculating bolus ...
[2023-03-07 19:28:06,622][simglucose.controller.basal_bolus_ctrller][INFO] - Meal = 65 g/min
[2023-03-07 19:28:06,623][simglucose.controller.basal_bolus_ctrller][INFO] - glucose = 119.73888244628907
[2023-03-07 19:28:07,204][simglucose.patient.t1dpatient][INFO] - t = 3206.0, Patient finishes eating!
[2023-03-07 19:28:18,517][simglucose.simulation.scenario_gen][INFO] - Time for meal!
[2023-03-07 19:28:18,519][simglucose.patient.t1dpatient][INFO] - t = 3469.0, patient starts eating ...
[2023-03-07 19:28:18,571][simglucose.controller.basal_bolus_ctrller][INFO] - Calculating bolus ...
[2023-03-07 19:28:18,571][simglucose.controller.basal_bolus_ctrller][INFO] - Meal = 78 g/min
[2023-03-07 19:28:18,572][simglucose.controller.basal_bolus_ctrller][INFO] - glucose = 117.60460815429687
[2023-03-07 19:28:19,148][simglucose.patient.t1dpatient][INFO] - t = 3485.0, Patient finishes eating!
[2023-03-07 19:28:31,326][simglucose.simulation.scenario_gen][INFO] - Creating new one day scenario ...
