[2023-03-06 19:36:44,660][simglucose.actuator.pump][INFO] - Resetting insulin pump ...
[2023-03-06 19:36:47,980][simglucose.simulation.scenario_gen][INFO] - Time for meal!
[2023-03-06 19:36:47,981][simglucose.patient.t1dpatient][INFO] - t = 99.0, patient starts eating ...
[2023-03-06 19:36:48,055][simglucose.controller.basal_bolus_ctrller][INFO] - Calculating bolus ...
[2023-03-06 19:36:48,055][simglucose.controller.basal_bolus_ctrller][INFO] - Meal = 30 g/min
[2023-03-06 19:36:48,056][simglucose.controller.basal_bolus_ctrller][INFO] - glucose = 104.52705970581222
[2023-03-06 19:36:48,142][simglucose.patient.t1dpatient][INFO] - t = 105.0, Patient finishes eating!
[2023-03-06 19:36:49,573][simglucose.simulation.scenario_gen][INFO] - Time for meal!
[2023-03-06 19:36:49,847][simglucose.patient.t1dpatient][INFO] - t = 337.0, patient starts eating ...
[2023-03-06 19:36:49,865][simglucose.controller.basal_bolus_ctrller][INFO] - Calculating bolus ...
[2023-03-06 19:36:49,866][simglucose.controller.basal_bolus_ctrller][INFO] - Meal = 73 g/min
[2023-03-06 19:36:49,867][simglucose.controller.basal_bolus_ctrller][INFO] - glucose = 52.30920864941689
[2023-03-06 19:36:50,010][simglucose.patient.t1dpatient][INFO] - t = 352.0, Patient finishes eating!
[2023-03-06 19:36:51,070][simglucose.actuator.pump][INFO] - Resetting insulin pump ...
[2023-03-06 19:36:51,161][simglucose.simulation.scenario_gen][INFO] - Time for meal!
[2023-03-06 19:36:51,161][simglucose.patient.t1dpatient][INFO] - t = 4.0, patient starts eating ...
[2023-03-06 19:36:51,233][simglucose.controller.basal_bolus_ctrller][INFO] - Calculating bolus ...
[2023-03-06 19:36:51,234][simglucose.controller.basal_bolus_ctrller][INFO] - Meal = 66 g/min
[2023-03-06 19:36:51,236][simglucose.controller.basal_bolus_ctrller][INFO] - glucose = 142.4463574591576
[2023-03-06 19:36:51,400][simglucose.patient.t1dpatient][INFO] - t = 18.0, Patient finishes eating!
[2023-03-06 19:36:52,116][simglucose.actuator.pump][INFO] - Resetting insulin pump ...
[2023-03-06 19:36:52,836][simglucose.actuator.pump][INFO] - Resetting insulin pump ...
[2023-03-06 19:36:53,628][simglucose.actuator.pump][INFO] - Resetting insulin pump ...
[2023-03-06 19:36:54,504][simglucose.actuator.pump][INFO] - Resetting insulin pump ...
[2023-03-06 19:36:55,331][simglucose.simulation.scenario_gen][INFO] - Time for meal!
[2023-03-06 19:36:55,332][simglucose.patient.t1dpatient][INFO] - t = 147.0, patient starts eating ...
[2023-03-06 19:36:55,401][simglucose.controller.basal_bolus_ctrller][INFO] - Calculating bolus ...
[2023-03-06 19:36:55,402][simglucose.controller.basal_bolus_ctrller][INFO] - Meal = 89 g/min
[2023-03-06 19:36:55,402][simglucose.controller.basal_bolus_ctrller][INFO] - glucose = 149.39174577781353
[2023-03-06 19:36:55,612][simglucose.patient.t1dpatient][INFO] - t = 165.0, Patient finishes eating!
[2023-03-06 19:36:56,840][simglucose.simulation.scenario_gen][INFO] - Time for meal!
[2023-03-06 19:36:56,840][simglucose.patient.t1dpatient][INFO] - t = 360.0, patient starts eating ...
[2023-03-06 19:36:56,847][simglucose.controller.basal_bolus_ctrller][INFO] - Calculating bolus ...
[2023-03-06 19:36:56,847][simglucose.controller.basal_bolus_ctrller][INFO] - Meal = 1 g/min
[2023-03-06 19:36:56,847][simglucose.controller.basal_bolus_ctrller][INFO] - glucose = 122.20262248629096
[2023-03-06 19:36:56,848][simglucose.patient.t1dpatient][INFO] - t = 361.0, Patient finishes eating!
[2023-03-06 19:36:58,034][simglucose.simulation.scenario_gen][INFO] - Creating new one day scenario ...
[2023-03-06 19:37:01,020][simglucose.simulation.scenario_gen][INFO] - Time for meal!
[2023-03-06 19:37:01,021][simglucose.patient.t1dpatient][INFO] - t = 984.0, patient starts eating ...
[2023-03-06 19:37:01,058][simglucose.controller.basal_bolus_ctrller][INFO] - Calculating bolus ...
[2023-03-06 19:37:01,058][simglucose.controller.basal_bolus_ctrller][INFO] - Meal = 33 g/min
[2023-03-06 19:37:01,059][simglucose.controller.basal_bolus_ctrller][INFO] - glucose = 139.5409494050695
[2023-03-06 19:37:01,197][simglucose.patient.t1dpatient][INFO] - t = 991.0, Patient finishes eating!
[2023-03-06 19:37:02,937][simglucose.simulation.scenario_gen][INFO] - Time for meal!
[2023-03-06 19:37:02,984][simglucose.patient.t1dpatient][INFO] - t = 1262.0, patient starts eating ...
[2023-03-06 19:37:03,011][simglucose.controller.basal_bolus_ctrller][INFO] - Calculating bolus ...
[2023-03-06 19:37:03,011][simglucose.controller.basal_bolus_ctrller][INFO] - Meal = 69 g/min
[2023-03-06 19:37:03,011][simglucose.controller.basal_bolus_ctrller][INFO] - glucose = 125.9592969124829
[2023-03-06 19:37:03,176][simglucose.patient.t1dpatient][INFO] - t = 1276.0, Patient finishes eating!
[2023-03-06 19:37:04,192][simglucose.simulation.scenario_gen][INFO] - Time for meal!
[2023-03-06 19:37:04,234][simglucose.patient.t1dpatient][INFO] - t = 1436.0, patient starts eating ...
[2023-03-06 19:37:04,240][simglucose.controller.basal_bolus_ctrller][INFO] - Calculating bolus ...
[2023-03-06 19:37:04,241][simglucose.controller.basal_bolus_ctrller][INFO] - Meal = 7 g/min
[2023-03-06 19:37:04,241][simglucose.controller.basal_bolus_ctrller][INFO] - glucose = 127.42814145009247
[2023-03-06 19:37:04,258][simglucose.patient.t1dpatient][INFO] - t = 1438.0, Patient finishes eating!
[2023-03-06 19:37:06,207][simglucose.simulation.scenario_gen][INFO] - Time for meal!
[2023-03-06 19:37:06,208][simglucose.patient.t1dpatient][INFO] - t = 1727.0, patient starts eating ...
[2023-03-06 19:37:06,243][simglucose.controller.basal_bolus_ctrller][INFO] - Calculating bolus ...
[2023-03-06 19:37:06,244][simglucose.controller.basal_bolus_ctrller][INFO] - Meal = 83 g/min
[2023-03-06 19:37:06,244][simglucose.controller.basal_bolus_ctrller][INFO] - glucose = 123.67185701215674
[2023-03-06 19:37:06,420][simglucose.patient.t1dpatient][INFO] - t = 1744.0, Patient finishes eating!
[2023-03-06 19:37:07,973][simglucose.simulation.scenario_gen][INFO] - Creating new one day scenario ...
[2023-03-06 19:37:10,099][simglucose.simulation.scenario_gen][INFO] - Time for meal!
[2023-03-06 19:37:10,100][simglucose.patient.t1dpatient][INFO] - t = 2318.0, patient starts eating ...
[2023-03-06 19:37:10,140][simglucose.controller.basal_bolus_ctrller][INFO] - Calculating bolus ...
[2023-03-06 19:37:10,141][simglucose.controller.basal_bolus_ctrller][INFO] - Meal = 56 g/min
[2023-03-06 19:37:10,141][simglucose.controller.basal_bolus_ctrller][INFO] - glucose = 106.60985364986809
[2023-03-06 19:37:10,288][simglucose.patient.t1dpatient][INFO] - t = 2330.0, Patient finishes eating!
[2023-03-06 19:37:12,886][simglucose.simulation.scenario_gen][INFO] - Time for meal!
[2023-03-06 19:37:12,887][simglucose.patient.t1dpatient][INFO] - t = 2722.0, patient starts eating ...
[2023-03-06 19:37:12,919][simglucose.controller.basal_bolus_ctrller][INFO] - Calculating bolus ...
[2023-03-06 19:37:12,919][simglucose.controller.basal_bolus_ctrller][INFO] - Meal = 62 g/min
[2023-03-06 19:37:12,920][simglucose.controller.basal_bolus_ctrller][INFO] - glucose = 107.86553424518016
[2023-03-06 19:37:13,098][simglucose.patient.t1dpatient][INFO] - t = 2735.0, Patient finishes eating!
[2023-03-06 19:37:14,574][simglucose.simulation.scenario_gen][INFO] - Time for meal!
[2023-03-06 19:37:14,575][simglucose.patient.t1dpatient][INFO] - t = 2972.0, patient starts eating ...
[2023-03-06 19:37:14,594][simglucose.controller.basal_bolus_ctrller][INFO] - Calculating bolus ...
[2023-03-06 19:37:14,595][simglucose.controller.basal_bolus_ctrller][INFO] - Meal = 98 g/min
[2023-03-06 19:37:14,595][simglucose.controller.basal_bolus_ctrller][INFO] - glucose = 110.5806036651583
[2023-03-06 19:37:14,758][simglucose.patient.t1dpatient][INFO] - t = 2992.0, Patient finishes eating!
[2023-03-06 19:37:16,766][simglucose.actuator.pump][INFO] - Resetting insulin pump ...
[2023-03-06 19:37:17,333][simglucose.simulation.scenario_gen][INFO] - Time for meal!
[2023-03-06 19:37:17,334][simglucose.patient.t1dpatient][INFO] - t = 90.0, patient starts eating ...
[2023-03-06 19:37:17,411][simglucose.controller.basal_bolus_ctrller][INFO] - Calculating bolus ...
[2023-03-06 19:37:17,412][simglucose.controller.basal_bolus_ctrller][INFO] - Meal = 57 g/min
[2023-03-06 19:37:17,413][simglucose.controller.basal_bolus_ctrller][INFO] - glucose = 70.0355705253671
[2023-03-06 19:37:17,570][simglucose.patient.t1dpatient][INFO] - t = 102.0, Patient finishes eating!
[2023-03-06 19:37:17,640][simglucose.actuator.pump][INFO] - Resetting insulin pump ...
[2023-03-06 19:37:18,033][simglucose.simulation.scenario_gen][INFO] - Time for meal!
[2023-03-06 19:37:18,034][simglucose.patient.t1dpatient][INFO] - t = 58.0, patient starts eating ...
[2023-03-06 19:37:18,104][simglucose.controller.basal_bolus_ctrller][INFO] - Calculating bolus ...
[2023-03-06 19:37:18,105][simglucose.controller.basal_bolus_ctrller][INFO] - Meal = 67 g/min
[2023-03-06 19:37:18,105][simglucose.controller.basal_bolus_ctrller][INFO] - glucose = 86.47485890374989
[2023-03-06 19:37:18,275][simglucose.patient.t1dpatient][INFO] - t = 72.0, Patient finishes eating!
[2023-03-06 19:37:18,690][simglucose.actuator.pump][INFO] - Resetting insulin pump ...
[2023-03-06 19:37:19,424][simglucose.actuator.pump][INFO] - Resetting insulin pump ...
[2023-03-06 19:37:20,284][simglucose.actuator.pump][INFO] - Resetting insulin pump ...
[2023-03-06 19:37:20,581][simglucose.simulation.scenario_gen][INFO] - Time for meal!
[2023-03-06 19:37:20,582][simglucose.patient.t1dpatient][INFO] - t = 43.0, patient starts eating ...
[2023-03-06 19:37:20,661][simglucose.controller.basal_bolus_ctrller][INFO] - Calculating bolus ...
[2023-03-06 19:37:20,661][simglucose.controller.basal_bolus_ctrller][INFO] - Meal = 64 g/min
[2023-03-06 19:37:20,662][simglucose.controller.basal_bolus_ctrller][INFO] - glucose = 148.64498302770255
[2023-03-06 19:37:20,832][simglucose.patient.t1dpatient][INFO] - t = 56.0, Patient finishes eating!
[2023-03-06 19:37:23,094][simglucose.simulation.scenario_gen][INFO] - Time for meal!
[2023-03-06 19:37:23,095][simglucose.patient.t1dpatient][INFO] - t = 402.0, patient starts eating ...
[2023-03-06 19:37:23,137][simglucose.controller.basal_bolus_ctrller][INFO] - Calculating bolus ...
[2023-03-06 19:37:23,138][simglucose.controller.basal_bolus_ctrller][INFO] - Meal = 73 g/min
[2023-03-06 19:37:23,138][simglucose.controller.basal_bolus_ctrller][INFO] - glucose = 64.10343353103565
[2023-03-06 19:37:23,282][simglucose.patient.t1dpatient][INFO] - t = 417.0, Patient finishes eating!
[2023-03-06 19:37:23,428][simglucose.actuator.pump][INFO] - Resetting insulin pump ...
[2023-03-06 19:37:23,955][simglucose.simulation.scenario_gen][INFO] - Time for meal!
[2023-03-06 19:37:23,956][simglucose.patient.t1dpatient][INFO] - t = 91.0, patient starts eating ...
[2023-03-06 19:37:24,030][simglucose.controller.basal_bolus_ctrller][INFO] - Calculating bolus ...
[2023-03-06 19:37:24,031][simglucose.controller.basal_bolus_ctrller][INFO] - Meal = 8 g/min
[2023-03-06 19:37:24,031][simglucose.controller.basal_bolus_ctrller][INFO] - glucose = 134.38023224245083
[2023-03-06 19:37:24,069][simglucose.patient.t1dpatient][INFO] - t = 93.0, Patient finishes eating!
[2023-03-06 19:37:24,917][simglucose.simulation.scenario_gen][INFO] - Time for meal!
[2023-03-06 19:37:24,917][simglucose.patient.t1dpatient][INFO] - t = 220.0, patient starts eating ...
[2023-03-06 19:37:24,957][simglucose.controller.basal_bolus_ctrller][INFO] - Calculating bolus ...
[2023-03-06 19:37:24,958][simglucose.controller.basal_bolus_ctrller][INFO] - Meal = 89 g/min
[2023-03-06 19:37:24,958][simglucose.controller.basal_bolus_ctrller][INFO] - glucose = 157.01529134072695
[2023-03-06 19:37:25,153][simglucose.patient.t1dpatient][INFO] - t = 238.0, Patient finishes eating!
[2023-03-06 19:37:27,511][simglucose.simulation.scenario_gen][INFO] - Creating new one day scenario ...
[2023-03-06 19:37:29,941][simglucose.simulation.scenario_gen][INFO] - Time for meal!
[2023-03-06 19:37:29,941][simglucose.patient.t1dpatient][INFO] - t = 1105.0, patient starts eating ...
[2023-03-06 19:37:29,979][simglucose.controller.basal_bolus_ctrller][INFO] - Calculating bolus ...
[2023-03-06 19:37:29,980][simglucose.controller.basal_bolus_ctrller][INFO] - Meal = 49 g/min
[2023-03-06 19:37:29,980][simglucose.controller.basal_bolus_ctrller][INFO] - glucose = 143.63866400539456
[2023-03-06 19:37:30,116][simglucose.patient.t1dpatient][INFO] - t = 1115.0, Patient finishes eating!
[2023-03-06 19:37:32,151][simglucose.simulation.scenario_gen][INFO] - Time for meal!
[2023-03-06 19:37:32,152][simglucose.patient.t1dpatient][INFO] - t = 1487.0, patient starts eating ...
[2023-03-06 19:37:32,173][simglucose.controller.basal_bolus_ctrller][INFO] - Calculating bolus ...
[2023-03-06 19:37:32,174][simglucose.controller.basal_bolus_ctrller][INFO] - Meal = 64 g/min
[2023-03-06 19:37:32,174][simglucose.controller.basal_bolus_ctrller][INFO] - glucose = 123.48946692705327
[2023-03-06 19:37:32,317][simglucose.patient.t1dpatient][INFO] - t = 1500.0, Patient finishes eating!
[2023-03-06 19:37:33,192][simglucose.simulation.scenario_gen][INFO] - Time for meal!
[2023-03-06 19:37:33,193][simglucose.patient.t1dpatient][INFO] - t = 1661.0, patient starts eating ...
[2023-03-06 19:37:33,198][simglucose.controller.basal_bolus_ctrller][INFO] - Calculating bolus ...
[2023-03-06 19:37:33,199][simglucose.controller.basal_bolus_ctrller][INFO] - Meal = 90 g/min
[2023-03-06 19:37:33,199][simglucose.controller.basal_bolus_ctrller][INFO] - glucose = 107.72644649816695
[2023-03-06 19:37:33,328][simglucose.patient.t1dpatient][INFO] - t = 1679.0, Patient finishes eating!
[2023-03-06 19:37:34,929][simglucose.actuator.pump][INFO] - Resetting insulin pump ...
[2023-03-06 19:37:36,657][simglucose.simulation.scenario_gen][INFO] - Time for meal!
[2023-03-06 19:37:36,658][simglucose.patient.t1dpatient][INFO] - t = 325.0, patient starts eating ...
[2023-03-06 19:37:36,729][simglucose.controller.basal_bolus_ctrller][INFO] - Calculating bolus ...
[2023-03-06 19:37:36,729][simglucose.controller.basal_bolus_ctrller][INFO] - Meal = 86 g/min
[2023-03-06 19:37:36,730][simglucose.controller.basal_bolus_ctrller][INFO] - glucose = 141.2815533412519
[2023-03-06 19:37:36,921][simglucose.patient.t1dpatient][INFO] - t = 343.0, Patient finishes eating!
[2023-03-06 19:37:38,071][simglucose.simulation.scenario_gen][INFO] - Time for meal!
[2023-03-06 19:37:38,072][simglucose.patient.t1dpatient][INFO] - t = 536.0, patient starts eating ...
[2023-03-06 19:37:38,078][simglucose.controller.basal_bolus_ctrller][INFO] - Calculating bolus ...
[2023-03-06 19:37:38,078][simglucose.controller.basal_bolus_ctrller][INFO] - Meal = 9 g/min
[2023-03-06 19:37:38,079][simglucose.controller.basal_bolus_ctrller][INFO] - glucose = 87.17663879671214
[2023-03-06 19:37:38,090][simglucose.patient.t1dpatient][INFO] - t = 538.0, Patient finishes eating!
[2023-03-06 19:37:38,382][simglucose.actuator.pump][INFO] - Resetting insulin pump ...
[2023-03-06 19:37:40,363][simglucose.simulation.scenario_gen][INFO] - Time for meal!
[2023-03-06 19:37:40,363][simglucose.patient.t1dpatient][INFO] - t = 388.0, patient starts eating ...
[2023-03-06 19:37:40,433][simglucose.controller.basal_bolus_ctrller][INFO] - Calculating bolus ...
[2023-03-06 19:37:40,433][simglucose.controller.basal_bolus_ctrller][INFO] - Meal = 44 g/min
[2023-03-06 19:37:40,434][simglucose.controller.basal_bolus_ctrller][INFO] - glucose = 141.33472755241056
[2023-03-06 19:37:40,549][simglucose.patient.t1dpatient][INFO] - t = 397.0, Patient finishes eating!
[2023-03-06 19:37:41,623][simglucose.simulation.scenario_gen][INFO] - Time for meal!
[2023-03-06 19:37:41,624][simglucose.patient.t1dpatient][INFO] - t = 589.0, patient starts eating ...
[2023-03-06 19:37:41,653][simglucose.controller.basal_bolus_ctrller][INFO] - Calculating bolus ...
[2023-03-06 19:37:41,653][simglucose.controller.basal_bolus_ctrller][INFO] - Meal = 64 g/min
[2023-03-06 19:37:41,654][simglucose.controller.basal_bolus_ctrller][INFO] - glucose = 131.0663462747258
[2023-03-06 19:37:41,779][simglucose.patient.t1dpatient][INFO] - t = 602.0, Patient finishes eating!
[2023-03-06 19:37:43,710][simglucose.simulation.scenario_gen][INFO] - Time for meal!
[2023-03-06 19:37:43,711][simglucose.patient.t1dpatient][INFO] - t = 952.0, patient starts eating ...
[2023-03-06 19:37:43,745][simglucose.controller.basal_bolus_ctrller][INFO] - Calculating bolus ...
[2023-03-06 19:37:43,746][simglucose.controller.basal_bolus_ctrller][INFO] - Meal = 83 g/min
[2023-03-06 19:37:43,746][simglucose.controller.basal_bolus_ctrller][INFO] - glucose = 106.55944097884512
[2023-03-06 19:37:43,889][simglucose.patient.t1dpatient][INFO] - t = 969.0, Patient finishes eating!
[2023-03-06 19:37:46,127][simglucose.actuator.pump][INFO] - Resetting insulin pump ...
[2023-03-06 19:37:46,261][simglucose.simulation.scenario_gen][INFO] - Time for meal!
[2023-03-06 19:37:46,262][simglucose.patient.t1dpatient][INFO] - t = 15.0, patient starts eating ...
[2023-03-06 19:37:46,352][simglucose.controller.basal_bolus_ctrller][INFO] - Calculating bolus ...
[2023-03-06 19:37:46,353][simglucose.controller.basal_bolus_ctrller][INFO] - Meal = 2 g/min
[2023-03-06 19:37:46,353][simglucose.controller.basal_bolus_ctrller][INFO] - glucose = 141.08576360535517
[2023-03-06 19:37:46,354][simglucose.patient.t1dpatient][INFO] - t = 16.0, Patient finishes eating!
[2023-03-06 19:37:47,241][simglucose.simulation.scenario_gen][INFO] - Creating new one day scenario ...
[2023-03-06 19:37:48,851][simglucose.actuator.pump][INFO] - Resetting insulin pump ...
[2023-03-06 19:37:49,104][simglucose.simulation.scenario_gen][INFO] - Time for meal!
[2023-03-06 19:37:49,105][simglucose.patient.t1dpatient][INFO] - t = 34.0, patient starts eating ...
[2023-03-06 19:37:49,171][simglucose.controller.basal_bolus_ctrller][INFO] - Calculating bolus ...
[2023-03-06 19:37:49,172][simglucose.controller.basal_bolus_ctrller][INFO] - Meal = 85 g/min
[2023-03-06 19:37:49,172][simglucose.controller.basal_bolus_ctrller][INFO] - glucose = 122.32258019717813
[2023-03-06 19:37:49,352][simglucose.patient.t1dpatient][INFO] - t = 51.0, Patient finishes eating!
[2023-03-06 19:37:49,916][simglucose.actuator.pump][INFO] - Resetting insulin pump ...
[2023-03-06 19:37:50,560][simglucose.actuator.pump][INFO] - Resetting insulin pump ...
[2023-03-06 19:37:51,305][simglucose.actuator.pump][INFO] - Resetting insulin pump ...
[2023-03-06 19:37:51,960][simglucose.actuator.pump][INFO] - Resetting insulin pump ...
[2023-03-06 19:37:52,812][simglucose.simulation.scenario_gen][INFO] - Time for meal!
[2023-03-06 19:37:52,812][simglucose.patient.t1dpatient][INFO] - t = 157.0, patient starts eating ...
[2023-03-06 19:37:52,881][simglucose.controller.basal_bolus_ctrller][INFO] - Calculating bolus ...
[2023-03-06 19:37:52,882][simglucose.controller.basal_bolus_ctrller][INFO] - Meal = 52 g/min
[2023-03-06 19:37:52,883][simglucose.controller.basal_bolus_ctrller][INFO] - glucose = 79.50624852069116
[2023-03-06 19:37:53,014][simglucose.patient.t1dpatient][INFO] - t = 168.0, Patient finishes eating!
[2023-03-06 19:37:53,975][simglucose.simulation.scenario_gen][INFO] - Time for meal!
[2023-03-06 19:37:53,976][simglucose.patient.t1dpatient][INFO] - t = 343.0, patient starts eating ...
[2023-03-06 19:37:53,993][simglucose.controller.basal_bolus_ctrller][INFO] - Calculating bolus ...
[2023-03-06 19:37:53,993][simglucose.controller.basal_bolus_ctrller][INFO] - Meal = 20 g/min
[2023-03-06 19:37:53,994][simglucose.controller.basal_bolus_ctrller][INFO] - glucose = 87.45775621365617
[2023-03-06 19:37:54,034][simglucose.patient.t1dpatient][INFO] - t = 347.0, Patient finishes eating!
[2023-03-06 19:37:54,631][simglucose.simulation.scenario_gen][INFO] - Time for meal!
[2023-03-06 19:37:54,632][simglucose.patient.t1dpatient][INFO] - t = 460.0, patient starts eating ...
[2023-03-06 19:37:54,651][simglucose.controller.basal_bolus_ctrller][INFO] - Calculating bolus ...
[2023-03-06 19:37:54,651][simglucose.controller.basal_bolus_ctrller][INFO] - Meal = 76 g/min
[2023-03-06 19:37:54,652][simglucose.controller.basal_bolus_ctrller][INFO] - glucose = 79.6735476175183
[2023-03-06 19:37:54,767][simglucose.patient.t1dpatient][INFO] - t = 476.0, Patient finishes eating!
[2023-03-06 19:37:56,698][simglucose.simulation.scenario_gen][INFO] - Creating new one day scenario ...
[2023-03-06 19:37:58,909][simglucose.simulation.scenario_gen][INFO] - Time for meal!
[2023-03-06 19:37:58,909][simglucose.patient.t1dpatient][INFO] - t = 1268.0, patient starts eating ...
[2023-03-06 19:37:58,941][simglucose.controller.basal_bolus_ctrller][INFO] - Calculating bolus ...
[2023-03-06 19:37:58,941][simglucose.controller.basal_bolus_ctrller][INFO] - Meal = 50 g/min
[2023-03-06 19:37:58,942][simglucose.controller.basal_bolus_ctrller][INFO] - glucose = 127.74838870762429
[2023-03-06 19:37:59,050][simglucose.patient.t1dpatient][INFO] - t = 1278.0, Patient finishes eating!
[2023-03-06 19:38:00,201][simglucose.simulation.scenario_gen][INFO] - Time for meal!
[2023-03-06 19:38:00,201][simglucose.patient.t1dpatient][INFO] - t = 1495.0, patient starts eating ...
[2023-03-06 19:38:00,218][simglucose.controller.basal_bolus_ctrller][INFO] - Calculating bolus ...
[2023-03-06 19:38:00,219][simglucose.controller.basal_bolus_ctrller][INFO] - Meal = 73 g/min
[2023-03-06 19:38:00,219][simglucose.controller.basal_bolus_ctrller][INFO] - glucose = 125.53063898878014
[2023-03-06 19:38:00,341][simglucose.patient.t1dpatient][INFO] - t = 1510.0, Patient finishes eating!
[2023-03-06 19:38:01,560][simglucose.actuator.pump][INFO] - Resetting insulin pump ...
[2023-03-06 19:38:07,101][simglucose.simulation.scenario_gen][INFO] - Time for meal!
[2023-03-06 19:38:07,101][simglucose.patient.t1dpatient][INFO] - t = 115.0, patient starts eating ...
[2023-03-06 19:38:07,203][simglucose.controller.basal_bolus_ctrller][INFO] - Calculating bolus ...
[2023-03-06 19:38:07,204][simglucose.controller.basal_bolus_ctrller][INFO] - Meal = 75 g/min
[2023-03-06 19:38:07,204][simglucose.controller.basal_bolus_ctrller][INFO] - glucose = 125.88772883295631
[2023-03-06 19:38:07,919][simglucose.patient.t1dpatient][INFO] - t = 130.0, Patient finishes eating!
[2023-03-06 19:38:20,673][simglucose.simulation.scenario_gen][INFO] - Creating new one day scenario ...
[2023-03-06 19:38:33,866][simglucose.simulation.scenario_gen][INFO] - Time for meal!
[2023-03-06 19:38:33,866][simglucose.patient.t1dpatient][INFO] - t = 748.0, patient starts eating ...
[2023-03-06 19:38:33,939][simglucose.controller.basal_bolus_ctrller][INFO] - Calculating bolus ...
[2023-03-06 19:38:33,939][simglucose.controller.basal_bolus_ctrller][INFO] - Meal = 75 g/min
[2023-03-06 19:38:33,940][simglucose.controller.basal_bolus_ctrller][INFO] - glucose = 132.0263446067828
[2023-03-06 19:38:34,768][simglucose.patient.t1dpatient][INFO] - t = 763.0, Patient finishes eating!
[2023-03-06 19:38:45,190][simglucose.actuator.pump][INFO] - Resetting insulin pump ...
[2023-03-06 19:38:57,371][simglucose.simulation.scenario_gen][INFO] - Time for meal!
[2023-03-06 19:38:57,372][simglucose.patient.t1dpatient][INFO] - t = 302.0, patient starts eating ...
[2023-03-06 19:38:57,479][simglucose.controller.basal_bolus_ctrller][INFO] - Calculating bolus ...
[2023-03-06 19:38:57,479][simglucose.controller.basal_bolus_ctrller][INFO] - Meal = 78 g/min
[2023-03-06 19:38:57,480][simglucose.controller.basal_bolus_ctrller][INFO] - glucose = 58.04847640552918
[2023-03-06 19:38:58,241][simglucose.patient.t1dpatient][INFO] - t = 318.0, Patient finishes eating!
[2023-03-06 19:39:12,588][simglucose.simulation.scenario_gen][INFO] - Creating new one day scenario ...
