[2023-02-22 14:00:52,876][simglucose.actuator.pump][INFO] - Resetting insulin pump ...
[2023-02-22 14:00:56,649][simglucose.actuator.pump][INFO] - Resetting insulin pump ...
[2023-02-22 14:00:57,169][simglucose.actuator.pump][INFO] - Resetting insulin pump ...
[2023-02-22 14:00:57,396][simglucose.simulation.scenario_gen][INFO] - Time for meal!
[2023-02-22 14:00:57,397][simglucose.patient.t1dpatient][INFO] - t = 23.0, patient starts eating ...
[2023-02-22 14:00:57,609][simglucose.patient.t1dpatient][INFO] - t = 35.0, Patient finishes eating!
[2023-02-22 14:00:57,810][simglucose.actuator.pump][INFO] - Resetting insulin pump ...
[2023-02-22 14:00:58,362][simglucose.actuator.pump][INFO] - Resetting insulin pump ...
[2023-02-22 14:00:58,902][simglucose.actuator.pump][INFO] - Resetting insulin pump ...
[2023-02-22 14:00:59,440][simglucose.actuator.pump][INFO] - Resetting insulin pump ...
[2023-02-22 14:00:59,967][simglucose.actuator.pump][INFO] - Resetting insulin pump ...
[2023-02-22 14:01:00,464][simglucose.actuator.pump][INFO] - Resetting insulin pump ...
[2023-02-22 14:01:00,968][simglucose.actuator.pump][INFO] - Resetting insulin pump ...
[2023-02-22 14:01:01,464][simglucose.actuator.pump][INFO] - Resetting insulin pump ...
[2023-02-22 14:01:01,946][simglucose.actuator.pump][INFO] - Resetting insulin pump ...
[2023-02-22 14:01:02,447][simglucose.actuator.pump][INFO] - Resetting insulin pump ...
[2023-02-22 14:01:02,974][simglucose.actuator.pump][INFO] - Resetting insulin pump ...
[2023-02-22 14:01:03,486][simglucose.actuator.pump][INFO] - Resetting insulin pump ...
[2023-02-22 14:01:04,014][simglucose.actuator.pump][INFO] - Resetting insulin pump ...
[2023-02-22 14:01:04,568][simglucose.actuator.pump][INFO] - Resetting insulin pump ...
[2023-02-22 14:01:04,572][simglucose.simulation.scenario_gen][INFO] - Creating new one day scenario ...
[2023-02-22 14:01:05,052][simglucose.actuator.pump][INFO] - Resetting insulin pump ...
[2023-02-22 14:01:05,572][simglucose.actuator.pump][INFO] - Resetting insulin pump ...
[2023-02-22 14:01:06,086][simglucose.actuator.pump][INFO] - Resetting insulin pump ...
[2023-02-22 14:01:06,573][simglucose.actuator.pump][INFO] - Resetting insulin pump ...
[2023-02-22 14:01:08,366][simglucose.actuator.pump][INFO] - Resetting insulin pump ...
[2023-02-22 14:01:09,898][simglucose.actuator.pump][INFO] - Resetting insulin pump ...
[2023-02-22 14:01:10,093][simglucose.simulation.scenario_gen][INFO] - Time for meal!
[2023-02-22 14:01:10,094][simglucose.patient.t1dpatient][INFO] - t = 5.0, patient starts eating ...
[2023-02-22 14:01:10,701][simglucose.patient.t1dpatient][INFO] - t = 24.0, Patient finishes eating!
[2023-02-22 14:01:12,857][simglucose.actuator.pump][INFO] - Resetting insulin pump ...
[2023-02-22 14:01:14,243][simglucose.actuator.pump][INFO] - Resetting insulin pump ...
[2023-02-22 14:01:15,606][simglucose.actuator.pump][INFO] - Resetting insulin pump ...
[2023-02-22 14:01:16,940][simglucose.actuator.pump][INFO] - Resetting insulin pump ...
[2023-02-22 14:01:18,380][simglucose.actuator.pump][INFO] - Resetting insulin pump ...
[2023-02-22 14:01:19,763][simglucose.actuator.pump][INFO] - Resetting insulin pump ...
[2023-02-22 14:01:21,106][simglucose.actuator.pump][INFO] - Resetting insulin pump ...
[2023-02-22 14:01:22,323][simglucose.simulation.scenario_gen][INFO] - Time for meal!
[2023-02-22 14:01:22,323][simglucose.patient.t1dpatient][INFO] - t = 44.0, patient starts eating ...
[2023-02-22 14:01:22,591][simglucose.patient.t1dpatient][INFO] - t = 52.0, Patient finishes eating!
[2023-02-22 14:01:22,750][simglucose.actuator.pump][INFO] - Resetting insulin pump ...
[2023-02-22 14:01:24,138][simglucose.actuator.pump][INFO] - Resetting insulin pump ...
[2023-02-22 14:01:25,507][simglucose.actuator.pump][INFO] - Resetting insulin pump ...
[2023-02-22 14:01:26,859][simglucose.actuator.pump][INFO] - Resetting insulin pump ...
[2023-02-22 14:01:28,361][simglucose.actuator.pump][INFO] - Resetting insulin pump ...
[2023-02-22 14:01:29,784][simglucose.actuator.pump][INFO] - Resetting insulin pump ...
[2023-02-22 14:01:31,292][simglucose.actuator.pump][INFO] - Resetting insulin pump ...
[2023-02-22 14:01:31,889][simglucose.simulation.scenario_gen][INFO] - Time for meal!
[2023-02-22 14:01:31,890][simglucose.patient.t1dpatient][INFO] - t = 19.0, patient starts eating ...
[2023-02-22 14:01:32,313][simglucose.patient.t1dpatient][INFO] - t = 31.0, Patient finishes eating!
[2023-02-22 14:01:33,805][simglucose.actuator.pump][INFO] - Resetting insulin pump ...
[2023-02-22 14:01:35,308][simglucose.actuator.pump][INFO] - Resetting insulin pump ...
[2023-02-22 14:01:35,514][simglucose.simulation.scenario_gen][INFO] - Time for meal!
[2023-02-22 14:01:35,514][simglucose.patient.t1dpatient][INFO] - t = 5.0, patient starts eating ...
[2023-02-22 14:01:35,999][simglucose.patient.t1dpatient][INFO] - t = 19.0, Patient finishes eating!
[2023-02-22 14:01:37,850][simglucose.actuator.pump][INFO] - Resetting insulin pump ...
[2023-02-22 14:01:39,295][simglucose.actuator.pump][INFO] - Resetting insulin pump ...
[2023-02-22 14:01:40,568][simglucose.actuator.pump][INFO] - Resetting insulin pump ...
[2023-02-22 14:01:41,836][simglucose.actuator.pump][INFO] - Resetting insulin pump ...
[2023-02-22 14:01:42,696][simglucose.simulation.scenario_gen][INFO] - Time for meal!
[2023-02-22 14:01:42,696][simglucose.patient.t1dpatient][INFO] - t = 33.0, patient starts eating ...
[2023-02-22 14:01:42,854][simglucose.patient.t1dpatient][INFO] - t = 36.0, Patient finishes eating!
[2023-02-22 14:01:43,246][simglucose.actuator.pump][INFO] - Resetting insulin pump ...
[2023-02-22 14:01:44,491][simglucose.actuator.pump][INFO] - Resetting insulin pump ...
[2023-02-22 14:01:45,883][simglucose.actuator.pump][INFO] - Resetting insulin pump ...
[2023-02-22 14:01:47,202][simglucose.actuator.pump][INFO] - Resetting insulin pump ...
[2023-02-22 14:01:48,501][simglucose.actuator.pump][INFO] - Resetting insulin pump ...
[2023-02-22 14:01:49,819][simglucose.actuator.pump][INFO] - Resetting insulin pump ...
[2023-02-22 14:01:51,223][simglucose.actuator.pump][INFO] - Resetting insulin pump ...
[2023-02-22 14:01:52,322][simglucose.simulation.scenario_gen][INFO] - Time for meal!
[2023-02-22 14:01:52,322][simglucose.patient.t1dpatient][INFO] - t = 40.0, patient starts eating ...
[2023-02-22 14:01:52,697][simglucose.actuator.pump][INFO] - Resetting insulin pump ...
[2023-02-22 14:01:54,091][simglucose.actuator.pump][INFO] - Resetting insulin pump ...
[2023-02-22 14:01:55,547][simglucose.actuator.pump][INFO] - Resetting insulin pump ...
[2023-02-22 14:01:55,567][simglucose.simulation.scenario_gen][INFO] - Creating new one day scenario ...
[2023-02-22 14:01:56,968][simglucose.actuator.pump][INFO] - Resetting insulin pump ...
[2023-02-22 14:01:57,705][simglucose.simulation.scenario_gen][INFO] - Time for meal!
[2023-02-22 14:01:57,705][simglucose.patient.t1dpatient][INFO] - t = 25.0, patient starts eating ...
[2023-02-22 14:01:58,189][simglucose.patient.t1dpatient][INFO] - t = 40.0, Patient finishes eating!
[2023-02-22 14:01:59,972][simglucose.actuator.pump][INFO] - Resetting insulin pump ...
[2023-02-22 14:02:01,454][simglucose.actuator.pump][INFO] - Resetting insulin pump ...
