[2023-02-20 19:28:41,130][simglucose.actuator.pump][INFO] - Resetting insulin pump ...
[2023-02-20 19:28:43,090][simglucose.simulation.scenario_gen][INFO] - Time for meal!
[2023-02-20 19:28:43,091][simglucose.patient.t1dpatient][INFO] - t = 99.0, patient starts eating ...
[2023-02-20 19:28:43,209][simglucose.patient.t1dpatient][INFO] - t = 105.0, Patient finishes eating!
[2023-02-20 19:28:43,920][simglucose.actuator.pump][INFO] - Resetting insulin pump ...
[2023-02-20 19:28:45,701][simglucose.actuator.pump][INFO] - Resetting insulin pump ...
[2023-02-20 19:28:45,948][simglucose.simulation.scenario_gen][INFO] - Time for meal!
[2023-02-20 19:28:45,949][simglucose.patient.t1dpatient][INFO] - t = 23.0, patient starts eating ...
[2023-02-20 19:28:46,206][simglucose.patient.t1dpatient][INFO] - t = 35.0, Patient finishes eating!
[2023-02-20 19:28:52,383][simglucose.actuator.pump][INFO] - Resetting insulin pump ...
[2023-02-20 19:28:53,644][simglucose.simulation.scenario_gen][INFO] - Time for meal!
[2023-02-20 19:28:53,645][simglucose.patient.t1dpatient][INFO] - t = 80.0, patient starts eating ...
[2023-02-20 19:28:53,832][simglucose.patient.t1dpatient][INFO] - t = 96.0, Patient finishes eating!
[2023-02-20 19:28:54,570][simglucose.actuator.pump][INFO] - Resetting insulin pump ...
[2023-02-20 19:28:55,705][simglucose.simulation.scenario_gen][INFO] - Time for meal!
[2023-02-20 19:28:55,706][simglucose.patient.t1dpatient][INFO] - t = 61.0, patient starts eating ...
[2023-02-20 19:28:55,884][simglucose.patient.t1dpatient][INFO] - t = 75.0, Patient finishes eating!
[2023-02-20 19:28:56,408][simglucose.simulation.scenario_gen][INFO] - Time for meal!
[2023-02-20 19:28:56,409][simglucose.patient.t1dpatient][INFO] - t = 146.0, patient starts eating ...
[2023-02-20 19:28:56,437][simglucose.patient.t1dpatient][INFO] - t = 150.0, Patient finishes eating!
[2023-02-20 19:28:56,808][simglucose.actuator.pump][INFO] - Resetting insulin pump ...
[2023-02-20 19:28:58,434][simglucose.simulation.scenario_gen][INFO] - Creating new one day scenario ...
[2023-02-20 19:28:59,057][simglucose.actuator.pump][INFO] - Resetting insulin pump ...
[2023-02-20 19:29:01,039][simglucose.actuator.pump][INFO] - Resetting insulin pump ...
[2023-02-20 19:29:03,005][simglucose.actuator.pump][INFO] - Resetting insulin pump ...
[2023-02-20 19:29:04,112][simglucose.simulation.scenario_gen][INFO] - Time for meal!
[2023-02-20 19:29:04,112][simglucose.patient.t1dpatient][INFO] - t = 62.0, patient starts eating ...
[2023-02-20 19:29:04,302][simglucose.patient.t1dpatient][INFO] - t = 76.0, Patient finishes eating!
[2023-02-20 19:29:05,269][simglucose.actuator.pump][INFO] - Resetting insulin pump ...
[2023-02-20 19:29:06,026][simglucose.simulation.scenario_gen][INFO] - Time for meal!
[2023-02-20 19:29:06,027][simglucose.patient.t1dpatient][INFO] - t = 48.0, patient starts eating ...
[2023-02-20 19:29:06,488][simglucose.patient.t1dpatient][INFO] - t = 60.0, Patient finishes eating!
[2023-02-20 19:29:07,577][simglucose.actuator.pump][INFO] - Resetting insulin pump ...
[2023-02-20 19:29:09,438][simglucose.simulation.scenario_gen][INFO] - Creating new one day scenario ...
[2023-02-20 19:29:09,579][simglucose.actuator.pump][INFO] - Resetting insulin pump ...
[2023-02-20 19:29:11,541][simglucose.actuator.pump][INFO] - Resetting insulin pump ...
[2023-02-20 19:29:12,871][simglucose.simulation.scenario_gen][INFO] - Time for meal!
[2023-02-20 19:29:12,872][simglucose.patient.t1dpatient][INFO] - t = 99.0, patient starts eating ...
[2023-02-20 19:29:13,033][simglucose.patient.t1dpatient][INFO] - t = 109.0, Patient finishes eating!
[2023-02-20 19:29:13,756][simglucose.actuator.pump][INFO] - Resetting insulin pump ...
[2023-02-20 19:29:15,715][simglucose.simulation.scenario_gen][INFO] - Time for meal!
[2023-02-20 19:29:15,715][simglucose.patient.t1dpatient][INFO] - t = 197.0, patient starts eating ...
[2023-02-20 19:29:15,830][simglucose.actuator.pump][INFO] - Resetting insulin pump ...
[2023-02-20 19:29:17,849][simglucose.actuator.pump][INFO] - Resetting insulin pump ...
[2023-02-20 19:29:18,985][simglucose.simulation.scenario_gen][INFO] - Time for meal!
[2023-02-20 19:29:18,986][simglucose.patient.t1dpatient][INFO] - t = 63.0, patient starts eating ...
[2023-02-20 19:29:19,173][simglucose.patient.t1dpatient][INFO] - t = 78.0, Patient finishes eating!
[2023-02-20 19:29:20,122][simglucose.actuator.pump][INFO] - Resetting insulin pump ...
[2023-02-20 19:29:20,128][simglucose.simulation.scenario_gen][INFO] - Creating new one day scenario ...
[2023-02-20 19:29:22,266][simglucose.actuator.pump][INFO] - Resetting insulin pump ...
[2023-02-20 19:29:23,331][simglucose.simulation.scenario_gen][INFO] - Time for meal!
[2023-02-20 19:29:23,331][simglucose.patient.t1dpatient][INFO] - t = 53.0, patient starts eating ...
[2023-02-20 19:29:23,402][simglucose.patient.t1dpatient][INFO] - t = 54.0, Patient finishes eating!
[2023-02-20 19:29:24,409][simglucose.actuator.pump][INFO] - Resetting insulin pump ...
[2023-02-20 19:29:26,429][simglucose.actuator.pump][INFO] - Resetting insulin pump ...
[2023-02-20 19:29:28,380][simglucose.actuator.pump][INFO] - Resetting insulin pump ...
[2023-02-20 19:29:34,679][simglucose.actuator.pump][INFO] - Resetting insulin pump ...
[2023-02-20 19:29:38,846][simglucose.simulation.scenario_gen][INFO] - Time for meal!
[2023-02-20 19:29:38,846][simglucose.patient.t1dpatient][INFO] - t = 137.0, patient starts eating ...
[2023-02-20 19:29:39,238][simglucose.patient.t1dpatient][INFO] - t = 146.0, Patient finishes eating!
[2023-02-20 19:29:40,885][simglucose.actuator.pump][INFO] - Resetting insulin pump ...
[2023-02-20 19:29:43,107][simglucose.simulation.scenario_gen][INFO] - Creating new one day scenario ...
[2023-02-20 19:29:46,699][simglucose.actuator.pump][INFO] - Resetting insulin pump ...
[2023-02-20 19:29:52,510][simglucose.simulation.scenario_gen][INFO] - Time for meal!
[2023-02-20 19:29:52,511][simglucose.patient.t1dpatient][INFO] - t = 200.0, patient starts eating ...
[2023-02-20 19:29:52,592][simglucose.actuator.pump][INFO] - Resetting insulin pump ...
[2023-02-20 19:29:58,121][simglucose.simulation.scenario_gen][INFO] - Time for meal!
[2023-02-20 19:29:58,122][simglucose.patient.t1dpatient][INFO] - t = 191.0, patient starts eating ...
[2023-02-20 19:29:58,495][simglucose.actuator.pump][INFO] - Resetting insulin pump ...
[2023-02-20 19:30:02,087][simglucose.simulation.scenario_gen][INFO] - Time for meal!
[2023-02-20 19:30:02,087][simglucose.patient.t1dpatient][INFO] - t = 108.0, patient starts eating ...
[2023-02-20 19:30:02,516][simglucose.patient.t1dpatient][INFO] - t = 121.0, Patient finishes eating!
[2023-02-20 19:30:04,523][simglucose.actuator.pump][INFO] - Resetting insulin pump ...
[2023-02-20 19:30:09,871][simglucose.simulation.scenario_gen][INFO] - Time for meal!
[2023-02-20 19:30:09,871][simglucose.patient.t1dpatient][INFO] - t = 181.0, patient starts eating ...
[2023-02-20 19:30:10,509][simglucose.patient.t1dpatient][INFO] - t = 199.0, Patient finishes eating!
[2023-02-20 19:30:10,563][simglucose.actuator.pump][INFO] - Resetting insulin pump ...
[2023-02-20 19:30:10,776][simglucose.simulation.scenario_gen][INFO] - Time for meal!
[2023-02-20 19:30:10,777][simglucose.patient.t1dpatient][INFO] - t = 5.0, patient starts eating ...
[2023-02-20 19:30:11,316][simglucose.patient.t1dpatient][INFO] - t = 20.0, Patient finishes eating!
[2023-02-20 19:30:19,099][simglucose.actuator.pump][INFO] - Resetting insulin pump ...
[2023-02-20 19:30:24,865][simglucose.actuator.pump][INFO] - Resetting insulin pump ...
[2023-02-20 19:30:29,330][simglucose.simulation.scenario_gen][INFO] - Time for meal!
[2023-02-20 19:30:29,330][simglucose.patient.t1dpatient][INFO] - t = 153.0, patient starts eating ...
[2023-02-20 19:30:29,497][simglucose.patient.t1dpatient][INFO] - t = 156.0, Patient finishes eating!
