[2023-03-02 12:11:58,862][simglucose.actuator.pump][INFO] - Resetting insulin pump ...
[2023-03-02 12:11:59,801][simglucose.actuator.pump][INFO] - Resetting insulin pump ...
[2023-03-02 12:12:00,462][simglucose.actuator.pump][INFO] - Resetting insulin pump ...
[2023-03-02 12:12:00,644][simglucose.simulation.scenario_gen][INFO] - Time for meal!
[2023-03-02 12:12:00,644][simglucose.patient.t1dpatient][INFO] - t = 23.0, patient starts eating ...
[2023-03-02 12:12:00,817][simglucose.patient.t1dpatient][INFO] - t = 35.0, Patient finishes eating!
[2023-03-02 12:12:01,389][simglucose.actuator.pump][INFO] - Resetting insulin pump ...
[2023-03-02 12:12:01,878][simglucose.simulation.scenario_gen][INFO] - Time for meal!
[2023-03-02 12:12:01,879][simglucose.patient.t1dpatient][INFO] - t = 80.0, patient starts eating ...
[2023-03-02 12:12:02,065][simglucose.actuator.pump][INFO] - Resetting insulin pump ...
[2023-03-02 12:12:02,449][simglucose.simulation.scenario_gen][INFO] - Time for meal!
[2023-03-02 12:12:02,450][simglucose.patient.t1dpatient][INFO] - t = 61.0, patient starts eating ...
[2023-03-02 12:12:02,633][simglucose.patient.t1dpatient][INFO] - t = 75.0, Patient finishes eating!
[2023-03-02 12:12:02,847][simglucose.actuator.pump][INFO] - Resetting insulin pump ...
[2023-03-02 12:12:03,439][simglucose.actuator.pump][INFO] - Resetting insulin pump ...
[2023-03-02 12:12:04,057][simglucose.actuator.pump][INFO] - Resetting insulin pump ...
[2023-03-02 12:12:04,666][simglucose.actuator.pump][INFO] - Resetting insulin pump ...
[2023-03-02 12:12:05,041][simglucose.simulation.scenario_gen][INFO] - Time for meal!
[2023-03-02 12:12:05,041][simglucose.patient.t1dpatient][INFO] - t = 62.0, patient starts eating ...
[2023-03-02 12:12:05,221][simglucose.patient.t1dpatient][INFO] - t = 76.0, Patient finishes eating!
[2023-03-02 12:12:05,401][simglucose.actuator.pump][INFO] - Resetting insulin pump ...
[2023-03-02 12:12:05,713][simglucose.simulation.scenario_gen][INFO] - Time for meal!
[2023-03-02 12:12:05,713][simglucose.patient.t1dpatient][INFO] - t = 48.0, patient starts eating ...
[2023-03-02 12:12:05,882][simglucose.patient.t1dpatient][INFO] - t = 60.0, Patient finishes eating!
[2023-03-02 12:12:06,234][simglucose.actuator.pump][INFO] - Resetting insulin pump ...
[2023-03-02 12:12:06,883][simglucose.actuator.pump][INFO] - Resetting insulin pump ...
[2023-03-02 12:12:07,481][simglucose.actuator.pump][INFO] - Resetting insulin pump ...
[2023-03-02 12:12:08,073][simglucose.actuator.pump][INFO] - Resetting insulin pump ...
[2023-03-02 12:12:08,681][simglucose.actuator.pump][INFO] - Resetting insulin pump ...
[2023-03-02 12:12:09,332][simglucose.actuator.pump][INFO] - Resetting insulin pump ...
[2023-03-02 12:12:09,724][simglucose.simulation.scenario_gen][INFO] - Time for meal!
[2023-03-02 12:12:09,724][simglucose.patient.t1dpatient][INFO] - t = 63.0, patient starts eating ...
[2023-03-02 12:12:09,913][simglucose.patient.t1dpatient][INFO] - t = 78.0, Patient finishes eating!
[2023-03-02 12:12:10,072][simglucose.actuator.pump][INFO] - Resetting insulin pump ...
[2023-03-02 12:12:10,075][simglucose.simulation.scenario_gen][INFO] - Creating new one day scenario ...
[2023-03-02 12:12:10,674][simglucose.actuator.pump][INFO] - Resetting insulin pump ...
[2023-03-02 12:12:11,000][simglucose.simulation.scenario_gen][INFO] - Time for meal!
[2023-03-02 12:12:11,000][simglucose.patient.t1dpatient][INFO] - t = 53.0, patient starts eating ...
[2023-03-02 12:12:11,055][simglucose.patient.t1dpatient][INFO] - t = 54.0, Patient finishes eating!
[2023-03-02 12:12:11,392][simglucose.actuator.pump][INFO] - Resetting insulin pump ...
[2023-03-02 12:12:11,997][simglucose.actuator.pump][INFO] - Resetting insulin pump ...
[2023-03-02 12:12:12,581][simglucose.actuator.pump][INFO] - Resetting insulin pump ...
[2023-03-02 12:12:15,047][simglucose.actuator.pump][INFO] - Resetting insulin pump ...
[2023-03-02 12:12:17,365][simglucose.actuator.pump][INFO] - Resetting insulin pump ...
[2023-03-02 12:12:19,694][simglucose.actuator.pump][INFO] - Resetting insulin pump ...
[2023-03-02 12:12:19,938][simglucose.simulation.scenario_gen][INFO] - Time for meal!
[2023-03-02 12:12:19,938][simglucose.patient.t1dpatient][INFO] - t = 9.0, patient starts eating ...
[2023-03-02 12:12:20,396][simglucose.patient.t1dpatient][INFO] - t = 26.0, Patient finishes eating!
[2023-03-02 12:12:22,904][simglucose.actuator.pump][INFO] - Resetting insulin pump ...
[2023-03-02 12:12:25,358][simglucose.actuator.pump][INFO] - Resetting insulin pump ...
[2023-03-02 12:12:27,711][simglucose.actuator.pump][INFO] - Resetting insulin pump ...
[2023-03-02 12:12:30,131][simglucose.actuator.pump][INFO] - Resetting insulin pump ...
[2023-03-02 12:12:31,468][simglucose.simulation.scenario_gen][INFO] - Creating new one day scenario ...
[2023-03-02 12:12:32,555][simglucose.actuator.pump][INFO] - Resetting insulin pump ...
[2023-03-02 12:12:34,974][simglucose.actuator.pump][INFO] - Resetting insulin pump ...
[2023-03-02 12:12:37,341][simglucose.actuator.pump][INFO] - Resetting insulin pump ...
[2023-03-02 12:12:38,429][simglucose.simulation.scenario_gen][INFO] - Time for meal!
[2023-03-02 12:12:38,429][simglucose.patient.t1dpatient][INFO] - t = 48.0, patient starts eating ...
[2023-03-02 12:12:38,565][simglucose.patient.t1dpatient][INFO] - t = 51.0, Patient finishes eating!
[2023-03-02 12:12:40,011][simglucose.actuator.pump][INFO] - Resetting insulin pump ...
[2023-03-02 12:12:42,438][simglucose.actuator.pump][INFO] - Resetting insulin pump ...
[2023-03-02 12:12:44,877][simglucose.actuator.pump][INFO] - Resetting insulin pump ...
[2023-03-02 12:12:46,708][simglucose.simulation.scenario_gen][INFO] - Time for meal!
[2023-03-02 12:12:46,708][simglucose.patient.t1dpatient][INFO] - t = 83.0, patient starts eating ...
[2023-03-02 12:12:47,024][simglucose.patient.t1dpatient][INFO] - t = 93.0, Patient finishes eating!
[2023-03-02 12:12:47,404][simglucose.actuator.pump][INFO] - Resetting insulin pump ...
[2023-03-02 12:12:47,422][simglucose.simulation.scenario_gen][INFO] - Creating new one day scenario ...
[2023-03-02 12:12:49,918][simglucose.actuator.pump][INFO] - Resetting insulin pump ...
[2023-03-02 12:12:51,227][simglucose.simulation.scenario_gen][INFO] - Time for meal!
[2023-03-02 12:12:51,227][simglucose.patient.t1dpatient][INFO] - t = 57.0, patient starts eating ...
[2023-03-02 12:12:51,628][simglucose.patient.t1dpatient][INFO] - t = 71.0, Patient finishes eating!
[2023-03-02 12:12:52,747][simglucose.actuator.pump][INFO] - Resetting insulin pump ...
[2023-03-02 12:12:54,428][simglucose.simulation.scenario_gen][INFO] - Time for meal!
[2023-03-02 12:12:54,428][simglucose.patient.t1dpatient][INFO] - t = 74.0, patient starts eating ...
[2023-03-02 12:12:54,743][simglucose.patient.t1dpatient][INFO] - t = 84.0, Patient finishes eating!
[2023-03-02 12:12:55,476][simglucose.actuator.pump][INFO] - Resetting insulin pump ...
[2023-03-02 12:12:57,974][simglucose.actuator.pump][INFO] - Resetting insulin pump ...
[2023-03-02 12:13:00,377][simglucose.simulation.scenario_gen][INFO] - Time for meal!
[2023-03-02 12:13:00,377][simglucose.patient.t1dpatient][INFO] - t = 107.0, patient starts eating ...
[2023-03-02 12:13:00,607][simglucose.actuator.pump][INFO] - Resetting insulin pump ...
[2023-03-02 12:13:03,149][simglucose.actuator.pump][INFO] - Resetting insulin pump ...
[2023-03-02 12:13:05,179][simglucose.simulation.scenario_gen][INFO] - Time for meal!
[2023-03-02 12:13:05,179][simglucose.patient.t1dpatient][INFO] - t = 91.0, patient starts eating ...
[2023-03-02 12:13:05,316][simglucose.patient.t1dpatient][INFO] - t = 94.0, Patient finishes eating!
[2023-03-02 12:13:05,831][simglucose.actuator.pump][INFO] - Resetting insulin pump ...
[2023-03-02 12:13:07,282][simglucose.simulation.scenario_gen][INFO] - Time for meal!
[2023-03-02 12:13:07,282][simglucose.patient.t1dpatient][INFO] - t = 64.0, patient starts eating ...
[2023-03-02 12:13:07,689][simglucose.patient.t1dpatient][INFO] - t = 78.0, Patient finishes eating!
[2023-03-02 12:13:08,779][simglucose.actuator.pump][INFO] - Resetting insulin pump ...
[2023-03-02 12:13:11,278][simglucose.actuator.pump][INFO] - Resetting insulin pump ...
[2023-03-02 12:13:13,786][simglucose.actuator.pump][INFO] - Resetting insulin pump ...
[2023-03-02 12:13:16,310][simglucose.actuator.pump][INFO] - Resetting insulin pump ...
[2023-03-02 12:13:16,329][simglucose.simulation.scenario_gen][INFO] - Creating new one day scenario ...
[2023-03-02 12:13:18,768][simglucose.actuator.pump][INFO] - Resetting insulin pump ...
[2023-03-02 12:13:21,118][simglucose.actuator.pump][INFO] - Resetting insulin pump ...
[2023-03-02 12:13:23,510][simglucose.actuator.pump][INFO] - Resetting insulin pump ...
[2023-03-02 12:13:24,867][simglucose.simulation.scenario_gen][INFO] - Creating new one day scenario ...
[2023-03-02 12:13:25,984][simglucose.actuator.pump][INFO] - Resetting insulin pump ...
[2023-03-02 12:13:28,389][simglucose.actuator.pump][INFO] - Resetting insulin pump ...
[2023-03-02 12:13:30,853][simglucose.actuator.pump][INFO] - Resetting insulin pump ...
[2023-03-02 12:13:33,309][simglucose.actuator.pump][INFO] - Resetting insulin pump ...
[2023-03-02 12:13:35,776][simglucose.actuator.pump][INFO] - Resetting insulin pump ...
[2023-03-02 12:13:38,002][simglucose.simulation.scenario_gen][INFO] - Time for meal!
[2023-03-02 12:13:38,002][simglucose.patient.t1dpatient][INFO] - t = 100.0, patient starts eating ...
[2023-03-02 12:13:38,075][simglucose.patient.t1dpatient][INFO] - t = 101.0, Patient finishes eating!
[2023-03-02 12:13:38,184][simglucose.actuator.pump][INFO] - Resetting insulin pump ...
[2023-03-02 12:13:40,640][simglucose.actuator.pump][INFO] - Resetting insulin pump ...
[2023-03-02 12:13:41,759][simglucose.simulation.scenario_gen][INFO] - Time for meal!
[2023-03-02 12:13:41,760][simglucose.patient.t1dpatient][INFO] - t = 47.0, patient starts eating ...
[2023-03-02 12:13:42,210][simglucose.patient.t1dpatient][INFO] - t = 63.0, Patient finishes eating!
[2023-03-02 12:13:43,836][simglucose.actuator.pump][INFO] - Resetting insulin pump ...
[2023-03-02 12:13:46,403][simglucose.actuator.pump][INFO] - Resetting insulin pump ...
[2023-03-02 12:13:46,421][simglucose.simulation.scenario_gen][INFO] - Creating new one day scenario ...
[2023-03-02 12:13:48,887][simglucose.actuator.pump][INFO] - Resetting insulin pump ...
[2023-03-02 12:13:51,399][simglucose.actuator.pump][INFO] - Resetting insulin pump ...
[2023-03-02 12:13:52,501][simglucose.simulation.scenario_gen][INFO] - Time for meal!
[2023-03-02 12:13:52,501][simglucose.patient.t1dpatient][INFO] - t = 47.0, patient starts eating ...
[2023-03-02 12:13:52,642][simglucose.patient.t1dpatient][INFO] - t = 50.0, Patient finishes eating!
[2023-03-02 12:13:54,089][simglucose.actuator.pump][INFO] - Resetting insulin pump ...
[2023-03-02 12:13:54,386][simglucose.simulation.scenario_gen][INFO] - Time for meal!
[2023-03-02 12:13:54,386][simglucose.patient.t1dpatient][INFO] - t = 11.0, patient starts eating ...
[2023-03-02 12:13:54,551][simglucose.patient.t1dpatient][INFO] - t = 15.0, Patient finishes eating!
[2023-03-02 12:13:56,847][simglucose.actuator.pump][INFO] - Resetting insulin pump ...
[2023-03-02 12:13:58,226][simglucose.simulation.scenario_gen][INFO] - Creating new one day scenario ...
[2023-03-02 12:13:59,269][simglucose.actuator.pump][INFO] - Resetting insulin pump ...
[2023-03-02 12:14:00,387][simglucose.simulation.scenario_gen][INFO] - Time for meal!
[2023-03-02 12:14:00,387][simglucose.patient.t1dpatient][INFO] - t = 46.0, patient starts eating ...
[2023-03-02 12:14:00,506][simglucose.patient.t1dpatient][INFO] - t = 48.0, Patient finishes eating!
[2023-03-02 12:14:01,887][simglucose.actuator.pump][INFO] - Resetting insulin pump ...
[2023-03-02 12:14:04,298][simglucose.actuator.pump][INFO] - Resetting insulin pump ...
