[2023-03-06 19:29:34,914][simglucose.actuator.pump][INFO] - Resetting insulin pump ...
[2023-03-06 19:29:36,261][simglucose.simulation.scenario_gen][INFO] - Time for meal!
[2023-03-06 19:29:36,262][simglucose.patient.t1dpatient][INFO] - t = 99.0, patient starts eating ...
[2023-03-06 19:29:36,314][simglucose.controller.basal_bolus_ctrller][INFO] - Calculating bolus ...
[2023-03-06 19:29:36,315][simglucose.controller.basal_bolus_ctrller][INFO] - Meal = 30 g/min
[2023-03-06 19:29:36,315][simglucose.controller.basal_bolus_ctrller][INFO] - glucose = 104.52705970581222
[2023-03-06 19:29:36,391][simglucose.patient.t1dpatient][INFO] - t = 105.0, Patient finishes eating!
[2023-03-06 19:29:37,483][simglucose.simulation.scenario_gen][INFO] - Time for meal!
[2023-03-06 19:29:37,484][simglucose.patient.t1dpatient][INFO] - t = 337.0, patient starts eating ...
[2023-03-06 19:29:37,500][simglucose.controller.basal_bolus_ctrller][INFO] - Calculating bolus ...
[2023-03-06 19:29:37,500][simglucose.controller.basal_bolus_ctrller][INFO] - Meal = 73 g/min
[2023-03-06 19:29:37,501][simglucose.controller.basal_bolus_ctrller][INFO] - glucose = 52.30920864941689
[2023-03-06 19:29:37,606][simglucose.patient.t1dpatient][INFO] - t = 352.0, Patient finishes eating!
[2023-03-06 19:29:38,366][simglucose.actuator.pump][INFO] - Resetting insulin pump ...
[2023-03-06 19:29:38,438][simglucose.simulation.scenario_gen][INFO] - Time for meal!
[2023-03-06 19:29:38,438][simglucose.patient.t1dpatient][INFO] - t = 4.0, patient starts eating ...
[2023-03-06 19:29:38,502][simglucose.controller.basal_bolus_ctrller][INFO] - Calculating bolus ...
[2023-03-06 19:29:38,503][simglucose.controller.basal_bolus_ctrller][INFO] - Meal = 66 g/min
[2023-03-06 19:29:38,504][simglucose.controller.basal_bolus_ctrller][INFO] - glucose = 142.4463574591576
[2023-03-06 19:29:38,633][simglucose.patient.t1dpatient][INFO] - t = 18.0, Patient finishes eating!
[2023-03-06 19:29:39,168][simglucose.actuator.pump][INFO] - Resetting insulin pump ...
[2023-03-06 19:29:39,709][simglucose.actuator.pump][INFO] - Resetting insulin pump ...
[2023-03-06 19:29:40,284][simglucose.actuator.pump][INFO] - Resetting insulin pump ...
[2023-03-06 19:29:40,827][simglucose.actuator.pump][INFO] - Resetting insulin pump ...
[2023-03-06 19:29:41,553][simglucose.simulation.scenario_gen][INFO] - Time for meal!
[2023-03-06 19:29:41,553][simglucose.patient.t1dpatient][INFO] - t = 147.0, patient starts eating ...
[2023-03-06 19:29:41,619][simglucose.controller.basal_bolus_ctrller][INFO] - Calculating bolus ...
[2023-03-06 19:29:41,619][simglucose.controller.basal_bolus_ctrller][INFO] - Meal = 89 g/min
[2023-03-06 19:29:41,620][simglucose.controller.basal_bolus_ctrller][INFO] - glucose = 149.39174577781353
[2023-03-06 19:29:41,780][simglucose.patient.t1dpatient][INFO] - t = 165.0, Patient finishes eating!
[2023-03-06 19:29:42,726][simglucose.simulation.scenario_gen][INFO] - Time for meal!
[2023-03-06 19:29:42,727][simglucose.patient.t1dpatient][INFO] - t = 360.0, patient starts eating ...
[2023-03-06 19:29:42,736][simglucose.controller.basal_bolus_ctrller][INFO] - Calculating bolus ...
[2023-03-06 19:29:42,737][simglucose.controller.basal_bolus_ctrller][INFO] - Meal = 1 g/min
[2023-03-06 19:29:42,737][simglucose.controller.basal_bolus_ctrller][INFO] - glucose = 122.20262248629096
[2023-03-06 19:29:42,738][simglucose.patient.t1dpatient][INFO] - t = 361.0, Patient finishes eating!
[2023-03-06 19:29:43,625][simglucose.simulation.scenario_gen][INFO] - Creating new one day scenario ...
[2023-03-06 19:29:45,673][simglucose.simulation.scenario_gen][INFO] - Time for meal!
[2023-03-06 19:29:45,673][simglucose.patient.t1dpatient][INFO] - t = 984.0, patient starts eating ...
[2023-03-06 19:29:45,702][simglucose.controller.basal_bolus_ctrller][INFO] - Calculating bolus ...
[2023-03-06 19:29:45,703][simglucose.controller.basal_bolus_ctrller][INFO] - Meal = 33 g/min
[2023-03-06 19:29:45,703][simglucose.controller.basal_bolus_ctrller][INFO] - glucose = 139.5409494050695
[2023-03-06 19:29:45,780][simglucose.patient.t1dpatient][INFO] - t = 991.0, Patient finishes eating!
[2023-03-06 19:29:47,053][simglucose.simulation.scenario_gen][INFO] - Time for meal!
[2023-03-06 19:29:47,054][simglucose.patient.t1dpatient][INFO] - t = 1262.0, patient starts eating ...
[2023-03-06 19:29:47,078][simglucose.controller.basal_bolus_ctrller][INFO] - Calculating bolus ...
[2023-03-06 19:29:47,079][simglucose.controller.basal_bolus_ctrller][INFO] - Meal = 69 g/min
[2023-03-06 19:29:47,079][simglucose.controller.basal_bolus_ctrller][INFO] - glucose = 125.9592969124829
[2023-03-06 19:29:47,181][simglucose.patient.t1dpatient][INFO] - t = 1276.0, Patient finishes eating!
[2023-03-06 19:29:48,068][simglucose.simulation.scenario_gen][INFO] - Time for meal!
[2023-03-06 19:29:48,068][simglucose.patient.t1dpatient][INFO] - t = 1436.0, patient starts eating ...
[2023-03-06 19:29:48,073][simglucose.controller.basal_bolus_ctrller][INFO] - Calculating bolus ...
[2023-03-06 19:29:48,074][simglucose.controller.basal_bolus_ctrller][INFO] - Meal = 7 g/min
[2023-03-06 19:29:48,074][simglucose.controller.basal_bolus_ctrller][INFO] - glucose = 127.42814145009247
[2023-03-06 19:29:48,083][simglucose.patient.t1dpatient][INFO] - t = 1438.0, Patient finishes eating!
[2023-03-06 19:29:49,478][simglucose.simulation.scenario_gen][INFO] - Time for meal!
[2023-03-06 19:29:49,478][simglucose.patient.t1dpatient][INFO] - t = 1727.0, patient starts eating ...
[2023-03-06 19:29:49,506][simglucose.controller.basal_bolus_ctrller][INFO] - Calculating bolus ...
[2023-03-06 19:29:49,507][simglucose.controller.basal_bolus_ctrller][INFO] - Meal = 83 g/min
[2023-03-06 19:29:49,507][simglucose.controller.basal_bolus_ctrller][INFO] - glucose = 123.67185701215674
[2023-03-06 19:29:49,636][simglucose.patient.t1dpatient][INFO] - t = 1744.0, Patient finishes eating!
[2023-03-06 19:29:50,764][simglucose.simulation.scenario_gen][INFO] - Creating new one day scenario ...
[2023-03-06 19:29:52,283][simglucose.simulation.scenario_gen][INFO] - Time for meal!
[2023-03-06 19:29:52,284][simglucose.patient.t1dpatient][INFO] - t = 2318.0, patient starts eating ...
[2023-03-06 19:29:52,319][simglucose.controller.basal_bolus_ctrller][INFO] - Calculating bolus ...
[2023-03-06 19:29:52,319][simglucose.controller.basal_bolus_ctrller][INFO] - Meal = 56 g/min
[2023-03-06 19:29:52,320][simglucose.controller.basal_bolus_ctrller][INFO] - glucose = 106.60985364986809
[2023-03-06 19:29:52,440][simglucose.patient.t1dpatient][INFO] - t = 2330.0, Patient finishes eating!
[2023-03-06 19:29:54,309][simglucose.simulation.scenario_gen][INFO] - Time for meal!
[2023-03-06 19:29:54,309][simglucose.patient.t1dpatient][INFO] - t = 2722.0, patient starts eating ...
[2023-03-06 19:29:54,326][simglucose.controller.basal_bolus_ctrller][INFO] - Calculating bolus ...
[2023-03-06 19:29:54,327][simglucose.controller.basal_bolus_ctrller][INFO] - Meal = 62 g/min
[2023-03-06 19:29:54,327][simglucose.controller.basal_bolus_ctrller][INFO] - glucose = 107.86553424518016
[2023-03-06 19:29:54,448][simglucose.patient.t1dpatient][INFO] - t = 2735.0, Patient finishes eating!
[2023-03-06 19:29:55,556][simglucose.simulation.scenario_gen][INFO] - Time for meal!
[2023-03-06 19:29:55,557][simglucose.patient.t1dpatient][INFO] - t = 2972.0, patient starts eating ...
[2023-03-06 19:29:55,573][simglucose.controller.basal_bolus_ctrller][INFO] - Calculating bolus ...
[2023-03-06 19:29:55,573][simglucose.controller.basal_bolus_ctrller][INFO] - Meal = 98 g/min
[2023-03-06 19:29:55,574][simglucose.controller.basal_bolus_ctrller][INFO] - glucose = 110.5806036651583
[2023-03-06 19:29:55,722][simglucose.patient.t1dpatient][INFO] - t = 2992.0, Patient finishes eating!
[2023-03-06 19:29:57,235][simglucose.actuator.pump][INFO] - Resetting insulin pump ...
[2023-03-06 19:29:57,694][simglucose.simulation.scenario_gen][INFO] - Time for meal!
[2023-03-06 19:29:57,695][simglucose.patient.t1dpatient][INFO] - t = 90.0, patient starts eating ...
[2023-03-06 19:29:57,753][simglucose.controller.basal_bolus_ctrller][INFO] - Calculating bolus ...
[2023-03-06 19:29:57,754][simglucose.controller.basal_bolus_ctrller][INFO] - Meal = 57 g/min
[2023-03-06 19:29:57,754][simglucose.controller.basal_bolus_ctrller][INFO] - glucose = 70.0355705253671
[2023-03-06 19:29:57,869][simglucose.patient.t1dpatient][INFO] - t = 102.0, Patient finishes eating!
[2023-03-06 19:29:57,922][simglucose.actuator.pump][INFO] - Resetting insulin pump ...
[2023-03-06 19:29:58,238][simglucose.simulation.scenario_gen][INFO] - Time for meal!
[2023-03-06 19:29:58,238][simglucose.patient.t1dpatient][INFO] - t = 58.0, patient starts eating ...
[2023-03-06 19:29:58,298][simglucose.controller.basal_bolus_ctrller][INFO] - Calculating bolus ...
[2023-03-06 19:29:58,298][simglucose.controller.basal_bolus_ctrller][INFO] - Meal = 67 g/min
[2023-03-06 19:29:58,299][simglucose.controller.basal_bolus_ctrller][INFO] - glucose = 86.47485890374989
[2023-03-06 19:29:58,430][simglucose.patient.t1dpatient][INFO] - t = 72.0, Patient finishes eating!
[2023-03-06 19:29:58,758][simglucose.actuator.pump][INFO] - Resetting insulin pump ...
[2023-03-06 19:29:59,275][simglucose.actuator.pump][INFO] - Resetting insulin pump ...
[2023-03-06 19:29:59,858][simglucose.actuator.pump][INFO] - Resetting insulin pump ...
[2023-03-06 19:30:00,119][simglucose.simulation.scenario_gen][INFO] - Time for meal!
[2023-03-06 19:30:00,119][simglucose.patient.t1dpatient][INFO] - t = 43.0, patient starts eating ...
[2023-03-06 19:30:00,184][simglucose.controller.basal_bolus_ctrller][INFO] - Calculating bolus ...
[2023-03-06 19:30:00,184][simglucose.controller.basal_bolus_ctrller][INFO] - Meal = 64 g/min
[2023-03-06 19:30:00,185][simglucose.controller.basal_bolus_ctrller][INFO] - glucose = 148.64498302770255
[2023-03-06 19:30:00,337][simglucose.patient.t1dpatient][INFO] - t = 56.0, Patient finishes eating!
[2023-03-06 19:30:01,979][simglucose.simulation.scenario_gen][INFO] - Time for meal!
[2023-03-06 19:30:01,980][simglucose.patient.t1dpatient][INFO] - t = 402.0, patient starts eating ...
[2023-03-06 19:30:02,001][simglucose.controller.basal_bolus_ctrller][INFO] - Calculating bolus ...
[2023-03-06 19:30:02,002][simglucose.controller.basal_bolus_ctrller][INFO] - Meal = 73 g/min
[2023-03-06 19:30:02,003][simglucose.controller.basal_bolus_ctrller][INFO] - glucose = 64.10343353103565
[2023-03-06 19:30:02,115][simglucose.patient.t1dpatient][INFO] - t = 417.0, Patient finishes eating!
[2023-03-06 19:30:02,231][simglucose.actuator.pump][INFO] - Resetting insulin pump ...
[2023-03-06 19:30:02,647][simglucose.simulation.scenario_gen][INFO] - Time for meal!
[2023-03-06 19:30:02,648][simglucose.patient.t1dpatient][INFO] - t = 91.0, patient starts eating ...
[2023-03-06 19:30:02,712][simglucose.controller.basal_bolus_ctrller][INFO] - Calculating bolus ...
[2023-03-06 19:30:02,713][simglucose.controller.basal_bolus_ctrller][INFO] - Meal = 8 g/min
[2023-03-06 19:30:02,714][simglucose.controller.basal_bolus_ctrller][INFO] - glucose = 134.38023224245083
[2023-03-06 19:30:02,740][simglucose.patient.t1dpatient][INFO] - t = 93.0, Patient finishes eating!
[2023-03-06 19:30:03,363][simglucose.simulation.scenario_gen][INFO] - Time for meal!
[2023-03-06 19:30:03,364][simglucose.patient.t1dpatient][INFO] - t = 220.0, patient starts eating ...
[2023-03-06 19:30:03,395][simglucose.controller.basal_bolus_ctrller][INFO] - Calculating bolus ...
[2023-03-06 19:30:03,395][simglucose.controller.basal_bolus_ctrller][INFO] - Meal = 89 g/min
[2023-03-06 19:30:03,396][simglucose.controller.basal_bolus_ctrller][INFO] - glucose = 157.01529134072695
[2023-03-06 19:30:03,534][simglucose.patient.t1dpatient][INFO] - t = 238.0, Patient finishes eating!
[2023-03-06 19:30:05,496][simglucose.simulation.scenario_gen][INFO] - Creating new one day scenario ...
[2023-03-06 19:30:07,548][simglucose.simulation.scenario_gen][INFO] - Time for meal!
[2023-03-06 19:30:07,549][simglucose.patient.t1dpatient][INFO] - t = 1105.0, patient starts eating ...
[2023-03-06 19:30:07,584][simglucose.controller.basal_bolus_ctrller][INFO] - Calculating bolus ...
[2023-03-06 19:30:07,584][simglucose.controller.basal_bolus_ctrller][INFO] - Meal = 49 g/min
[2023-03-06 19:30:07,584][simglucose.controller.basal_bolus_ctrller][INFO] - glucose = 143.63866400539456
[2023-03-06 19:30:07,703][simglucose.patient.t1dpatient][INFO] - t = 1115.0, Patient finishes eating!
[2023-03-06 19:30:09,407][simglucose.simulation.scenario_gen][INFO] - Time for meal!
[2023-03-06 19:30:09,408][simglucose.patient.t1dpatient][INFO] - t = 1487.0, patient starts eating ...
[2023-03-06 19:30:09,424][simglucose.controller.basal_bolus_ctrller][INFO] - Calculating bolus ...
[2023-03-06 19:30:09,425][simglucose.controller.basal_bolus_ctrller][INFO] - Meal = 64 g/min
[2023-03-06 19:30:09,425][simglucose.controller.basal_bolus_ctrller][INFO] - glucose = 123.48946692705327
[2023-03-06 19:30:09,544][simglucose.patient.t1dpatient][INFO] - t = 1500.0, Patient finishes eating!
[2023-03-06 19:30:10,278][simglucose.simulation.scenario_gen][INFO] - Time for meal!
[2023-03-06 19:30:10,279][simglucose.patient.t1dpatient][INFO] - t = 1661.0, patient starts eating ...
[2023-03-06 19:30:10,284][simglucose.controller.basal_bolus_ctrller][INFO] - Calculating bolus ...
[2023-03-06 19:30:10,285][simglucose.controller.basal_bolus_ctrller][INFO] - Meal = 90 g/min
[2023-03-06 19:30:10,285][simglucose.controller.basal_bolus_ctrller][INFO] - glucose = 107.72644649816695
[2023-03-06 19:30:10,391][simglucose.patient.t1dpatient][INFO] - t = 1679.0, Patient finishes eating!
[2023-03-06 19:30:11,696][simglucose.actuator.pump][INFO] - Resetting insulin pump ...
[2023-03-06 19:30:13,166][simglucose.simulation.scenario_gen][INFO] - Time for meal!
[2023-03-06 19:30:13,167][simglucose.patient.t1dpatient][INFO] - t = 325.0, patient starts eating ...
[2023-03-06 19:30:13,225][simglucose.controller.basal_bolus_ctrller][INFO] - Calculating bolus ...
[2023-03-06 19:30:13,226][simglucose.controller.basal_bolus_ctrller][INFO] - Meal = 86 g/min
[2023-03-06 19:30:13,226][simglucose.controller.basal_bolus_ctrller][INFO] - glucose = 141.2815533412519
[2023-03-06 19:30:13,384][simglucose.patient.t1dpatient][INFO] - t = 343.0, Patient finishes eating!
[2023-03-06 19:30:14,357][simglucose.simulation.scenario_gen][INFO] - Time for meal!
[2023-03-06 19:30:14,357][simglucose.patient.t1dpatient][INFO] - t = 536.0, patient starts eating ...
[2023-03-06 19:30:14,362][simglucose.controller.basal_bolus_ctrller][INFO] - Calculating bolus ...
[2023-03-06 19:30:14,363][simglucose.controller.basal_bolus_ctrller][INFO] - Meal = 9 g/min
[2023-03-06 19:30:14,363][simglucose.controller.basal_bolus_ctrller][INFO] - glucose = 87.17663879671214
[2023-03-06 19:30:14,374][simglucose.patient.t1dpatient][INFO] - t = 538.0, Patient finishes eating!
[2023-03-06 19:30:14,636][simglucose.actuator.pump][INFO] - Resetting insulin pump ...
[2023-03-06 19:30:16,350][simglucose.simulation.scenario_gen][INFO] - Time for meal!
[2023-03-06 19:30:16,350][simglucose.patient.t1dpatient][INFO] - t = 388.0, patient starts eating ...
[2023-03-06 19:30:16,435][simglucose.controller.basal_bolus_ctrller][INFO] - Calculating bolus ...
[2023-03-06 19:30:16,436][simglucose.controller.basal_bolus_ctrller][INFO] - Meal = 44 g/min
[2023-03-06 19:30:16,436][simglucose.controller.basal_bolus_ctrller][INFO] - glucose = 141.33472755241056
[2023-03-06 19:30:16,534][simglucose.patient.t1dpatient][INFO] - t = 397.0, Patient finishes eating!
[2023-03-06 19:30:17,459][simglucose.simulation.scenario_gen][INFO] - Time for meal!
[2023-03-06 19:30:17,460][simglucose.patient.t1dpatient][INFO] - t = 589.0, patient starts eating ...
[2023-03-06 19:30:17,478][simglucose.controller.basal_bolus_ctrller][INFO] - Calculating bolus ...
[2023-03-06 19:30:17,479][simglucose.controller.basal_bolus_ctrller][INFO] - Meal = 64 g/min
[2023-03-06 19:30:17,480][simglucose.controller.basal_bolus_ctrller][INFO] - glucose = 131.0663462747258
[2023-03-06 19:30:17,590][simglucose.patient.t1dpatient][INFO] - t = 602.0, Patient finishes eating!
[2023-03-06 19:30:19,454][simglucose.simulation.scenario_gen][INFO] - Time for meal!
[2023-03-06 19:30:19,455][simglucose.patient.t1dpatient][INFO] - t = 952.0, patient starts eating ...
[2023-03-06 19:30:19,481][simglucose.controller.basal_bolus_ctrller][INFO] - Calculating bolus ...
[2023-03-06 19:30:19,481][simglucose.controller.basal_bolus_ctrller][INFO] - Meal = 83 g/min
[2023-03-06 19:30:19,482][simglucose.controller.basal_bolus_ctrller][INFO] - glucose = 106.55944097884512
[2023-03-06 19:30:19,608][simglucose.patient.t1dpatient][INFO] - t = 969.0, Patient finishes eating!
[2023-03-06 19:30:21,599][simglucose.actuator.pump][INFO] - Resetting insulin pump ...
[2023-03-06 19:30:21,721][simglucose.simulation.scenario_gen][INFO] - Time for meal!
[2023-03-06 19:30:21,722][simglucose.patient.t1dpatient][INFO] - t = 15.0, patient starts eating ...
[2023-03-06 19:30:21,780][simglucose.controller.basal_bolus_ctrller][INFO] - Calculating bolus ...
[2023-03-06 19:30:22,053][simglucose.controller.basal_bolus_ctrller][INFO] - Meal = 2 g/min
[2023-03-06 19:30:22,054][simglucose.controller.basal_bolus_ctrller][INFO] - glucose = 141.08576360535517
[2023-03-06 19:30:22,054][simglucose.patient.t1dpatient][INFO] - t = 16.0, Patient finishes eating!
[2023-03-06 19:30:22,822][simglucose.simulation.scenario_gen][INFO] - Creating new one day scenario ...
[2023-03-06 19:30:24,301][simglucose.actuator.pump][INFO] - Resetting insulin pump ...
[2023-03-06 19:30:24,530][simglucose.simulation.scenario_gen][INFO] - Time for meal!
[2023-03-06 19:30:24,531][simglucose.patient.t1dpatient][INFO] - t = 34.0, patient starts eating ...
[2023-03-06 19:30:24,603][simglucose.controller.basal_bolus_ctrller][INFO] - Calculating bolus ...
[2023-03-06 19:30:24,604][simglucose.controller.basal_bolus_ctrller][INFO] - Meal = 85 g/min
[2023-03-06 19:30:24,604][simglucose.controller.basal_bolus_ctrller][INFO] - glucose = 122.32258019717813
[2023-03-06 19:30:24,763][simglucose.patient.t1dpatient][INFO] - t = 51.0, Patient finishes eating!
[2023-03-06 19:30:25,295][simglucose.actuator.pump][INFO] - Resetting insulin pump ...
[2023-03-06 19:30:25,897][simglucose.actuator.pump][INFO] - Resetting insulin pump ...
[2023-03-06 19:30:26,465][simglucose.actuator.pump][INFO] - Resetting insulin pump ...
[2023-03-06 19:30:27,026][simglucose.actuator.pump][INFO] - Resetting insulin pump ...
[2023-03-06 19:30:27,885][simglucose.simulation.scenario_gen][INFO] - Time for meal!
[2023-03-06 19:30:27,886][simglucose.patient.t1dpatient][INFO] - t = 157.0, patient starts eating ...
[2023-03-06 19:30:27,944][simglucose.controller.basal_bolus_ctrller][INFO] - Calculating bolus ...
[2023-03-06 19:30:27,945][simglucose.controller.basal_bolus_ctrller][INFO] - Meal = 52 g/min
[2023-03-06 19:30:27,945][simglucose.controller.basal_bolus_ctrller][INFO] - glucose = 79.50624852069116
[2023-03-06 19:30:28,063][simglucose.patient.t1dpatient][INFO] - t = 168.0, Patient finishes eating!
[2023-03-06 19:30:28,908][simglucose.simulation.scenario_gen][INFO] - Time for meal!
[2023-03-06 19:30:28,910][simglucose.patient.t1dpatient][INFO] - t = 343.0, patient starts eating ...
[2023-03-06 19:30:28,927][simglucose.controller.basal_bolus_ctrller][INFO] - Calculating bolus ...
[2023-03-06 19:30:28,928][simglucose.controller.basal_bolus_ctrller][INFO] - Meal = 20 g/min
[2023-03-06 19:30:28,929][simglucose.controller.basal_bolus_ctrller][INFO] - glucose = 87.45775621365617
[2023-03-06 19:30:28,970][simglucose.patient.t1dpatient][INFO] - t = 347.0, Patient finishes eating!
[2023-03-06 19:30:29,513][simglucose.simulation.scenario_gen][INFO] - Time for meal!
[2023-03-06 19:30:29,514][simglucose.patient.t1dpatient][INFO] - t = 460.0, patient starts eating ...
[2023-03-06 19:30:29,533][simglucose.controller.basal_bolus_ctrller][INFO] - Calculating bolus ...
[2023-03-06 19:30:29,534][simglucose.controller.basal_bolus_ctrller][INFO] - Meal = 76 g/min
[2023-03-06 19:30:29,534][simglucose.controller.basal_bolus_ctrller][INFO] - glucose = 79.6735476175183
[2023-03-06 19:30:29,648][simglucose.patient.t1dpatient][INFO] - t = 476.0, Patient finishes eating!
[2023-03-06 19:30:31,394][simglucose.simulation.scenario_gen][INFO] - Creating new one day scenario ...
[2023-03-06 19:30:33,425][simglucose.simulation.scenario_gen][INFO] - Time for meal!
[2023-03-06 19:30:33,426][simglucose.patient.t1dpatient][INFO] - t = 1268.0, patient starts eating ...
[2023-03-06 19:30:33,451][simglucose.controller.basal_bolus_ctrller][INFO] - Calculating bolus ...
[2023-03-06 19:30:33,451][simglucose.controller.basal_bolus_ctrller][INFO] - Meal = 50 g/min
[2023-03-06 19:30:33,452][simglucose.controller.basal_bolus_ctrller][INFO] - glucose = 127.74838870762429
[2023-03-06 19:30:33,564][simglucose.patient.t1dpatient][INFO] - t = 1278.0, Patient finishes eating!
[2023-03-06 19:30:34,789][simglucose.simulation.scenario_gen][INFO] - Time for meal!
[2023-03-06 19:30:34,789][simglucose.patient.t1dpatient][INFO] - t = 1495.0, patient starts eating ...
[2023-03-06 19:30:34,805][simglucose.controller.basal_bolus_ctrller][INFO] - Calculating bolus ...
[2023-03-06 19:30:34,806][simglucose.controller.basal_bolus_ctrller][INFO] - Meal = 73 g/min
[2023-03-06 19:30:34,806][simglucose.controller.basal_bolus_ctrller][INFO] - glucose = 125.53063898878014
[2023-03-06 19:30:34,919][simglucose.patient.t1dpatient][INFO] - t = 1510.0, Patient finishes eating!
[2023-03-06 19:30:36,091][simglucose.actuator.pump][INFO] - Resetting insulin pump ...
[2023-03-06 19:30:40,775][simglucose.simulation.scenario_gen][INFO] - Time for meal!
[2023-03-06 19:30:40,776][simglucose.patient.t1dpatient][INFO] - t = 115.0, patient starts eating ...
[2023-03-06 19:30:40,869][simglucose.controller.basal_bolus_ctrller][INFO] - Calculating bolus ...
[2023-03-06 19:30:40,870][simglucose.controller.basal_bolus_ctrller][INFO] - Meal = 75 g/min
[2023-03-06 19:30:40,870][simglucose.controller.basal_bolus_ctrller][INFO] - glucose = 125.88772883295631
[2023-03-06 19:30:41,500][simglucose.patient.t1dpatient][INFO] - t = 130.0, Patient finishes eating!
[2023-03-06 19:30:52,668][simglucose.simulation.scenario_gen][INFO] - Creating new one day scenario ...
[2023-03-06 19:31:05,337][simglucose.simulation.scenario_gen][INFO] - Time for meal!
[2023-03-06 19:31:05,338][simglucose.patient.t1dpatient][INFO] - t = 748.0, patient starts eating ...
[2023-03-06 19:31:05,417][simglucose.controller.basal_bolus_ctrller][INFO] - Calculating bolus ...
[2023-03-06 19:31:05,417][simglucose.controller.basal_bolus_ctrller][INFO] - Meal = 75 g/min
[2023-03-06 19:31:05,417][simglucose.controller.basal_bolus_ctrller][INFO] - glucose = 132.0263446067828
[2023-03-06 19:31:05,970][simglucose.patient.t1dpatient][INFO] - t = 763.0, Patient finishes eating!
[2023-03-06 19:31:16,743][simglucose.actuator.pump][INFO] - Resetting insulin pump ...
[2023-03-06 19:31:28,577][simglucose.simulation.scenario_gen][INFO] - Time for meal!
[2023-03-06 19:31:28,578][simglucose.patient.t1dpatient][INFO] - t = 302.0, patient starts eating ...
[2023-03-06 19:31:28,703][simglucose.controller.basal_bolus_ctrller][INFO] - Calculating bolus ...
[2023-03-06 19:31:28,703][simglucose.controller.basal_bolus_ctrller][INFO] - Meal = 78 g/min
[2023-03-06 19:31:28,704][simglucose.controller.basal_bolus_ctrller][INFO] - glucose = 58.04847640552918
[2023-03-06 19:31:29,368][simglucose.patient.t1dpatient][INFO] - t = 318.0, Patient finishes eating!
[2023-03-06 19:31:43,214][simglucose.simulation.scenario_gen][INFO] - Creating new one day scenario ...
[2023-03-06 19:31:58,940][simglucose.simulation.scenario_gen][INFO] - Time for meal!
[2023-03-06 19:31:58,941][simglucose.patient.t1dpatient][INFO] - t = 1036.0, patient starts eating ...
[2023-03-06 19:31:59,014][simglucose.controller.basal_bolus_ctrller][INFO] - Calculating bolus ...
[2023-03-06 19:31:59,014][simglucose.controller.basal_bolus_ctrller][INFO] - Meal = 46 g/min
[2023-03-06 19:31:59,015][simglucose.controller.basal_bolus_ctrller][INFO] - glucose = 138.97732045464937
[2023-03-06 19:31:59,578][simglucose.patient.t1dpatient][INFO] - t = 1046.0, Patient finishes eating!
[2023-03-06 19:32:15,702][simglucose.simulation.scenario_gen][INFO] - Time for meal!
[2023-03-06 19:32:15,702][simglucose.patient.t1dpatient][INFO] - t = 1403.0, patient starts eating ...
[2023-03-06 19:32:15,766][simglucose.controller.basal_bolus_ctrller][INFO] - Calculating bolus ...
[2023-03-06 19:32:15,766][simglucose.controller.basal_bolus_ctrller][INFO] - Meal = 75 g/min
[2023-03-06 19:32:15,767][simglucose.controller.basal_bolus_ctrller][INFO] - glucose = 135.84805393778987
[2023-03-06 19:32:16,455][simglucose.patient.t1dpatient][INFO] - t = 1418.0, Patient finishes eating!
