[2023-03-07 11:17:04,670][simglucose.actuator.pump][INFO] - Resetting insulin pump ...
[2023-03-07 11:17:05,468][simglucose.simulation.scenario_gen][INFO] - Time for meal!
[2023-03-07 11:17:05,469][simglucose.patient.t1dpatient][INFO] - t = 99.0, patient starts eating ...
[2023-03-07 11:17:05,525][simglucose.controller.basal_bolus_ctrller][INFO] - Calculating bolus ...
[2023-03-07 11:17:05,525][simglucose.controller.basal_bolus_ctrller][INFO] - Meal = 30 g/min
[2023-03-07 11:17:05,525][simglucose.controller.basal_bolus_ctrller][INFO] - glucose = 106.43624114990234
[2023-03-07 11:17:05,582][simglucose.patient.t1dpatient][INFO] - t = 105.0, Patient finishes eating!
[2023-03-07 11:17:05,989][simglucose.actuator.pump][INFO] - Resetting insulin pump ...
[2023-03-07 11:17:06,578][simglucose.simulation.scenario_gen][INFO] - Creating new one day scenario ...
[2023-03-07 11:17:06,664][simglucose.actuator.pump][INFO] - Resetting insulin pump ...
[2023-03-07 11:17:06,720][simglucose.simulation.scenario_gen][INFO] - Time for meal!
[2023-03-07 11:17:06,720][simglucose.patient.t1dpatient][INFO] - t = 4.0, patient starts eating ...
[2023-03-07 11:17:06,867][simglucose.patient.t1dpatient][INFO] - t = 17.0, Patient finishes eating!
[2023-03-07 11:17:07,537][simglucose.actuator.pump][INFO] - Resetting insulin pump ...
[2023-03-07 11:17:08,389][simglucose.actuator.pump][INFO] - Resetting insulin pump ...
[2023-03-07 11:17:10,529][simglucose.simulation.scenario_gen][INFO] - Time for meal!
[2023-03-07 11:17:10,530][simglucose.patient.t1dpatient][INFO] - t = 120.0, patient starts eating ...
[2023-03-07 11:17:10,584][simglucose.controller.basal_bolus_ctrller][INFO] - Calculating bolus ...
[2023-03-07 11:17:10,584][simglucose.controller.basal_bolus_ctrller][INFO] - Meal = 101 g/min
[2023-03-07 11:17:10,584][simglucose.controller.basal_bolus_ctrller][INFO] - glucose = 83.87318267822266
[2023-03-07 11:17:10,975][simglucose.patient.t1dpatient][INFO] - t = 141.0, Patient finishes eating!
[2023-03-07 11:17:14,802][simglucose.actuator.pump][INFO] - Resetting insulin pump ...
[2023-03-07 11:17:15,928][simglucose.simulation.scenario_gen][INFO] - Creating new one day scenario ...
[2023-03-07 11:17:17,403][simglucose.actuator.pump][INFO] - Resetting insulin pump ...
[2023-03-07 11:17:19,764][simglucose.simulation.scenario_gen][INFO] - Time for meal!
[2023-03-07 11:17:19,764][simglucose.patient.t1dpatient][INFO] - t = 133.0, patient starts eating ...
[2023-03-07 11:17:19,834][simglucose.controller.basal_bolus_ctrller][INFO] - Calculating bolus ...
[2023-03-07 11:17:19,834][simglucose.controller.basal_bolus_ctrller][INFO] - Meal = 89 g/min
[2023-03-07 11:17:19,834][simglucose.controller.basal_bolus_ctrller][INFO] - glucose = 58.81474838256836
[2023-03-07 11:17:20,175][simglucose.patient.t1dpatient][INFO] - t = 151.0, Patient finishes eating!
[2023-03-07 11:17:20,578][simglucose.actuator.pump][INFO] - Resetting insulin pump ...
[2023-03-07 11:17:22,744][simglucose.simulation.scenario_gen][INFO] - Time for meal!
[2023-03-07 11:17:22,744][simglucose.patient.t1dpatient][INFO] - t = 121.0, patient starts eating ...
[2023-03-07 11:17:22,798][simglucose.controller.basal_bolus_ctrller][INFO] - Calculating bolus ...
[2023-03-07 11:17:22,798][simglucose.controller.basal_bolus_ctrller][INFO] - Meal = 48 g/min
[2023-03-07 11:17:22,798][simglucose.controller.basal_bolus_ctrller][INFO] - glucose = 123.20005950927734
[2023-03-07 11:17:22,999][simglucose.patient.t1dpatient][INFO] - t = 131.0, Patient finishes eating!
[2023-03-07 11:17:24,279][simglucose.actuator.pump][INFO] - Resetting insulin pump ...
[2023-03-07 11:17:26,682][simglucose.actuator.pump][INFO] - Resetting insulin pump ...
[2023-03-07 11:17:29,458][simglucose.actuator.pump][INFO] - Resetting insulin pump ...
[2023-03-07 11:17:32,958][simglucose.actuator.pump][INFO] - Resetting insulin pump ...
[2023-03-07 11:17:35,347][simglucose.actuator.pump][INFO] - Resetting insulin pump ...
[2023-03-07 11:17:36,037][simglucose.simulation.scenario_gen][INFO] - Time for meal!
[2023-03-07 11:17:36,037][simglucose.patient.t1dpatient][INFO] - t = 35.0, patient starts eating ...
[2023-03-07 11:17:36,091][simglucose.controller.basal_bolus_ctrller][INFO] - Calculating bolus ...
[2023-03-07 11:17:36,092][simglucose.controller.basal_bolus_ctrller][INFO] - Meal = 35 g/min
[2023-03-07 11:17:36,092][simglucose.controller.basal_bolus_ctrller][INFO] - glucose = 157.56885986328126
[2023-03-07 11:17:36,233][simglucose.patient.t1dpatient][INFO] - t = 42.0, Patient finishes eating!
[2023-03-07 11:17:38,864][simglucose.actuator.pump][INFO] - Resetting insulin pump ...
[2023-03-07 11:17:41,990][simglucose.actuator.pump][INFO] - Resetting insulin pump ...
[2023-03-07 11:17:43,969][simglucose.simulation.scenario_gen][INFO] - Time for meal!
[2023-03-07 11:17:43,970][simglucose.patient.t1dpatient][INFO] - t = 111.0, patient starts eating ...
[2023-03-07 11:17:44,024][simglucose.controller.basal_bolus_ctrller][INFO] - Calculating bolus ...
[2023-03-07 11:17:44,024][simglucose.controller.basal_bolus_ctrller][INFO] - Meal = 72 g/min
[2023-03-07 11:17:44,024][simglucose.controller.basal_bolus_ctrller][INFO] - glucose = 96.4233383178711
[2023-03-07 11:17:44,317][simglucose.patient.t1dpatient][INFO] - t = 126.0, Patient finishes eating!
[2023-03-07 11:17:45,899][simglucose.actuator.pump][INFO] - Resetting insulin pump ...
[2023-03-07 11:17:48,949][simglucose.actuator.pump][INFO] - Resetting insulin pump ...
[2023-03-07 11:17:48,963][simglucose.simulation.scenario_gen][INFO] - Creating new one day scenario ...
[2023-03-07 11:17:52,132][simglucose.actuator.pump][INFO] - Resetting insulin pump ...
[2023-03-07 11:17:54,955][simglucose.actuator.pump][INFO] - Resetting insulin pump ...
[2023-03-07 11:17:57,332][simglucose.simulation.scenario_gen][INFO] - Time for meal!
[2023-03-07 11:17:57,333][simglucose.patient.t1dpatient][INFO] - t = 133.0, patient starts eating ...
[2023-03-07 11:17:57,387][simglucose.controller.basal_bolus_ctrller][INFO] - Calculating bolus ...
[2023-03-07 11:17:57,387][simglucose.controller.basal_bolus_ctrller][INFO] - Meal = 33 g/min
[2023-03-07 11:17:57,387][simglucose.controller.basal_bolus_ctrller][INFO] - glucose = 93.53712463378906
[2023-03-07 11:17:57,527][simglucose.patient.t1dpatient][INFO] - t = 140.0, Patient finishes eating!
[2023-03-07 11:17:58,446][simglucose.actuator.pump][INFO] - Resetting insulin pump ...
[2023-03-07 11:18:02,172][simglucose.actuator.pump][INFO] - Resetting insulin pump ...
[2023-03-07 11:18:04,288][simglucose.simulation.scenario_gen][INFO] - Creating new one day scenario ...
[2023-03-07 11:18:05,050][simglucose.actuator.pump][INFO] - Resetting insulin pump ...
[2023-03-07 11:18:07,926][simglucose.actuator.pump][INFO] - Resetting insulin pump ...
[2023-03-07 11:18:10,048][simglucose.simulation.scenario_gen][INFO] - Creating new one day scenario ...
[2023-03-07 11:18:10,885][simglucose.actuator.pump][INFO] - Resetting insulin pump ...
[2023-03-07 11:18:13,414][simglucose.actuator.pump][INFO] - Resetting insulin pump ...
[2023-03-07 11:18:14,312][simglucose.simulation.scenario_gen][INFO] - Time for meal!
[2023-03-07 11:18:14,312][simglucose.patient.t1dpatient][INFO] - t = 48.0, patient starts eating ...
[2023-03-07 11:18:14,366][simglucose.controller.basal_bolus_ctrller][INFO] - Calculating bolus ...
[2023-03-07 11:18:14,366][simglucose.controller.basal_bolus_ctrller][INFO] - Meal = 46 g/min
[2023-03-07 11:18:14,366][simglucose.controller.basal_bolus_ctrller][INFO] - glucose = 131.06248168945314
[2023-03-07 11:18:14,566][simglucose.patient.t1dpatient][INFO] - t = 58.0, Patient finishes eating!
[2023-03-07 11:18:15,594][simglucose.simulation.scenario_gen][INFO] - Time for meal!
[2023-03-07 11:18:15,594][simglucose.patient.t1dpatient][INFO] - t = 117.0, patient starts eating ...
[2023-03-07 11:18:15,612][simglucose.controller.basal_bolus_ctrller][INFO] - Calculating bolus ...
[2023-03-07 11:18:15,613][simglucose.controller.basal_bolus_ctrller][INFO] - Meal = 5 g/min
[2023-03-07 11:18:15,613][simglucose.controller.basal_bolus_ctrller][INFO] - glucose = 85.80154418945312
[2023-03-07 11:18:15,613][simglucose.patient.t1dpatient][INFO] - t = 118.0, Patient finishes eating!
[2023-03-07 11:18:16,864][simglucose.actuator.pump][INFO] - Resetting insulin pump ...
[2023-03-07 11:18:18,760][simglucose.simulation.scenario_gen][INFO] - Time for meal!
[2023-03-07 11:18:18,761][simglucose.patient.t1dpatient][INFO] - t = 105.0, patient starts eating ...
[2023-03-07 11:18:18,815][simglucose.controller.basal_bolus_ctrller][INFO] - Calculating bolus ...
[2023-03-07 11:18:18,815][simglucose.controller.basal_bolus_ctrller][INFO] - Meal = 56 g/min
[2023-03-07 11:18:18,815][simglucose.controller.basal_bolus_ctrller][INFO] - glucose = 77.86737365722657
[2023-03-07 11:18:19,053][simglucose.patient.t1dpatient][INFO] - t = 117.0, Patient finishes eating!
[2023-03-07 11:18:20,304][simglucose.actuator.pump][INFO] - Resetting insulin pump ...
[2023-03-07 11:18:22,739][simglucose.simulation.scenario_gen][INFO] - Time for meal!
[2023-03-07 11:18:22,740][simglucose.patient.t1dpatient][INFO] - t = 138.0, patient starts eating ...
[2023-03-07 11:18:22,794][simglucose.controller.basal_bolus_ctrller][INFO] - Calculating bolus ...
[2023-03-07 11:18:22,794][simglucose.controller.basal_bolus_ctrller][INFO] - Meal = 57 g/min
[2023-03-07 11:18:22,794][simglucose.controller.basal_bolus_ctrller][INFO] - glucose = 75.87835388183593
[2023-03-07 11:18:23,028][simglucose.patient.t1dpatient][INFO] - t = 150.0, Patient finishes eating!
[2023-03-07 11:18:24,135][simglucose.actuator.pump][INFO] - Resetting insulin pump ...
[2023-03-07 11:18:27,287][simglucose.actuator.pump][INFO] - Resetting insulin pump ...
[2023-03-07 11:18:29,396][simglucose.simulation.scenario_gen][INFO] - Time for meal!
[2023-03-07 11:18:29,396][simglucose.patient.t1dpatient][INFO] - t = 118.0, patient starts eating ...
[2023-03-07 11:18:29,450][simglucose.controller.basal_bolus_ctrller][INFO] - Calculating bolus ...
[2023-03-07 11:18:29,450][simglucose.controller.basal_bolus_ctrller][INFO] - Meal = 46 g/min
[2023-03-07 11:18:29,451][simglucose.controller.basal_bolus_ctrller][INFO] - glucose = 130.7176513671875
[2023-03-07 11:18:29,647][simglucose.patient.t1dpatient][INFO] - t = 128.0, Patient finishes eating!
[2023-03-07 11:18:31,090][simglucose.actuator.pump][INFO] - Resetting insulin pump ...
[2023-03-07 11:18:34,092][simglucose.simulation.scenario_gen][INFO] - Time for meal!
[2023-03-07 11:18:34,092][simglucose.patient.t1dpatient][INFO] - t = 168.0, patient starts eating ...
[2023-03-07 11:18:34,148][simglucose.controller.basal_bolus_ctrller][INFO] - Calculating bolus ...
[2023-03-07 11:18:34,148][simglucose.controller.basal_bolus_ctrller][INFO] - Meal = 33 g/min
[2023-03-07 11:18:34,148][simglucose.controller.basal_bolus_ctrller][INFO] - glucose = 74.80814208984376
[2023-03-07 11:18:34,288][simglucose.patient.t1dpatient][INFO] - t = 175.0, Patient finishes eating!
[2023-03-07 11:18:34,735][simglucose.actuator.pump][INFO] - Resetting insulin pump ...
[2023-03-07 11:18:38,077][simglucose.actuator.pump][INFO] - Resetting insulin pump ...
[2023-03-07 11:18:41,210][simglucose.actuator.pump][INFO] - Resetting insulin pump ...
[2023-03-07 11:18:42,393][simglucose.simulation.scenario_gen][INFO] - Time for meal!
[2023-03-07 11:18:42,394][simglucose.patient.t1dpatient][INFO] - t = 62.0, patient starts eating ...
[2023-03-07 11:18:42,449][simglucose.controller.basal_bolus_ctrller][INFO] - Calculating bolus ...
[2023-03-07 11:18:42,449][simglucose.controller.basal_bolus_ctrller][INFO] - Meal = 60 g/min
[2023-03-07 11:18:42,449][simglucose.controller.basal_bolus_ctrller][INFO] - glucose = 121.92544708251953
[2023-03-07 11:18:42,684][simglucose.patient.t1dpatient][INFO] - t = 74.0, Patient finishes eating!
[2023-03-07 11:18:44,924][simglucose.actuator.pump][INFO] - Resetting insulin pump ...
[2023-03-07 11:18:48,009][simglucose.actuator.pump][INFO] - Resetting insulin pump ...
[2023-03-07 11:18:49,117][simglucose.simulation.scenario_gen][INFO] - Creating new one day scenario ...
[2023-03-07 11:18:51,936][simglucose.actuator.pump][INFO] - Resetting insulin pump ...
[2023-03-07 11:18:53,799][simglucose.simulation.scenario_gen][INFO] - Time for meal!
[2023-03-07 11:18:53,799][simglucose.patient.t1dpatient][INFO] - t = 102.0, patient starts eating ...
[2023-03-07 11:18:53,854][simglucose.controller.basal_bolus_ctrller][INFO] - Calculating bolus ...
[2023-03-07 11:18:53,854][simglucose.controller.basal_bolus_ctrller][INFO] - Meal = 38 g/min
[2023-03-07 11:18:53,854][simglucose.controller.basal_bolus_ctrller][INFO] - glucose = 98.5087677001953
[2023-03-07 11:18:54,018][simglucose.patient.t1dpatient][INFO] - t = 110.0, Patient finishes eating!
[2023-03-07 11:18:55,100][simglucose.actuator.pump][INFO] - Resetting insulin pump ...
[2023-03-07 11:18:58,285][simglucose.actuator.pump][INFO] - Resetting insulin pump ...
[2023-03-07 11:19:01,454][simglucose.actuator.pump][INFO] - Resetting insulin pump ...
[2023-03-07 11:19:02,083][simglucose.simulation.scenario_gen][INFO] - Time for meal!
[2023-03-07 11:19:02,083][simglucose.patient.t1dpatient][INFO] - t = 32.0, patient starts eating ...
[2023-03-07 11:19:02,138][simglucose.controller.basal_bolus_ctrller][INFO] - Calculating bolus ...
[2023-03-07 11:19:02,138][simglucose.controller.basal_bolus_ctrller][INFO] - Meal = 40 g/min
[2023-03-07 11:19:02,138][simglucose.controller.basal_bolus_ctrller][INFO] - glucose = 155.13868408203126
[2023-03-07 11:19:02,300][simglucose.patient.t1dpatient][INFO] - t = 40.0, Patient finishes eating!
[2023-03-07 11:19:04,898][simglucose.actuator.pump][INFO] - Resetting insulin pump ...
[2023-03-07 11:19:05,377][simglucose.simulation.scenario_gen][INFO] - Time for meal!
[2023-03-07 11:19:05,377][simglucose.patient.t1dpatient][INFO] - t = 24.0, patient starts eating ...
[2023-03-07 11:19:05,432][simglucose.controller.basal_bolus_ctrller][INFO] - Calculating bolus ...
[2023-03-07 11:19:05,432][simglucose.controller.basal_bolus_ctrller][INFO] - Meal = 85 g/min
[2023-03-07 11:19:05,432][simglucose.controller.basal_bolus_ctrller][INFO] - glucose = 129.70276489257813
[2023-03-07 11:19:05,770][simglucose.patient.t1dpatient][INFO] - t = 41.0, Patient finishes eating!
[2023-03-07 11:19:08,939][simglucose.actuator.pump][INFO] - Resetting insulin pump ...
[2023-03-07 11:19:11,905][simglucose.actuator.pump][INFO] - Resetting insulin pump ...
[2023-03-07 11:19:15,011][simglucose.actuator.pump][INFO] - Resetting insulin pump ...
[2023-03-07 11:19:17,218][simglucose.simulation.scenario_gen][INFO] - Creating new one day scenario ...
[2023-03-07 11:19:18,104][simglucose.actuator.pump][INFO] - Resetting insulin pump ...
[2023-03-07 11:19:19,543][simglucose.simulation.scenario_gen][INFO] - Time for meal!
[2023-03-07 11:19:19,543][simglucose.patient.t1dpatient][INFO] - t = 78.0, patient starts eating ...
[2023-03-07 11:19:19,598][simglucose.controller.basal_bolus_ctrller][INFO] - Calculating bolus ...
[2023-03-07 11:19:19,599][simglucose.controller.basal_bolus_ctrller][INFO] - Meal = 89 g/min
[2023-03-07 11:19:19,599][simglucose.controller.basal_bolus_ctrller][INFO] - glucose = 130.88080139160155
[2023-03-07 11:19:19,960][simglucose.patient.t1dpatient][INFO] - t = 96.0, Patient finishes eating!
[2023-03-07 11:19:22,798][simglucose.actuator.pump][INFO] - Resetting insulin pump ...
[2023-03-07 11:19:25,083][simglucose.simulation.scenario_gen][INFO] - Time for meal!
[2023-03-07 11:19:25,084][simglucose.patient.t1dpatient][INFO] - t = 126.0, patient starts eating ...
[2023-03-07 11:19:25,155][simglucose.controller.basal_bolus_ctrller][INFO] - Calculating bolus ...
[2023-03-07 11:19:25,155][simglucose.controller.basal_bolus_ctrller][INFO] - Meal = 46 g/min
[2023-03-07 11:19:25,155][simglucose.controller.basal_bolus_ctrller][INFO] - glucose = 80.56216735839844
[2023-03-07 11:19:25,354][simglucose.patient.t1dpatient][INFO] - t = 136.0, Patient finishes eating!
[2023-03-07 11:19:26,271][simglucose.actuator.pump][INFO] - Resetting insulin pump ...
[2023-03-07 11:19:29,197][simglucose.actuator.pump][INFO] - Resetting insulin pump ...
[2023-03-07 11:19:32,071][simglucose.actuator.pump][INFO] - Resetting insulin pump ...
[2023-03-07 11:19:35,029][simglucose.simulation.scenario_gen][INFO] - Time for meal!
[2023-03-07 11:19:35,029][simglucose.patient.t1dpatient][INFO] - t = 164.0, patient starts eating ...
[2023-03-07 11:19:35,084][simglucose.controller.basal_bolus_ctrller][INFO] - Calculating bolus ...
[2023-03-07 11:19:35,084][simglucose.controller.basal_bolus_ctrller][INFO] - Meal = 16 g/min
[2023-03-07 11:19:35,084][simglucose.controller.basal_bolus_ctrller][INFO] - glucose = 39.0
[2023-03-07 11:19:35,160][simglucose.patient.t1dpatient][INFO] - t = 168.0, Patient finishes eating!
[2023-03-07 11:19:35,286][simglucose.actuator.pump][INFO] - Resetting insulin pump ...
[2023-03-07 11:19:35,607][simglucose.simulation.scenario_gen][INFO] - Time for meal!
[2023-03-07 11:19:35,607][simglucose.patient.t1dpatient][INFO] - t = 15.0, patient starts eating ...
[2023-03-07 11:19:35,663][simglucose.controller.basal_bolus_ctrller][INFO] - Calculating bolus ...
[2023-03-07 11:19:35,663][simglucose.controller.basal_bolus_ctrller][INFO] - Meal = 53 g/min
[2023-03-07 11:19:35,663][simglucose.controller.basal_bolus_ctrller][INFO] - glucose = 151.81533203125
[2023-03-07 11:19:35,890][simglucose.patient.t1dpatient][INFO] - t = 26.0, Patient finishes eating!
[2023-03-07 11:19:36,967][simglucose.simulation.scenario_gen][INFO] - Time for meal!
[2023-03-07 11:19:36,968][simglucose.patient.t1dpatient][INFO] - t = 85.0, patient starts eating ...
[2023-03-07 11:19:36,985][simglucose.controller.basal_bolus_ctrller][INFO] - Calculating bolus ...
[2023-03-07 11:19:36,985][simglucose.controller.basal_bolus_ctrller][INFO] - Meal = 18 g/min
[2023-03-07 11:19:36,985][simglucose.controller.basal_bolus_ctrller][INFO] - glucose = 142.52905883789063
[2023-03-07 11:19:37,042][simglucose.patient.t1dpatient][INFO] - t = 89.0, Patient finishes eating!
[2023-03-07 11:19:39,133][simglucose.actuator.pump][INFO] - Resetting insulin pump ...
[2023-03-07 11:19:39,847][simglucose.simulation.scenario_gen][INFO] - Time for meal!
[2023-03-07 11:19:39,847][simglucose.patient.t1dpatient][INFO] - t = 37.0, patient starts eating ...
[2023-03-07 11:19:39,962][simglucose.patient.t1dpatient][INFO] - t = 40.0, Patient finishes eating!
[2023-03-07 11:19:41,798][simglucose.simulation.scenario_gen][INFO] - Time for meal!
[2023-03-07 11:19:41,798][simglucose.patient.t1dpatient][INFO] - t = 141.0, patient starts eating ...
[2023-03-07 11:19:42,137][simglucose.patient.t1dpatient][INFO] - t = 158.0, Patient finishes eating!
[2023-03-07 11:19:44,229][simglucose.actuator.pump][INFO] - Resetting insulin pump ...
[2023-03-07 11:19:46,250][simglucose.simulation.scenario_gen][INFO] - Time for meal!
[2023-03-07 11:19:46,250][simglucose.patient.t1dpatient][INFO] - t = 110.0, patient starts eating ...
[2023-03-07 11:19:46,305][simglucose.controller.basal_bolus_ctrller][INFO] - Calculating bolus ...
[2023-03-07 11:19:46,306][simglucose.controller.basal_bolus_ctrller][INFO] - Meal = 75 g/min
[2023-03-07 11:19:46,306][simglucose.controller.basal_bolus_ctrller][INFO] - glucose = 85.31128234863282
[2023-03-07 11:19:46,602][simglucose.patient.t1dpatient][INFO] - t = 125.0, Patient finishes eating!
[2023-03-07 11:19:48,268][simglucose.actuator.pump][INFO] - Resetting insulin pump ...
[2023-03-07 11:19:48,283][simglucose.simulation.scenario_gen][INFO] - Creating new one day scenario ...
[2023-03-07 11:19:51,466][simglucose.actuator.pump][INFO] - Resetting insulin pump ...
[2023-03-07 11:19:54,440][simglucose.actuator.pump][INFO] - Resetting insulin pump ...
[2023-03-07 11:19:57,886][simglucose.actuator.pump][INFO] - Resetting insulin pump ...
[2023-03-07 11:20:00,151][simglucose.simulation.scenario_gen][INFO] - Time for meal!
[2023-03-07 11:20:00,152][simglucose.patient.t1dpatient][INFO] - t = 125.0, patient starts eating ...
[2023-03-07 11:20:00,208][simglucose.controller.basal_bolus_ctrller][INFO] - Calculating bolus ...
[2023-03-07 11:20:00,208][simglucose.controller.basal_bolus_ctrller][INFO] - Meal = 33 g/min
[2023-03-07 11:20:00,208][simglucose.controller.basal_bolus_ctrller][INFO] - glucose = 75.35217742919922
[2023-03-07 11:20:00,351][simglucose.patient.t1dpatient][INFO] - t = 132.0, Patient finishes eating!
[2023-03-07 11:20:01,597][simglucose.actuator.pump][INFO] - Resetting insulin pump ...
[2023-03-07 11:20:03,687][simglucose.simulation.scenario_gen][INFO] - Time for meal!
[2023-03-07 11:20:03,688][simglucose.patient.t1dpatient][INFO] - t = 114.0, patient starts eating ...
[2023-03-07 11:20:03,743][simglucose.controller.basal_bolus_ctrller][INFO] - Calculating bolus ...
[2023-03-07 11:20:03,743][simglucose.controller.basal_bolus_ctrller][INFO] - Meal = 45 g/min
[2023-03-07 11:20:03,743][simglucose.controller.basal_bolus_ctrller][INFO] - glucose = 90.97249450683594
[2023-03-07 11:20:03,925][simglucose.patient.t1dpatient][INFO] - t = 123.0, Patient finishes eating!
