[2023-03-02 12:01:20,971][simglucose.actuator.pump][INFO] - Resetting insulin pump ...
[2023-03-02 12:01:22,241][simglucose.actuator.pump][INFO] - Resetting insulin pump ...
[2023-03-02 12:01:23,087][simglucose.actuator.pump][INFO] - Resetting insulin pump ...
[2023-03-02 12:01:23,336][simglucose.simulation.scenario_gen][INFO] - Time for meal!
[2023-03-02 12:01:23,336][simglucose.patient.t1dpatient][INFO] - t = 23.0, patient starts eating ...
[2023-03-02 12:01:23,572][simglucose.patient.t1dpatient][INFO] - t = 35.0, Patient finishes eating!
[2023-03-02 12:01:24,362][simglucose.actuator.pump][INFO] - Resetting insulin pump ...
[2023-03-02 12:01:25,021][simglucose.simulation.scenario_gen][INFO] - Time for meal!
[2023-03-02 12:01:25,021][simglucose.patient.t1dpatient][INFO] - t = 80.0, patient starts eating ...
[2023-03-02 12:01:25,276][simglucose.actuator.pump][INFO] - Resetting insulin pump ...
[2023-03-02 12:01:25,809][simglucose.simulation.scenario_gen][INFO] - Time for meal!
[2023-03-02 12:01:25,809][simglucose.patient.t1dpatient][INFO] - t = 61.0, patient starts eating ...
[2023-03-02 12:01:26,066][simglucose.patient.t1dpatient][INFO] - t = 75.0, Patient finishes eating!
[2023-03-02 12:01:26,371][simglucose.actuator.pump][INFO] - Resetting insulin pump ...
[2023-03-02 12:01:27,211][simglucose.actuator.pump][INFO] - Resetting insulin pump ...
[2023-03-02 12:01:28,076][simglucose.actuator.pump][INFO] - Resetting insulin pump ...
[2023-03-02 12:01:28,942][simglucose.actuator.pump][INFO] - Resetting insulin pump ...
[2023-03-02 12:01:29,463][simglucose.simulation.scenario_gen][INFO] - Time for meal!
[2023-03-02 12:01:29,463][simglucose.patient.t1dpatient][INFO] - t = 62.0, patient starts eating ...
[2023-03-02 12:01:29,712][simglucose.patient.t1dpatient][INFO] - t = 76.0, Patient finishes eating!
[2023-03-02 12:01:29,961][simglucose.actuator.pump][INFO] - Resetting insulin pump ...
[2023-03-02 12:01:30,390][simglucose.simulation.scenario_gen][INFO] - Time for meal!
[2023-03-02 12:01:30,391][simglucose.patient.t1dpatient][INFO] - t = 48.0, patient starts eating ...
[2023-03-02 12:01:30,623][simglucose.patient.t1dpatient][INFO] - t = 60.0, Patient finishes eating!
[2023-03-02 12:01:31,109][simglucose.actuator.pump][INFO] - Resetting insulin pump ...
[2023-03-02 12:01:32,010][simglucose.actuator.pump][INFO] - Resetting insulin pump ...
[2023-03-02 12:01:32,838][simglucose.actuator.pump][INFO] - Resetting insulin pump ...
[2023-03-02 12:01:33,655][simglucose.actuator.pump][INFO] - Resetting insulin pump ...
[2023-03-02 12:01:34,506][simglucose.actuator.pump][INFO] - Resetting insulin pump ...
[2023-03-02 12:01:35,413][simglucose.actuator.pump][INFO] - Resetting insulin pump ...
[2023-03-02 12:01:35,953][simglucose.simulation.scenario_gen][INFO] - Time for meal!
[2023-03-02 12:01:35,954][simglucose.patient.t1dpatient][INFO] - t = 63.0, patient starts eating ...
[2023-03-02 12:01:36,218][simglucose.patient.t1dpatient][INFO] - t = 78.0, Patient finishes eating!
[2023-03-02 12:01:36,439][simglucose.actuator.pump][INFO] - Resetting insulin pump ...
[2023-03-02 12:01:36,443][simglucose.simulation.scenario_gen][INFO] - Creating new one day scenario ...
[2023-03-02 12:01:37,270][simglucose.actuator.pump][INFO] - Resetting insulin pump ...
[2023-03-02 12:01:37,724][simglucose.simulation.scenario_gen][INFO] - Time for meal!
[2023-03-02 12:01:37,724][simglucose.patient.t1dpatient][INFO] - t = 53.0, patient starts eating ...
[2023-03-02 12:01:37,801][simglucose.patient.t1dpatient][INFO] - t = 54.0, Patient finishes eating!
[2023-03-02 12:01:38,284][simglucose.actuator.pump][INFO] - Resetting insulin pump ...
[2023-03-02 12:01:39,119][simglucose.actuator.pump][INFO] - Resetting insulin pump ...
[2023-03-02 12:01:39,943][simglucose.actuator.pump][INFO] - Resetting insulin pump ...
[2023-03-02 12:01:42,892][simglucose.actuator.pump][INFO] - Resetting insulin pump ...
[2023-03-02 12:01:45,704][simglucose.actuator.pump][INFO] - Resetting insulin pump ...
[2023-03-02 12:01:48,483][simglucose.actuator.pump][INFO] - Resetting insulin pump ...
[2023-03-02 12:01:48,784][simglucose.simulation.scenario_gen][INFO] - Time for meal!
[2023-03-02 12:01:48,785][simglucose.patient.t1dpatient][INFO] - t = 9.0, patient starts eating ...
[2023-03-02 12:01:49,344][simglucose.patient.t1dpatient][INFO] - t = 26.0, Patient finishes eating!
[2023-03-02 12:01:52,374][simglucose.actuator.pump][INFO] - Resetting insulin pump ...
[2023-03-02 12:01:55,364][simglucose.actuator.pump][INFO] - Resetting insulin pump ...
[2023-03-02 12:01:58,251][simglucose.actuator.pump][INFO] - Resetting insulin pump ...
[2023-03-02 12:02:01,168][simglucose.actuator.pump][INFO] - Resetting insulin pump ...
[2023-03-02 12:02:02,794][simglucose.simulation.scenario_gen][INFO] - Creating new one day scenario ...
[2023-03-02 12:02:04,097][simglucose.actuator.pump][INFO] - Resetting insulin pump ...
[2023-03-02 12:02:07,038][simglucose.actuator.pump][INFO] - Resetting insulin pump ...
[2023-03-02 12:02:09,953][simglucose.actuator.pump][INFO] - Resetting insulin pump ...
[2023-03-02 12:02:11,296][simglucose.simulation.scenario_gen][INFO] - Time for meal!
[2023-03-02 12:02:11,297][simglucose.patient.t1dpatient][INFO] - t = 48.0, patient starts eating ...
[2023-03-02 12:02:11,475][simglucose.patient.t1dpatient][INFO] - t = 51.0, Patient finishes eating!
[2023-03-02 12:02:13,269][simglucose.actuator.pump][INFO] - Resetting insulin pump ...
[2023-03-02 12:02:16,274][simglucose.actuator.pump][INFO] - Resetting insulin pump ...
[2023-03-02 12:02:19,301][simglucose.actuator.pump][INFO] - Resetting insulin pump ...
[2023-03-02 12:02:21,552][simglucose.simulation.scenario_gen][INFO] - Time for meal!
[2023-03-02 12:02:21,552][simglucose.patient.t1dpatient][INFO] - t = 83.0, patient starts eating ...
[2023-03-02 12:02:21,943][simglucose.patient.t1dpatient][INFO] - t = 93.0, Patient finishes eating!
[2023-03-02 12:02:22,404][simglucose.actuator.pump][INFO] - Resetting insulin pump ...
[2023-03-02 12:02:22,425][simglucose.simulation.scenario_gen][INFO] - Creating new one day scenario ...
[2023-03-02 12:02:25,416][simglucose.actuator.pump][INFO] - Resetting insulin pump ...
[2023-03-02 12:02:27,006][simglucose.simulation.scenario_gen][INFO] - Time for meal!
[2023-03-02 12:02:27,006][simglucose.patient.t1dpatient][INFO] - t = 57.0, patient starts eating ...
[2023-03-02 12:02:27,511][simglucose.patient.t1dpatient][INFO] - t = 71.0, Patient finishes eating!
[2023-03-02 12:02:28,887][simglucose.actuator.pump][INFO] - Resetting insulin pump ...
[2023-03-02 12:02:30,948][simglucose.simulation.scenario_gen][INFO] - Time for meal!
[2023-03-02 12:02:30,949][simglucose.patient.t1dpatient][INFO] - t = 74.0, patient starts eating ...
[2023-03-02 12:02:31,350][simglucose.patient.t1dpatient][INFO] - t = 84.0, Patient finishes eating!
[2023-03-02 12:02:32,262][simglucose.actuator.pump][INFO] - Resetting insulin pump ...
[2023-03-02 12:02:35,371][simglucose.actuator.pump][INFO] - Resetting insulin pump ...
[2023-03-02 12:02:38,348][simglucose.simulation.scenario_gen][INFO] - Time for meal!
[2023-03-02 12:02:38,349][simglucose.patient.t1dpatient][INFO] - t = 107.0, patient starts eating ...
[2023-03-02 12:02:38,627][simglucose.actuator.pump][INFO] - Resetting insulin pump ...
[2023-03-02 12:02:41,762][simglucose.actuator.pump][INFO] - Resetting insulin pump ...
[2023-03-02 12:02:44,297][simglucose.simulation.scenario_gen][INFO] - Time for meal!
[2023-03-02 12:02:44,297][simglucose.patient.t1dpatient][INFO] - t = 91.0, patient starts eating ...
[2023-03-02 12:02:44,474][simglucose.patient.t1dpatient][INFO] - t = 94.0, Patient finishes eating!
[2023-03-02 12:02:45,113][simglucose.actuator.pump][INFO] - Resetting insulin pump ...
[2023-03-02 12:02:46,893][simglucose.simulation.scenario_gen][INFO] - Time for meal!
[2023-03-02 12:02:46,893][simglucose.patient.t1dpatient][INFO] - t = 64.0, patient starts eating ...
[2023-03-02 12:02:47,414][simglucose.patient.t1dpatient][INFO] - t = 78.0, Patient finishes eating!
[2023-03-02 12:02:48,772][simglucose.actuator.pump][INFO] - Resetting insulin pump ...
[2023-03-02 12:02:51,794][simglucose.actuator.pump][INFO] - Resetting insulin pump ...
[2023-03-02 12:02:55,340][simglucose.actuator.pump][INFO] - Resetting insulin pump ...
[2023-03-02 12:02:59,444][simglucose.actuator.pump][INFO] - Resetting insulin pump ...
[2023-03-02 12:02:59,474][simglucose.simulation.scenario_gen][INFO] - Creating new one day scenario ...
[2023-03-02 12:03:03,246][simglucose.actuator.pump][INFO] - Resetting insulin pump ...
[2023-03-02 12:03:07,106][simglucose.actuator.pump][INFO] - Resetting insulin pump ...
[2023-03-02 12:03:11,109][simglucose.actuator.pump][INFO] - Resetting insulin pump ...
[2023-03-02 12:03:13,393][simglucose.simulation.scenario_gen][INFO] - Creating new one day scenario ...
[2023-03-02 12:03:15,249][simglucose.actuator.pump][INFO] - Resetting insulin pump ...
[2023-03-02 12:03:19,269][simglucose.actuator.pump][INFO] - Resetting insulin pump ...
[2023-03-02 12:03:23,289][simglucose.actuator.pump][INFO] - Resetting insulin pump ...
[2023-03-02 12:03:27,468][simglucose.actuator.pump][INFO] - Resetting insulin pump ...
[2023-03-02 12:03:31,592][simglucose.actuator.pump][INFO] - Resetting insulin pump ...
[2023-03-02 12:03:35,226][simglucose.simulation.scenario_gen][INFO] - Time for meal!
[2023-03-02 12:03:35,227][simglucose.patient.t1dpatient][INFO] - t = 100.0, patient starts eating ...
[2023-03-02 12:03:35,330][simglucose.patient.t1dpatient][INFO] - t = 101.0, Patient finishes eating!
[2023-03-02 12:03:35,515][simglucose.actuator.pump][INFO] - Resetting insulin pump ...
[2023-03-02 12:03:39,542][simglucose.actuator.pump][INFO] - Resetting insulin pump ...
[2023-03-02 12:03:41,235][simglucose.simulation.scenario_gen][INFO] - Time for meal!
[2023-03-02 12:03:41,236][simglucose.patient.t1dpatient][INFO] - t = 47.0, patient starts eating ...
[2023-03-02 12:03:41,950][simglucose.patient.t1dpatient][INFO] - t = 63.0, Patient finishes eating!
[2023-03-02 12:03:44,546][simglucose.actuator.pump][INFO] - Resetting insulin pump ...
[2023-03-02 12:03:48,723][simglucose.actuator.pump][INFO] - Resetting insulin pump ...
[2023-03-02 12:03:48,753][simglucose.simulation.scenario_gen][INFO] - Creating new one day scenario ...
[2023-03-02 12:03:52,724][simglucose.actuator.pump][INFO] - Resetting insulin pump ...
[2023-03-02 12:03:56,887][simglucose.actuator.pump][INFO] - Resetting insulin pump ...
[2023-03-02 12:03:58,690][simglucose.simulation.scenario_gen][INFO] - Time for meal!
[2023-03-02 12:03:58,691][simglucose.patient.t1dpatient][INFO] - t = 47.0, patient starts eating ...
[2023-03-02 12:03:58,896][simglucose.patient.t1dpatient][INFO] - t = 50.0, Patient finishes eating!
[2023-03-02 12:04:01,237][simglucose.actuator.pump][INFO] - Resetting insulin pump ...
[2023-03-02 12:04:01,716][simglucose.simulation.scenario_gen][INFO] - Time for meal!
[2023-03-02 12:04:01,717][simglucose.patient.t1dpatient][INFO] - t = 11.0, patient starts eating ...
[2023-03-02 12:04:01,966][simglucose.patient.t1dpatient][INFO] - t = 15.0, Patient finishes eating!
[2023-03-02 12:04:05,700][simglucose.actuator.pump][INFO] - Resetting insulin pump ...
[2023-03-02 12:04:07,937][simglucose.simulation.scenario_gen][INFO] - Creating new one day scenario ...
[2023-03-02 12:04:09,670][simglucose.actuator.pump][INFO] - Resetting insulin pump ...
[2023-03-02 12:04:11,486][simglucose.simulation.scenario_gen][INFO] - Time for meal!
[2023-03-02 12:04:11,487][simglucose.patient.t1dpatient][INFO] - t = 46.0, patient starts eating ...
[2023-03-02 12:04:11,652][simglucose.patient.t1dpatient][INFO] - t = 48.0, Patient finishes eating!
[2023-03-02 12:04:13,889][simglucose.actuator.pump][INFO] - Resetting insulin pump ...
[2023-03-02 12:04:17,816][simglucose.actuator.pump][INFO] - Resetting insulin pump ...
[2023-03-02 12:04:21,941][simglucose.actuator.pump][INFO] - Resetting insulin pump ...
[2023-03-02 12:04:26,111][simglucose.actuator.pump][INFO] - Resetting insulin pump ...
[2023-03-02 12:04:30,067][simglucose.actuator.pump][INFO] - Resetting insulin pump ...
[2023-03-02 12:04:32,350][simglucose.simulation.scenario_gen][INFO] - Time for meal!
[2023-03-02 12:04:32,351][simglucose.patient.t1dpatient][INFO] - t = 60.0, patient starts eating ...
[2023-03-02 12:04:33,004][simglucose.patient.t1dpatient][INFO] - t = 75.0, Patient finishes eating!
[2023-03-02 12:04:35,229][simglucose.actuator.pump][INFO] - Resetting insulin pump ...
[2023-03-02 12:04:39,260][simglucose.actuator.pump][INFO] - Resetting insulin pump ...
[2023-03-02 12:04:43,500][simglucose.actuator.pump][INFO] - Resetting insulin pump ...
[2023-03-02 12:04:47,615][simglucose.actuator.pump][INFO] - Resetting insulin pump ...
[2023-03-02 12:04:51,820][simglucose.actuator.pump][INFO] - Resetting insulin pump ...
[2023-03-02 12:04:55,891][simglucose.actuator.pump][INFO] - Resetting insulin pump ...
[2023-03-02 12:04:59,923][simglucose.actuator.pump][INFO] - Resetting insulin pump ...
[2023-03-02 12:05:00,911][simglucose.simulation.scenario_gen][INFO] - Time for meal!
[2023-03-02 12:05:00,912][simglucose.patient.t1dpatient][INFO] - t = 25.0, patient starts eating ...
[2023-03-02 12:05:01,484][simglucose.patient.t1dpatient][INFO] - t = 37.0, Patient finishes eating!
[2023-03-02 12:05:04,904][simglucose.actuator.pump][INFO] - Resetting insulin pump ...
[2023-03-02 12:05:07,846][simglucose.simulation.scenario_gen][INFO] - Time for meal!
[2023-03-02 12:05:07,846][simglucose.patient.t1dpatient][INFO] - t = 78.0, patient starts eating ...
[2023-03-02 12:05:07,953][simglucose.patient.t1dpatient][INFO] - t = 79.0, Patient finishes eating!
[2023-03-02 12:05:09,254][simglucose.actuator.pump][INFO] - Resetting insulin pump ...
[2023-03-02 12:05:13,256][simglucose.actuator.pump][INFO] - Resetting insulin pump ...
[2023-03-02 12:05:15,540][simglucose.simulation.scenario_gen][INFO] - Creating new one day scenario ...
[2023-03-02 12:05:17,272][simglucose.actuator.pump][INFO] - Resetting insulin pump ...
[2023-03-02 12:05:21,183][simglucose.actuator.pump][INFO] - Resetting insulin pump ...
[2023-03-02 12:05:25,327][simglucose.actuator.pump][INFO] - Resetting insulin pump ...
[2023-03-02 12:05:29,320][simglucose.actuator.pump][INFO] - Resetting insulin pump ...
[2023-03-02 12:05:33,392][simglucose.actuator.pump][INFO] - Resetting insulin pump ...
[2023-03-02 12:05:37,398][simglucose.actuator.pump][INFO] - Resetting insulin pump ...
[2023-03-02 12:05:41,555][simglucose.actuator.pump][INFO] - Resetting insulin pump ...
[2023-03-02 12:05:43,178][simglucose.simulation.scenario_gen][INFO] - Time for meal!
[2023-03-02 12:05:43,179][simglucose.patient.t1dpatient][INFO] - t = 45.0, patient starts eating ...
[2023-03-02 12:05:43,607][simglucose.patient.t1dpatient][INFO] - t = 55.0, Patient finishes eating!
[2023-03-02 12:05:45,505][simglucose.actuator.pump][INFO] - Resetting insulin pump ...
[2023-03-02 12:05:48,470][simglucose.actuator.pump][INFO] - Resetting insulin pump ...
[2023-03-02 12:05:48,490][simglucose.simulation.scenario_gen][INFO] - Creating new one day scenario ...
[2023-03-02 12:05:51,177][simglucose.actuator.pump][INFO] - Resetting insulin pump ...
[2023-03-02 12:05:53,926][simglucose.actuator.pump][INFO] - Resetting insulin pump ...
[2023-03-02 12:05:56,593][simglucose.actuator.pump][INFO] - Resetting insulin pump ...
[2023-03-02 12:05:58,030][simglucose.simulation.scenario_gen][INFO] - Time for meal!
[2023-03-02 12:05:58,030][simglucose.patient.t1dpatient][INFO] - t = 57.0, patient starts eating ...
[2023-03-02 12:05:58,197][simglucose.patient.t1dpatient][INFO] - t = 60.0, Patient finishes eating!
[2023-03-02 12:05:59,390][simglucose.actuator.pump][INFO] - Resetting insulin pump ...
[2023-03-02 12:06:02,072][simglucose.actuator.pump][INFO] - Resetting insulin pump ...
[2023-03-02 12:06:04,573][simglucose.simulation.scenario_gen][INFO] - Time for meal!
[2023-03-02 12:06:04,574][simglucose.patient.t1dpatient][INFO] - t = 101.0, patient starts eating ...
[2023-03-02 12:06:04,969][simglucose.actuator.pump][INFO] - Resetting insulin pump ...
[2023-03-02 12:06:07,701][simglucose.actuator.pump][INFO] - Resetting insulin pump ...
[2023-03-02 12:06:07,721][simglucose.simulation.scenario_gen][INFO] - Creating new one day scenario ...
[2023-03-02 12:06:10,708][simglucose.actuator.pump][INFO] - Resetting insulin pump ...
[2023-03-02 12:06:13,620][simglucose.actuator.pump][INFO] - Resetting insulin pump ...
[2023-03-02 12:06:16,602][simglucose.actuator.pump][INFO] - Resetting insulin pump ...
[2023-03-02 12:06:19,562][simglucose.actuator.pump][INFO] - Resetting insulin pump ...
[2023-03-02 12:06:22,554][simglucose.actuator.pump][INFO] - Resetting insulin pump ...
[2023-03-02 12:06:25,444][simglucose.actuator.pump][INFO] - Resetting insulin pump ...
[2023-03-02 12:06:28,376][simglucose.actuator.pump][INFO] - Resetting insulin pump ...
[2023-03-02 12:06:30,863][simglucose.simulation.scenario_gen][INFO] - Time for meal!
[2023-03-02 12:06:30,863][simglucose.patient.t1dpatient][INFO] - t = 93.0, patient starts eating ...
[2023-03-02 12:06:31,394][simglucose.patient.t1dpatient][INFO] - t = 108.0, Patient finishes eating!
[2023-03-02 12:06:31,447][simglucose.actuator.pump][INFO] - Resetting insulin pump ...
[2023-03-02 12:06:34,346][simglucose.actuator.pump][INFO] - Resetting insulin pump ...
[2023-03-02 12:06:37,309][simglucose.actuator.pump][INFO] - Resetting insulin pump ...
[2023-03-02 12:06:39,037][simglucose.simulation.scenario_gen][INFO] - Time for meal!
[2023-03-02 12:06:39,037][simglucose.patient.t1dpatient][INFO] - t = 64.0, patient starts eating ...
[2023-03-02 12:06:39,338][simglucose.patient.t1dpatient][INFO] - t = 71.0, Patient finishes eating!
[2023-03-02 12:06:40,620][simglucose.actuator.pump][INFO] - Resetting insulin pump ...
[2023-03-02 12:06:43,625][simglucose.actuator.pump][INFO] - Resetting insulin pump ...
[2023-03-02 12:06:46,470][simglucose.actuator.pump][INFO] - Resetting insulin pump ...
[2023-03-02 12:06:49,394][simglucose.actuator.pump][INFO] - Resetting insulin pump ...
[2023-03-02 12:06:52,418][simglucose.actuator.pump][INFO] - Resetting insulin pump ...
[2023-03-02 12:06:55,377][simglucose.actuator.pump][INFO] - Resetting insulin pump ...
[2023-03-02 12:06:55,680][simglucose.simulation.scenario_gen][INFO] - Time for meal!
[2023-03-02 12:06:55,680][simglucose.patient.t1dpatient][INFO] - t = 9.0, patient starts eating ...
[2023-03-02 12:06:56,243][simglucose.patient.t1dpatient][INFO] - t = 25.0, Patient finishes eating!
[2023-03-02 12:06:59,184][simglucose.actuator.pump][INFO] - Resetting insulin pump ...
[2023-03-02 12:07:02,063][simglucose.actuator.pump][INFO] - Resetting insulin pump ...
[2023-03-02 12:07:04,953][simglucose.actuator.pump][INFO] - Resetting insulin pump ...
[2023-03-02 12:07:05,729][simglucose.simulation.scenario_gen][INFO] - Time for meal!
[2023-03-02 12:07:05,730][simglucose.patient.t1dpatient][INFO] - t = 27.0, patient starts eating ...
[2023-03-02 12:07:06,292][simglucose.patient.t1dpatient][INFO] - t = 43.0, Patient finishes eating!
[2023-03-02 12:07:08,724][simglucose.actuator.pump][INFO] - Resetting insulin pump ...
[2023-03-02 12:07:09,583][simglucose.simulation.scenario_gen][INFO] - Time for meal!
[2023-03-02 12:07:09,583][simglucose.patient.t1dpatient][INFO] - t = 31.0, patient starts eating ...
[2023-03-02 12:07:10,053][simglucose.patient.t1dpatient][INFO] - t = 44.0, Patient finishes eating!
[2023-03-02 12:07:12,361][simglucose.actuator.pump][INFO] - Resetting insulin pump ...
[2023-03-02 12:07:15,255][simglucose.actuator.pump][INFO] - Resetting insulin pump ...
[2023-03-02 12:07:18,185][simglucose.actuator.pump][INFO] - Resetting insulin pump ...
[2023-03-02 12:07:21,099][simglucose.actuator.pump][INFO] - Resetting insulin pump ...
[2023-03-02 12:07:23,951][simglucose.actuator.pump][INFO] - Resetting insulin pump ...
[2023-03-02 12:07:23,973][simglucose.simulation.scenario_gen][INFO] - Creating new one day scenario ...
[2023-03-02 12:07:27,036][simglucose.actuator.pump][INFO] - Resetting insulin pump ...
[2023-03-02 12:07:27,454][simglucose.simulation.scenario_gen][INFO] - Time for meal!
[2023-03-02 12:07:27,454][simglucose.patient.t1dpatient][INFO] - t = 13.0, patient starts eating ...
[2023-03-02 12:07:27,787][simglucose.patient.t1dpatient][INFO] - t = 21.0, Patient finishes eating!
[2023-03-02 12:07:30,485][simglucose.actuator.pump][INFO] - Resetting insulin pump ...
[2023-03-02 12:07:33,467][simglucose.actuator.pump][INFO] - Resetting insulin pump ...
[2023-03-02 12:07:36,357][simglucose.actuator.pump][INFO] - Resetting insulin pump ...
[2023-03-02 12:07:38,649][simglucose.simulation.scenario_gen][INFO] - Time for meal!
[2023-03-02 12:07:38,650][simglucose.patient.t1dpatient][INFO] - t = 85.0, patient starts eating ...
[2023-03-02 12:07:38,831][simglucose.patient.t1dpatient][INFO] - t = 88.0, Patient finishes eating!
[2023-03-02 12:07:39,535][simglucose.actuator.pump][INFO] - Resetting insulin pump ...
[2023-03-02 12:07:42,588][simglucose.actuator.pump][INFO] - Resetting insulin pump ...
[2023-03-02 12:07:44,256][simglucose.simulation.scenario_gen][INFO] - Creating new one day scenario ...
[2023-03-02 12:07:45,511][simglucose.actuator.pump][INFO] - Resetting insulin pump ...
[2023-03-02 12:07:47,344][simglucose.simulation.scenario_gen][INFO] - Time for meal!
[2023-03-02 12:07:47,345][simglucose.patient.t1dpatient][INFO] - t = 67.0, patient starts eating ...
[2023-03-02 12:07:47,740][simglucose.patient.t1dpatient][INFO] - t = 77.0, Patient finishes eating!
[2023-03-02 12:07:48,786][simglucose.actuator.pump][INFO] - Resetting insulin pump ...
[2023-03-02 12:07:51,785][simglucose.actuator.pump][INFO] - Resetting insulin pump ...
[2023-03-02 12:07:54,791][simglucose.actuator.pump][INFO] - Resetting insulin pump ...
[2023-03-02 12:07:57,880][simglucose.actuator.pump][INFO] - Resetting insulin pump ...
[2023-03-02 12:08:00,980][simglucose.actuator.pump][INFO] - Resetting insulin pump ...
[2023-03-02 12:08:03,938][simglucose.actuator.pump][INFO] - Resetting insulin pump ...
[2023-03-02 12:08:03,960][simglucose.simulation.scenario_gen][INFO] - Creating new one day scenario ...
[2023-03-02 12:08:07,160][simglucose.actuator.pump][INFO] - Resetting insulin pump ...
[2023-03-02 12:08:10,208][simglucose.actuator.pump][INFO] - Resetting insulin pump ...
[2023-03-02 12:08:13,233][simglucose.actuator.pump][INFO] - Resetting insulin pump ...
[2023-03-02 12:08:16,266][simglucose.actuator.pump][INFO] - Resetting insulin pump ...
[2023-03-02 12:08:16,667][simglucose.simulation.scenario_gen][INFO] - Time for meal!
[2023-03-02 12:08:16,667][simglucose.patient.t1dpatient][INFO] - t = 12.0, patient starts eating ...
[2023-03-02 12:08:17,273][simglucose.patient.t1dpatient][INFO] - t = 29.0, Patient finishes eating!
[2023-03-02 12:08:20,403][simglucose.actuator.pump][INFO] - Resetting insulin pump ...
[2023-03-02 12:08:23,582][simglucose.actuator.pump][INFO] - Resetting insulin pump ...
[2023-03-02 12:08:26,622][simglucose.actuator.pump][INFO] - Resetting insulin pump ...
[2023-03-02 12:08:29,722][simglucose.actuator.pump][INFO] - Resetting insulin pump ...
[2023-03-02 12:08:32,774][simglucose.actuator.pump][INFO] - Resetting insulin pump ...
[2023-03-02 12:08:35,305][simglucose.simulation.scenario_gen][INFO] - Time for meal!
[2023-03-02 12:08:35,305][simglucose.patient.t1dpatient][INFO] - t = 90.0, patient starts eating ...
[2023-03-02 12:08:35,976][simglucose.patient.t1dpatient][INFO] - t = 109.0, Patient finishes eating!
[2023-03-02 12:08:36,004][simglucose.actuator.pump][INFO] - Resetting insulin pump ...
[2023-03-02 12:08:37,718][simglucose.simulation.scenario_gen][INFO] - Creating new one day scenario ...
[2023-03-02 12:08:39,077][simglucose.actuator.pump][INFO] - Resetting insulin pump ...
[2023-03-02 12:08:42,246][simglucose.actuator.pump][INFO] - Resetting insulin pump ...
[2023-03-02 12:08:45,349][simglucose.actuator.pump][INFO] - Resetting insulin pump ...
[2023-03-02 12:08:48,599][simglucose.actuator.pump][INFO] - Resetting insulin pump ...
[2023-03-02 12:08:50,925][simglucose.simulation.scenario_gen][INFO] - Time for meal!
[2023-03-02 12:08:50,926][simglucose.patient.t1dpatient][INFO] - t = 85.0, patient starts eating ...
[2023-03-02 12:08:51,326][simglucose.patient.t1dpatient][INFO] - t = 95.0, Patient finishes eating!
[2023-03-02 12:08:51,776][simglucose.actuator.pump][INFO] - Resetting insulin pump ...
[2023-03-02 12:08:56,300][simglucose.actuator.pump][INFO] - Resetting insulin pump ...
[2023-03-02 12:09:00,875][simglucose.actuator.pump][INFO] - Resetting insulin pump ...
[2023-03-02 12:09:05,227][simglucose.actuator.pump][INFO] - Resetting insulin pump ...
[2023-03-02 12:09:09,717][simglucose.actuator.pump][INFO] - Resetting insulin pump ...
[2023-03-02 12:09:12,631][simglucose.simulation.scenario_gen][INFO] - Time for meal!
[2023-03-02 12:09:12,631][simglucose.patient.t1dpatient][INFO] - t = 73.0, patient starts eating ...
[2023-03-02 12:09:13,071][simglucose.patient.t1dpatient][INFO] - t = 81.0, Patient finishes eating!
[2023-03-02 12:09:14,295][simglucose.actuator.pump][INFO] - Resetting insulin pump ...
[2023-03-02 12:09:14,330][simglucose.simulation.scenario_gen][INFO] - Time for meal!
[2023-03-02 12:09:14,330][simglucose.patient.t1dpatient][INFO] - t = 0, patient starts eating ...
[2023-03-02 12:09:15,086][simglucose.patient.t1dpatient][INFO] - t = 15.0, Patient finishes eating!
[2023-03-02 12:09:19,882][simglucose.actuator.pump][INFO] - Resetting insulin pump ...
[2023-03-02 12:09:24,302][simglucose.actuator.pump][INFO] - Resetting insulin pump ...
[2023-03-02 12:09:25,042][simglucose.simulation.scenario_gen][INFO] - Time for meal!
[2023-03-02 12:09:25,043][simglucose.patient.t1dpatient][INFO] - t = 17.0, patient starts eating ...
[2023-03-02 12:09:25,696][simglucose.patient.t1dpatient][INFO] - t = 31.0, Patient finishes eating!
[2023-03-02 12:09:29,934][simglucose.actuator.pump][INFO] - Resetting insulin pump ...
[2023-03-02 12:09:32,671][simglucose.simulation.scenario_gen][INFO] - Time for meal!
[2023-03-02 12:09:32,672][simglucose.patient.t1dpatient][INFO] - t = 69.0, patient starts eating ...
[2023-03-02 12:09:33,346][simglucose.patient.t1dpatient][INFO] - t = 83.0, Patient finishes eating!
[2023-03-02 12:09:34,592][simglucose.actuator.pump][INFO] - Resetting insulin pump ...
[2023-03-02 12:09:35,421][simglucose.simulation.scenario_gen][INFO] - Time for meal!
[2023-03-02 12:09:35,422][simglucose.patient.t1dpatient][INFO] - t = 19.0, patient starts eating ...
[2023-03-02 12:09:36,199][simglucose.patient.t1dpatient][INFO] - t = 35.0, Patient finishes eating!
[2023-03-02 12:09:40,378][simglucose.actuator.pump][INFO] - Resetting insulin pump ...
[2023-03-02 12:09:44,719][simglucose.actuator.pump][INFO] - Resetting insulin pump ...
[2023-03-02 12:09:46,672][simglucose.simulation.scenario_gen][INFO] - Time for meal!
[2023-03-02 12:09:46,673][simglucose.patient.t1dpatient][INFO] - t = 48.0, patient starts eating ...
[2023-03-02 12:09:47,594][simglucose.patient.t1dpatient][INFO] - t = 68.0, Patient finishes eating!
[2023-03-02 12:09:51,420][simglucose.actuator.pump][INFO] - Resetting insulin pump ...
[2023-03-02 12:09:51,729][simglucose.simulation.scenario_gen][INFO] - Time for meal!
[2023-03-02 12:09:51,729][simglucose.patient.t1dpatient][INFO] - t = 6.0, patient starts eating ...
[2023-03-02 12:09:52,441][simglucose.patient.t1dpatient][INFO] - t = 20.0, Patient finishes eating!
[2023-03-02 12:09:56,936][simglucose.actuator.pump][INFO] - Resetting insulin pump ...
[2023-03-02 12:10:01,338][simglucose.actuator.pump][INFO] - Resetting insulin pump ...
[2023-03-02 12:10:05,918][simglucose.actuator.pump][INFO] - Resetting insulin pump ...
[2023-03-02 12:10:10,439][simglucose.actuator.pump][INFO] - Resetting insulin pump ...
[2023-03-02 12:10:14,658][simglucose.actuator.pump][INFO] - Resetting insulin pump ...
[2023-03-02 12:10:19,124][simglucose.actuator.pump][INFO] - Resetting insulin pump ...
[2023-03-02 12:10:19,912][simglucose.simulation.scenario_gen][INFO] - Time for meal!
[2023-03-02 12:10:19,913][simglucose.patient.t1dpatient][INFO] - t = 19.0, patient starts eating ...
[2023-03-02 12:10:20,643][simglucose.patient.t1dpatient][INFO] - t = 35.0, Patient finishes eating!
[2023-03-02 12:10:24,835][simglucose.actuator.pump][INFO] - Resetting insulin pump ...
[2023-03-02 12:10:27,765][simglucose.simulation.scenario_gen][INFO] - Time for meal!
[2023-03-02 12:10:27,766][simglucose.patient.t1dpatient][INFO] - t = 74.0, patient starts eating ...
[2023-03-02 12:10:28,073][simglucose.patient.t1dpatient][INFO] - t = 79.0, Patient finishes eating!
[2023-03-02 12:10:29,462][simglucose.actuator.pump][INFO] - Resetting insulin pump ...
[2023-03-02 12:10:33,931][simglucose.actuator.pump][INFO] - Resetting insulin pump ...
[2023-03-02 12:10:38,542][simglucose.actuator.pump][INFO] - Resetting insulin pump ...
[2023-03-02 12:10:38,823][simglucose.simulation.scenario_gen][INFO] - Time for meal!
[2023-03-02 12:10:38,824][simglucose.patient.t1dpatient][INFO] - t = 5.0, patient starts eating ...
[2023-03-02 12:10:39,385][simglucose.patient.t1dpatient][INFO] - t = 16.0, Patient finishes eating!
[2023-03-02 12:10:43,924][simglucose.actuator.pump][INFO] - Resetting insulin pump ...
[2023-03-02 12:10:48,477][simglucose.actuator.pump][INFO] - Resetting insulin pump ...
[2023-03-02 12:10:53,178][simglucose.actuator.pump][INFO] - Resetting insulin pump ...
[2023-03-02 12:10:57,738][simglucose.actuator.pump][INFO] - Resetting insulin pump ...
[2023-03-02 12:11:00,379][simglucose.simulation.scenario_gen][INFO] - Time for meal!
[2023-03-02 12:11:00,380][simglucose.patient.t1dpatient][INFO] - t = 65.0, patient starts eating ...
[2023-03-02 12:11:01,121][simglucose.patient.t1dpatient][INFO] - t = 80.0, Patient finishes eating!
[2023-03-02 12:11:03,372][simglucose.actuator.pump][INFO] - Resetting insulin pump ...
[2023-03-02 12:11:07,900][simglucose.actuator.pump][INFO] - Resetting insulin pump ...
[2023-03-02 12:11:12,340][simglucose.actuator.pump][INFO] - Resetting insulin pump ...
[2023-03-02 12:11:17,007][simglucose.actuator.pump][INFO] - Resetting insulin pump ...
[2023-03-02 12:11:19,555][simglucose.simulation.scenario_gen][INFO] - Creating new one day scenario ...
[2023-03-02 12:11:21,723][simglucose.actuator.pump][INFO] - Resetting insulin pump ...
[2023-03-02 12:11:26,003][simglucose.actuator.pump][INFO] - Resetting insulin pump ...
[2023-03-02 12:11:30,546][simglucose.actuator.pump][INFO] - Resetting insulin pump ...
[2023-03-02 12:11:30,581][simglucose.simulation.scenario_gen][INFO] - Creating new one day scenario ...
[2023-03-02 12:11:34,955][simglucose.actuator.pump][INFO] - Resetting insulin pump ...
[2023-03-02 12:11:38,047][simglucose.actuator.pump][INFO] - Resetting insulin pump ...
[2023-03-02 12:11:40,764][simglucose.actuator.pump][INFO] - Resetting insulin pump ...
[2023-03-02 12:11:41,487][simglucose.simulation.scenario_gen][INFO] - Time for meal!
[2023-03-02 12:11:41,487][simglucose.patient.t1dpatient][INFO] - t = 27.0, patient starts eating ...
[2023-03-02 12:11:41,625][simglucose.patient.t1dpatient][INFO] - t = 29.0, Patient finishes eating!
[2023-03-02 12:11:43,768][simglucose.simulation.scenario_gen][INFO] - Time for meal!
[2023-03-02 12:11:43,769][simglucose.patient.t1dpatient][INFO] - t = 115.0, patient starts eating ...
[2023-03-02 12:11:43,866][simglucose.actuator.pump][INFO] - Resetting insulin pump ...
[2023-03-02 12:11:46,736][simglucose.actuator.pump][INFO] - Resetting insulin pump ...
[2023-03-02 12:11:48,611][simglucose.simulation.scenario_gen][INFO] - Time for meal!
[2023-03-02 12:11:48,611][simglucose.patient.t1dpatient][INFO] - t = 75.0, patient starts eating ...
[2023-03-02 12:11:49,085][simglucose.patient.t1dpatient][INFO] - t = 89.0, Patient finishes eating!
[2023-03-02 12:11:49,888][simglucose.actuator.pump][INFO] - Resetting insulin pump ...
[2023-03-02 12:11:52,627][simglucose.actuator.pump][INFO] - Resetting insulin pump ...
[2023-03-02 12:11:52,728][simglucose.simulation.scenario_gen][INFO] - Time for meal!
[2023-03-02 12:11:52,728][simglucose.patient.t1dpatient][INFO] - t = 2.0, patient starts eating ...
[2023-03-02 12:11:53,161][simglucose.patient.t1dpatient][INFO] - t = 14.0, Patient finishes eating!
[2023-03-02 12:11:56,193][simglucose.actuator.pump][INFO] - Resetting insulin pump ...
[2023-03-02 12:11:57,721][simglucose.simulation.scenario_gen][INFO] - Time for meal!
[2023-03-02 12:11:57,721][simglucose.patient.t1dpatient][INFO] - t = 60.0, patient starts eating ...
[2023-03-02 12:11:58,329][simglucose.patient.t1dpatient][INFO] - t = 76.0, Patient finishes eating!
[2023-03-02 12:11:59,927][simglucose.actuator.pump][INFO] - Resetting insulin pump ...
[2023-03-02 12:11:59,949][simglucose.simulation.scenario_gen][INFO] - Creating new one day scenario ...
[2023-03-02 12:12:02,993][simglucose.actuator.pump][INFO] - Resetting insulin pump ...
[2023-03-02 12:12:04,749][simglucose.simulation.scenario_gen][INFO] - Time for meal!
[2023-03-02 12:12:04,750][simglucose.patient.t1dpatient][INFO] - t = 64.0, patient starts eating ...
[2023-03-02 12:12:05,257][simglucose.patient.t1dpatient][INFO] - t = 78.0, Patient finishes eating!
[2023-03-02 12:12:06,354][simglucose.actuator.pump][INFO] - Resetting insulin pump ...
[2023-03-02 12:12:09,524][simglucose.actuator.pump][INFO] - Resetting insulin pump ...
[2023-03-02 12:12:09,980][simglucose.simulation.scenario_gen][INFO] - Time for meal!
[2023-03-02 12:12:09,980][simglucose.patient.t1dpatient][INFO] - t = 14.0, patient starts eating ...
[2023-03-02 12:12:10,595][simglucose.patient.t1dpatient][INFO] - t = 32.0, Patient finishes eating!
[2023-03-02 12:12:13,736][simglucose.actuator.pump][INFO] - Resetting insulin pump ...
[2023-03-02 12:12:16,643][simglucose.actuator.pump][INFO] - Resetting insulin pump ...
[2023-03-02 12:12:18,063][simglucose.simulation.scenario_gen][INFO] - Time for meal!
[2023-03-02 12:12:18,063][simglucose.patient.t1dpatient][INFO] - t = 51.0, patient starts eating ...
[2023-03-02 12:12:18,609][simglucose.patient.t1dpatient][INFO] - t = 66.0, Patient finishes eating!
[2023-03-02 12:12:20,440][simglucose.actuator.pump][INFO] - Resetting insulin pump ...
[2023-03-02 12:12:22,942][simglucose.simulation.scenario_gen][INFO] - Time for meal!
[2023-03-02 12:12:22,942][simglucose.patient.t1dpatient][INFO] - t = 93.0, patient starts eating ...
[2023-03-02 12:12:23,519][simglucose.patient.t1dpatient][INFO] - t = 109.0, Patient finishes eating!
