[2023-02-20 18:25:01,098][simglucose.actuator.pump][INFO] - Resetting insulin pump ...
[2023-02-20 18:25:03,126][simglucose.simulation.scenario_gen][INFO] - Time for meal!
[2023-02-20 18:25:03,127][simglucose.patient.t1dpatient][INFO] - t = 99.0, patient starts eating ...
[2023-02-20 18:25:03,249][simglucose.patient.t1dpatient][INFO] - t = 105.0, Patient finishes eating!
[2023-02-20 18:25:04,789][simglucose.simulation.scenario_gen][INFO] - Time for meal!
[2023-02-20 18:25:04,790][simglucose.patient.t1dpatient][INFO] - t = 337.0, patient starts eating ...
[2023-02-20 18:25:04,917][simglucose.patient.t1dpatient][INFO] - t = 352.0, Patient finishes eating!
[2023-02-20 18:25:06,089][simglucose.simulation.scenario_gen][INFO] - Time for meal!
[2023-02-20 18:25:06,090][simglucose.patient.t1dpatient][INFO] - t = 521.0, patient starts eating ...
[2023-02-20 18:25:06,131][simglucose.patient.t1dpatient][INFO] - t = 524.0, Patient finishes eating!
[2023-02-20 18:25:07,717][simglucose.simulation.scenario_gen][INFO] - Time for meal!
[2023-02-20 18:25:07,718][simglucose.patient.t1dpatient][INFO] - t = 753.0, patient starts eating ...
[2023-02-20 18:25:07,876][simglucose.patient.t1dpatient][INFO] - t = 770.0, Patient finishes eating!
[2023-02-20 18:25:09,256][simglucose.simulation.scenario_gen][INFO] - Time for meal!
[2023-02-20 18:25:09,257][simglucose.patient.t1dpatient][INFO] - t = 930.0, patient starts eating ...
[2023-02-20 18:25:09,285][simglucose.patient.t1dpatient][INFO] - t = 933.0, Patient finishes eating!
[2023-02-20 18:25:10,458][simglucose.simulation.scenario_gen][INFO] - Creating new one day scenario ...
[2023-02-20 18:25:13,228][simglucose.simulation.scenario_gen][INFO] - Time for meal!
[2023-02-20 18:25:13,228][simglucose.patient.t1dpatient][INFO] - t = 1438.0, patient starts eating ...
[2023-02-20 18:25:13,358][simglucose.patient.t1dpatient][INFO] - t = 1446.0, Patient finishes eating!
[2023-02-20 18:25:16,062][simglucose.simulation.scenario_gen][INFO] - Time for meal!
[2023-02-20 18:25:16,062][simglucose.patient.t1dpatient][INFO] - t = 1807.0, patient starts eating ...
[2023-02-20 18:25:16,215][simglucose.patient.t1dpatient][INFO] - t = 1821.0, Patient finishes eating!
[2023-02-20 18:25:18,835][simglucose.simulation.scenario_gen][INFO] - Time for meal!
[2023-02-20 18:25:18,835][simglucose.patient.t1dpatient][INFO] - t = 2156.0, patient starts eating ...
[2023-02-20 18:25:18,984][simglucose.patient.t1dpatient][INFO] - t = 2171.0, Patient finishes eating!
[2023-02-20 18:25:21,315][simglucose.simulation.scenario_gen][INFO] - Time for meal!
[2023-02-20 18:25:21,316][simglucose.patient.t1dpatient][INFO] - t = 2446.0, patient starts eating ...
[2023-02-20 18:25:21,349][simglucose.patient.t1dpatient][INFO] - t = 2447.0, Patient finishes eating!
[2023-02-20 18:25:21,915][simglucose.simulation.scenario_gen][INFO] - Creating new one day scenario ...
[2023-02-20 18:25:26,277][simglucose.simulation.scenario_gen][INFO] - Time for meal!
[2023-02-20 18:25:26,278][simglucose.patient.t1dpatient][INFO] - t = 3022.0, patient starts eating ...
[2023-02-20 18:25:26,398][simglucose.patient.t1dpatient][INFO] - t = 3027.0, Patient finishes eating!
[2023-02-20 18:25:28,808][simglucose.simulation.scenario_gen][INFO] - Time for meal!
[2023-02-20 18:25:28,808][simglucose.patient.t1dpatient][INFO] - t = 3310.0, patient starts eating ...
[2023-02-20 18:25:28,991][simglucose.patient.t1dpatient][INFO] - t = 3329.0, Patient finishes eating!
[2023-02-20 18:25:33,821][simglucose.simulation.scenario_gen][INFO] - Creating new one day scenario ...
[2023-02-20 18:25:37,711][simglucose.simulation.scenario_gen][INFO] - Time for meal!
[2023-02-20 18:25:37,712][simglucose.patient.t1dpatient][INFO] - t = 4463.0, patient starts eating ...
[2023-02-20 18:25:37,880][simglucose.patient.t1dpatient][INFO] - t = 4474.0, Patient finishes eating!
[2023-02-20 18:25:38,420][simglucose.simulation.scenario_gen][INFO] - Time for meal!
[2023-02-20 18:25:38,421][simglucose.patient.t1dpatient][INFO] - t = 4532.0, patient starts eating ...
[2023-02-20 18:25:38,428][simglucose.patient.t1dpatient][INFO] - t = 4533.0, Patient finishes eating!
[2023-02-20 18:25:39,507][simglucose.simulation.scenario_gen][INFO] - Time for meal!
[2023-02-20 18:25:39,508][simglucose.patient.t1dpatient][INFO] - t = 4660.0, patient starts eating ...
[2023-02-20 18:25:39,672][simglucose.patient.t1dpatient][INFO] - t = 4676.0, Patient finishes eating!
[2023-02-20 18:25:42,745][simglucose.simulation.scenario_gen][INFO] - Time for meal!
[2023-02-20 18:25:42,747][simglucose.patient.t1dpatient][INFO] - t = 5066.0, patient starts eating ...
[2023-02-20 18:25:42,922][simglucose.patient.t1dpatient][INFO] - t = 5083.0, Patient finishes eating!
[2023-02-20 18:25:45,371][simglucose.simulation.scenario_gen][INFO] - Creating new one day scenario ...
[2023-02-20 18:25:48,630][simglucose.simulation.scenario_gen][INFO] - Time for meal!
[2023-02-20 18:25:48,631][simglucose.patient.t1dpatient][INFO] - t = 5811.0, patient starts eating ...
[2023-02-20 18:25:48,785][simglucose.patient.t1dpatient][INFO] - t = 5819.0, Patient finishes eating!
[2023-02-20 18:25:50,845][simglucose.simulation.scenario_gen][INFO] - Time for meal!
[2023-02-20 18:25:50,846][simglucose.patient.t1dpatient][INFO] - t = 6081.0, patient starts eating ...
[2023-02-20 18:25:50,995][simglucose.patient.t1dpatient][INFO] - t = 6093.0, Patient finishes eating!
