[2023-02-20 19:37:02,398][simglucose.actuator.pump][INFO] - Resetting insulin pump ...
[2023-02-20 19:37:04,409][simglucose.simulation.scenario_gen][INFO] - Time for meal!
[2023-02-20 19:37:04,409][simglucose.patient.t1dpatient][INFO] - t = 99.0, patient starts eating ...
[2023-02-20 19:37:04,528][simglucose.patient.t1dpatient][INFO] - t = 105.0, Patient finishes eating!
[2023-02-20 19:37:05,081][simglucose.actuator.pump][INFO] - Resetting insulin pump ...
[2023-02-20 19:37:06,913][simglucose.actuator.pump][INFO] - Resetting insulin pump ...
[2023-02-20 19:37:07,167][simglucose.simulation.scenario_gen][INFO] - Time for meal!
[2023-02-20 19:37:07,168][simglucose.patient.t1dpatient][INFO] - t = 23.0, patient starts eating ...
[2023-02-20 19:37:07,425][simglucose.patient.t1dpatient][INFO] - t = 35.0, Patient finishes eating!
[2023-02-20 19:37:13,705][simglucose.actuator.pump][INFO] - Resetting insulin pump ...
[2023-02-20 19:37:14,958][simglucose.simulation.scenario_gen][INFO] - Time for meal!
[2023-02-20 19:37:14,959][simglucose.patient.t1dpatient][INFO] - t = 80.0, patient starts eating ...
[2023-02-20 19:37:15,151][simglucose.patient.t1dpatient][INFO] - t = 96.0, Patient finishes eating!
[2023-02-20 19:37:15,965][simglucose.actuator.pump][INFO] - Resetting insulin pump ...
[2023-02-20 19:37:17,097][simglucose.simulation.scenario_gen][INFO] - Time for meal!
[2023-02-20 19:37:17,098][simglucose.patient.t1dpatient][INFO] - t = 61.0, patient starts eating ...
[2023-02-20 19:37:17,280][simglucose.patient.t1dpatient][INFO] - t = 75.0, Patient finishes eating!
[2023-02-20 19:37:17,748][simglucose.simulation.scenario_gen][INFO] - Time for meal!
[2023-02-20 19:37:17,748][simglucose.patient.t1dpatient][INFO] - t = 146.0, patient starts eating ...
[2023-02-20 19:37:17,775][simglucose.patient.t1dpatient][INFO] - t = 150.0, Patient finishes eating!
[2023-02-20 19:37:18,134][simglucose.actuator.pump][INFO] - Resetting insulin pump ...
[2023-02-20 19:37:19,658][simglucose.simulation.scenario_gen][INFO] - Creating new one day scenario ...
[2023-02-20 19:37:20,286][simglucose.actuator.pump][INFO] - Resetting insulin pump ...
[2023-02-20 19:37:22,315][simglucose.actuator.pump][INFO] - Resetting insulin pump ...
[2023-02-20 19:37:24,320][simglucose.actuator.pump][INFO] - Resetting insulin pump ...
[2023-02-20 19:37:25,442][simglucose.simulation.scenario_gen][INFO] - Time for meal!
[2023-02-20 19:37:25,442][simglucose.patient.t1dpatient][INFO] - t = 62.0, patient starts eating ...
[2023-02-20 19:37:25,637][simglucose.patient.t1dpatient][INFO] - t = 76.0, Patient finishes eating!
[2023-02-20 19:37:26,492][simglucose.actuator.pump][INFO] - Resetting insulin pump ...
[2023-02-20 19:37:27,250][simglucose.simulation.scenario_gen][INFO] - Time for meal!
[2023-02-20 19:37:27,250][simglucose.patient.t1dpatient][INFO] - t = 48.0, patient starts eating ...
[2023-02-20 19:37:27,718][simglucose.patient.t1dpatient][INFO] - t = 60.0, Patient finishes eating!
[2023-02-20 19:37:28,650][simglucose.actuator.pump][INFO] - Resetting insulin pump ...
[2023-02-20 19:37:30,537][simglucose.simulation.scenario_gen][INFO] - Creating new one day scenario ...
[2023-02-20 19:37:30,674][simglucose.actuator.pump][INFO] - Resetting insulin pump ...
[2023-02-20 19:37:32,636][simglucose.actuator.pump][INFO] - Resetting insulin pump ...
[2023-02-20 19:37:34,000][simglucose.simulation.scenario_gen][INFO] - Time for meal!
[2023-02-20 19:37:34,001][simglucose.patient.t1dpatient][INFO] - t = 99.0, patient starts eating ...
[2023-02-20 19:37:34,164][simglucose.patient.t1dpatient][INFO] - t = 109.0, Patient finishes eating!
[2023-02-20 19:37:34,837][simglucose.actuator.pump][INFO] - Resetting insulin pump ...
[2023-02-20 19:37:36,842][simglucose.simulation.scenario_gen][INFO] - Time for meal!
[2023-02-20 19:37:36,842][simglucose.patient.t1dpatient][INFO] - t = 197.0, patient starts eating ...
[2023-02-20 19:37:36,958][simglucose.actuator.pump][INFO] - Resetting insulin pump ...
[2023-02-20 19:37:39,070][simglucose.actuator.pump][INFO] - Resetting insulin pump ...
[2023-02-20 19:37:40,247][simglucose.simulation.scenario_gen][INFO] - Time for meal!
[2023-02-20 19:37:40,247][simglucose.patient.t1dpatient][INFO] - t = 63.0, patient starts eating ...
[2023-02-20 19:37:40,439][simglucose.patient.t1dpatient][INFO] - t = 78.0, Patient finishes eating!
[2023-02-20 19:37:41,415][simglucose.actuator.pump][INFO] - Resetting insulin pump ...
[2023-02-20 19:37:41,421][simglucose.simulation.scenario_gen][INFO] - Creating new one day scenario ...
[2023-02-20 19:37:43,430][simglucose.actuator.pump][INFO] - Resetting insulin pump ...
[2023-02-20 19:37:44,514][simglucose.simulation.scenario_gen][INFO] - Time for meal!
[2023-02-20 19:37:44,514][simglucose.patient.t1dpatient][INFO] - t = 53.0, patient starts eating ...
[2023-02-20 19:37:44,584][simglucose.patient.t1dpatient][INFO] - t = 54.0, Patient finishes eating!
[2023-02-20 19:37:45,663][simglucose.actuator.pump][INFO] - Resetting insulin pump ...
[2023-02-20 19:37:47,716][simglucose.actuator.pump][INFO] - Resetting insulin pump ...
[2023-02-20 19:37:49,692][simglucose.actuator.pump][INFO] - Resetting insulin pump ...
[2023-02-20 19:37:56,279][simglucose.actuator.pump][INFO] - Resetting insulin pump ...
[2023-02-20 19:38:00,672][simglucose.simulation.scenario_gen][INFO] - Time for meal!
[2023-02-20 19:38:00,672][simglucose.patient.t1dpatient][INFO] - t = 137.0, patient starts eating ...
[2023-02-20 19:38:00,981][simglucose.patient.t1dpatient][INFO] - t = 146.0, Patient finishes eating!
[2023-02-20 19:38:02,407][simglucose.actuator.pump][INFO] - Resetting insulin pump ...
[2023-02-20 19:38:04,637][simglucose.simulation.scenario_gen][INFO] - Creating new one day scenario ...
[2023-02-20 19:38:08,155][simglucose.actuator.pump][INFO] - Resetting insulin pump ...
[2023-02-20 19:38:13,893][simglucose.simulation.scenario_gen][INFO] - Time for meal!
[2023-02-20 19:38:13,893][simglucose.patient.t1dpatient][INFO] - t = 200.0, patient starts eating ...
[2023-02-20 19:38:13,978][simglucose.actuator.pump][INFO] - Resetting insulin pump ...
[2023-02-20 19:38:19,721][simglucose.simulation.scenario_gen][INFO] - Time for meal!
[2023-02-20 19:38:19,722][simglucose.patient.t1dpatient][INFO] - t = 191.0, patient starts eating ...
[2023-02-20 19:38:20,097][simglucose.actuator.pump][INFO] - Resetting insulin pump ...
[2023-02-20 19:38:23,794][simglucose.simulation.scenario_gen][INFO] - Time for meal!
[2023-02-20 19:38:23,795][simglucose.patient.t1dpatient][INFO] - t = 108.0, patient starts eating ...
[2023-02-20 19:38:24,209][simglucose.patient.t1dpatient][INFO] - t = 121.0, Patient finishes eating!
[2023-02-20 19:38:26,414][simglucose.actuator.pump][INFO] - Resetting insulin pump ...
[2023-02-20 19:38:32,172][simglucose.simulation.scenario_gen][INFO] - Time for meal!
[2023-02-20 19:38:32,173][simglucose.patient.t1dpatient][INFO] - t = 181.0, patient starts eating ...
[2023-02-20 19:38:32,727][simglucose.patient.t1dpatient][INFO] - t = 199.0, Patient finishes eating!
[2023-02-20 19:38:32,775][simglucose.actuator.pump][INFO] - Resetting insulin pump ...
[2023-02-20 19:38:32,970][simglucose.simulation.scenario_gen][INFO] - Time for meal!
[2023-02-20 19:38:32,970][simglucose.patient.t1dpatient][INFO] - t = 5.0, patient starts eating ...
[2023-02-20 19:38:33,464][simglucose.patient.t1dpatient][INFO] - t = 20.0, Patient finishes eating!
[2023-02-20 19:38:41,376][simglucose.actuator.pump][INFO] - Resetting insulin pump ...
[2023-02-20 19:38:47,658][simglucose.actuator.pump][INFO] - Resetting insulin pump ...
[2023-02-20 19:38:52,357][simglucose.simulation.scenario_gen][INFO] - Time for meal!
[2023-02-20 19:38:52,358][simglucose.patient.t1dpatient][INFO] - t = 153.0, patient starts eating ...
[2023-02-20 19:38:52,513][simglucose.patient.t1dpatient][INFO] - t = 156.0, Patient finishes eating!
