[2023-02-20 18:16:09,822][simglucose.actuator.pump][INFO] - Resetting insulin pump ...
[2023-02-20 18:16:13,091][simglucose.simulation.scenario_gen][INFO] - Time for meal!
[2023-02-20 18:16:13,092][simglucose.patient.t1dpatient][INFO] - t = 99.0, patient starts eating ...
[2023-02-20 18:16:13,314][simglucose.patient.t1dpatient][INFO] - t = 105.0, Patient finishes eating!
[2023-02-20 18:16:16,464][simglucose.simulation.scenario_gen][INFO] - Time for meal!
[2023-02-20 18:16:16,465][simglucose.patient.t1dpatient][INFO] - t = 337.0, patient starts eating ...
[2023-02-20 18:16:16,678][simglucose.patient.t1dpatient][INFO] - t = 352.0, Patient finishes eating!
[2023-02-20 18:16:19,034][simglucose.simulation.scenario_gen][INFO] - Time for meal!
[2023-02-20 18:16:19,639][simglucose.patient.t1dpatient][INFO] - t = 521.0, patient starts eating ...
[2023-02-20 18:16:19,792][simglucose.patient.t1dpatient][INFO] - t = 524.0, Patient finishes eating!
[2023-02-20 18:16:23,502][simglucose.simulation.scenario_gen][INFO] - Time for meal!
[2023-02-20 18:16:23,503][simglucose.patient.t1dpatient][INFO] - t = 753.0, patient starts eating ...
[2023-02-20 18:16:23,807][simglucose.patient.t1dpatient][INFO] - t = 770.0, Patient finishes eating!
[2023-02-20 18:16:26,145][simglucose.simulation.scenario_gen][INFO] - Time for meal!
[2023-02-20 18:16:26,146][simglucose.patient.t1dpatient][INFO] - t = 930.0, patient starts eating ...
[2023-02-20 18:16:26,206][simglucose.patient.t1dpatient][INFO] - t = 933.0, Patient finishes eating!
[2023-02-20 18:16:28,413][simglucose.simulation.scenario_gen][INFO] - Creating new one day scenario ...
[2023-02-20 18:16:34,221][simglucose.simulation.scenario_gen][INFO] - Time for meal!
[2023-02-20 18:16:34,222][simglucose.patient.t1dpatient][INFO] - t = 1438.0, patient starts eating ...
[2023-02-20 18:16:34,538][simglucose.patient.t1dpatient][INFO] - t = 1446.0, Patient finishes eating!
[2023-02-20 18:16:39,891][simglucose.simulation.scenario_gen][INFO] - Time for meal!
[2023-02-20 18:16:39,892][simglucose.patient.t1dpatient][INFO] - t = 1807.0, patient starts eating ...
[2023-02-20 18:16:40,136][simglucose.patient.t1dpatient][INFO] - t = 1821.0, Patient finishes eating!
[2023-02-20 18:16:44,934][simglucose.simulation.scenario_gen][INFO] - Time for meal!
[2023-02-20 18:16:44,935][simglucose.patient.t1dpatient][INFO] - t = 2156.0, patient starts eating ...
[2023-02-20 18:16:45,268][simglucose.patient.t1dpatient][INFO] - t = 2171.0, Patient finishes eating!
[2023-02-20 18:16:49,200][simglucose.simulation.scenario_gen][INFO] - Time for meal!
[2023-02-20 18:16:49,202][simglucose.patient.t1dpatient][INFO] - t = 2446.0, patient starts eating ...
[2023-02-20 18:16:49,264][simglucose.patient.t1dpatient][INFO] - t = 2447.0, Patient finishes eating!
[2023-02-20 18:16:50,037][simglucose.simulation.scenario_gen][INFO] - Creating new one day scenario ...
[2023-02-20 18:16:54,413][simglucose.simulation.scenario_gen][INFO] - Time for meal!
[2023-02-20 18:16:54,414][simglucose.patient.t1dpatient][INFO] - t = 3022.0, patient starts eating ...
[2023-02-20 18:16:54,567][simglucose.patient.t1dpatient][INFO] - t = 3027.0, Patient finishes eating!
[2023-02-20 18:16:57,011][simglucose.simulation.scenario_gen][INFO] - Time for meal!
[2023-02-20 18:16:57,011][simglucose.patient.t1dpatient][INFO] - t = 3310.0, patient starts eating ...
[2023-02-20 18:16:57,193][simglucose.patient.t1dpatient][INFO] - t = 3329.0, Patient finishes eating!
[2023-02-20 18:17:02,737][simglucose.simulation.scenario_gen][INFO] - Creating new one day scenario ...
[2023-02-20 18:17:07,521][simglucose.simulation.scenario_gen][INFO] - Time for meal!
[2023-02-20 18:17:07,522][simglucose.patient.t1dpatient][INFO] - t = 4463.0, patient starts eating ...
[2023-02-20 18:17:07,701][simglucose.patient.t1dpatient][INFO] - t = 4474.0, Patient finishes eating!
[2023-02-20 18:17:08,326][simglucose.simulation.scenario_gen][INFO] - Time for meal!
[2023-02-20 18:17:08,327][simglucose.patient.t1dpatient][INFO] - t = 4532.0, patient starts eating ...
[2023-02-20 18:17:08,334][simglucose.patient.t1dpatient][INFO] - t = 4533.0, Patient finishes eating!
[2023-02-20 18:17:09,470][simglucose.simulation.scenario_gen][INFO] - Time for meal!
[2023-02-20 18:17:09,471][simglucose.patient.t1dpatient][INFO] - t = 4660.0, patient starts eating ...
[2023-02-20 18:17:09,644][simglucose.patient.t1dpatient][INFO] - t = 4676.0, Patient finishes eating!
[2023-02-20 18:17:13,416][simglucose.simulation.scenario_gen][INFO] - Time for meal!
[2023-02-20 18:17:13,416][simglucose.patient.t1dpatient][INFO] - t = 5066.0, patient starts eating ...
[2023-02-20 18:17:13,629][simglucose.patient.t1dpatient][INFO] - t = 5083.0, Patient finishes eating!
[2023-02-20 18:17:16,141][simglucose.simulation.scenario_gen][INFO] - Creating new one day scenario ...
[2023-02-20 18:17:19,374][simglucose.simulation.scenario_gen][INFO] - Time for meal!
[2023-02-20 18:17:19,375][simglucose.patient.t1dpatient][INFO] - t = 5811.0, patient starts eating ...
[2023-02-20 18:17:19,520][simglucose.patient.t1dpatient][INFO] - t = 5819.0, Patient finishes eating!
[2023-02-20 18:17:21,669][simglucose.simulation.scenario_gen][INFO] - Time for meal!
[2023-02-20 18:17:21,670][simglucose.patient.t1dpatient][INFO] - t = 6081.0, patient starts eating ...
[2023-02-20 18:17:21,818][simglucose.patient.t1dpatient][INFO] - t = 6093.0, Patient finishes eating!
[2023-02-20 18:17:23,594][simglucose.simulation.scenario_gen][INFO] - Time for meal!
[2023-02-20 18:17:23,595][simglucose.patient.t1dpatient][INFO] - t = 6290.0, patient starts eating ...
[2023-02-20 18:17:23,613][simglucose.patient.t1dpatient][INFO] - t = 6291.0, Patient finishes eating!
[2023-02-20 18:17:25,183][simglucose.simulation.scenario_gen][INFO] - Time for meal!
[2023-02-20 18:17:25,183][simglucose.patient.t1dpatient][INFO] - t = 6476.0, patient starts eating ...
