[2023-03-06 19:14:23,057][simglucose.actuator.pump][INFO] - Resetting insulin pump ...
[2023-03-06 19:14:24,278][simglucose.simulation.scenario_gen][INFO] - Time for meal!
[2023-03-06 19:14:24,279][simglucose.patient.t1dpatient][INFO] - t = 99.0, patient starts eating ...
[2023-03-06 19:14:24,338][simglucose.controller.basal_bolus_ctrller][INFO] - Calculating bolus ...
[2023-03-06 19:14:24,339][simglucose.controller.basal_bolus_ctrller][INFO] - Meal = 30 g/min
[2023-03-06 19:14:24,340][simglucose.controller.basal_bolus_ctrller][INFO] - glucose = 146.53753967285155
[2023-03-06 19:14:24,403][simglucose.patient.t1dpatient][INFO] - t = 105.0, Patient finishes eating!
[2023-03-06 19:14:24,949][simglucose.actuator.pump][INFO] - Resetting insulin pump ...
[2023-03-06 19:14:25,708][simglucose.actuator.pump][INFO] - Resetting insulin pump ...
[2023-03-06 19:14:26,544][simglucose.actuator.pump][INFO] - Resetting insulin pump ...
[2023-03-06 19:14:27,434][simglucose.actuator.pump][INFO] - Resetting insulin pump ...
[2023-03-06 19:14:28,175][simglucose.actuator.pump][INFO] - Resetting insulin pump ...
[2023-03-06 19:14:29,043][simglucose.actuator.pump][INFO] - Resetting insulin pump ...
[2023-03-06 19:14:29,959][simglucose.actuator.pump][INFO] - Resetting insulin pump ...
[2023-03-06 19:14:30,163][simglucose.simulation.scenario_gen][INFO] - Time for meal!
[2023-03-06 19:14:30,163][simglucose.patient.t1dpatient][INFO] - t = 34.0, patient starts eating ...
[2023-03-06 19:14:30,293][simglucose.patient.t1dpatient][INFO] - t = 43.0, Patient finishes eating!
[2023-03-06 19:14:31,160][simglucose.actuator.pump][INFO] - Resetting insulin pump ...
[2023-03-06 19:14:31,706][simglucose.simulation.scenario_gen][INFO] - Time for meal!
[2023-03-06 19:14:31,707][simglucose.patient.t1dpatient][INFO] - t = 113.0, patient starts eating ...
[2023-03-06 19:14:31,878][simglucose.patient.t1dpatient][INFO] - t = 129.0, Patient finishes eating!
[2023-03-06 19:14:32,569][simglucose.actuator.pump][INFO] - Resetting insulin pump ...
[2023-03-06 19:14:33,218][simglucose.simulation.scenario_gen][INFO] - Time for meal!
[2023-03-06 19:14:33,218][simglucose.patient.t1dpatient][INFO] - t = 135.0, patient starts eating ...
[2023-03-06 19:14:33,266][simglucose.controller.basal_bolus_ctrller][INFO] - Calculating bolus ...
[2023-03-06 19:14:33,266][simglucose.controller.basal_bolus_ctrller][INFO] - Meal = 56 g/min
[2023-03-06 19:14:33,267][simglucose.controller.basal_bolus_ctrller][INFO] - glucose = 109.63286590576172
[2023-03-06 19:14:33,369][simglucose.patient.t1dpatient][INFO] - t = 147.0, Patient finishes eating!
[2023-03-06 19:14:33,442][simglucose.actuator.pump][INFO] - Resetting insulin pump ...
[2023-03-06 19:14:33,984][simglucose.simulation.scenario_gen][INFO] - Time for meal!
[2023-03-06 19:14:33,984][simglucose.patient.t1dpatient][INFO] - t = 107.0, patient starts eating ...
[2023-03-06 19:14:34,032][simglucose.controller.basal_bolus_ctrller][INFO] - Calculating bolus ...
[2023-03-06 19:14:34,033][simglucose.controller.basal_bolus_ctrller][INFO] - Meal = 81 g/min
[2023-03-06 19:14:34,033][simglucose.controller.basal_bolus_ctrller][INFO] - glucose = 149.37247009277343
[2023-03-06 19:14:34,153][simglucose.patient.t1dpatient][INFO] - t = 124.0, Patient finishes eating!
[2023-03-06 19:14:34,677][simglucose.actuator.pump][INFO] - Resetting insulin pump ...
[2023-03-06 19:14:35,460][simglucose.actuator.pump][INFO] - Resetting insulin pump ...
[2023-03-06 19:14:36,464][simglucose.actuator.pump][INFO] - Resetting insulin pump ...
[2023-03-06 19:14:37,246][simglucose.actuator.pump][INFO] - Resetting insulin pump ...
[2023-03-06 19:14:38,160][simglucose.actuator.pump][INFO] - Resetting insulin pump ...
[2023-03-06 19:14:39,044][simglucose.actuator.pump][INFO] - Resetting insulin pump ...
[2023-03-06 19:14:39,925][simglucose.actuator.pump][INFO] - Resetting insulin pump ...
[2023-03-06 19:14:40,898][simglucose.actuator.pump][INFO] - Resetting insulin pump ...
[2023-03-06 19:14:41,088][simglucose.simulation.scenario_gen][INFO] - Time for meal!
[2023-03-06 19:14:41,153][simglucose.patient.t1dpatient][INFO] - t = 35.0, patient starts eating ...
[2023-03-06 19:14:41,203][simglucose.controller.basal_bolus_ctrller][INFO] - Calculating bolus ...
[2023-03-06 19:14:41,203][simglucose.controller.basal_bolus_ctrller][INFO] - Meal = 75 g/min
[2023-03-06 19:14:41,204][simglucose.controller.basal_bolus_ctrller][INFO] - glucose = 146.5540008544922
[2023-03-06 19:14:41,326][simglucose.patient.t1dpatient][INFO] - t = 50.0, Patient finishes eating!
[2023-03-06 19:14:42,117][simglucose.actuator.pump][INFO] - Resetting insulin pump ...
[2023-03-06 19:14:42,294][simglucose.simulation.scenario_gen][INFO] - Time for meal!
[2023-03-06 19:14:42,295][simglucose.patient.t1dpatient][INFO] - t = 26.0, patient starts eating ...
[2023-03-06 19:14:42,341][simglucose.controller.basal_bolus_ctrller][INFO] - Calculating bolus ...
[2023-03-06 19:14:42,341][simglucose.controller.basal_bolus_ctrller][INFO] - Meal = 39 g/min
[2023-03-06 19:14:42,342][simglucose.controller.basal_bolus_ctrller][INFO] - glucose = 145.19764709472656
[2023-03-06 19:14:42,415][simglucose.patient.t1dpatient][INFO] - t = 34.0, Patient finishes eating!
[2023-03-06 19:14:43,199][simglucose.actuator.pump][INFO] - Resetting insulin pump ...
[2023-03-06 19:14:43,286][simglucose.simulation.scenario_gen][INFO] - Creating new one day scenario ...
[2023-03-06 19:14:48,536][simglucose.actuator.pump][INFO] - Resetting insulin pump ...
[2023-03-06 19:14:53,314][simglucose.simulation.scenario_gen][INFO] - Time for meal!
[2023-03-06 19:14:53,315][simglucose.patient.t1dpatient][INFO] - t = 177.0, patient starts eating ...
[2023-03-06 19:14:53,384][simglucose.controller.basal_bolus_ctrller][INFO] - Calculating bolus ...
[2023-03-06 19:14:53,384][simglucose.controller.basal_bolus_ctrller][INFO] - Meal = 51 g/min
[2023-03-06 19:14:53,385][simglucose.controller.basal_bolus_ctrller][INFO] - glucose = 126.17239074707031
[2023-03-06 19:14:53,722][simglucose.patient.t1dpatient][INFO] - t = 188.0, Patient finishes eating!
[2023-03-06 19:14:58,116][simglucose.actuator.pump][INFO] - Resetting insulin pump ...
[2023-03-06 19:15:03,197][simglucose.simulation.scenario_gen][INFO] - Creating new one day scenario ...
[2023-03-06 19:15:03,297][simglucose.actuator.pump][INFO] - Resetting insulin pump ...
[2023-03-06 19:15:08,267][simglucose.simulation.scenario_gen][INFO] - Creating new one day scenario ...
[2023-03-06 19:15:09,344][simglucose.actuator.pump][INFO] - Resetting insulin pump ...
[2023-03-06 19:15:09,797][simglucose.simulation.scenario_gen][INFO] - Time for meal!
[2023-03-06 19:15:09,798][simglucose.patient.t1dpatient][INFO] - t = 14.0, patient starts eating ...
[2023-03-06 19:15:09,874][simglucose.controller.basal_bolus_ctrller][INFO] - Calculating bolus ...
[2023-03-06 19:15:09,875][simglucose.controller.basal_bolus_ctrller][INFO] - Meal = 25 g/min
[2023-03-06 19:15:09,875][simglucose.controller.basal_bolus_ctrller][INFO] - glucose = 139.11158752441406
[2023-03-06 19:15:10,049][simglucose.patient.t1dpatient][INFO] - t = 19.0, Patient finishes eating!
[2023-03-06 19:15:15,200][simglucose.actuator.pump][INFO] - Resetting insulin pump ...
[2023-03-06 19:15:17,814][simglucose.simulation.scenario_gen][INFO] - Time for meal!
[2023-03-06 19:15:17,814][simglucose.patient.t1dpatient][INFO] - t = 93.0, patient starts eating ...
[2023-03-06 19:15:17,886][simglucose.controller.basal_bolus_ctrller][INFO] - Calculating bolus ...
[2023-03-06 19:15:17,887][simglucose.controller.basal_bolus_ctrller][INFO] - Meal = 74 g/min
[2023-03-06 19:15:17,887][simglucose.controller.basal_bolus_ctrller][INFO] - glucose = 167.94164123535157
[2023-03-06 19:15:18,319][simglucose.patient.t1dpatient][INFO] - t = 108.0, Patient finishes eating!
[2023-03-06 19:15:22,033][simglucose.actuator.pump][INFO] - Resetting insulin pump ...
[2023-03-06 19:15:27,377][simglucose.simulation.scenario_gen][INFO] - Time for meal!
[2023-03-06 19:15:27,379][simglucose.patient.t1dpatient][INFO] - t = 186.0, patient starts eating ...
[2023-03-06 19:15:27,448][simglucose.controller.basal_bolus_ctrller][INFO] - Calculating bolus ...
[2023-03-06 19:15:27,448][simglucose.controller.basal_bolus_ctrller][INFO] - Meal = 74 g/min
[2023-03-06 19:15:27,449][simglucose.controller.basal_bolus_ctrller][INFO] - glucose = 111.72623596191406
[2023-03-06 19:15:27,892][simglucose.patient.t1dpatient][INFO] - t = 201.0, Patient finishes eating!
[2023-03-06 19:15:30,048][simglucose.actuator.pump][INFO] - Resetting insulin pump ...
[2023-03-06 19:15:36,575][simglucose.actuator.pump][INFO] - Resetting insulin pump ...
[2023-03-06 19:15:37,436][simglucose.simulation.scenario_gen][INFO] - Time for meal!
[2023-03-06 19:15:37,437][simglucose.patient.t1dpatient][INFO] - t = 29.0, patient starts eating ...
[2023-03-06 19:15:37,523][simglucose.controller.basal_bolus_ctrller][INFO] - Calculating bolus ...
[2023-03-06 19:15:37,524][simglucose.controller.basal_bolus_ctrller][INFO] - Meal = 6 g/min
[2023-03-06 19:15:37,524][simglucose.controller.basal_bolus_ctrller][INFO] - glucose = 159.2895050048828
[2023-03-06 19:15:37,561][simglucose.patient.t1dpatient][INFO] - t = 31.0, Patient finishes eating!
[2023-03-06 19:15:43,469][simglucose.simulation.scenario_gen][INFO] - Time for meal!
[2023-03-06 19:15:43,470][simglucose.patient.t1dpatient][INFO] - t = 247.0, patient starts eating ...
[2023-03-06 19:15:43,517][simglucose.controller.basal_bolus_ctrller][INFO] - Calculating bolus ...
[2023-03-06 19:15:43,518][simglucose.controller.basal_bolus_ctrller][INFO] - Meal = 59 g/min
[2023-03-06 19:15:43,519][simglucose.controller.basal_bolus_ctrller][INFO] - glucose = 71.40646667480469
[2023-03-06 19:15:43,785][simglucose.actuator.pump][INFO] - Resetting insulin pump ...
[2023-03-06 19:15:47,294][simglucose.simulation.scenario_gen][INFO] - Time for meal!
[2023-03-06 19:15:47,294][simglucose.patient.t1dpatient][INFO] - t = 126.0, patient starts eating ...
[2023-03-06 19:15:47,371][simglucose.controller.basal_bolus_ctrller][INFO] - Calculating bolus ...
[2023-03-06 19:15:47,372][simglucose.controller.basal_bolus_ctrller][INFO] - Meal = 8 g/min
[2023-03-06 19:15:47,372][simglucose.controller.basal_bolus_ctrller][INFO] - glucose = 135.69202575683593
[2023-03-06 19:15:47,424][simglucose.patient.t1dpatient][INFO] - t = 128.0, Patient finishes eating!
[2023-03-06 19:15:50,032][simglucose.actuator.pump][INFO] - Resetting insulin pump ...
[2023-03-06 19:15:52,484][simglucose.simulation.scenario_gen][INFO] - Time for meal!
[2023-03-06 19:15:52,485][simglucose.patient.t1dpatient][INFO] - t = 89.0, patient starts eating ...
[2023-03-06 19:15:52,559][simglucose.controller.basal_bolus_ctrller][INFO] - Calculating bolus ...
[2023-03-06 19:15:52,560][simglucose.controller.basal_bolus_ctrller][INFO] - Meal = 8 g/min
[2023-03-06 19:15:52,560][simglucose.controller.basal_bolus_ctrller][INFO] - glucose = 147.58221130371095
[2023-03-06 19:15:52,602][simglucose.patient.t1dpatient][INFO] - t = 91.0, Patient finishes eating!
[2023-03-06 19:15:56,568][simglucose.simulation.scenario_gen][INFO] - Time for meal!
[2023-03-06 19:15:56,568][simglucose.patient.t1dpatient][INFO] - t = 236.0, patient starts eating ...
[2023-03-06 19:15:56,608][simglucose.controller.basal_bolus_ctrller][INFO] - Calculating bolus ...
[2023-03-06 19:15:56,608][simglucose.controller.basal_bolus_ctrller][INFO] - Meal = 74 g/min
[2023-03-06 19:15:56,609][simglucose.controller.basal_bolus_ctrller][INFO] - glucose = 86.61519622802734
[2023-03-06 19:15:57,023][simglucose.patient.t1dpatient][INFO] - t = 251.0, Patient finishes eating!
[2023-03-06 19:16:00,047][simglucose.actuator.pump][INFO] - Resetting insulin pump ...
[2023-03-06 19:16:05,846][simglucose.actuator.pump][INFO] - Resetting insulin pump ...
[2023-03-06 19:16:11,721][simglucose.actuator.pump][INFO] - Resetting insulin pump ...
[2023-03-06 19:16:17,749][simglucose.actuator.pump][INFO] - Resetting insulin pump ...
[2023-03-06 19:16:23,634][simglucose.actuator.pump][INFO] - Resetting insulin pump ...
[2023-03-06 19:16:30,074][simglucose.actuator.pump][INFO] - Resetting insulin pump ...
[2023-03-06 19:16:31,482][simglucose.simulation.scenario_gen][INFO] - Time for meal!
[2023-03-06 19:16:31,483][simglucose.patient.t1dpatient][INFO] - t = 47.0, patient starts eating ...
[2023-03-06 19:16:31,576][simglucose.controller.basal_bolus_ctrller][INFO] - Calculating bolus ...
[2023-03-06 19:16:31,576][simglucose.controller.basal_bolus_ctrller][INFO] - Meal = 47 g/min
[2023-03-06 19:16:31,577][simglucose.controller.basal_bolus_ctrller][INFO] - glucose = 166.76028137207032
[2023-03-06 19:16:31,924][simglucose.patient.t1dpatient][INFO] - t = 57.0, Patient finishes eating!
[2023-03-06 19:16:36,647][simglucose.actuator.pump][INFO] - Resetting insulin pump ...
[2023-03-06 19:16:44,614][simglucose.actuator.pump][INFO] - Resetting insulin pump ...
[2023-03-06 19:16:49,099][simglucose.simulation.scenario_gen][INFO] - Time for meal!
[2023-03-06 19:16:49,099][simglucose.patient.t1dpatient][INFO] - t = 145.0, patient starts eating ...
[2023-03-06 19:16:49,177][simglucose.controller.basal_bolus_ctrller][INFO] - Calculating bolus ...
[2023-03-06 19:16:49,726][simglucose.controller.basal_bolus_ctrller][INFO] - Meal = 5 g/min
[2023-03-06 19:16:49,728][simglucose.controller.basal_bolus_ctrller][INFO] - glucose = 135.43309326171874
[2023-03-06 19:16:49,730][simglucose.patient.t1dpatient][INFO] - t = 146.0, Patient finishes eating!
[2023-03-06 19:16:52,405][simglucose.actuator.pump][INFO] - Resetting insulin pump ...
[2023-03-06 19:16:58,809][simglucose.actuator.pump][INFO] - Resetting insulin pump ...
[2023-03-06 19:17:02,082][simglucose.simulation.scenario_gen][INFO] - Time for meal!
[2023-03-06 19:17:02,083][simglucose.patient.t1dpatient][INFO] - t = 114.0, patient starts eating ...
[2023-03-06 19:17:02,164][simglucose.controller.basal_bolus_ctrller][INFO] - Calculating bolus ...
[2023-03-06 19:17:02,165][simglucose.controller.basal_bolus_ctrller][INFO] - Meal = 55 g/min
[2023-03-06 19:17:02,165][simglucose.controller.basal_bolus_ctrller][INFO] - glucose = 134.7886199951172
[2023-03-06 19:17:02,504][simglucose.patient.t1dpatient][INFO] - t = 125.0, Patient finishes eating!
[2023-03-06 19:17:07,319][simglucose.actuator.pump][INFO] - Resetting insulin pump ...
[2023-03-06 19:17:14,358][simglucose.actuator.pump][INFO] - Resetting insulin pump ...
[2023-03-06 19:17:16,170][simglucose.simulation.scenario_gen][INFO] - Time for meal!
[2023-03-06 19:17:16,171][simglucose.patient.t1dpatient][INFO] - t = 60.0, patient starts eating ...
[2023-03-06 19:17:16,253][simglucose.controller.basal_bolus_ctrller][INFO] - Calculating bolus ...
[2023-03-06 19:17:16,254][simglucose.controller.basal_bolus_ctrller][INFO] - Meal = 68 g/min
[2023-03-06 19:17:16,254][simglucose.controller.basal_bolus_ctrller][INFO] - glucose = 140.96607360839843
[2023-03-06 19:17:16,706][simglucose.patient.t1dpatient][INFO] - t = 74.0, Patient finishes eating!
[2023-03-06 19:17:21,518][simglucose.actuator.pump][INFO] - Resetting insulin pump ...
[2023-03-06 19:17:25,051][simglucose.simulation.scenario_gen][INFO] - Creating new one day scenario ...
[2023-03-06 19:17:28,151][simglucose.actuator.pump][INFO] - Resetting insulin pump ...
[2023-03-06 19:17:29,941][simglucose.simulation.scenario_gen][INFO] - Creating new one day scenario ...
[2023-03-06 19:17:34,502][simglucose.actuator.pump][INFO] - Resetting insulin pump ...
[2023-03-06 19:17:42,353][simglucose.actuator.pump][INFO] - Resetting insulin pump ...
[2023-03-06 19:17:43,737][simglucose.simulation.scenario_gen][INFO] - Time for meal!
[2023-03-06 19:17:43,738][simglucose.patient.t1dpatient][INFO] - t = 45.0, patient starts eating ...
[2023-03-06 19:17:43,822][simglucose.controller.basal_bolus_ctrller][INFO] - Calculating bolus ...
[2023-03-06 19:17:43,822][simglucose.controller.basal_bolus_ctrller][INFO] - Meal = 48 g/min
[2023-03-06 19:17:43,823][simglucose.controller.basal_bolus_ctrller][INFO] - glucose = 143.1356170654297
[2023-03-06 19:17:44,152][simglucose.patient.t1dpatient][INFO] - t = 55.0, Patient finishes eating!
[2023-03-06 19:17:48,992][simglucose.simulation.scenario_gen][INFO] - Time for meal!
[2023-03-06 19:17:48,992][simglucose.patient.t1dpatient][INFO] - t = 220.0, patient starts eating ...
[2023-03-06 19:17:49,034][simglucose.controller.basal_bolus_ctrller][INFO] - Calculating bolus ...
[2023-03-06 19:17:49,035][simglucose.controller.basal_bolus_ctrller][INFO] - Meal = 57 g/min
[2023-03-06 19:17:49,035][simglucose.controller.basal_bolus_ctrller][INFO] - glucose = 75.47464447021484
[2023-03-06 19:17:49,381][simglucose.patient.t1dpatient][INFO] - t = 232.0, Patient finishes eating!
[2023-03-06 19:17:49,547][simglucose.actuator.pump][INFO] - Resetting insulin pump ...
[2023-03-06 19:17:51,408][simglucose.simulation.scenario_gen][INFO] - Creating new one day scenario ...
[2023-03-06 19:17:55,651][simglucose.actuator.pump][INFO] - Resetting insulin pump ...
[2023-03-06 19:17:59,374][simglucose.simulation.scenario_gen][INFO] - Time for meal!
[2023-03-06 19:17:59,375][simglucose.patient.t1dpatient][INFO] - t = 119.0, patient starts eating ...
[2023-03-06 19:17:59,461][simglucose.controller.basal_bolus_ctrller][INFO] - Calculating bolus ...
[2023-03-06 19:17:59,461][simglucose.controller.basal_bolus_ctrller][INFO] - Meal = 39 g/min
[2023-03-06 19:17:59,462][simglucose.controller.basal_bolus_ctrller][INFO] - glucose = 148.0740234375
[2023-03-06 19:17:59,712][simglucose.patient.t1dpatient][INFO] - t = 127.0, Patient finishes eating!
[2023-03-06 19:18:02,839][simglucose.actuator.pump][INFO] - Resetting insulin pump ...
[2023-03-06 19:18:06,591][simglucose.simulation.scenario_gen][INFO] - Time for meal!
[2023-03-06 19:18:06,592][simglucose.patient.t1dpatient][INFO] - t = 128.0, patient starts eating ...
[2023-03-06 19:18:06,675][simglucose.controller.basal_bolus_ctrller][INFO] - Calculating bolus ...
[2023-03-06 19:18:06,676][simglucose.controller.basal_bolus_ctrller][INFO] - Meal = 73 g/min
[2023-03-06 19:18:06,676][simglucose.controller.basal_bolus_ctrller][INFO] - glucose = 128.2510772705078
[2023-03-06 19:18:07,142][simglucose.patient.t1dpatient][INFO] - t = 143.0, Patient finishes eating!
[2023-03-06 19:18:11,667][simglucose.actuator.pump][INFO] - Resetting insulin pump ...
[2023-03-06 19:18:18,404][simglucose.actuator.pump][INFO] - Resetting insulin pump ...
[2023-03-06 19:18:23,658][simglucose.actuator.pump][INFO] - Resetting insulin pump ...
[2023-03-06 19:18:27,071][simglucose.simulation.scenario_gen][INFO] - Time for meal!
[2023-03-06 19:18:27,072][simglucose.patient.t1dpatient][INFO] - t = 111.0, patient starts eating ...
[2023-03-06 19:18:27,158][simglucose.controller.basal_bolus_ctrller][INFO] - Calculating bolus ...
[2023-03-06 19:18:27,158][simglucose.controller.basal_bolus_ctrller][INFO] - Meal = 19 g/min
[2023-03-06 19:18:27,158][simglucose.controller.basal_bolus_ctrller][INFO] - glucose = 130.72430114746095
[2023-03-06 19:18:27,306][simglucose.patient.t1dpatient][INFO] - t = 115.0, Patient finishes eating!
[2023-03-06 19:18:30,429][simglucose.actuator.pump][INFO] - Resetting insulin pump ...
[2023-03-06 19:18:37,136][simglucose.simulation.scenario_gen][INFO] - Time for meal!
[2023-03-06 19:18:37,136][simglucose.patient.t1dpatient][INFO] - t = 216.0, patient starts eating ...
[2023-03-06 19:18:37,222][simglucose.controller.basal_bolus_ctrller][INFO] - Calculating bolus ...
[2023-03-06 19:18:37,222][simglucose.controller.basal_bolus_ctrller][INFO] - Meal = 61 g/min
[2023-03-06 19:18:37,222][simglucose.controller.basal_bolus_ctrller][INFO] - glucose = 77.71257934570312
[2023-03-06 19:18:37,645][simglucose.patient.t1dpatient][INFO] - t = 229.0, Patient finishes eating!
[2023-03-06 19:18:38,030][simglucose.actuator.pump][INFO] - Resetting insulin pump ...
[2023-03-06 19:18:40,418][simglucose.simulation.scenario_gen][INFO] - Time for meal!
[2023-03-06 19:18:40,419][simglucose.patient.t1dpatient][INFO] - t = 79.0, patient starts eating ...
[2023-03-06 19:18:40,525][simglucose.controller.basal_bolus_ctrller][INFO] - Calculating bolus ...
[2023-03-06 19:18:40,526][simglucose.controller.basal_bolus_ctrller][INFO] - Meal = 84 g/min
[2023-03-06 19:18:40,526][simglucose.controller.basal_bolus_ctrller][INFO] - glucose = 157.65193786621094
[2023-03-06 19:18:41,108][simglucose.patient.t1dpatient][INFO] - t = 96.0, Patient finishes eating!
[2023-03-06 19:18:45,762][simglucose.actuator.pump][INFO] - Resetting insulin pump ...
[2023-03-06 19:18:51,704][simglucose.actuator.pump][INFO] - Resetting insulin pump ...
[2023-03-06 19:18:52,950][simglucose.simulation.scenario_gen][INFO] - Time for meal!
[2023-03-06 19:18:52,951][simglucose.patient.t1dpatient][INFO] - t = 38.0, patient starts eating ...
[2023-03-06 19:18:53,037][simglucose.controller.basal_bolus_ctrller][INFO] - Calculating bolus ...
[2023-03-06 19:18:53,037][simglucose.controller.basal_bolus_ctrller][INFO] - Meal = 43 g/min
[2023-03-06 19:18:53,038][simglucose.controller.basal_bolus_ctrller][INFO] - glucose = 167.82025146484375
[2023-03-06 19:18:53,389][simglucose.patient.t1dpatient][INFO] - t = 47.0, Patient finishes eating!
[2023-03-06 19:18:57,865][simglucose.actuator.pump][INFO] - Resetting insulin pump ...
[2023-03-06 19:19:05,638][simglucose.actuator.pump][INFO] - Resetting insulin pump ...
[2023-03-06 19:19:12,072][simglucose.actuator.pump][INFO] - Resetting insulin pump ...
[2023-03-06 19:19:15,636][simglucose.simulation.scenario_gen][INFO] - Time for meal!
[2023-03-06 19:19:15,636][simglucose.patient.t1dpatient][INFO] - t = 116.0, patient starts eating ...
[2023-03-06 19:19:15,724][simglucose.controller.basal_bolus_ctrller][INFO] - Calculating bolus ...
[2023-03-06 19:19:15,724][simglucose.controller.basal_bolus_ctrller][INFO] - Meal = 76 g/min
[2023-03-06 19:19:15,725][simglucose.controller.basal_bolus_ctrller][INFO] - glucose = 142.20971069335937
[2023-03-06 19:19:16,258][simglucose.patient.t1dpatient][INFO] - t = 132.0, Patient finishes eating!
[2023-03-06 19:19:22,112][simglucose.actuator.pump][INFO] - Resetting insulin pump ...
[2023-03-06 19:19:27,545][simglucose.simulation.scenario_gen][INFO] - Time for meal!
[2023-03-06 19:19:27,546][simglucose.patient.t1dpatient][INFO] - t = 178.0, patient starts eating ...
[2023-03-06 19:19:27,635][simglucose.controller.basal_bolus_ctrller][INFO] - Calculating bolus ...
[2023-03-06 19:19:27,636][simglucose.controller.basal_bolus_ctrller][INFO] - Meal = 77 g/min
[2023-03-06 19:19:27,636][simglucose.controller.basal_bolus_ctrller][INFO] - glucose = 88.11228637695312
[2023-03-06 19:19:28,175][simglucose.patient.t1dpatient][INFO] - t = 194.0, Patient finishes eating!
[2023-03-06 19:19:30,808][simglucose.actuator.pump][INFO] - Resetting insulin pump ...
[2023-03-06 19:19:32,666][simglucose.simulation.scenario_gen][INFO] - Creating new one day scenario ...
