[2023-03-06 19:01:44,307][simglucose.actuator.pump][INFO] - Resetting insulin pump ...
[2023-03-06 19:01:46,931][simglucose.simulation.scenario_gen][INFO] - Time for meal!
[2023-03-06 19:01:46,933][simglucose.patient.t1dpatient][INFO] - t = 99.0, patient starts eating ...
[2023-03-06 19:01:47,176][simglucose.patient.t1dpatient][INFO] - t = 105.0, Patient finishes eating!
[2023-03-06 19:01:47,226][simglucose.actuator.pump][INFO] - Resetting insulin pump ...
[2023-03-06 19:01:49,177][simglucose.actuator.pump][INFO] - Resetting insulin pump ...
[2023-03-06 19:01:49,420][simglucose.simulation.scenario_gen][INFO] - Time for meal!
[2023-03-06 19:01:49,422][simglucose.patient.t1dpatient][INFO] - t = 6.0, patient starts eating ...
[2023-03-06 19:01:50,238][simglucose.controller.basal_bolus_ctrller][INFO] - Calculating bolus ...
[2023-03-06 19:01:50,239][simglucose.controller.basal_bolus_ctrller][INFO] - Meal = 71 g/min
[2023-03-06 19:01:50,240][simglucose.controller.basal_bolus_ctrller][INFO] - glucose = 160.1853790283203
[2023-03-06 19:01:50,483][simglucose.patient.t1dpatient][INFO] - t = 21.0, Patient finishes eating!
[2023-03-06 19:01:52,346][simglucose.actuator.pump][INFO] - Resetting insulin pump ...
[2023-03-06 19:01:53,823][simglucose.simulation.scenario_gen][INFO] - Time for meal!
[2023-03-06 19:01:53,824][simglucose.patient.t1dpatient][INFO] - t = 92.0, patient starts eating ...
[2023-03-06 19:01:54,263][simglucose.patient.t1dpatient][INFO] - t = 107.0, Patient finishes eating!
[2023-03-06 19:01:54,294][simglucose.actuator.pump][INFO] - Resetting insulin pump ...
[2023-03-06 19:01:56,128][simglucose.actuator.pump][INFO] - Resetting insulin pump ...
[2023-03-06 19:01:57,737][simglucose.actuator.pump][INFO] - Resetting insulin pump ...
[2023-03-06 19:01:59,551][simglucose.actuator.pump][INFO] - Resetting insulin pump ...
[2023-03-06 19:01:59,876][simglucose.simulation.scenario_gen][INFO] - Time for meal!
[2023-03-06 19:01:59,877][simglucose.patient.t1dpatient][INFO] - t = 15.0, patient starts eating ...
[2023-03-06 19:02:00,213][simglucose.patient.t1dpatient][INFO] - t = 23.0, Patient finishes eating!
[2023-03-06 19:02:01,693][simglucose.actuator.pump][INFO] - Resetting insulin pump ...
[2023-03-06 19:02:02,550][simglucose.simulation.scenario_gen][INFO] - Time for meal!
[2023-03-06 19:02:02,551][simglucose.patient.t1dpatient][INFO] - t = 48.0, patient starts eating ...
[2023-03-06 19:02:02,879][simglucose.patient.t1dpatient][INFO] - t = 60.0, Patient finishes eating!
[2023-03-06 19:02:04,010][simglucose.actuator.pump][INFO] - Resetting insulin pump ...
[2023-03-06 19:02:05,682][simglucose.actuator.pump][INFO] - Resetting insulin pump ...
[2023-03-06 19:02:05,847][simglucose.simulation.scenario_gen][INFO] - Time for meal!
[2023-03-06 19:02:05,848][simglucose.patient.t1dpatient][INFO] - t = 6.0, patient starts eating ...
[2023-03-06 19:02:05,998][simglucose.patient.t1dpatient][INFO] - t = 7.0, Patient finishes eating!
[2023-03-06 19:02:07,355][simglucose.simulation.scenario_gen][INFO] - Time for meal!
[2023-03-06 19:02:07,356][simglucose.patient.t1dpatient][INFO] - t = 81.0, patient starts eating ...
[2023-03-06 19:02:07,596][simglucose.patient.t1dpatient][INFO] - t = 94.0, Patient finishes eating!
[2023-03-06 19:02:07,896][simglucose.actuator.pump][INFO] - Resetting insulin pump ...
[2023-03-06 19:02:09,736][simglucose.actuator.pump][INFO] - Resetting insulin pump ...
[2023-03-06 19:02:11,570][simglucose.simulation.scenario_gen][INFO] - Time for meal!
[2023-03-06 19:02:11,571][simglucose.patient.t1dpatient][INFO] - t = 98.0, patient starts eating ...
[2023-03-06 19:02:11,941][simglucose.actuator.pump][INFO] - Resetting insulin pump ...
[2023-03-06 19:02:13,748][simglucose.actuator.pump][INFO] - Resetting insulin pump ...
[2023-03-06 19:02:13,776][simglucose.simulation.scenario_gen][INFO] - Creating new one day scenario ...
[2023-03-06 19:02:15,848][simglucose.actuator.pump][INFO] - Resetting insulin pump ...
[2023-03-06 19:02:17,774][simglucose.actuator.pump][INFO] - Resetting insulin pump ...
[2023-03-06 19:02:19,601][simglucose.actuator.pump][INFO] - Resetting insulin pump ...
[2023-03-06 19:02:21,544][simglucose.actuator.pump][INFO] - Resetting insulin pump ...
[2023-03-06 19:02:23,165][simglucose.actuator.pump][INFO] - Resetting insulin pump ...
[2023-03-06 19:02:24,990][simglucose.actuator.pump][INFO] - Resetting insulin pump ...
[2023-03-06 19:02:31,050][simglucose.simulation.scenario_gen][INFO] - Time for meal!
[2023-03-06 19:02:31,051][simglucose.patient.t1dpatient][INFO] - t = 101.0, patient starts eating ...
[2023-03-06 19:02:31,360][simglucose.patient.t1dpatient][INFO] - t = 104.0, Patient finishes eating!
[2023-03-06 19:02:32,673][simglucose.actuator.pump][INFO] - Resetting insulin pump ...
[2023-03-06 19:02:39,054][simglucose.actuator.pump][INFO] - Resetting insulin pump ...
[2023-03-06 19:02:45,812][simglucose.actuator.pump][INFO] - Resetting insulin pump ...
[2023-03-06 19:02:50,511][simglucose.simulation.scenario_gen][INFO] - Time for meal!
[2023-03-06 19:02:50,512][simglucose.patient.t1dpatient][INFO] - t = 88.0, patient starts eating ...
[2023-03-06 19:02:51,528][simglucose.patient.t1dpatient][INFO] - t = 102.0, Patient finishes eating!
[2023-03-06 19:02:53,593][simglucose.actuator.pump][INFO] - Resetting insulin pump ...
[2023-03-06 19:02:59,115][simglucose.simulation.scenario_gen][INFO] - Time for meal!
[2023-03-06 19:02:59,116][simglucose.patient.t1dpatient][INFO] - t = 104.0, patient starts eating ...
[2023-03-06 19:02:59,755][simglucose.patient.t1dpatient][INFO] - t = 113.0, Patient finishes eating!
[2023-03-06 19:03:00,640][simglucose.actuator.pump][INFO] - Resetting insulin pump ...
[2023-03-06 19:03:07,077][simglucose.simulation.scenario_gen][INFO] - Time for meal!
[2023-03-06 19:03:07,078][simglucose.patient.t1dpatient][INFO] - t = 119.0, patient starts eating ...
[2023-03-06 19:03:07,214][simglucose.controller.basal_bolus_ctrller][INFO] - Calculating bolus ...
[2023-03-06 19:03:07,215][simglucose.controller.basal_bolus_ctrller][INFO] - Meal = 8 g/min
[2023-03-06 19:03:07,215][simglucose.controller.basal_bolus_ctrller][INFO] - glucose = 123.7854995727539
[2023-03-06 19:03:07,300][simglucose.patient.t1dpatient][INFO] - t = 121.0, Patient finishes eating!
[2023-03-06 19:03:07,337][simglucose.actuator.pump][INFO] - Resetting insulin pump ...
[2023-03-06 19:03:10,584][simglucose.simulation.scenario_gen][INFO] - Creating new one day scenario ...
[2023-03-06 19:03:13,816][simglucose.actuator.pump][INFO] - Resetting insulin pump ...
[2023-03-06 19:03:20,746][simglucose.actuator.pump][INFO] - Resetting insulin pump ...
[2023-03-06 19:03:27,969][simglucose.actuator.pump][INFO] - Resetting insulin pump ...
[2023-03-06 19:03:31,323][simglucose.simulation.scenario_gen][INFO] - Time for meal!
[2023-03-06 19:03:31,324][simglucose.patient.t1dpatient][INFO] - t = 47.0, patient starts eating ...
[2023-03-06 19:03:32,407][simglucose.patient.t1dpatient][INFO] - t = 61.0, Patient finishes eating!
[2023-03-06 19:03:37,054][simglucose.actuator.pump][INFO] - Resetting insulin pump ...
[2023-03-06 19:03:37,102][simglucose.simulation.scenario_gen][INFO] - Creating new one day scenario ...
[2023-03-06 19:03:44,136][simglucose.actuator.pump][INFO] - Resetting insulin pump ...
[2023-03-06 19:03:50,018][simglucose.simulation.scenario_gen][INFO] - Time for meal!
[2023-03-06 19:03:50,018][simglucose.patient.t1dpatient][INFO] - t = 107.0, patient starts eating ...
[2023-03-06 19:03:50,164][simglucose.patient.t1dpatient][INFO] - t = 108.0, Patient finishes eating!
[2023-03-06 19:03:50,802][simglucose.actuator.pump][INFO] - Resetting insulin pump ...
[2023-03-06 19:03:50,951][simglucose.simulation.scenario_gen][INFO] - Time for meal!
[2023-03-06 19:03:50,951][simglucose.patient.t1dpatient][INFO] - t = 1.0, patient starts eating ...
[2023-03-06 19:03:51,812][simglucose.patient.t1dpatient][INFO] - t = 12.0, Patient finishes eating!
[2023-03-06 19:03:59,036][simglucose.actuator.pump][INFO] - Resetting insulin pump ...
[2023-03-06 19:03:59,994][simglucose.simulation.scenario_gen][INFO] - Time for meal!
[2023-03-06 19:03:59,995][simglucose.patient.t1dpatient][INFO] - t = 15.0, patient starts eating ...
[2023-03-06 19:04:00,162][simglucose.controller.basal_bolus_ctrller][INFO] - Calculating bolus ...
[2023-03-06 19:04:00,163][simglucose.controller.basal_bolus_ctrller][INFO] - Meal = 29 g/min
[2023-03-06 19:04:00,163][simglucose.controller.basal_bolus_ctrller][INFO] - glucose = 164.00279235839844
[2023-03-06 19:04:00,488][simglucose.patient.t1dpatient][INFO] - t = 21.0, Patient finishes eating!
[2023-03-06 19:04:06,519][simglucose.actuator.pump][INFO] - Resetting insulin pump ...
[2023-03-06 19:04:09,889][simglucose.simulation.scenario_gen][INFO] - Creating new one day scenario ...
[2023-03-06 19:04:13,425][simglucose.actuator.pump][INFO] - Resetting insulin pump ...
[2023-03-06 19:04:20,122][simglucose.actuator.pump][INFO] - Resetting insulin pump ...
[2023-03-06 19:04:26,713][simglucose.actuator.pump][INFO] - Resetting insulin pump ...
[2023-03-06 19:04:31,746][simglucose.simulation.scenario_gen][INFO] - Time for meal!
[2023-03-06 19:04:31,747][simglucose.patient.t1dpatient][INFO] - t = 90.0, patient starts eating ...
[2023-03-06 19:04:31,895][simglucose.controller.basal_bolus_ctrller][INFO] - Calculating bolus ...
[2023-03-06 19:04:31,896][simglucose.controller.basal_bolus_ctrller][INFO] - Meal = 33 g/min
[2023-03-06 19:04:31,897][simglucose.controller.basal_bolus_ctrller][INFO] - glucose = 170.6280303955078
[2023-03-06 19:04:32,302][simglucose.patient.t1dpatient][INFO] - t = 97.0, Patient finishes eating!
[2023-03-06 19:04:34,084][simglucose.actuator.pump][INFO] - Resetting insulin pump ...
[2023-03-06 19:04:39,428][simglucose.simulation.scenario_gen][INFO] - Time for meal!
[2023-03-06 19:04:39,429][simglucose.patient.t1dpatient][INFO] - t = 101.0, patient starts eating ...
[2023-03-06 19:04:39,632][simglucose.controller.basal_bolus_ctrller][INFO] - Calculating bolus ...
[2023-03-06 19:04:39,633][simglucose.controller.basal_bolus_ctrller][INFO] - Meal = 8 g/min
[2023-03-06 19:04:39,633][simglucose.controller.basal_bolus_ctrller][INFO] - glucose = 139.38277587890624
[2023-03-06 19:04:39,716][simglucose.patient.t1dpatient][INFO] - t = 103.0, Patient finishes eating!
[2023-03-06 19:04:40,748][simglucose.actuator.pump][INFO] - Resetting insulin pump ...
[2023-03-06 19:04:44,500][simglucose.simulation.scenario_gen][INFO] - Time for meal!
[2023-03-06 19:04:44,501][simglucose.patient.t1dpatient][INFO] - t = 68.0, patient starts eating ...
[2023-03-06 19:04:45,556][simglucose.patient.t1dpatient][INFO] - t = 85.0, Patient finishes eating!
[2023-03-06 19:04:49,745][simglucose.actuator.pump][INFO] - Resetting insulin pump ...
[2023-03-06 19:04:52,741][simglucose.simulation.scenario_gen][INFO] - Time for meal!
[2023-03-06 19:04:52,742][simglucose.patient.t1dpatient][INFO] - t = 54.0, patient starts eating ...
[2023-03-06 19:04:53,726][simglucose.patient.t1dpatient][INFO] - t = 69.0, Patient finishes eating!
[2023-03-06 19:04:58,473][simglucose.actuator.pump][INFO] - Resetting insulin pump ...
[2023-03-06 19:05:05,035][simglucose.actuator.pump][INFO] - Resetting insulin pump ...
[2023-03-06 19:05:05,469][simglucose.simulation.scenario_gen][INFO] - Time for meal!
[2023-03-06 19:05:05,470][simglucose.patient.t1dpatient][INFO] - t = 5.0, patient starts eating ...
[2023-03-06 19:05:06,254][simglucose.patient.t1dpatient][INFO] - t = 13.0, Patient finishes eating!
[2023-03-06 19:05:13,253][simglucose.actuator.pump][INFO] - Resetting insulin pump ...
[2023-03-06 19:05:14,752][simglucose.simulation.scenario_gen][INFO] - Time for meal!
[2023-03-06 19:05:14,752][simglucose.patient.t1dpatient][INFO] - t = 24.0, patient starts eating ...
[2023-03-06 19:05:14,894][simglucose.controller.basal_bolus_ctrller][INFO] - Calculating bolus ...
[2023-03-06 19:05:14,894][simglucose.controller.basal_bolus_ctrller][INFO] - Meal = 51 g/min
[2023-03-06 19:05:14,895][simglucose.controller.basal_bolus_ctrller][INFO] - glucose = 156.9846954345703
[2023-03-06 19:05:15,504][simglucose.patient.t1dpatient][INFO] - t = 35.0, Patient finishes eating!
[2023-03-06 19:05:21,164][simglucose.actuator.pump][INFO] - Resetting insulin pump ...
[2023-03-06 19:05:25,985][simglucose.simulation.scenario_gen][INFO] - Time for meal!
[2023-03-06 19:05:25,986][simglucose.patient.t1dpatient][INFO] - t = 88.0, patient starts eating ...
[2023-03-06 19:05:27,020][simglucose.patient.t1dpatient][INFO] - t = 104.0, Patient finishes eating!
[2023-03-06 19:05:27,948][simglucose.actuator.pump][INFO] - Resetting insulin pump ...
[2023-03-06 19:05:34,124][simglucose.actuator.pump][INFO] - Resetting insulin pump ...
[2023-03-06 19:05:40,933][simglucose.actuator.pump][INFO] - Resetting insulin pump ...
[2023-03-06 19:05:47,974][simglucose.actuator.pump][INFO] - Resetting insulin pump ...
[2023-03-06 19:05:55,050][simglucose.actuator.pump][INFO] - Resetting insulin pump ...
[2023-03-06 19:05:58,400][simglucose.simulation.scenario_gen][INFO] - Time for meal!
[2023-03-06 19:05:58,401][simglucose.patient.t1dpatient][INFO] - t = 57.0, patient starts eating ...
[2023-03-06 19:05:58,559][simglucose.controller.basal_bolus_ctrller][INFO] - Calculating bolus ...
[2023-03-06 19:05:58,560][simglucose.controller.basal_bolus_ctrller][INFO] - Meal = 11 g/min
[2023-03-06 19:05:58,560][simglucose.controller.basal_bolus_ctrller][INFO] - glucose = 149.26958618164062
[2023-03-06 19:05:58,705][simglucose.patient.t1dpatient][INFO] - t = 60.0, Patient finishes eating!
[2023-03-06 19:06:03,127][simglucose.actuator.pump][INFO] - Resetting insulin pump ...
[2023-03-06 19:06:09,722][simglucose.actuator.pump][INFO] - Resetting insulin pump ...
[2023-03-06 19:06:16,371][simglucose.actuator.pump][INFO] - Resetting insulin pump ...
[2023-03-06 19:06:19,190][simglucose.simulation.scenario_gen][INFO] - Time for meal!
[2023-03-06 19:06:19,190][simglucose.patient.t1dpatient][INFO] - t = 49.0, patient starts eating ...
[2023-03-06 19:06:20,236][simglucose.patient.t1dpatient][INFO] - t = 66.0, Patient finishes eating!
[2023-03-06 19:06:25,250][simglucose.actuator.pump][INFO] - Resetting insulin pump ...
[2023-03-06 19:06:32,315][simglucose.actuator.pump][INFO] - Resetting insulin pump ...
[2023-03-06 19:06:38,985][simglucose.actuator.pump][INFO] - Resetting insulin pump ...
[2023-03-06 19:06:39,119][simglucose.simulation.scenario_gen][INFO] - Time for meal!
[2023-03-06 19:06:39,120][simglucose.patient.t1dpatient][INFO] - t = 1.0, patient starts eating ...
[2023-03-06 19:06:39,348][simglucose.patient.t1dpatient][INFO] - t = 3.0, Patient finishes eating!
[2023-03-06 19:06:46,071][simglucose.actuator.pump][INFO] - Resetting insulin pump ...
[2023-03-06 19:06:46,129][simglucose.simulation.scenario_gen][INFO] - Creating new one day scenario ...
[2023-03-06 19:06:52,612][simglucose.actuator.pump][INFO] - Resetting insulin pump ...
[2023-03-06 19:06:58,707][simglucose.actuator.pump][INFO] - Resetting insulin pump ...
[2023-03-06 19:07:04,113][simglucose.simulation.scenario_gen][INFO] - Time for meal!
[2023-03-06 19:07:04,113][simglucose.patient.t1dpatient][INFO] - t = 98.0, patient starts eating ...
[2023-03-06 19:07:04,291][simglucose.controller.basal_bolus_ctrller][INFO] - Calculating bolus ...
[2023-03-06 19:07:04,292][simglucose.controller.basal_bolus_ctrller][INFO] - Meal = 38 g/min
[2023-03-06 19:07:04,292][simglucose.controller.basal_bolus_ctrller][INFO] - glucose = 144.7
[2023-03-06 19:07:04,762][simglucose.patient.t1dpatient][INFO] - t = 106.0, Patient finishes eating!
[2023-03-06 19:07:06,457][simglucose.actuator.pump][INFO] - Resetting insulin pump ...
[2023-03-06 19:07:13,115][simglucose.actuator.pump][INFO] - Resetting insulin pump ...
[2023-03-06 19:07:19,539][simglucose.simulation.scenario_gen][INFO] - Creating new one day scenario ...
[2023-03-06 19:07:20,029][simglucose.actuator.pump][INFO] - Resetting insulin pump ...
[2023-03-06 19:07:26,654][simglucose.actuator.pump][INFO] - Resetting insulin pump ...
[2023-03-06 19:07:30,162][simglucose.simulation.scenario_gen][INFO] - Time for meal!
[2023-03-06 19:07:30,163][simglucose.patient.t1dpatient][INFO] - t = 88.0, patient starts eating ...
[2023-03-06 19:07:30,238][simglucose.controller.basal_bolus_ctrller][INFO] - Calculating bolus ...
[2023-03-06 19:07:30,239][simglucose.controller.basal_bolus_ctrller][INFO] - Meal = 63 g/min
[2023-03-06 19:07:30,239][simglucose.controller.basal_bolus_ctrller][INFO] - glucose = 142.77135620117187
[2023-03-06 19:07:30,725][simglucose.patient.t1dpatient][INFO] - t = 101.0, Patient finishes eating!
[2023-03-06 19:07:31,924][simglucose.actuator.pump][INFO] - Resetting insulin pump ...
[2023-03-06 19:07:31,953][simglucose.simulation.scenario_gen][INFO] - Creating new one day scenario ...
[2023-03-06 19:07:35,488][simglucose.actuator.pump][INFO] - Resetting insulin pump ...
[2023-03-06 19:07:39,047][simglucose.actuator.pump][INFO] - Resetting insulin pump ...
[2023-03-06 19:07:40,889][simglucose.simulation.scenario_gen][INFO] - Creating new one day scenario ...
[2023-03-06 19:07:42,769][simglucose.actuator.pump][INFO] - Resetting insulin pump ...
[2023-03-06 19:07:46,429][simglucose.actuator.pump][INFO] - Resetting insulin pump ...
[2023-03-06 19:07:50,098][simglucose.actuator.pump][INFO] - Resetting insulin pump ...
[2023-03-06 19:07:53,926][simglucose.actuator.pump][INFO] - Resetting insulin pump ...
[2023-03-06 19:07:53,955][simglucose.simulation.scenario_gen][INFO] - Creating new one day scenario ...
[2023-03-06 19:07:57,455][simglucose.actuator.pump][INFO] - Resetting insulin pump ...
[2023-03-06 19:08:01,359][simglucose.actuator.pump][INFO] - Resetting insulin pump ...
[2023-03-06 19:08:05,153][simglucose.actuator.pump][INFO] - Resetting insulin pump ...
[2023-03-06 19:08:05,184][simglucose.simulation.scenario_gen][INFO] - Creating new one day scenario ...
[2023-03-06 19:08:09,097][simglucose.actuator.pump][INFO] - Resetting insulin pump ...
[2023-03-06 19:08:10,839][simglucose.simulation.scenario_gen][INFO] - Time for meal!
[2023-03-06 19:08:10,840][simglucose.patient.t1dpatient][INFO] - t = 53.0, patient starts eating ...
[2023-03-06 19:08:10,983][simglucose.patient.t1dpatient][INFO] - t = 55.0, Patient finishes eating!
[2023-03-06 19:08:13,171][simglucose.actuator.pump][INFO] - Resetting insulin pump ...
[2023-03-06 19:08:15,196][simglucose.simulation.scenario_gen][INFO] - Time for meal!
[2023-03-06 19:08:15,197][simglucose.patient.t1dpatient][INFO] - t = 62.0, patient starts eating ...
[2023-03-06 19:08:15,285][simglucose.controller.basal_bolus_ctrller][INFO] - Calculating bolus ...
[2023-03-06 19:08:15,285][simglucose.controller.basal_bolus_ctrller][INFO] - Meal = 39 g/min
[2023-03-06 19:08:15,285][simglucose.controller.basal_bolus_ctrller][INFO] - glucose = 159.29340515136718
[2023-03-06 19:08:15,575][simglucose.patient.t1dpatient][INFO] - t = 70.0, Patient finishes eating!
[2023-03-06 19:08:17,635][simglucose.actuator.pump][INFO] - Resetting insulin pump ...
[2023-03-06 19:08:21,175][simglucose.actuator.pump][INFO] - Resetting insulin pump ...
[2023-03-06 19:08:25,038][simglucose.actuator.pump][INFO] - Resetting insulin pump ...
[2023-03-06 19:08:26,298][simglucose.simulation.scenario_gen][INFO] - Time for meal!
[2023-03-06 19:08:26,299][simglucose.patient.t1dpatient][INFO] - t = 37.0, patient starts eating ...
[2023-03-06 19:08:26,384][simglucose.controller.basal_bolus_ctrller][INFO] - Calculating bolus ...
[2023-03-06 19:08:26,384][simglucose.controller.basal_bolus_ctrller][INFO] - Meal = 44 g/min
[2023-03-06 19:08:26,385][simglucose.controller.basal_bolus_ctrller][INFO] - glucose = 167.44789123535156
[2023-03-06 19:08:26,664][simglucose.patient.t1dpatient][INFO] - t = 46.0, Patient finishes eating!
[2023-03-06 19:08:29,293][simglucose.actuator.pump][INFO] - Resetting insulin pump ...
[2023-03-06 19:08:32,922][simglucose.actuator.pump][INFO] - Resetting insulin pump ...
[2023-03-06 19:08:36,800][simglucose.actuator.pump][INFO] - Resetting insulin pump ...
[2023-03-06 19:08:40,366][simglucose.actuator.pump][INFO] - Resetting insulin pump ...
[2023-03-06 19:08:43,923][simglucose.actuator.pump][INFO] - Resetting insulin pump ...
[2023-03-06 19:08:45,173][simglucose.simulation.scenario_gen][INFO] - Time for meal!
[2023-03-06 19:08:45,174][simglucose.patient.t1dpatient][INFO] - t = 40.0, patient starts eating ...
[2023-03-06 19:08:45,674][simglucose.patient.t1dpatient][INFO] - t = 52.0, Patient finishes eating!
[2023-03-06 19:08:48,252][simglucose.actuator.pump][INFO] - Resetting insulin pump ...
[2023-03-06 19:08:51,544][simglucose.simulation.scenario_gen][INFO] - Time for meal!
[2023-03-06 19:08:51,545][simglucose.patient.t1dpatient][INFO] - t = 110.0, patient starts eating ...
[2023-03-06 19:08:51,617][simglucose.controller.basal_bolus_ctrller][INFO] - Calculating bolus ...
[2023-03-06 19:08:51,618][simglucose.controller.basal_bolus_ctrller][INFO] - Meal = 50 g/min
[2023-03-06 19:08:51,618][simglucose.controller.basal_bolus_ctrller][INFO] - glucose = 135.28936614990235
[2023-03-06 19:08:51,902][simglucose.actuator.pump][INFO] - Resetting insulin pump ...
[2023-03-06 19:08:55,650][simglucose.actuator.pump][INFO] - Resetting insulin pump ...
[2023-03-06 19:08:59,491][simglucose.actuator.pump][INFO] - Resetting insulin pump ...
[2023-03-06 19:09:02,592][simglucose.simulation.scenario_gen][INFO] - Time for meal!
[2023-03-06 19:09:02,593][simglucose.patient.t1dpatient][INFO] - t = 98.0, patient starts eating ...
[2023-03-06 19:09:03,211][simglucose.patient.t1dpatient][INFO] - t = 114.0, Patient finishes eating!
[2023-03-06 19:09:03,440][simglucose.actuator.pump][INFO] - Resetting insulin pump ...
[2023-03-06 19:09:07,125][simglucose.actuator.pump][INFO] - Resetting insulin pump ...
[2023-03-06 19:09:10,810][simglucose.actuator.pump][INFO] - Resetting insulin pump ...
[2023-03-06 19:09:14,379][simglucose.actuator.pump][INFO] - Resetting insulin pump ...
[2023-03-06 19:09:16,182][simglucose.simulation.scenario_gen][INFO] - Time for meal!
[2023-03-06 19:09:16,182][simglucose.patient.t1dpatient][INFO] - t = 56.0, patient starts eating ...
[2023-03-06 19:09:16,270][simglucose.controller.basal_bolus_ctrller][INFO] - Calculating bolus ...
[2023-03-06 19:09:16,271][simglucose.controller.basal_bolus_ctrller][INFO] - Meal = 51 g/min
[2023-03-06 19:09:16,271][simglucose.controller.basal_bolus_ctrller][INFO] - glucose = 146.4923889160156
[2023-03-06 19:09:16,607][simglucose.patient.t1dpatient][INFO] - t = 67.0, Patient finishes eating!
[2023-03-06 19:09:18,692][simglucose.actuator.pump][INFO] - Resetting insulin pump ...
[2023-03-06 19:09:22,396][simglucose.actuator.pump][INFO] - Resetting insulin pump ...
[2023-03-06 19:09:26,199][simglucose.actuator.pump][INFO] - Resetting insulin pump ...
[2023-03-06 19:09:27,396][simglucose.simulation.scenario_gen][INFO] - Time for meal!
[2023-03-06 19:09:27,396][simglucose.patient.t1dpatient][INFO] - t = 34.0, patient starts eating ...
[2023-03-06 19:09:27,482][simglucose.controller.basal_bolus_ctrller][INFO] - Calculating bolus ...
[2023-03-06 19:09:27,482][simglucose.controller.basal_bolus_ctrller][INFO] - Meal = 7 g/min
[2023-03-06 19:09:27,483][simglucose.controller.basal_bolus_ctrller][INFO] - glucose = 152.3612518310547
[2023-03-06 19:09:27,530][simglucose.patient.t1dpatient][INFO] - t = 36.0, Patient finishes eating!
[2023-03-06 19:09:29,894][simglucose.simulation.scenario_gen][INFO] - Time for meal!
[2023-03-06 19:09:29,896][simglucose.patient.t1dpatient][INFO] - t = 111.0, patient starts eating ...
[2023-03-06 19:09:30,401][simglucose.patient.t1dpatient][INFO] - t = 124.0, Patient finishes eating!
[2023-03-06 19:09:30,489][simglucose.actuator.pump][INFO] - Resetting insulin pump ...
[2023-03-06 19:09:34,321][simglucose.actuator.pump][INFO] - Resetting insulin pump ...
[2023-03-06 19:09:38,642][simglucose.actuator.pump][INFO] - Resetting insulin pump ...
[2023-03-06 19:09:43,051][simglucose.actuator.pump][INFO] - Resetting insulin pump ...
[2023-03-06 19:09:47,208][simglucose.actuator.pump][INFO] - Resetting insulin pump ...
