[2023-03-08 19:45:59,078][simglucose.actuator.pump][INFO] - Resetting insulin pump ...
[2023-03-08 19:45:59,966][simglucose.simulation.scenario_gen][INFO] - Time for meal!
[2023-03-08 19:45:59,966][simglucose.patient.t1dpatient][INFO] - t = 99.0, patient starts eating ...
[2023-03-08 19:46:00,101][simglucose.patient.t1dpatient][INFO] - t = 105.0, Patient finishes eating!
[2023-03-08 19:46:01,253][simglucose.actuator.pump][INFO] - Resetting insulin pump ...
[2023-03-08 19:46:02,723][simglucose.actuator.pump][INFO] - Resetting insulin pump ...
[2023-03-08 19:46:03,427][simglucose.simulation.scenario_gen][INFO] - Time for meal!
[2023-03-08 19:46:03,427][simglucose.patient.t1dpatient][INFO] - t = 23.0, patient starts eating ...
[2023-03-08 19:46:03,847][simglucose.patient.t1dpatient][INFO] - t = 35.0, Patient finishes eating!
[2023-03-08 19:46:13,015][simglucose.simulation.scenario_gen][INFO] - Time for meal!
[2023-03-08 19:46:13,015][simglucose.patient.t1dpatient][INFO] - t = 391.0, patient starts eating ...
[2023-03-08 19:46:13,353][simglucose.patient.t1dpatient][INFO] - t = 402.0, Patient finishes eating!
[2023-03-08 19:46:18,055][simglucose.simulation.scenario_gen][INFO] - Time for meal!
[2023-03-08 19:46:18,055][simglucose.patient.t1dpatient][INFO] - t = 585.0, patient starts eating ...
[2023-03-08 19:46:18,431][simglucose.patient.t1dpatient][INFO] - t = 598.0, Patient finishes eating!
[2023-03-08 19:46:23,663][simglucose.simulation.scenario_gen][INFO] - Time for meal!
[2023-03-08 19:46:23,663][simglucose.patient.t1dpatient][INFO] - t = 802.0, patient starts eating ...
[2023-03-08 19:46:23,729][simglucose.patient.t1dpatient][INFO] - t = 804.0, Patient finishes eating!
[2023-03-08 19:46:27,528][simglucose.actuator.pump][INFO] - Resetting insulin pump ...
[2023-03-08 19:46:33,193][simglucose.simulation.scenario_gen][INFO] - Time for meal!
[2023-03-08 19:46:33,193][simglucose.patient.t1dpatient][INFO] - t = 216.0, patient starts eating ...
[2023-03-08 19:46:33,317][simglucose.patient.t1dpatient][INFO] - t = 218.0, Patient finishes eating!
[2023-03-08 19:46:38,092][simglucose.simulation.scenario_gen][INFO] - Time for meal!
[2023-03-08 19:46:38,092][simglucose.patient.t1dpatient][INFO] - t = 403.0, patient starts eating ...
[2023-03-08 19:46:38,568][simglucose.patient.t1dpatient][INFO] - t = 419.0, Patient finishes eating!
[2023-03-08 19:46:42,050][simglucose.simulation.scenario_gen][INFO] - Time for meal!
[2023-03-08 19:46:42,051][simglucose.patient.t1dpatient][INFO] - t = 554.0, patient starts eating ...
[2023-03-08 19:46:42,106][simglucose.patient.t1dpatient][INFO] - t = 556.0, Patient finishes eating!
[2023-03-08 19:46:46,338][simglucose.simulation.scenario_gen][INFO] - Creating new one day scenario ...
[2023-03-08 19:46:48,751][simglucose.actuator.pump][INFO] - Resetting insulin pump ...
[2023-03-08 19:46:55,867][simglucose.simulation.scenario_gen][INFO] - Time for meal!
[2023-03-08 19:46:55,868][simglucose.patient.t1dpatient][INFO] - t = 273.0, patient starts eating ...
[2023-03-08 19:46:56,214][simglucose.patient.t1dpatient][INFO] - t = 282.0, Patient finishes eating!
[2023-03-08 19:47:04,445][simglucose.simulation.scenario_gen][INFO] - Time for meal!
[2023-03-08 19:47:04,445][simglucose.patient.t1dpatient][INFO] - t = 601.0, patient starts eating ...
[2023-03-08 19:47:04,886][simglucose.patient.t1dpatient][INFO] - t = 616.0, Patient finishes eating!
[2023-03-08 19:47:04,904][simglucose.actuator.pump][INFO] - Resetting insulin pump ...
[2023-03-08 19:47:16,233][simglucose.simulation.scenario_gen][INFO] - Time for meal!
[2023-03-08 19:47:16,234][simglucose.patient.t1dpatient][INFO] - t = 438.0, patient starts eating ...
[2023-03-08 19:47:16,606][simglucose.patient.t1dpatient][INFO] - t = 448.0, Patient finishes eating!
[2023-03-08 19:47:23,905][simglucose.simulation.scenario_gen][INFO] - Time for meal!
[2023-03-08 19:47:23,906][simglucose.patient.t1dpatient][INFO] - t = 731.0, patient starts eating ...
[2023-03-08 19:47:24,274][simglucose.patient.t1dpatient][INFO] - t = 743.0, Patient finishes eating!
[2023-03-08 19:47:30,147][simglucose.simulation.scenario_gen][INFO] - Time for meal!
[2023-03-08 19:47:30,147][simglucose.patient.t1dpatient][INFO] - t = 971.0, patient starts eating ...
[2023-03-08 19:47:30,523][simglucose.patient.t1dpatient][INFO] - t = 984.0, Patient finishes eating!
[2023-03-08 19:47:39,555][simglucose.actuator.pump][INFO] - Resetting insulin pump ...
[2023-03-08 19:47:45,643][simglucose.simulation.scenario_gen][INFO] - Time for meal!
[2023-03-08 19:47:45,643][simglucose.patient.t1dpatient][INFO] - t = 233.0, patient starts eating ...
[2023-03-08 19:47:46,269][simglucose.patient.t1dpatient][INFO] - t = 253.0, Patient finishes eating!
[2023-03-08 19:47:55,254][simglucose.simulation.scenario_gen][INFO] - Creating new one day scenario ...
[2023-03-08 19:47:56,335][simglucose.actuator.pump][INFO] - Resetting insulin pump ...
[2023-03-08 19:47:58,402][simglucose.simulation.scenario_gen][INFO] - Time for meal!
[2023-03-08 19:47:58,403][simglucose.patient.t1dpatient][INFO] - t = 75.0, patient starts eating ...
[2023-03-08 19:47:58,663][simglucose.patient.t1dpatient][INFO] - t = 81.0, Patient finishes eating!
[2023-03-08 19:48:03,332][simglucose.simulation.scenario_gen][INFO] - Time for meal!
[2023-03-08 19:48:03,332][simglucose.patient.t1dpatient][INFO] - t = 261.0, patient starts eating ...
[2023-03-08 19:48:03,369][simglucose.patient.t1dpatient][INFO] - t = 262.0, Patient finishes eating!
[2023-03-08 19:48:07,687][simglucose.simulation.scenario_gen][INFO] - Time for meal!
[2023-03-08 19:48:07,687][simglucose.patient.t1dpatient][INFO] - t = 429.0, patient starts eating ...
[2023-03-08 19:48:08,165][simglucose.patient.t1dpatient][INFO] - t = 445.0, Patient finishes eating!
[2023-03-08 19:48:17,600][simglucose.actuator.pump][INFO] - Resetting insulin pump ...
[2023-03-08 19:48:21,428][simglucose.simulation.scenario_gen][INFO] - Time for meal!
[2023-03-08 19:48:21,428][simglucose.patient.t1dpatient][INFO] - t = 143.0, patient starts eating ...
[2023-03-08 19:48:21,975][simglucose.patient.t1dpatient][INFO] - t = 159.0, Patient finishes eating!
[2023-03-08 19:48:31,857][simglucose.simulation.scenario_gen][INFO] - Creating new one day scenario ...
[2023-03-08 19:48:31,926][simglucose.actuator.pump][INFO] - Resetting insulin pump ...
[2023-03-08 19:48:33,631][simglucose.simulation.scenario_gen][INFO] - Time for meal!
[2023-03-08 19:48:33,631][simglucose.patient.t1dpatient][INFO] - t = 62.0, patient starts eating ...
[2023-03-08 19:48:34,048][simglucose.patient.t1dpatient][INFO] - t = 74.0, Patient finishes eating!
[2023-03-08 19:48:43,359][simglucose.simulation.scenario_gen][INFO] - Time for meal!
[2023-03-08 19:48:43,360][simglucose.patient.t1dpatient][INFO] - t = 433.0, patient starts eating ...
[2023-03-08 19:48:43,830][simglucose.patient.t1dpatient][INFO] - t = 449.0, Patient finishes eating!
[2023-03-08 19:48:51,196][simglucose.simulation.scenario_gen][INFO] - Time for meal!
[2023-03-08 19:48:51,196][simglucose.patient.t1dpatient][INFO] - t = 732.0, patient starts eating ...
[2023-03-08 19:48:51,686][simglucose.patient.t1dpatient][INFO] - t = 749.0, Patient finishes eating!
[2023-03-08 19:49:00,887][simglucose.actuator.pump][INFO] - Resetting insulin pump ...
[2023-03-08 19:49:02,576][simglucose.simulation.scenario_gen][INFO] - Creating new one day scenario ...
[2023-03-08 19:49:14,081][simglucose.simulation.scenario_gen][INFO] - Time for meal!
[2023-03-08 19:49:14,081][simglucose.patient.t1dpatient][INFO] - t = 508.0, patient starts eating ...
[2023-03-08 19:49:14,154][simglucose.actuator.pump][INFO] - Resetting insulin pump ...
[2023-03-08 19:49:14,178][simglucose.simulation.scenario_gen][INFO] - Creating new one day scenario ...
[2023-03-08 19:49:26,050][simglucose.actuator.pump][INFO] - Resetting insulin pump ...
[2023-03-08 19:49:30,705][simglucose.simulation.scenario_gen][INFO] - Time for meal!
[2023-03-08 19:49:30,705][simglucose.patient.t1dpatient][INFO] - t = 175.0, patient starts eating ...
[2023-03-08 19:49:30,901][simglucose.patient.t1dpatient][INFO] - t = 179.0, Patient finishes eating!
[2023-03-08 19:49:35,599][simglucose.simulation.scenario_gen][INFO] - Creating new one day scenario ...
[2023-03-08 19:49:41,370][simglucose.actuator.pump][INFO] - Resetting insulin pump ...
[2023-03-08 19:49:44,605][simglucose.simulation.scenario_gen][INFO] - Creating new one day scenario ...
[2023-03-08 19:49:54,822][simglucose.simulation.scenario_gen][INFO] - Time for meal!
[2023-03-08 19:49:54,822][simglucose.patient.t1dpatient][INFO] - t = 518.0, patient starts eating ...
[2023-03-08 19:49:55,203][simglucose.patient.t1dpatient][INFO] - t = 528.0, Patient finishes eating!
[2023-03-08 19:50:03,473][simglucose.actuator.pump][INFO] - Resetting insulin pump ...
[2023-03-08 19:50:03,609][simglucose.simulation.scenario_gen][INFO] - Time for meal!
[2023-03-08 19:50:03,610][simglucose.patient.t1dpatient][INFO] - t = 3.0, patient starts eating ...
[2023-03-08 19:50:04,162][simglucose.patient.t1dpatient][INFO] - t = 19.0, Patient finishes eating!
[2023-03-08 19:50:13,093][simglucose.simulation.scenario_gen][INFO] - Creating new one day scenario ...
[2023-03-08 19:50:17,793][simglucose.actuator.pump][INFO] - Resetting insulin pump ...
[2023-03-08 19:50:24,217][simglucose.simulation.scenario_gen][INFO] - Time for meal!
[2023-03-08 19:50:24,217][simglucose.patient.t1dpatient][INFO] - t = 243.0, patient starts eating ...
[2023-03-08 19:50:24,620][simglucose.patient.t1dpatient][INFO] - t = 254.0, Patient finishes eating!
[2023-03-08 19:50:31,728][simglucose.simulation.scenario_gen][INFO] - Time for meal!
[2023-03-08 19:50:31,728][simglucose.patient.t1dpatient][INFO] - t = 528.0, patient starts eating ...
[2023-03-08 19:50:32,124][simglucose.patient.t1dpatient][INFO] - t = 541.0, Patient finishes eating!
[2023-03-08 19:50:41,284][simglucose.actuator.pump][INFO] - Resetting insulin pump ...
[2023-03-08 19:50:44,364][simglucose.simulation.scenario_gen][INFO] - Time for meal!
[2023-03-08 19:50:44,364][simglucose.patient.t1dpatient][INFO] - t = 114.0, patient starts eating ...
[2023-03-08 19:50:44,879][simglucose.patient.t1dpatient][INFO] - t = 129.0, Patient finishes eating!
[2023-03-08 19:50:52,441][simglucose.simulation.scenario_gen][INFO] - Creating new one day scenario ...
[2023-03-08 19:50:56,176][simglucose.actuator.pump][INFO] - Resetting insulin pump ...
[2023-03-08 19:51:04,031][simglucose.simulation.scenario_gen][INFO] - Creating new one day scenario ...
[2023-03-08 19:51:09,573][simglucose.actuator.pump][INFO] - Resetting insulin pump ...
[2023-03-08 19:51:11,265][simglucose.simulation.scenario_gen][INFO] - Creating new one day scenario ...
[2023-03-08 19:51:22,425][simglucose.simulation.scenario_gen][INFO] - Time for meal!
[2023-03-08 19:51:22,425][simglucose.patient.t1dpatient][INFO] - t = 494.0, patient starts eating ...
[2023-03-08 19:51:22,781][simglucose.actuator.pump][INFO] - Resetting insulin pump ...
[2023-03-08 19:51:32,481][simglucose.simulation.scenario_gen][INFO] - Time for meal!
[2023-03-08 19:51:32,481][simglucose.patient.t1dpatient][INFO] - t = 371.0, patient starts eating ...
[2023-03-08 19:51:32,645][simglucose.patient.t1dpatient][INFO] - t = 374.0, Patient finishes eating!
[2023-03-08 19:51:36,972][simglucose.simulation.scenario_gen][INFO] - Creating new one day scenario ...
[2023-03-08 19:51:37,668][simglucose.actuator.pump][INFO] - Resetting insulin pump ...
[2023-03-08 19:51:43,944][simglucose.simulation.scenario_gen][INFO] - Time for meal!
[2023-03-08 19:51:43,944][simglucose.patient.t1dpatient][INFO] - t = 238.0, patient starts eating ...
[2023-03-08 19:51:44,566][simglucose.patient.t1dpatient][INFO] - t = 257.0, Patient finishes eating!
[2023-03-08 19:51:50,954][simglucose.simulation.scenario_gen][INFO] - Time for meal!
[2023-03-08 19:51:53,497][simglucose.simulation.scenario_gen][INFO] - Creating new one day scenario ...
[2023-03-08 19:51:54,662][simglucose.actuator.pump][INFO] - Resetting insulin pump ...
[2023-03-08 19:51:57,456][simglucose.simulation.scenario_gen][INFO] - Time for meal!
[2023-03-08 19:51:57,456][simglucose.patient.t1dpatient][INFO] - t = 102.0, patient starts eating ...
[2023-03-08 19:51:57,747][simglucose.patient.t1dpatient][INFO] - t = 109.0, Patient finishes eating!
[2023-03-08 19:52:08,009][simglucose.simulation.scenario_gen][INFO] - Time for meal!
[2023-03-08 19:52:08,010][simglucose.patient.t1dpatient][INFO] - t = 502.0, patient starts eating ...
[2023-03-08 19:52:08,264][simglucose.actuator.pump][INFO] - Resetting insulin pump ...
[2023-03-08 19:52:13,853][simglucose.simulation.scenario_gen][INFO] - Time for meal!
[2023-03-08 19:52:13,853][simglucose.patient.t1dpatient][INFO] - t = 211.0, patient starts eating ...
[2023-03-08 19:52:14,341][simglucose.patient.t1dpatient][INFO] - t = 225.0, Patient finishes eating!
[2023-03-08 19:52:24,097][simglucose.simulation.scenario_gen][INFO] - Creating new one day scenario ...
[2023-03-08 19:52:24,296][simglucose.actuator.pump][INFO] - Resetting insulin pump ...
[2023-03-08 19:52:25,933][simglucose.simulation.scenario_gen][INFO] - Time for meal!
[2023-03-08 19:52:25,934][simglucose.patient.t1dpatient][INFO] - t = 58.0, patient starts eating ...
[2023-03-08 19:52:26,338][simglucose.patient.t1dpatient][INFO] - t = 69.0, Patient finishes eating!
[2023-03-08 19:52:33,993][simglucose.simulation.scenario_gen][INFO] - Time for meal!
[2023-03-08 19:52:33,993][simglucose.patient.t1dpatient][INFO] - t = 363.0, patient starts eating ...
[2023-03-08 19:52:34,463][simglucose.patient.t1dpatient][INFO] - t = 379.0, Patient finishes eating!
[2023-03-08 19:52:43,434][simglucose.actuator.pump][INFO] - Resetting insulin pump ...
[2023-03-08 19:52:46,064][simglucose.simulation.scenario_gen][INFO] - Time for meal!
[2023-03-08 19:52:46,065][simglucose.patient.t1dpatient][INFO] - t = 97.0, patient starts eating ...
[2023-03-08 19:52:46,630][simglucose.patient.t1dpatient][INFO] - t = 114.0, Patient finishes eating!
[2023-03-08 19:52:54,604][simglucose.simulation.scenario_gen][INFO] - Creating new one day scenario ...
[2023-03-08 19:52:57,359][simglucose.actuator.pump][INFO] - Resetting insulin pump ...
[2023-03-08 19:53:07,929][simglucose.simulation.scenario_gen][INFO] - Time for meal!
[2023-03-08 19:53:07,929][simglucose.patient.t1dpatient][INFO] - t = 405.0, patient starts eating ...
[2023-03-08 19:53:08,338][simglucose.patient.t1dpatient][INFO] - t = 416.0, Patient finishes eating!
[2023-03-08 19:53:12,404][simglucose.simulation.scenario_gen][INFO] - Time for meal!
[2023-03-08 19:53:12,404][simglucose.patient.t1dpatient][INFO] - t = 572.0, patient starts eating ...
[2023-03-08 19:53:12,781][simglucose.patient.t1dpatient][INFO] - t = 586.0, Patient finishes eating!
[2023-03-08 19:53:21,373][simglucose.actuator.pump][INFO] - Resetting insulin pump ...
[2023-03-08 19:53:25,334][simglucose.simulation.scenario_gen][INFO] - Time for meal!
[2023-03-08 19:53:25,335][simglucose.patient.t1dpatient][INFO] - t = 148.0, patient starts eating ...
[2023-03-08 19:53:25,493][simglucose.patient.t1dpatient][INFO] - t = 151.0, Patient finishes eating!
[2023-03-08 19:53:29,404][simglucose.simulation.scenario_gen][INFO] - Creating new one day scenario ...
[2023-03-08 19:53:34,971][simglucose.actuator.pump][INFO] - Resetting insulin pump ...
[2023-03-08 19:53:38,278][simglucose.simulation.scenario_gen][INFO] - Time for meal!
[2023-03-08 19:53:38,279][simglucose.patient.t1dpatient][INFO] - t = 122.0, patient starts eating ...
[2023-03-08 19:53:38,799][simglucose.patient.t1dpatient][INFO] - t = 137.0, Patient finishes eating!
[2023-03-08 19:53:47,748][simglucose.simulation.scenario_gen][INFO] - Creating new one day scenario ...
[2023-03-08 19:53:49,803][simglucose.actuator.pump][INFO] - Resetting insulin pump ...
[2023-03-08 19:53:52,565][simglucose.simulation.scenario_gen][INFO] - Time for meal!
[2023-03-08 19:53:52,565][simglucose.patient.t1dpatient][INFO] - t = 101.0, patient starts eating ...
[2023-03-08 19:53:52,675][simglucose.patient.t1dpatient][INFO] - t = 103.0, Patient finishes eating!
[2023-03-08 19:53:56,121][simglucose.simulation.scenario_gen][INFO] - Time for meal!
[2023-03-08 19:53:56,121][simglucose.patient.t1dpatient][INFO] - t = 234.0, patient starts eating ...
[2023-03-08 19:53:56,606][simglucose.patient.t1dpatient][INFO] - t = 250.0, Patient finishes eating!
[2023-03-08 19:54:05,766][simglucose.simulation.scenario_gen][INFO] - Creating new one day scenario ...
[2023-03-08 19:54:06,490][simglucose.actuator.pump][INFO] - Resetting insulin pump ...
[2023-03-08 19:54:17,393][simglucose.simulation.scenario_gen][INFO] - Time for meal!
[2023-03-08 19:54:17,394][simglucose.patient.t1dpatient][INFO] - t = 417.0, patient starts eating ...
[2023-03-08 19:54:17,756][simglucose.patient.t1dpatient][INFO] - t = 427.0, Patient finishes eating!
[2023-03-08 19:54:20,131][simglucose.simulation.scenario_gen][INFO] - Time for meal!
[2023-03-08 19:54:22,428][simglucose.simulation.scenario_gen][INFO] - Time for meal!
[2023-03-08 19:54:22,429][simglucose.patient.t1dpatient][INFO] - t = 606.0, patient starts eating ...
[2023-03-08 19:54:22,831][simglucose.patient.t1dpatient][INFO] - t = 620.0, Patient finishes eating!
[2023-03-08 19:54:31,564][simglucose.actuator.pump][INFO] - Resetting insulin pump ...
[2023-03-08 19:54:36,912][simglucose.simulation.scenario_gen][INFO] - Time for meal!
[2023-03-08 19:54:36,912][simglucose.patient.t1dpatient][INFO] - t = 201.0, patient starts eating ...
[2023-03-08 19:54:37,039][simglucose.patient.t1dpatient][INFO] - t = 203.0, Patient finishes eating!
[2023-03-08 19:54:40,188][simglucose.simulation.scenario_gen][INFO] - Time for meal!
[2023-03-08 19:54:40,188][simglucose.patient.t1dpatient][INFO] - t = 323.0, patient starts eating ...
[2023-03-08 19:54:40,579][simglucose.patient.t1dpatient][INFO] - t = 336.0, Patient finishes eating!
