[2023-02-20 18:26:13,805][simglucose.actuator.pump][INFO] - Resetting insulin pump ...
[2023-02-20 18:26:15,550][simglucose.simulation.scenario_gen][INFO] - Time for meal!
[2023-02-20 18:26:15,550][simglucose.patient.t1dpatient][INFO] - t = 99.0, patient starts eating ...
[2023-02-20 18:26:15,679][simglucose.patient.t1dpatient][INFO] - t = 105.0, Patient finishes eating!
[2023-02-20 18:26:17,396][simglucose.simulation.scenario_gen][INFO] - Time for meal!
[2023-02-20 18:26:17,398][simglucose.patient.t1dpatient][INFO] - t = 337.0, patient starts eating ...
[2023-02-20 18:26:17,528][simglucose.patient.t1dpatient][INFO] - t = 352.0, Patient finishes eating!
[2023-02-20 18:26:18,637][simglucose.simulation.scenario_gen][INFO] - Time for meal!
[2023-02-20 18:26:18,639][simglucose.patient.t1dpatient][INFO] - t = 521.0, patient starts eating ...
[2023-02-20 18:26:18,679][simglucose.patient.t1dpatient][INFO] - t = 524.0, Patient finishes eating!
[2023-02-20 18:26:20,328][simglucose.simulation.scenario_gen][INFO] - Time for meal!
[2023-02-20 18:26:20,329][simglucose.patient.t1dpatient][INFO] - t = 753.0, patient starts eating ...
[2023-02-20 18:26:20,480][simglucose.patient.t1dpatient][INFO] - t = 770.0, Patient finishes eating!
[2023-02-20 18:26:21,925][simglucose.simulation.scenario_gen][INFO] - Time for meal!
[2023-02-20 18:26:21,926][simglucose.patient.t1dpatient][INFO] - t = 930.0, patient starts eating ...
[2023-02-20 18:26:21,955][simglucose.patient.t1dpatient][INFO] - t = 933.0, Patient finishes eating!
[2023-02-20 18:26:23,296][simglucose.simulation.scenario_gen][INFO] - Creating new one day scenario ...
[2023-02-20 18:26:26,202][simglucose.simulation.scenario_gen][INFO] - Time for meal!
[2023-02-20 18:26:26,203][simglucose.patient.t1dpatient][INFO] - t = 1438.0, patient starts eating ...
[2023-02-20 18:26:26,339][simglucose.patient.t1dpatient][INFO] - t = 1446.0, Patient finishes eating!
[2023-02-20 18:26:29,240][simglucose.simulation.scenario_gen][INFO] - Time for meal!
[2023-02-20 18:26:29,241][simglucose.patient.t1dpatient][INFO] - t = 1807.0, patient starts eating ...
[2023-02-20 18:26:29,392][simglucose.patient.t1dpatient][INFO] - t = 1821.0, Patient finishes eating!
[2023-02-20 18:26:32,105][simglucose.simulation.scenario_gen][INFO] - Time for meal!
[2023-02-20 18:26:32,105][simglucose.patient.t1dpatient][INFO] - t = 2156.0, patient starts eating ...
[2023-02-20 18:26:32,255][simglucose.patient.t1dpatient][INFO] - t = 2171.0, Patient finishes eating!
[2023-02-20 18:26:34,796][simglucose.simulation.scenario_gen][INFO] - Time for meal!
[2023-02-20 18:26:34,797][simglucose.patient.t1dpatient][INFO] - t = 2446.0, patient starts eating ...
[2023-02-20 18:26:34,838][simglucose.patient.t1dpatient][INFO] - t = 2447.0, Patient finishes eating!
[2023-02-20 18:26:35,388][simglucose.simulation.scenario_gen][INFO] - Creating new one day scenario ...
[2023-02-20 18:26:39,444][simglucose.simulation.scenario_gen][INFO] - Time for meal!
[2023-02-20 18:26:39,445][simglucose.patient.t1dpatient][INFO] - t = 3022.0, patient starts eating ...
[2023-02-20 18:26:39,562][simglucose.patient.t1dpatient][INFO] - t = 3027.0, Patient finishes eating!
[2023-02-20 18:26:41,798][simglucose.simulation.scenario_gen][INFO] - Time for meal!
[2023-02-20 18:26:41,798][simglucose.patient.t1dpatient][INFO] - t = 3310.0, patient starts eating ...
[2023-02-20 18:26:41,969][simglucose.patient.t1dpatient][INFO] - t = 3329.0, Patient finishes eating!
[2023-02-20 18:26:47,578][simglucose.simulation.scenario_gen][INFO] - Creating new one day scenario ...
[2023-02-20 18:26:51,969][simglucose.simulation.scenario_gen][INFO] - Time for meal!
[2023-02-20 18:26:51,970][simglucose.patient.t1dpatient][INFO] - t = 4463.0, patient starts eating ...
[2023-02-20 18:26:52,163][simglucose.patient.t1dpatient][INFO] - t = 4474.0, Patient finishes eating!
[2023-02-20 18:26:52,702][simglucose.simulation.scenario_gen][INFO] - Time for meal!
[2023-02-20 18:26:52,703][simglucose.patient.t1dpatient][INFO] - t = 4532.0, patient starts eating ...
[2023-02-20 18:26:52,711][simglucose.patient.t1dpatient][INFO] - t = 4533.0, Patient finishes eating!
[2023-02-20 18:26:53,819][simglucose.simulation.scenario_gen][INFO] - Time for meal!
[2023-02-20 18:26:53,820][simglucose.patient.t1dpatient][INFO] - t = 4660.0, patient starts eating ...
[2023-02-20 18:26:54,000][simglucose.patient.t1dpatient][INFO] - t = 4676.0, Patient finishes eating!
[2023-02-20 18:26:57,234][simglucose.simulation.scenario_gen][INFO] - Time for meal!
[2023-02-20 18:26:57,235][simglucose.patient.t1dpatient][INFO] - t = 5066.0, patient starts eating ...
[2023-02-20 18:26:57,415][simglucose.patient.t1dpatient][INFO] - t = 5083.0, Patient finishes eating!
[2023-02-20 18:26:59,838][simglucose.simulation.scenario_gen][INFO] - Creating new one day scenario ...
[2023-02-20 18:27:02,975][simglucose.simulation.scenario_gen][INFO] - Time for meal!
[2023-02-20 18:27:02,975][simglucose.patient.t1dpatient][INFO] - t = 5811.0, patient starts eating ...
[2023-02-20 18:27:03,127][simglucose.patient.t1dpatient][INFO] - t = 5819.0, Patient finishes eating!
[2023-02-20 18:27:05,153][simglucose.simulation.scenario_gen][INFO] - Time for meal!
[2023-02-20 18:27:05,153][simglucose.patient.t1dpatient][INFO] - t = 6081.0, patient starts eating ...
[2023-02-20 18:27:05,289][simglucose.patient.t1dpatient][INFO] - t = 6093.0, Patient finishes eating!
[2023-02-20 18:27:06,802][simglucose.simulation.scenario_gen][INFO] - Time for meal!
[2023-02-20 18:27:06,803][simglucose.patient.t1dpatient][INFO] - t = 6290.0, patient starts eating ...
[2023-02-20 18:27:06,820][simglucose.patient.t1dpatient][INFO] - t = 6291.0, Patient finishes eating!
[2023-02-20 18:27:08,263][simglucose.simulation.scenario_gen][INFO] - Time for meal!
[2023-02-20 18:27:08,263][simglucose.patient.t1dpatient][INFO] - t = 6476.0, patient starts eating ...
[2023-02-20 18:27:08,438][simglucose.patient.t1dpatient][INFO] - t = 6490.0, Patient finishes eating!
[2023-02-20 18:27:11,278][simglucose.simulation.scenario_gen][INFO] - Creating new one day scenario ...
[2023-02-20 18:27:14,697][simglucose.simulation.scenario_gen][INFO] - Time for meal!
[2023-02-20 18:27:14,698][simglucose.patient.t1dpatient][INFO] - t = 7263.0, patient starts eating ...
[2023-02-20 18:27:14,867][simglucose.patient.t1dpatient][INFO] - t = 7273.0, Patient finishes eating!
[2023-02-20 18:27:17,923][simglucose.simulation.scenario_gen][INFO] - Time for meal!
[2023-02-20 18:27:17,923][simglucose.patient.t1dpatient][INFO] - t = 7657.0, patient starts eating ...
[2023-02-20 18:27:18,094][simglucose.patient.t1dpatient][INFO] - t = 7673.0, Patient finishes eating!
[2023-02-20 18:27:19,601][simglucose.simulation.scenario_gen][INFO] - Time for meal!
[2023-02-20 18:27:19,602][simglucose.patient.t1dpatient][INFO] - t = 7867.0, patient starts eating ...
[2023-02-20 18:27:19,749][simglucose.patient.t1dpatient][INFO] - t = 7882.0, Patient finishes eating!
[2023-02-20 18:27:21,580][simglucose.simulation.scenario_gen][INFO] - Time for meal!
[2023-02-20 18:27:21,580][simglucose.patient.t1dpatient][INFO] - t = 8119.0, patient starts eating ...
[2023-02-20 18:27:21,611][simglucose.patient.t1dpatient][INFO] - t = 8121.0, Patient finishes eating!
[2023-02-20 18:27:22,968][simglucose.simulation.scenario_gen][INFO] - Creating new one day scenario ...
[2023-02-20 18:27:27,021][simglucose.simulation.scenario_gen][INFO] - Time for meal!
[2023-02-20 18:27:27,022][simglucose.patient.t1dpatient][INFO] - t = 8802.0, patient starts eating ...
[2023-02-20 18:27:27,192][simglucose.patient.t1dpatient][INFO] - t = 8814.0, Patient finishes eating!
[2023-02-20 18:27:28,461][simglucose.simulation.scenario_gen][INFO] - Time for meal!
[2023-02-20 18:27:28,462][simglucose.patient.t1dpatient][INFO] - t = 8970.0, patient starts eating ...
[2023-02-20 18:27:28,586][simglucose.patient.t1dpatient][INFO] - t = 8985.0, Patient finishes eating!
[2023-02-20 18:27:31,306][simglucose.simulation.scenario_gen][INFO] - Time for meal!
[2023-02-20 18:27:31,307][simglucose.patient.t1dpatient][INFO] - t = 9336.0, patient starts eating ...
[2023-02-20 18:27:31,463][simglucose.patient.t1dpatient][INFO] - t = 9350.0, Patient finishes eating!
[2023-02-20 18:27:34,368][simglucose.simulation.scenario_gen][INFO] - Creating new one day scenario ...
[2023-02-20 18:27:37,820][simglucose.simulation.scenario_gen][INFO] - Time for meal!
[2023-02-20 18:27:37,820][simglucose.patient.t1dpatient][INFO] - t = 10174.0, patient starts eating ...
[2023-02-20 18:27:37,978][simglucose.patient.t1dpatient][INFO] - t = 10183.0, Patient finishes eating!
[2023-02-20 18:27:38,913][simglucose.simulation.scenario_gen][INFO] - Time for meal!
[2023-02-20 18:27:38,914][simglucose.patient.t1dpatient][INFO] - t = 10308.0, patient starts eating ...
[2023-02-20 18:27:38,932][simglucose.patient.t1dpatient][INFO] - t = 10310.0, Patient finishes eating!
[2023-02-20 18:27:39,508][simglucose.simulation.scenario_gen][INFO] - Time for meal!
[2023-02-20 18:27:39,509][simglucose.patient.t1dpatient][INFO] - t = 10380.0, patient starts eating ...
[2023-02-20 18:27:39,629][simglucose.patient.t1dpatient][INFO] - t = 10392.0, Patient finishes eating!
[2023-02-20 18:27:42,637][simglucose.simulation.scenario_gen][INFO] - Time for meal!
[2023-02-20 18:27:42,638][simglucose.patient.t1dpatient][INFO] - t = 10782.0, patient starts eating ...
[2023-02-20 18:27:42,822][simglucose.patient.t1dpatient][INFO] - t = 10798.0, Patient finishes eating!
[2023-02-20 18:27:45,663][simglucose.simulation.scenario_gen][INFO] - Creating new one day scenario ...
[2023-02-20 18:27:49,466][simglucose.simulation.scenario_gen][INFO] - Time for meal!
[2023-02-20 18:27:49,467][simglucose.patient.t1dpatient][INFO] - t = 11648.0, patient starts eating ...
[2023-02-20 18:27:49,601][simglucose.patient.t1dpatient][INFO] - t = 11654.0, Patient finishes eating!
[2023-02-20 18:27:51,759][simglucose.simulation.scenario_gen][INFO] - Time for meal!
[2023-02-20 18:27:51,760][simglucose.patient.t1dpatient][INFO] - t = 11932.0, patient starts eating ...
[2023-02-20 18:27:51,913][simglucose.patient.t1dpatient][INFO] - t = 11948.0, Patient finishes eating!
[2023-02-20 18:27:53,084][simglucose.simulation.scenario_gen][INFO] - Time for meal!
[2023-02-20 18:27:53,085][simglucose.patient.t1dpatient][INFO] - t = 12099.0, patient starts eating ...
[2023-02-20 18:27:53,122][simglucose.patient.t1dpatient][INFO] - t = 12103.0, Patient finishes eating!
[2023-02-20 18:27:54,006][simglucose.simulation.scenario_gen][INFO] - Time for meal!
[2023-02-20 18:27:54,007][simglucose.patient.t1dpatient][INFO] - t = 12219.0, patient starts eating ...
[2023-02-20 18:27:54,156][simglucose.patient.t1dpatient][INFO] - t = 12237.0, Patient finishes eating!
[2023-02-20 18:27:57,127][simglucose.simulation.scenario_gen][INFO] - Creating new one day scenario ...
[2023-02-20 18:28:00,503][simglucose.simulation.scenario_gen][INFO] - Time for meal!
[2023-02-20 18:28:00,503][simglucose.patient.t1dpatient][INFO] - t = 13023.0, patient starts eating ...
[2023-02-20 18:28:00,642][simglucose.patient.t1dpatient][INFO] - t = 13030.0, Patient finishes eating!
[2023-02-20 18:28:03,412][simglucose.simulation.scenario_gen][INFO] - Time for meal!
[2023-02-20 18:28:03,412][simglucose.patient.t1dpatient][INFO] - t = 13389.0, patient starts eating ...
[2023-02-20 18:28:03,587][simglucose.patient.t1dpatient][INFO] - t = 13404.0, Patient finishes eating!
[2023-02-20 18:28:03,960][simglucose.simulation.scenario_gen][INFO] - Time for meal!
[2023-02-20 18:28:03,960][simglucose.patient.t1dpatient][INFO] - t = 13452.0, patient starts eating ...
[2023-02-20 18:28:03,986][simglucose.patient.t1dpatient][INFO] - t = 13455.0, Patient finishes eating!
[2023-02-20 18:28:06,149][simglucose.simulation.scenario_gen][INFO] - Time for meal!
[2023-02-20 18:28:06,149][simglucose.patient.t1dpatient][INFO] - t = 13718.0, patient starts eating ...
[2023-02-20 18:28:06,340][simglucose.patient.t1dpatient][INFO] - t = 13736.0, Patient finishes eating!
[2023-02-20 18:28:07,533][simglucose.simulation.scenario_gen][INFO] - Time for meal!
[2023-02-20 18:28:07,533][simglucose.patient.t1dpatient][INFO] - t = 13882.0, patient starts eating ...
[2023-02-20 18:28:07,554][simglucose.patient.t1dpatient][INFO] - t = 13884.0, Patient finishes eating!
[2023-02-20 18:28:08,829][simglucose.simulation.scenario_gen][INFO] - Creating new one day scenario ...
[2023-02-20 18:28:12,174][simglucose.simulation.scenario_gen][INFO] - Time for meal!
[2023-02-20 18:28:12,174][simglucose.patient.t1dpatient][INFO] - t = 14454.0, patient starts eating ...
[2023-02-20 18:28:12,317][simglucose.patient.t1dpatient][INFO] - t = 14462.0, Patient finishes eating!
[2023-02-20 18:28:15,407][simglucose.simulation.scenario_gen][INFO] - Time for meal!
[2023-02-20 18:28:15,408][simglucose.patient.t1dpatient][INFO] - t = 14828.0, patient starts eating ...
[2023-02-20 18:28:15,592][simglucose.patient.t1dpatient][INFO] - t = 14846.0, Patient finishes eating!
[2023-02-20 18:28:16,801][simglucose.simulation.scenario_gen][INFO] - Time for meal!
[2023-02-20 18:28:16,801][simglucose.patient.t1dpatient][INFO] - t = 14999.0, patient starts eating ...
[2023-02-20 18:28:16,813][simglucose.patient.t1dpatient][INFO] - t = 15000.0, Patient finishes eating!
[2023-02-20 18:28:18,524][simglucose.simulation.scenario_gen][INFO] - Time for meal!
[2023-02-20 18:28:18,524][simglucose.patient.t1dpatient][INFO] - t = 15216.0, patient starts eating ...
[2023-02-20 18:28:18,700][simglucose.patient.t1dpatient][INFO] - t = 15236.0, Patient finishes eating!
[2023-02-20 18:28:20,711][simglucose.simulation.scenario_gen][INFO] - Creating new one day scenario ...
[2023-02-20 18:28:24,235][simglucose.simulation.scenario_gen][INFO] - Time for meal!
[2023-02-20 18:28:24,236][simglucose.patient.t1dpatient][INFO] - t = 15935.0, patient starts eating ...
[2023-02-20 18:28:24,369][simglucose.patient.t1dpatient][INFO] - t = 15941.0, Patient finishes eating!
[2023-02-20 18:28:26,311][simglucose.simulation.scenario_gen][INFO] - Time for meal!
[2023-02-20 18:28:26,312][simglucose.patient.t1dpatient][INFO] - t = 16185.0, patient starts eating ...
[2023-02-20 18:28:26,427][simglucose.patient.t1dpatient][INFO] - t = 16197.0, Patient finishes eating!
[2023-02-20 18:28:29,719][simglucose.simulation.scenario_gen][INFO] - Time for meal!
[2023-02-20 18:28:29,720][simglucose.patient.t1dpatient][INFO] - t = 16602.0, patient starts eating ...
[2023-02-20 18:28:29,906][simglucose.patient.t1dpatient][INFO] - t = 16618.0, Patient finishes eating!
[2023-02-20 18:28:32,425][simglucose.simulation.scenario_gen][INFO] - Creating new one day scenario ...
[2023-02-20 18:28:35,586][simglucose.simulation.scenario_gen][INFO] - Time for meal!
[2023-02-20 18:28:35,588][simglucose.patient.t1dpatient][INFO] - t = 17308.0, patient starts eating ...
[2023-02-20 18:28:35,769][simglucose.patient.t1dpatient][INFO] - t = 17318.0, Patient finishes eating!
[2023-02-20 18:28:38,862][simglucose.simulation.scenario_gen][INFO] - Time for meal!
[2023-02-20 18:28:38,863][simglucose.patient.t1dpatient][INFO] - t = 17690.0, patient starts eating ...
[2023-02-20 18:28:39,047][simglucose.patient.t1dpatient][INFO] - t = 17705.0, Patient finishes eating!
[2023-02-20 18:28:40,829][simglucose.simulation.scenario_gen][INFO] - Time for meal!
[2023-02-20 18:28:40,830][simglucose.patient.t1dpatient][INFO] - t = 17923.0, patient starts eating ...
[2023-02-20 18:28:41,046][simglucose.patient.t1dpatient][INFO] - t = 17941.0, Patient finishes eating!
[2023-02-20 18:28:44,568][simglucose.simulation.scenario_gen][INFO] - Creating new one day scenario ...
[2023-02-20 18:28:48,196][simglucose.simulation.scenario_gen][INFO] - Time for meal!
[2023-02-20 18:28:48,197][simglucose.patient.t1dpatient][INFO] - t = 18795.0, patient starts eating ...
[2023-02-20 18:28:48,347][simglucose.patient.t1dpatient][INFO] - t = 18801.0, Patient finishes eating!
[2023-02-20 18:28:49,393][simglucose.simulation.scenario_gen][INFO] - Time for meal!
[2023-02-20 18:28:49,393][simglucose.patient.t1dpatient][INFO] - t = 18917.0, patient starts eating ...
[2023-02-20 18:28:49,415][simglucose.patient.t1dpatient][INFO] - t = 18919.0, Patient finishes eating!
[2023-02-20 18:28:50,786][simglucose.simulation.scenario_gen][INFO] - Time for meal!
[2023-02-20 18:28:50,786][simglucose.patient.t1dpatient][INFO] - t = 19075.0, patient starts eating ...
[2023-02-20 18:28:50,921][simglucose.patient.t1dpatient][INFO] - t = 19088.0, Patient finishes eating!
[2023-02-20 18:28:52,663][simglucose.simulation.scenario_gen][INFO] - Time for meal!
[2023-02-20 18:28:52,663][simglucose.patient.t1dpatient][INFO] - t = 19254.0, patient starts eating ...
[2023-02-20 18:28:52,704][simglucose.patient.t1dpatient][INFO] - t = 19257.0, Patient finishes eating!
[2023-02-20 18:28:53,846][simglucose.simulation.scenario_gen][INFO] - Time for meal!
[2023-02-20 18:28:53,846][simglucose.patient.t1dpatient][INFO] - t = 19402.0, patient starts eating ...
[2023-02-20 18:28:54,017][simglucose.patient.t1dpatient][INFO] - t = 19420.0, Patient finishes eating!
[2023-02-20 18:28:57,227][simglucose.simulation.scenario_gen][INFO] - Creating new one day scenario ...
[2023-02-20 18:29:01,015][simglucose.simulation.scenario_gen][INFO] - Time for meal!
[2023-02-20 18:29:01,016][simglucose.patient.t1dpatient][INFO] - t = 20250.0, patient starts eating ...
[2023-02-20 18:29:01,166][simglucose.patient.t1dpatient][INFO] - t = 20258.0, Patient finishes eating!
[2023-02-20 18:29:03,550][simglucose.simulation.scenario_gen][INFO] - Time for meal!
[2023-02-20 18:29:03,551][simglucose.patient.t1dpatient][INFO] - t = 20549.0, patient starts eating ...
[2023-02-20 18:29:03,696][simglucose.patient.t1dpatient][INFO] - t = 20561.0, Patient finishes eating!
[2023-02-20 18:29:06,814][simglucose.simulation.scenario_gen][INFO] - Time for meal!
[2023-02-20 18:29:06,815][simglucose.patient.t1dpatient][INFO] - t = 20919.0, patient starts eating ...
[2023-02-20 18:29:06,986][simglucose.patient.t1dpatient][INFO] - t = 20936.0, Patient finishes eating!
[2023-02-20 18:29:09,487][simglucose.simulation.scenario_gen][INFO] - Creating new one day scenario ...
[2023-02-20 18:29:12,600][simglucose.simulation.scenario_gen][INFO] - Time for meal!
[2023-02-20 18:29:12,602][simglucose.patient.t1dpatient][INFO] - t = 21626.0, patient starts eating ...
[2023-02-20 18:29:12,761][simglucose.patient.t1dpatient][INFO] - t = 21635.0, Patient finishes eating!
[2023-02-20 18:29:15,472][simglucose.simulation.scenario_gen][INFO] - Time for meal!
[2023-02-20 18:29:15,472][simglucose.patient.t1dpatient][INFO] - t = 21949.0, patient starts eating ...
[2023-02-20 18:29:15,597][simglucose.patient.t1dpatient][INFO] - t = 21958.0, Patient finishes eating!
[2023-02-20 18:29:19,102][simglucose.simulation.scenario_gen][INFO] - Time for meal!
[2023-02-20 18:29:19,103][simglucose.patient.t1dpatient][INFO] - t = 22374.0, patient starts eating ...
[2023-02-20 18:29:19,326][simglucose.patient.t1dpatient][INFO] - t = 22392.0, Patient finishes eating!
[2023-02-20 18:29:22,093][simglucose.simulation.scenario_gen][INFO] - Creating new one day scenario ...
[2023-02-20 18:29:25,883][simglucose.simulation.scenario_gen][INFO] - Time for meal!
[2023-02-20 18:29:25,884][simglucose.patient.t1dpatient][INFO] - t = 23130.0, patient starts eating ...
[2023-02-20 18:29:26,047][simglucose.patient.t1dpatient][INFO] - t = 23139.0, Patient finishes eating!
[2023-02-20 18:29:28,225][simglucose.simulation.scenario_gen][INFO] - Time for meal!
[2023-02-20 18:29:28,226][simglucose.patient.t1dpatient][INFO] - t = 23396.0, patient starts eating ...
[2023-02-20 18:29:28,398][simglucose.patient.t1dpatient][INFO] - t = 23410.0, Patient finishes eating!
[2023-02-20 18:29:30,366][simglucose.simulation.scenario_gen][INFO] - Time for meal!
[2023-02-20 18:29:30,366][simglucose.patient.t1dpatient][INFO] - t = 23649.0, patient starts eating ...
[2023-02-20 18:29:30,540][simglucose.patient.t1dpatient][INFO] - t = 23665.0, Patient finishes eating!
[2023-02-20 18:29:34,229][simglucose.simulation.scenario_gen][INFO] - Creating new one day scenario ...
[2023-02-20 18:29:39,885][simglucose.simulation.scenario_gen][INFO] - Time for meal!
[2023-02-20 18:29:39,885][simglucose.patient.t1dpatient][INFO] - t = 24805.0, patient starts eating ...
[2023-02-20 18:29:40,098][simglucose.patient.t1dpatient][INFO] - t = 24819.0, Patient finishes eating!
[2023-02-20 18:29:43,330][simglucose.simulation.scenario_gen][INFO] - Time for meal!
[2023-02-20 18:29:43,331][simglucose.patient.t1dpatient][INFO] - t = 25217.0, patient starts eating ...
[2023-02-20 18:29:43,556][simglucose.patient.t1dpatient][INFO] - t = 25235.0, Patient finishes eating!
[2023-02-20 18:29:45,267][simglucose.simulation.scenario_gen][INFO] - Time for meal!
[2023-02-20 18:29:45,268][simglucose.patient.t1dpatient][INFO] - t = 25447.0, patient starts eating ...
[2023-02-20 18:29:45,326][simglucose.patient.t1dpatient][INFO] - t = 25450.0, Patient finishes eating!
[2023-02-20 18:29:46,240][simglucose.simulation.scenario_gen][INFO] - Creating new one day scenario ...
[2023-02-20 18:29:49,873][simglucose.simulation.scenario_gen][INFO] - Time for meal!
[2023-02-20 18:29:49,873][simglucose.patient.t1dpatient][INFO] - t = 25999.0, patient starts eating ...
[2023-02-20 18:29:50,024][simglucose.patient.t1dpatient][INFO] - t = 26007.0, Patient finishes eating!
[2023-02-20 18:29:51,974][simglucose.simulation.scenario_gen][INFO] - Time for meal!
[2023-02-20 18:29:51,974][simglucose.patient.t1dpatient][INFO] - t = 26246.0, patient starts eating ...
[2023-02-20 18:29:52,142][simglucose.patient.t1dpatient][INFO] - t = 26263.0, Patient finishes eating!
[2023-02-20 18:29:55,241][simglucose.simulation.scenario_gen][INFO] - Time for meal!
[2023-02-20 18:29:55,242][simglucose.patient.t1dpatient][INFO] - t = 26638.0, patient starts eating ...
[2023-02-20 18:29:55,408][simglucose.patient.t1dpatient][INFO] - t = 26652.0, Patient finishes eating!
[2023-02-20 18:29:57,491][simglucose.simulation.scenario_gen][INFO] - Time for meal!
[2023-02-20 18:29:57,491][simglucose.patient.t1dpatient][INFO] - t = 26895.0, patient starts eating ...
[2023-02-20 18:29:57,524][simglucose.patient.t1dpatient][INFO] - t = 26897.0, Patient finishes eating!
[2023-02-20 18:29:58,397][simglucose.simulation.scenario_gen][INFO] - Creating new one day scenario ...
[2023-02-20 18:30:02,653][simglucose.simulation.scenario_gen][INFO] - Time for meal!
[2023-02-20 18:30:02,654][simglucose.patient.t1dpatient][INFO] - t = 27480.0, patient starts eating ...
[2023-02-20 18:30:02,820][simglucose.patient.t1dpatient][INFO] - t = 27490.0, Patient finishes eating!
[2023-02-20 18:30:04,148][simglucose.simulation.scenario_gen][INFO] - Time for meal!
[2023-02-20 18:30:04,149][simglucose.patient.t1dpatient][INFO] - t = 27639.0, patient starts eating ...
[2023-02-20 18:30:04,265][simglucose.patient.t1dpatient][INFO] - t = 27653.0, Patient finishes eating!
[2023-02-20 18:30:07,445][simglucose.simulation.scenario_gen][INFO] - Time for meal!
[2023-02-20 18:30:07,446][simglucose.patient.t1dpatient][INFO] - t = 28024.0, patient starts eating ...
[2023-02-20 18:30:07,617][simglucose.patient.t1dpatient][INFO] - t = 28039.0, Patient finishes eating!
[2023-02-20 18:30:11,000][simglucose.simulation.scenario_gen][INFO] - Creating new one day scenario ...
[2023-02-20 18:30:14,600][simglucose.simulation.scenario_gen][INFO] - Time for meal!
[2023-02-20 18:30:14,601][simglucose.patient.t1dpatient][INFO] - t = 28863.0, patient starts eating ...
[2023-02-20 18:30:14,751][simglucose.patient.t1dpatient][INFO] - t = 28871.0, Patient finishes eating!
[2023-02-20 18:30:16,995][simglucose.simulation.scenario_gen][INFO] - Time for meal!
[2023-02-20 18:30:16,995][simglucose.patient.t1dpatient][INFO] - t = 29132.0, patient starts eating ...
[2023-02-20 18:30:17,142][simglucose.patient.t1dpatient][INFO] - t = 29147.0, Patient finishes eating!
[2023-02-20 18:30:20,502][simglucose.simulation.scenario_gen][INFO] - Time for meal!
[2023-02-20 18:30:20,503][simglucose.patient.t1dpatient][INFO] - t = 29525.0, patient starts eating ...
[2023-02-20 18:30:20,735][simglucose.patient.t1dpatient][INFO] - t = 29543.0, Patient finishes eating!
[2023-02-20 18:30:23,894][simglucose.simulation.scenario_gen][INFO] - Creating new one day scenario ...
[2023-02-20 18:30:27,682][simglucose.simulation.scenario_gen][INFO] - Time for meal!
[2023-02-20 18:30:27,683][simglucose.patient.t1dpatient][INFO] - t = 30317.0, patient starts eating ...
[2023-02-20 18:30:27,873][simglucose.patient.t1dpatient][INFO] - t = 30328.0, Patient finishes eating!
[2023-02-20 18:30:29,849][simglucose.simulation.scenario_gen][INFO] - Time for meal!
[2023-02-20 18:30:29,850][simglucose.patient.t1dpatient][INFO] - t = 30560.0, patient starts eating ...
[2023-02-20 18:30:29,968][simglucose.patient.t1dpatient][INFO] - t = 30573.0, Patient finishes eating!
[2023-02-20 18:30:34,914][simglucose.simulation.scenario_gen][INFO] - Time for meal!
[2023-02-20 18:30:34,915][simglucose.patient.t1dpatient][INFO] - t = 31108.0, patient starts eating ...
[2023-02-20 18:30:35,005][simglucose.patient.t1dpatient][INFO] - t = 31111.0, Patient finishes eating!
[2023-02-20 18:30:36,688][simglucose.simulation.scenario_gen][INFO] - Creating new one day scenario ...
[2023-02-20 18:30:40,228][simglucose.simulation.scenario_gen][INFO] - Time for meal!
[2023-02-20 18:30:40,228][simglucose.patient.t1dpatient][INFO] - t = 31713.0, patient starts eating ...
[2023-02-20 18:30:40,411][simglucose.patient.t1dpatient][INFO] - t = 31725.0, Patient finishes eating!
[2023-02-20 18:30:43,567][simglucose.simulation.scenario_gen][INFO] - Time for meal!
[2023-02-20 18:30:43,567][simglucose.patient.t1dpatient][INFO] - t = 32072.0, patient starts eating ...
[2023-02-20 18:30:43,725][simglucose.patient.t1dpatient][INFO] - t = 32087.0, Patient finishes eating!
[2023-02-20 18:30:45,507][simglucose.simulation.scenario_gen][INFO] - Time for meal!
[2023-02-20 18:30:45,508][simglucose.patient.t1dpatient][INFO] - t = 32294.0, patient starts eating ...
[2023-02-20 18:30:45,672][simglucose.patient.t1dpatient][INFO] - t = 32311.0, Patient finishes eating!
[2023-02-20 18:30:49,550][simglucose.simulation.scenario_gen][INFO] - Creating new one day scenario ...
[2023-02-20 18:30:54,399][simglucose.simulation.scenario_gen][INFO] - Time for meal!
[2023-02-20 18:30:54,400][simglucose.patient.t1dpatient][INFO] - t = 33266.0, patient starts eating ...
[2023-02-20 18:30:54,597][simglucose.patient.t1dpatient][INFO] - t = 33278.0, Patient finishes eating!
[2023-02-20 18:30:55,085][simglucose.simulation.scenario_gen][INFO] - Time for meal!
[2023-02-20 18:30:55,085][simglucose.patient.t1dpatient][INFO] - t = 33335.0, patient starts eating ...
[2023-02-20 18:30:55,106][simglucose.patient.t1dpatient][INFO] - t = 33337.0, Patient finishes eating!
[2023-02-20 18:30:55,423][simglucose.simulation.scenario_gen][INFO] - Time for meal!
[2023-02-20 18:30:55,425][simglucose.patient.t1dpatient][INFO] - t = 33377.0, patient starts eating ...
[2023-02-20 18:30:55,568][simglucose.patient.t1dpatient][INFO] - t = 33394.0, Patient finishes eating!
[2023-02-20 18:30:59,291][simglucose.simulation.scenario_gen][INFO] - Time for meal!
[2023-02-20 18:30:59,292][simglucose.patient.t1dpatient][INFO] - t = 33835.0, patient starts eating ...
[2023-02-20 18:30:59,512][simglucose.patient.t1dpatient][INFO] - t = 33854.0, Patient finishes eating!
[2023-02-20 18:31:02,585][simglucose.simulation.scenario_gen][INFO] - Creating new one day scenario ...
[2023-02-20 18:31:06,529][simglucose.simulation.scenario_gen][INFO] - Time for meal!
[2023-02-20 18:31:06,529][simglucose.patient.t1dpatient][INFO] - t = 34647.0, patient starts eating ...
[2023-02-20 18:31:06,680][simglucose.patient.t1dpatient][INFO] - t = 34655.0, Patient finishes eating!
[2023-02-20 18:31:07,634][simglucose.simulation.scenario_gen][INFO] - Time for meal!
[2023-02-20 18:31:07,635][simglucose.patient.t1dpatient][INFO] - t = 34761.0, patient starts eating ...
[2023-02-20 18:31:07,666][simglucose.patient.t1dpatient][INFO] - t = 34764.0, Patient finishes eating!
[2023-02-20 18:31:09,572][simglucose.simulation.scenario_gen][INFO] - Time for meal!
[2023-02-20 18:31:09,573][simglucose.patient.t1dpatient][INFO] - t = 34975.0, patient starts eating ...
[2023-02-20 18:31:09,693][simglucose.patient.t1dpatient][INFO] - t = 34986.0, Patient finishes eating!
[2023-02-20 18:31:13,161][simglucose.simulation.scenario_gen][INFO] - Time for meal!
[2023-02-20 18:31:13,162][simglucose.patient.t1dpatient][INFO] - t = 35369.0, patient starts eating ...
[2023-02-20 18:31:13,356][simglucose.patient.t1dpatient][INFO] - t = 35381.0, Patient finishes eating!
[2023-02-20 18:31:15,688][simglucose.simulation.scenario_gen][INFO] - Creating new one day scenario ...
[2023-02-20 18:31:18,930][simglucose.simulation.scenario_gen][INFO] - Time for meal!
[2023-02-20 18:31:18,931][simglucose.patient.t1dpatient][INFO] - t = 35997.0, patient starts eating ...
[2023-02-20 18:31:19,095][simglucose.patient.t1dpatient][INFO] - t = 36008.0, Patient finishes eating!
[2023-02-20 18:31:21,339][simglucose.simulation.scenario_gen][INFO] - Time for meal!
[2023-02-20 18:31:21,448][simglucose.patient.t1dpatient][INFO] - t = 36233.0, patient starts eating ...
[2023-02-20 18:31:21,482][simglucose.patient.t1dpatient][INFO] - t = 36235.0, Patient finishes eating!
[2023-02-20 18:31:23,423][simglucose.simulation.scenario_gen][INFO] - Time for meal!
[2023-02-20 18:31:23,462][simglucose.patient.t1dpatient][INFO] - t = 36431.0, patient starts eating ...
[2023-02-20 18:31:23,664][simglucose.patient.t1dpatient][INFO] - t = 36447.0, Patient finishes eating!
[2023-02-20 18:31:26,919][simglucose.simulation.scenario_gen][INFO] - Time for meal!
[2023-02-20 18:31:26,925][simglucose.patient.t1dpatient][INFO] - t = 36739.0, patient starts eating ...
[2023-02-20 18:31:27,070][simglucose.patient.t1dpatient][INFO] - t = 36753.0, Patient finishes eating!
[2023-02-20 18:31:28,614][simglucose.simulation.scenario_gen][INFO] - Time for meal!
[2023-02-20 18:31:28,614][simglucose.patient.t1dpatient][INFO] - t = 36903.0, patient starts eating ...
[2023-02-20 18:31:28,653][simglucose.patient.t1dpatient][INFO] - t = 36906.0, Patient finishes eating!
[2023-02-20 18:31:30,539][simglucose.simulation.scenario_gen][INFO] - Creating new one day scenario ...
[2023-02-20 18:31:35,291][simglucose.simulation.scenario_gen][INFO] - Time for meal!
[2023-02-20 18:31:35,293][simglucose.patient.t1dpatient][INFO] - t = 37500.0, patient starts eating ...
[2023-02-20 18:31:35,510][simglucose.patient.t1dpatient][INFO] - t = 37511.0, Patient finishes eating!
[2023-02-20 18:31:38,714][simglucose.simulation.scenario_gen][INFO] - Time for meal!
[2023-02-20 18:31:38,714][simglucose.patient.t1dpatient][INFO] - t = 37787.0, patient starts eating ...
[2023-02-20 18:31:38,913][simglucose.patient.t1dpatient][INFO] - t = 37802.0, Patient finishes eating!
[2023-02-20 18:31:42,166][simglucose.simulation.scenario_gen][INFO] - Time for meal!
[2023-02-20 18:31:42,167][simglucose.patient.t1dpatient][INFO] - t = 38122.0, patient starts eating ...
[2023-02-20 18:31:42,390][simglucose.patient.t1dpatient][INFO] - t = 38140.0, Patient finishes eating!
[2023-02-20 18:31:46,130][simglucose.simulation.scenario_gen][INFO] - Creating new one day scenario ...
[2023-02-20 18:31:49,890][simglucose.simulation.scenario_gen][INFO] - Time for meal!
[2023-02-20 18:31:49,891][simglucose.patient.t1dpatient][INFO] - t = 38900.0, patient starts eating ...
[2023-02-20 18:31:50,098][simglucose.patient.t1dpatient][INFO] - t = 38910.0, Patient finishes eating!
[2023-02-20 18:31:53,471][simglucose.simulation.scenario_gen][INFO] - Time for meal!
[2023-02-20 18:31:53,472][simglucose.patient.t1dpatient][INFO] - t = 39227.0, patient starts eating ...
[2023-02-20 18:31:53,688][simglucose.patient.t1dpatient][INFO] - t = 39244.0, Patient finishes eating!
[2023-02-20 18:31:56,824][simglucose.simulation.scenario_gen][INFO] - Time for meal!
[2023-02-20 18:31:56,825][simglucose.patient.t1dpatient][INFO] - t = 39537.0, patient starts eating ...
[2023-02-20 18:31:57,025][simglucose.patient.t1dpatient][INFO] - t = 39555.0, Patient finishes eating!
[2023-02-20 18:32:01,235][simglucose.simulation.scenario_gen][INFO] - Creating new one day scenario ...
[2023-02-20 18:32:05,837][simglucose.simulation.scenario_gen][INFO] - Time for meal!
[2023-02-20 18:32:05,838][simglucose.patient.t1dpatient][INFO] - t = 40396.0, patient starts eating ...
[2023-02-20 18:32:06,023][simglucose.patient.t1dpatient][INFO] - t = 40405.0, Patient finishes eating!
[2023-02-20 18:32:08,247][simglucose.simulation.scenario_gen][INFO] - Time for meal!
[2023-02-20 18:32:08,248][simglucose.patient.t1dpatient][INFO] - t = 40617.0, patient starts eating ...
[2023-02-20 18:32:08,441][simglucose.patient.t1dpatient][INFO] - t = 40633.0, Patient finishes eating!
[2023-02-20 18:32:10,729][simglucose.simulation.scenario_gen][INFO] - Time for meal!
[2023-02-20 18:32:10,729][simglucose.patient.t1dpatient][INFO] - t = 40860.0, patient starts eating ...
[2023-02-20 18:32:10,773][simglucose.patient.t1dpatient][INFO] - t = 40862.0, Patient finishes eating!
[2023-02-20 18:32:12,127][simglucose.simulation.scenario_gen][INFO] - Time for meal!
[2023-02-20 18:32:12,127][simglucose.patient.t1dpatient][INFO] - t = 40996.0, patient starts eating ...
[2023-02-20 18:32:12,333][simglucose.patient.t1dpatient][INFO] - t = 41014.0, Patient finishes eating!
[2023-02-20 18:32:16,608][simglucose.simulation.scenario_gen][INFO] - Creating new one day scenario ...
[2023-02-20 18:32:19,762][simglucose.simulation.scenario_gen][INFO] - Time for meal!
[2023-02-20 18:32:19,762][simglucose.patient.t1dpatient][INFO] - t = 41703.0, patient starts eating ...
[2023-02-20 18:32:20,010][simglucose.patient.t1dpatient][INFO] - t = 41717.0, Patient finishes eating!
[2023-02-20 18:32:24,784][simglucose.simulation.scenario_gen][INFO] - Time for meal!
[2023-02-20 18:32:24,784][simglucose.patient.t1dpatient][INFO] - t = 42147.0, patient starts eating ...
[2023-02-20 18:32:25,018][simglucose.patient.t1dpatient][INFO] - t = 42163.0, Patient finishes eating!
[2023-02-20 18:32:28,506][simglucose.simulation.scenario_gen][INFO] - Time for meal!
[2023-02-20 18:32:28,507][simglucose.patient.t1dpatient][INFO] - t = 42510.0, patient starts eating ...
[2023-02-20 18:32:28,682][simglucose.patient.t1dpatient][INFO] - t = 42524.0, Patient finishes eating!
[2023-02-20 18:32:31,769][simglucose.simulation.scenario_gen][INFO] - Creating new one day scenario ...
[2023-02-20 18:32:36,095][simglucose.simulation.scenario_gen][INFO] - Time for meal!
[2023-02-20 18:32:36,096][simglucose.patient.t1dpatient][INFO] - t = 43264.0, patient starts eating ...
[2023-02-20 18:32:36,291][simglucose.patient.t1dpatient][INFO] - t = 43274.0, Patient finishes eating!
[2023-02-20 18:32:38,268][simglucose.simulation.scenario_gen][INFO] - Time for meal!
[2023-02-20 18:32:38,269][simglucose.patient.t1dpatient][INFO] - t = 43468.0, patient starts eating ...
[2023-02-20 18:32:38,443][simglucose.patient.t1dpatient][INFO] - t = 43483.0, Patient finishes eating!
[2023-02-20 18:32:43,408][simglucose.simulation.scenario_gen][INFO] - Time for meal!
[2023-02-20 18:32:43,409][simglucose.patient.t1dpatient][INFO] - t = 43957.0, patient starts eating ...
[2023-02-20 18:32:43,630][simglucose.patient.t1dpatient][INFO] - t = 43972.0, Patient finishes eating!
[2023-02-20 18:32:47,117][simglucose.simulation.scenario_gen][INFO] - Creating new one day scenario ...
[2023-02-20 18:32:51,986][simglucose.simulation.scenario_gen][INFO] - Time for meal!
[2023-02-20 18:32:51,987][simglucose.patient.t1dpatient][INFO] - t = 44714.0, patient starts eating ...
[2023-02-20 18:32:52,192][simglucose.patient.t1dpatient][INFO] - t = 44724.0, Patient finishes eating!
[2023-02-20 18:32:53,520][simglucose.simulation.scenario_gen][INFO] - Time for meal!
[2023-02-20 18:32:53,521][simglucose.patient.t1dpatient][INFO] - t = 44837.0, patient starts eating ...
[2023-02-20 18:32:53,567][simglucose.patient.t1dpatient][INFO] - t = 44840.0, Patient finishes eating!
[2023-02-20 18:32:59,614][simglucose.simulation.scenario_gen][INFO] - Time for meal!
[2023-02-20 18:32:59,614][simglucose.patient.t1dpatient][INFO] - t = 45352.0, patient starts eating ...
[2023-02-20 18:32:59,899][simglucose.patient.t1dpatient][INFO] - t = 45368.0, Patient finishes eating!
[2023-02-20 18:33:03,884][simglucose.simulation.scenario_gen][INFO] - Creating new one day scenario ...
[2023-02-20 18:33:09,227][simglucose.simulation.scenario_gen][INFO] - Time for meal!
[2023-02-20 18:33:09,229][simglucose.patient.t1dpatient][INFO] - t = 46159.0, patient starts eating ...
[2023-02-20 18:33:09,458][simglucose.patient.t1dpatient][INFO] - t = 46169.0, Patient finishes eating!
[2023-02-20 18:33:12,600][simglucose.simulation.scenario_gen][INFO] - Time for meal!
[2023-02-20 18:33:12,600][simglucose.patient.t1dpatient][INFO] - t = 46456.0, patient starts eating ...
[2023-02-20 18:33:12,785][simglucose.patient.t1dpatient][INFO] - t = 46471.0, Patient finishes eating!
[2023-02-20 18:33:14,325][simglucose.simulation.scenario_gen][INFO] - Time for meal!
[2023-02-20 18:33:14,327][simglucose.patient.t1dpatient][INFO] - t = 46614.0, patient starts eating ...
[2023-02-20 18:33:14,368][simglucose.patient.t1dpatient][INFO] - t = 46617.0, Patient finishes eating!
[2023-02-20 18:33:16,572][simglucose.simulation.scenario_gen][INFO] - Time for meal!
[2023-02-20 18:33:16,573][simglucose.patient.t1dpatient][INFO] - t = 46820.0, patient starts eating ...
[2023-02-20 18:33:16,805][simglucose.patient.t1dpatient][INFO] - t = 46838.0, Patient finishes eating!
[2023-02-20 18:33:18,636][simglucose.simulation.scenario_gen][INFO] - Time for meal!
[2023-02-20 18:33:18,636][simglucose.patient.t1dpatient][INFO] - t = 47014.0, patient starts eating ...
[2023-02-20 18:33:18,698][simglucose.patient.t1dpatient][INFO] - t = 47018.0, Patient finishes eating!
[2023-02-20 18:33:20,103][simglucose.simulation.scenario_gen][INFO] - Creating new one day scenario ...
[2023-02-20 18:33:24,958][simglucose.simulation.scenario_gen][INFO] - Time for meal!
[2023-02-20 18:33:24,958][simglucose.patient.t1dpatient][INFO] - t = 47625.0, patient starts eating ...
[2023-02-20 18:33:25,154][simglucose.patient.t1dpatient][INFO] - t = 47634.0, Patient finishes eating!
[2023-02-20 18:33:26,072][simglucose.simulation.scenario_gen][INFO] - Time for meal!
[2023-02-20 18:33:26,073][simglucose.patient.t1dpatient][INFO] - t = 47724.0, patient starts eating ...
[2023-02-20 18:33:26,121][simglucose.patient.t1dpatient][INFO] - t = 47728.0, Patient finishes eating!
[2023-02-20 18:33:27,335][simglucose.simulation.scenario_gen][INFO] - Time for meal!
[2023-02-20 18:33:27,336][simglucose.patient.t1dpatient][INFO] - t = 47847.0, patient starts eating ...
[2023-02-20 18:33:27,435][simglucose.patient.t1dpatient][INFO] - t = 47858.0, Patient finishes eating!
[2023-02-20 18:33:31,041][simglucose.simulation.scenario_gen][INFO] - Time for meal!
[2023-02-20 18:33:31,042][simglucose.patient.t1dpatient][INFO] - t = 48208.0, patient starts eating ...
[2023-02-20 18:33:31,233][simglucose.patient.t1dpatient][INFO] - t = 48223.0, Patient finishes eating!
[2023-02-20 18:33:35,061][simglucose.simulation.scenario_gen][INFO] - Creating new one day scenario ...
[2023-02-20 18:33:39,863][simglucose.simulation.scenario_gen][INFO] - Time for meal!
[2023-02-20 18:33:39,864][simglucose.patient.t1dpatient][INFO] - t = 49049.0, patient starts eating ...
[2023-02-20 18:33:40,163][simglucose.patient.t1dpatient][INFO] - t = 49058.0, Patient finishes eating!
[2023-02-20 18:33:43,073][simglucose.simulation.scenario_gen][INFO] - Time for meal!
[2023-02-20 18:33:43,073][simglucose.patient.t1dpatient][INFO] - t = 49313.0, patient starts eating ...
[2023-02-20 18:33:43,276][simglucose.patient.t1dpatient][INFO] - t = 49328.0, Patient finishes eating!
[2023-02-20 18:33:47,620][simglucose.simulation.scenario_gen][INFO] - Time for meal!
[2023-02-20 18:33:47,621][simglucose.patient.t1dpatient][INFO] - t = 49732.0, patient starts eating ...
[2023-02-20 18:33:47,843][simglucose.patient.t1dpatient][INFO] - t = 49746.0, Patient finishes eating!
[2023-02-20 18:33:51,133][simglucose.simulation.scenario_gen][INFO] - Creating new one day scenario ...
[2023-02-20 18:33:55,381][simglucose.simulation.scenario_gen][INFO] - Time for meal!
[2023-02-20 18:33:55,382][simglucose.patient.t1dpatient][INFO] - t = 50421.0, patient starts eating ...
[2023-02-20 18:33:55,610][simglucose.patient.t1dpatient][INFO] - t = 50430.0, Patient finishes eating!
[2023-02-20 18:33:57,658][simglucose.simulation.scenario_gen][INFO] - Time for meal!
[2023-02-20 18:33:57,658][simglucose.patient.t1dpatient][INFO] - t = 50620.0, patient starts eating ...
[2023-02-20 18:33:57,703][simglucose.patient.t1dpatient][INFO] - t = 50622.0, Patient finishes eating!
[2023-02-20 18:33:58,624][simglucose.simulation.scenario_gen][INFO] - Time for meal!
[2023-02-20 18:33:58,625][simglucose.patient.t1dpatient][INFO] - t = 50709.0, patient starts eating ...
[2023-02-20 18:33:58,820][simglucose.patient.t1dpatient][INFO] - t = 50724.0, Patient finishes eating!
[2023-02-20 18:34:02,572][simglucose.simulation.scenario_gen][INFO] - Time for meal!
[2023-02-20 18:34:02,572][simglucose.patient.t1dpatient][INFO] - t = 51095.0, patient starts eating ...
[2023-02-20 18:34:02,793][simglucose.patient.t1dpatient][INFO] - t = 51111.0, Patient finishes eating!
[2023-02-20 18:34:06,766][simglucose.simulation.scenario_gen][INFO] - Creating new one day scenario ...
[2023-02-20 18:34:12,708][simglucose.simulation.scenario_gen][INFO] - Time for meal!
[2023-02-20 18:34:12,710][simglucose.patient.t1dpatient][INFO] - t = 52043.0, patient starts eating ...
[2023-02-20 18:34:12,841][simglucose.patient.t1dpatient][INFO] - t = 52045.0, Patient finishes eating!
[2023-02-20 18:34:14,888][simglucose.simulation.scenario_gen][INFO] - Time for meal!
[2023-02-20 18:34:14,889][simglucose.patient.t1dpatient][INFO] - t = 52214.0, patient starts eating ...
[2023-02-20 18:34:15,152][simglucose.patient.t1dpatient][INFO] - t = 52233.0, Patient finishes eating!
[2023-02-20 18:34:19,539][simglucose.simulation.scenario_gen][INFO] - Time for meal!
[2023-02-20 18:34:19,541][simglucose.patient.t1dpatient][INFO] - t = 52642.0, patient starts eating ...
[2023-02-20 18:34:19,814][simglucose.patient.t1dpatient][INFO] - t = 52659.0, Patient finishes eating!
[2023-02-20 18:34:20,941][simglucose.simulation.scenario_gen][INFO] - Time for meal!
[2023-02-20 18:34:20,941][simglucose.patient.t1dpatient][INFO] - t = 52767.0, patient starts eating ...
[2023-02-20 18:34:20,965][simglucose.patient.t1dpatient][INFO] - t = 52769.0, Patient finishes eating!
[2023-02-20 18:34:22,637][simglucose.simulation.scenario_gen][INFO] - Creating new one day scenario ...
[2023-02-20 18:34:25,828][simglucose.simulation.scenario_gen][INFO] - Time for meal!
[2023-02-20 18:34:25,829][simglucose.patient.t1dpatient][INFO] - t = 53232.0, patient starts eating ...
[2023-02-20 18:34:25,981][simglucose.patient.t1dpatient][INFO] - t = 53238.0, Patient finishes eating!
[2023-02-20 18:34:30,138][simglucose.simulation.scenario_gen][INFO] - Time for meal!
[2023-02-20 18:34:30,140][simglucose.patient.t1dpatient][INFO] - t = 53641.0, patient starts eating ...
[2023-02-20 18:34:30,329][simglucose.patient.t1dpatient][INFO] - t = 53653.0, Patient finishes eating!
[2023-02-20 18:34:34,176][simglucose.simulation.scenario_gen][INFO] - Time for meal!
[2023-02-20 18:34:34,177][simglucose.patient.t1dpatient][INFO] - t = 54006.0, patient starts eating ...
[2023-02-20 18:34:34,405][simglucose.patient.t1dpatient][INFO] - t = 54020.0, Patient finishes eating!
[2023-02-20 18:34:38,121][simglucose.simulation.scenario_gen][INFO] - Creating new one day scenario ...
[2023-02-20 18:34:42,603][simglucose.simulation.scenario_gen][INFO] - Time for meal!
[2023-02-20 18:34:42,603][simglucose.patient.t1dpatient][INFO] - t = 54781.0, patient starts eating ...
[2023-02-20 18:34:42,855][simglucose.patient.t1dpatient][INFO] - t = 54794.0, Patient finishes eating!
[2023-02-20 18:34:46,018][simglucose.simulation.scenario_gen][INFO] - Time for meal!
[2023-02-20 18:34:46,019][simglucose.patient.t1dpatient][INFO] - t = 55089.0, patient starts eating ...
[2023-02-20 18:34:46,169][simglucose.patient.t1dpatient][INFO] - t = 55101.0, Patient finishes eating!
[2023-02-20 18:34:47,701][simglucose.simulation.scenario_gen][INFO] - Time for meal!
[2023-02-20 18:34:47,702][simglucose.patient.t1dpatient][INFO] - t = 55249.0, patient starts eating ...
[2023-02-20 18:34:47,743][simglucose.patient.t1dpatient][INFO] - t = 55252.0, Patient finishes eating!
[2023-02-20 18:34:50,647][simglucose.simulation.scenario_gen][INFO] - Time for meal!
[2023-02-20 18:34:50,648][simglucose.patient.t1dpatient][INFO] - t = 55533.0, patient starts eating ...
[2023-02-20 18:34:50,924][simglucose.patient.t1dpatient][INFO] - t = 55553.0, Patient finishes eating!
[2023-02-20 18:34:53,451][simglucose.simulation.scenario_gen][INFO] - Creating new one day scenario ...
[2023-02-20 18:34:57,693][simglucose.simulation.scenario_gen][INFO] - Time for meal!
[2023-02-20 18:34:57,694][simglucose.patient.t1dpatient][INFO] - t = 56193.0, patient starts eating ...
[2023-02-20 18:34:57,894][simglucose.patient.t1dpatient][INFO] - t = 56202.0, Patient finishes eating!
[2023-02-20 18:35:04,999][simglucose.simulation.scenario_gen][INFO] - Time for meal!
[2023-02-20 18:35:04,999][simglucose.patient.t1dpatient][INFO] - t = 56884.0, patient starts eating ...
[2023-02-20 18:35:05,330][simglucose.patient.t1dpatient][INFO] - t = 56904.0, Patient finishes eating!
[2023-02-20 18:35:08,974][simglucose.simulation.scenario_gen][INFO] - Creating new one day scenario ...
[2023-02-20 18:35:12,884][simglucose.simulation.scenario_gen][INFO] - Time for meal!
[2023-02-20 18:35:12,885][simglucose.patient.t1dpatient][INFO] - t = 57611.0, patient starts eating ...
[2023-02-20 18:35:13,139][simglucose.patient.t1dpatient][INFO] - t = 57621.0, Patient finishes eating!
[2023-02-20 18:35:16,747][simglucose.simulation.scenario_gen][INFO] - Time for meal!
[2023-02-20 18:35:16,748][simglucose.patient.t1dpatient][INFO] - t = 57959.0, patient starts eating ...
[2023-02-20 18:35:16,955][simglucose.patient.t1dpatient][INFO] - t = 57974.0, Patient finishes eating!
[2023-02-20 18:35:21,100][simglucose.simulation.scenario_gen][INFO] - Time for meal!
[2023-02-20 18:35:21,101][simglucose.patient.t1dpatient][INFO] - t = 58371.0, patient starts eating ...
[2023-02-20 18:35:21,336][simglucose.patient.t1dpatient][INFO] - t = 58389.0, Patient finishes eating!
[2023-02-20 18:35:24,500][simglucose.simulation.scenario_gen][INFO] - Creating new one day scenario ...
[2023-02-20 18:35:33,287][simglucose.simulation.scenario_gen][INFO] - Time for meal!
[2023-02-20 18:35:33,289][simglucose.patient.t1dpatient][INFO] - t = 59453.0, patient starts eating ...
[2023-02-20 18:35:33,573][simglucose.patient.t1dpatient][INFO] - t = 59466.0, Patient finishes eating!
[2023-02-20 18:35:37,190][simglucose.simulation.scenario_gen][INFO] - Time for meal!
[2023-02-20 18:35:37,191][simglucose.patient.t1dpatient][INFO] - t = 59797.0, patient starts eating ...
[2023-02-20 18:35:37,380][simglucose.patient.t1dpatient][INFO] - t = 59810.0, Patient finishes eating!
[2023-02-20 18:35:40,605][simglucose.simulation.scenario_gen][INFO] - Creating new one day scenario ...
[2023-02-20 18:35:44,550][simglucose.simulation.scenario_gen][INFO] - Time for meal!
[2023-02-20 18:35:44,551][simglucose.patient.t1dpatient][INFO] - t = 60479.0, patient starts eating ...
[2023-02-20 18:35:44,776][simglucose.patient.t1dpatient][INFO] - t = 60489.0, Patient finishes eating!
[2023-02-20 18:35:46,583][simglucose.simulation.scenario_gen][INFO] - Time for meal!
[2023-02-20 18:35:46,584][simglucose.patient.t1dpatient][INFO] - t = 60664.0, patient starts eating ...
[2023-02-20 18:35:46,597][simglucose.patient.t1dpatient][INFO] - t = 60665.0, Patient finishes eating!
[2023-02-20 18:35:47,860][simglucose.simulation.scenario_gen][INFO] - Time for meal!
[2023-02-20 18:35:47,861][simglucose.patient.t1dpatient][INFO] - t = 60781.0, patient starts eating ...
[2023-02-20 18:35:48,058][simglucose.patient.t1dpatient][INFO] - t = 60796.0, Patient finishes eating!
[2023-02-20 18:35:52,885][simglucose.simulation.scenario_gen][INFO] - Time for meal!
[2023-02-20 18:35:52,886][simglucose.patient.t1dpatient][INFO] - t = 61235.0, patient starts eating ...
[2023-02-20 18:35:53,118][simglucose.patient.t1dpatient][INFO] - t = 61250.0, Patient finishes eating!
[2023-02-20 18:35:56,371][simglucose.simulation.scenario_gen][INFO] - Creating new one day scenario ...
[2023-02-20 18:35:59,968][simglucose.simulation.scenario_gen][INFO] - Time for meal!
[2023-02-20 18:35:59,969][simglucose.patient.t1dpatient][INFO] - t = 61901.0, patient starts eating ...
[2023-02-20 18:36:00,162][simglucose.patient.t1dpatient][INFO] - t = 61908.0, Patient finishes eating!
[2023-02-20 18:36:04,472][simglucose.simulation.scenario_gen][INFO] - Time for meal!
[2023-02-20 18:36:04,473][simglucose.patient.t1dpatient][INFO] - t = 62309.0, patient starts eating ...
[2023-02-20 18:36:04,693][simglucose.patient.t1dpatient][INFO] - t = 62324.0, Patient finishes eating!
[2023-02-20 18:36:07,413][simglucose.simulation.scenario_gen][INFO] - Time for meal!
[2023-02-20 18:36:07,415][simglucose.patient.t1dpatient][INFO] - t = 62572.0, patient starts eating ...
[2023-02-20 18:36:07,653][simglucose.patient.t1dpatient][INFO] - t = 62586.0, Patient finishes eating!
[2023-02-20 18:36:09,967][simglucose.simulation.scenario_gen][INFO] - Time for meal!
[2023-02-20 18:36:09,968][simglucose.patient.t1dpatient][INFO] - t = 62803.0, patient starts eating ...
[2023-02-20 18:36:09,982][simglucose.patient.t1dpatient][INFO] - t = 62804.0, Patient finishes eating!
[2023-02-20 18:36:12,077][simglucose.simulation.scenario_gen][INFO] - Creating new one day scenario ...
[2023-02-20 18:36:15,996][simglucose.simulation.scenario_gen][INFO] - Time for meal!
[2023-02-20 18:36:15,997][simglucose.patient.t1dpatient][INFO] - t = 63371.0, patient starts eating ...
[2023-02-20 18:36:16,141][simglucose.patient.t1dpatient][INFO] - t = 63376.0, Patient finishes eating!
[2023-02-20 18:36:20,476][simglucose.simulation.scenario_gen][INFO] - Time for meal!
[2023-02-20 18:36:20,476][simglucose.patient.t1dpatient][INFO] - t = 63773.0, patient starts eating ...
[2023-02-20 18:36:20,686][simglucose.patient.t1dpatient][INFO] - t = 63787.0, Patient finishes eating!
[2023-02-20 18:36:21,611][simglucose.simulation.scenario_gen][INFO] - Time for meal!
[2023-02-20 18:36:27,795][simglucose.simulation.scenario_gen][INFO] - Creating new one day scenario ...
[2023-02-20 18:36:32,288][simglucose.simulation.scenario_gen][INFO] - Time for meal!
[2023-02-20 18:36:32,289][simglucose.patient.t1dpatient][INFO] - t = 64838.0, patient starts eating ...
[2023-02-20 18:36:32,506][simglucose.patient.t1dpatient][INFO] - t = 64848.0, Patient finishes eating!
[2023-02-20 18:36:35,950][simglucose.simulation.scenario_gen][INFO] - Time for meal!
[2023-02-20 18:36:35,950][simglucose.patient.t1dpatient][INFO] - t = 65141.0, patient starts eating ...
[2023-02-20 18:36:36,147][simglucose.patient.t1dpatient][INFO] - t = 65155.0, Patient finishes eating!
[2023-02-20 18:36:39,849][simglucose.simulation.scenario_gen][INFO] - Time for meal!
[2023-02-20 18:36:39,849][simglucose.patient.t1dpatient][INFO] - t = 65469.0, patient starts eating ...
[2023-02-20 18:36:40,091][simglucose.patient.t1dpatient][INFO] - t = 65489.0, Patient finishes eating!
[2023-02-20 18:36:44,398][simglucose.simulation.scenario_gen][INFO] - Creating new one day scenario ...
[2023-02-20 18:36:49,593][simglucose.simulation.scenario_gen][INFO] - Time for meal!
[2023-02-20 18:36:49,594][simglucose.patient.t1dpatient][INFO] - t = 66368.0, patient starts eating ...
[2023-02-20 18:36:49,846][simglucose.patient.t1dpatient][INFO] - t = 66378.0, Patient finishes eating!
[2023-02-20 18:36:52,587][simglucose.simulation.scenario_gen][INFO] - Time for meal!
[2023-02-20 18:36:52,588][simglucose.patient.t1dpatient][INFO] - t = 66621.0, patient starts eating ...
[2023-02-20 18:36:52,767][simglucose.patient.t1dpatient][INFO] - t = 66636.0, Patient finishes eating!
[2023-02-20 18:36:55,911][simglucose.simulation.scenario_gen][INFO] - Time for meal!
[2023-02-20 18:36:55,911][simglucose.patient.t1dpatient][INFO] - t = 66915.0, patient starts eating ...
[2023-02-20 18:36:56,141][simglucose.patient.t1dpatient][INFO] - t = 66933.0, Patient finishes eating!
[2023-02-20 18:36:58,734][simglucose.simulation.scenario_gen][INFO] - Time for meal!
[2023-02-20 18:36:58,735][simglucose.patient.t1dpatient][INFO] - t = 67163.0, patient starts eating ...
[2023-02-20 18:36:58,785][simglucose.patient.t1dpatient][INFO] - t = 67166.0, Patient finishes eating!
[2023-02-20 18:37:00,457][simglucose.simulation.scenario_gen][INFO] - Creating new one day scenario ...
[2023-02-20 18:37:04,778][simglucose.simulation.scenario_gen][INFO] - Time for meal!
[2023-02-20 18:37:04,779][simglucose.patient.t1dpatient][INFO] - t = 67716.0, patient starts eating ...
[2023-02-20 18:37:04,981][simglucose.patient.t1dpatient][INFO] - t = 67726.0, Patient finishes eating!
[2023-02-20 18:37:07,935][simglucose.simulation.scenario_gen][INFO] - Time for meal!
[2023-02-20 18:37:07,935][simglucose.patient.t1dpatient][INFO] - t = 67991.0, patient starts eating ...
[2023-02-20 18:37:08,156][simglucose.patient.t1dpatient][INFO] - t = 68006.0, Patient finishes eating!
[2023-02-20 18:37:12,108][simglucose.simulation.scenario_gen][INFO] - Time for meal!
[2023-02-20 18:37:12,108][simglucose.patient.t1dpatient][INFO] - t = 68360.0, patient starts eating ...
[2023-02-20 18:37:12,399][simglucose.patient.t1dpatient][INFO] - t = 68378.0, Patient finishes eating!
[2023-02-20 18:37:17,043][simglucose.simulation.scenario_gen][INFO] - Creating new one day scenario ...
[2023-02-20 18:37:23,999][simglucose.simulation.scenario_gen][INFO] - Time for meal!
[2023-02-20 18:37:24,000][simglucose.patient.t1dpatient][INFO] - t = 69296.0, patient starts eating ...
[2023-02-20 18:37:24,264][simglucose.patient.t1dpatient][INFO] - t = 69308.0, Patient finishes eating!
[2023-02-20 18:37:25,223][simglucose.simulation.scenario_gen][INFO] - Time for meal!
[2023-02-20 18:37:25,224][simglucose.patient.t1dpatient][INFO] - t = 69387.0, patient starts eating ...
[2023-02-20 18:37:25,456][simglucose.patient.t1dpatient][INFO] - t = 69405.0, Patient finishes eating!
[2023-02-20 18:37:31,403][simglucose.simulation.scenario_gen][INFO] - Time for meal!
[2023-02-20 18:37:31,403][simglucose.patient.t1dpatient][INFO] - t = 69893.0, patient starts eating ...
[2023-02-20 18:37:31,648][simglucose.patient.t1dpatient][INFO] - t = 69906.0, Patient finishes eating!
[2023-02-20 18:37:33,599][simglucose.simulation.scenario_gen][INFO] - Time for meal!
[2023-02-20 18:37:33,600][simglucose.patient.t1dpatient][INFO] - t = 70067.0, patient starts eating ...
[2023-02-20 18:37:33,634][simglucose.patient.t1dpatient][INFO] - t = 70069.0, Patient finishes eating!
[2023-02-20 18:37:35,273][simglucose.simulation.scenario_gen][INFO] - Creating new one day scenario ...
[2023-02-20 18:37:40,926][simglucose.simulation.scenario_gen][INFO] - Time for meal!
[2023-02-20 18:37:40,928][simglucose.patient.t1dpatient][INFO] - t = 70667.0, patient starts eating ...
[2023-02-20 18:37:41,130][simglucose.patient.t1dpatient][INFO] - t = 70674.0, Patient finishes eating!
[2023-02-20 18:37:43,285][simglucose.simulation.scenario_gen][INFO] - Time for meal!
[2023-02-20 18:37:43,286][simglucose.patient.t1dpatient][INFO] - t = 70848.0, patient starts eating ...
[2023-02-20 18:37:43,485][simglucose.patient.t1dpatient][INFO] - t = 70861.0, Patient finishes eating!
[2023-02-20 18:37:50,391][simglucose.simulation.scenario_gen][INFO] - Time for meal!
[2023-02-20 18:37:50,392][simglucose.patient.t1dpatient][INFO] - t = 71398.0, patient starts eating ...
[2023-02-20 18:37:50,809][simglucose.patient.t1dpatient][INFO] - t = 71417.0, Patient finishes eating!
[2023-02-20 18:37:51,762][simglucose.simulation.scenario_gen][INFO] - Time for meal!
[2023-02-20 18:37:51,763][simglucose.patient.t1dpatient][INFO] - t = 71488.0, patient starts eating ...
[2023-02-20 18:37:51,796][simglucose.patient.t1dpatient][INFO] - t = 71490.0, Patient finishes eating!
[2023-02-20 18:37:53,794][simglucose.simulation.scenario_gen][INFO] - Creating new one day scenario ...
[2023-02-20 18:37:57,826][simglucose.simulation.scenario_gen][INFO] - Time for meal!
[2023-02-20 18:37:57,827][simglucose.patient.t1dpatient][INFO] - t = 71951.0, patient starts eating ...
[2023-02-20 18:37:58,075][simglucose.patient.t1dpatient][INFO] - t = 71961.0, Patient finishes eating!
[2023-02-20 18:38:04,376][simglucose.simulation.scenario_gen][INFO] - Time for meal!
[2023-02-20 18:38:04,377][simglucose.patient.t1dpatient][INFO] - t = 72436.0, patient starts eating ...
[2023-02-20 18:38:04,743][simglucose.patient.t1dpatient][INFO] - t = 72448.0, Patient finishes eating!
[2023-02-20 18:38:05,918][simglucose.simulation.scenario_gen][INFO] - Time for meal!
[2023-02-20 18:38:05,919][simglucose.patient.t1dpatient][INFO] - t = 72543.0, patient starts eating ...
[2023-02-20 18:38:05,958][simglucose.patient.t1dpatient][INFO] - t = 72545.0, Patient finishes eating!
[2023-02-20 18:38:08,828][simglucose.simulation.scenario_gen][INFO] - Time for meal!
[2023-02-20 18:38:08,829][simglucose.patient.t1dpatient][INFO] - t = 72768.0, patient starts eating ...
[2023-02-20 18:38:09,068][simglucose.patient.t1dpatient][INFO] - t = 72783.0, Patient finishes eating!
[2023-02-20 18:38:13,261][simglucose.simulation.scenario_gen][INFO] - Creating new one day scenario ...
[2023-02-20 18:38:18,379][simglucose.simulation.scenario_gen][INFO] - Time for meal!
[2023-02-20 18:38:18,379][simglucose.patient.t1dpatient][INFO] - t = 73485.0, patient starts eating ...
[2023-02-20 18:38:18,598][simglucose.patient.t1dpatient][INFO] - t = 73493.0, Patient finishes eating!
[2023-02-20 18:38:22,435][simglucose.simulation.scenario_gen][INFO] - Time for meal!
[2023-02-20 18:38:22,436][simglucose.patient.t1dpatient][INFO] - t = 73817.0, patient starts eating ...
[2023-02-20 18:38:22,652][simglucose.patient.t1dpatient][INFO] - t = 73831.0, Patient finishes eating!
[2023-02-20 18:38:24,104][simglucose.simulation.scenario_gen][INFO] - Time for meal!
[2023-02-20 18:38:24,105][simglucose.patient.t1dpatient][INFO] - t = 73958.0, patient starts eating ...
[2023-02-20 18:38:24,150][simglucose.patient.t1dpatient][INFO] - t = 73961.0, Patient finishes eating!
[2023-02-20 18:38:25,191][simglucose.simulation.scenario_gen][INFO] - Time for meal!
[2023-02-20 18:38:25,192][simglucose.patient.t1dpatient][INFO] - t = 74052.0, patient starts eating ...
[2023-02-20 18:38:25,444][simglucose.patient.t1dpatient][INFO] - t = 74072.0, Patient finishes eating!
[2023-02-20 18:38:30,813][simglucose.simulation.scenario_gen][INFO] - Creating new one day scenario ...
[2023-02-20 18:38:35,828][simglucose.simulation.scenario_gen][INFO] - Time for meal!
[2023-02-20 18:38:35,829][simglucose.patient.t1dpatient][INFO] - t = 74939.0, patient starts eating ...
[2023-02-20 18:38:36,034][simglucose.patient.t1dpatient][INFO] - t = 74947.0, Patient finishes eating!
[2023-02-20 18:38:40,596][simglucose.simulation.scenario_gen][INFO] - Time for meal!
[2023-02-20 18:38:40,597][simglucose.patient.t1dpatient][INFO] - t = 75340.0, patient starts eating ...
[2023-02-20 18:38:40,829][simglucose.patient.t1dpatient][INFO] - t = 75355.0, Patient finishes eating!
[2023-02-20 18:38:44,842][simglucose.simulation.scenario_gen][INFO] - Time for meal!
[2023-02-20 18:38:44,842][simglucose.patient.t1dpatient][INFO] - t = 75709.0, patient starts eating ...
[2023-02-20 18:38:45,106][simglucose.patient.t1dpatient][INFO] - t = 75723.0, Patient finishes eating!
[2023-02-20 18:38:48,036][simglucose.simulation.scenario_gen][INFO] - Creating new one day scenario ...
[2023-02-20 18:38:54,770][simglucose.simulation.scenario_gen][INFO] - Time for meal!
[2023-02-20 18:38:54,771][simglucose.patient.t1dpatient][INFO] - t = 76498.0, patient starts eating ...
[2023-02-20 18:38:55,050][simglucose.patient.t1dpatient][INFO] - t = 76508.0, Patient finishes eating!
[2023-02-20 18:38:57,674][simglucose.simulation.scenario_gen][INFO] - Time for meal!
[2023-02-20 18:38:57,674][simglucose.patient.t1dpatient][INFO] - t = 76711.0, patient starts eating ...
[2023-02-20 18:38:57,819][simglucose.patient.t1dpatient][INFO] - t = 76721.0, Patient finishes eating!
[2023-02-20 18:39:01,701][simglucose.simulation.scenario_gen][INFO] - Time for meal!
[2023-02-20 18:39:01,702][simglucose.patient.t1dpatient][INFO] - t = 77034.0, patient starts eating ...
[2023-02-20 18:39:01,945][simglucose.patient.t1dpatient][INFO] - t = 77048.0, Patient finishes eating!
[2023-02-20 18:39:06,113][simglucose.simulation.scenario_gen][INFO] - Creating new one day scenario ...
[2023-02-20 18:39:10,436][simglucose.simulation.scenario_gen][INFO] - Time for meal!
[2023-02-20 18:39:10,436][simglucose.patient.t1dpatient][INFO] - t = 77759.0, patient starts eating ...
[2023-02-20 18:39:10,654][simglucose.patient.t1dpatient][INFO] - t = 77767.0, Patient finishes eating!
[2023-02-20 18:39:14,723][simglucose.simulation.scenario_gen][INFO] - Time for meal!
[2023-02-20 18:39:14,724][simglucose.patient.t1dpatient][INFO] - t = 78093.0, patient starts eating ...
[2023-02-20 18:39:14,978][simglucose.patient.t1dpatient][INFO] - t = 78110.0, Patient finishes eating!
[2023-02-20 18:39:20,173][simglucose.simulation.scenario_gen][INFO] - Time for meal!
[2023-02-20 18:39:20,174][simglucose.patient.t1dpatient][INFO] - t = 78539.0, patient starts eating ...
[2023-02-20 18:39:20,451][simglucose.patient.t1dpatient][INFO] - t = 78554.0, Patient finishes eating!
[2023-02-20 18:39:23,932][simglucose.simulation.scenario_gen][INFO] - Creating new one day scenario ...
[2023-02-20 18:39:28,454][simglucose.simulation.scenario_gen][INFO] - Time for meal!
[2023-02-20 18:39:28,455][simglucose.patient.t1dpatient][INFO] - t = 79225.0, patient starts eating ...
[2023-02-20 18:39:28,731][simglucose.patient.t1dpatient][INFO] - t = 79237.0, Patient finishes eating!
[2023-02-20 18:39:30,679][simglucose.simulation.scenario_gen][INFO] - Time for meal!
[2023-02-20 18:39:30,679][simglucose.patient.t1dpatient][INFO] - t = 79394.0, patient starts eating ...
[2023-02-20 18:39:30,695][simglucose.patient.t1dpatient][INFO] - t = 79395.0, Patient finishes eating!
[2023-02-20 18:39:32,294][simglucose.simulation.scenario_gen][INFO] - Time for meal!
[2023-02-20 18:39:32,295][simglucose.patient.t1dpatient][INFO] - t = 79523.0, patient starts eating ...
[2023-02-20 18:39:32,453][simglucose.patient.t1dpatient][INFO] - t = 79532.0, Patient finishes eating!
[2023-02-20 18:39:37,222][simglucose.simulation.scenario_gen][INFO] - Time for meal!
[2023-02-20 18:39:37,223][simglucose.patient.t1dpatient][INFO] - t = 79909.0, patient starts eating ...
[2023-02-20 18:39:37,563][simglucose.patient.t1dpatient][INFO] - t = 79928.0, Patient finishes eating!
[2023-02-20 18:39:40,151][simglucose.simulation.scenario_gen][INFO] - Time for meal!
[2023-02-20 18:39:40,152][simglucose.patient.t1dpatient][INFO] - t = 80129.0, patient starts eating ...
[2023-02-20 18:39:40,233][simglucose.patient.t1dpatient][INFO] - t = 80132.0, Patient finishes eating!
[2023-02-20 18:39:42,301][simglucose.simulation.scenario_gen][INFO] - Creating new one day scenario ...
[2023-02-20 18:39:46,995][simglucose.simulation.scenario_gen][INFO] - Time for meal!
[2023-02-20 18:39:46,996][simglucose.patient.t1dpatient][INFO] - t = 80673.0, patient starts eating ...
[2023-02-20 18:39:47,214][simglucose.patient.t1dpatient][INFO] - t = 80681.0, Patient finishes eating!
[2023-02-20 18:39:51,102][simglucose.simulation.scenario_gen][INFO] - Time for meal!
[2023-02-20 18:39:51,102][simglucose.patient.t1dpatient][INFO] - t = 81001.0, patient starts eating ...
[2023-02-20 18:39:51,311][simglucose.patient.t1dpatient][INFO] - t = 81015.0, Patient finishes eating!
[2023-02-20 18:39:54,886][simglucose.simulation.scenario_gen][INFO] - Time for meal!
[2023-02-20 18:39:54,887][simglucose.patient.t1dpatient][INFO] - t = 81323.0, patient starts eating ...
[2023-02-20 18:39:55,082][simglucose.patient.t1dpatient][INFO] - t = 81336.0, Patient finishes eating!
[2023-02-20 18:39:59,770][simglucose.simulation.scenario_gen][INFO] - Creating new one day scenario ...
[2023-02-20 18:40:04,858][simglucose.simulation.scenario_gen][INFO] - Time for meal!
[2023-02-20 18:40:04,858][simglucose.patient.t1dpatient][INFO] - t = 82132.0, patient starts eating ...
[2023-02-20 18:40:05,075][simglucose.patient.t1dpatient][INFO] - t = 82138.0, Patient finishes eating!
[2023-02-20 18:40:06,920][simglucose.simulation.scenario_gen][INFO] - Time for meal!
[2023-02-20 18:40:06,921][simglucose.patient.t1dpatient][INFO] - t = 82287.0, patient starts eating ...
[2023-02-20 18:40:06,980][simglucose.patient.t1dpatient][INFO] - t = 82290.0, Patient finishes eating!
[2023-02-20 18:40:08,316][simglucose.simulation.scenario_gen][INFO] - Time for meal!
[2023-02-20 18:40:08,317][simglucose.patient.t1dpatient][INFO] - t = 82400.0, patient starts eating ...
[2023-02-20 18:40:08,576][simglucose.patient.t1dpatient][INFO] - t = 82413.0, Patient finishes eating!
[2023-02-20 18:40:11,583][simglucose.simulation.scenario_gen][INFO] - Time for meal!
[2023-02-20 18:40:11,585][simglucose.patient.t1dpatient][INFO] - t = 82632.0, patient starts eating ...
[2023-02-20 18:40:11,632][simglucose.patient.t1dpatient][INFO] - t = 82634.0, Patient finishes eating!
[2023-02-20 18:40:14,477][simglucose.simulation.scenario_gen][INFO] - Time for meal!
[2023-02-20 18:40:14,477][simglucose.patient.t1dpatient][INFO] - t = 82840.0, patient starts eating ...
[2023-02-20 18:40:14,760][simglucose.patient.t1dpatient][INFO] - t = 82857.0, Patient finishes eating!
[2023-02-20 18:40:18,499][simglucose.simulation.scenario_gen][INFO] - Creating new one day scenario ...
[2023-02-20 18:40:23,154][simglucose.simulation.scenario_gen][INFO] - Time for meal!
[2023-02-20 18:40:23,155][simglucose.patient.t1dpatient][INFO] - t = 83543.0, patient starts eating ...
[2023-02-20 18:40:23,414][simglucose.patient.t1dpatient][INFO] - t = 83551.0, Patient finishes eating!
[2023-02-20 18:40:26,650][simglucose.simulation.scenario_gen][INFO] - Time for meal!
[2023-02-20 18:40:26,650][simglucose.patient.t1dpatient][INFO] - t = 83820.0, patient starts eating ...
[2023-02-20 18:40:26,883][simglucose.patient.t1dpatient][INFO] - t = 83833.0, Patient finishes eating!
[2023-02-20 18:40:31,257][simglucose.simulation.scenario_gen][INFO] - Time for meal!
[2023-02-20 18:40:31,258][simglucose.patient.t1dpatient][INFO] - t = 84171.0, patient starts eating ...
[2023-02-20 18:40:31,507][simglucose.patient.t1dpatient][INFO] - t = 84186.0, Patient finishes eating!
[2023-02-20 18:40:35,615][simglucose.simulation.scenario_gen][INFO] - Time for meal!
[2023-02-20 18:40:35,616][simglucose.patient.t1dpatient][INFO] - t = 84478.0, patient starts eating ...
[2023-02-20 18:40:35,697][simglucose.patient.t1dpatient][INFO] - t = 84482.0, Patient finishes eating!
[2023-02-20 18:40:37,356][simglucose.simulation.scenario_gen][INFO] - Creating new one day scenario ...
[2023-02-20 18:40:42,414][simglucose.simulation.scenario_gen][INFO] - Time for meal!
[2023-02-20 18:40:42,415][simglucose.patient.t1dpatient][INFO] - t = 85003.0, patient starts eating ...
[2023-02-20 18:40:42,644][simglucose.patient.t1dpatient][INFO] - t = 85011.0, Patient finishes eating!
[2023-02-20 18:40:44,829][simglucose.simulation.scenario_gen][INFO] - Time for meal!
[2023-02-20 18:40:44,829][simglucose.patient.t1dpatient][INFO] - t = 85190.0, patient starts eating ...
[2023-02-20 18:40:44,896][simglucose.patient.t1dpatient][INFO] - t = 85193.0, Patient finishes eating!
[2023-02-20 18:40:46,173][simglucose.simulation.scenario_gen][INFO] - Time for meal!
[2023-02-20 18:40:46,174][simglucose.patient.t1dpatient][INFO] - t = 85299.0, patient starts eating ...
[2023-02-20 18:40:46,442][simglucose.patient.t1dpatient][INFO] - t = 85316.0, Patient finishes eating!
[2023-02-20 18:40:50,613][simglucose.simulation.scenario_gen][INFO] - Time for meal!
[2023-02-20 18:40:50,614][simglucose.patient.t1dpatient][INFO] - t = 85656.0, patient starts eating ...
[2023-02-20 18:40:50,858][simglucose.patient.t1dpatient][INFO] - t = 85672.0, Patient finishes eating!
[2023-02-20 18:40:55,458][simglucose.simulation.scenario_gen][INFO] - Creating new one day scenario ...
[2023-02-20 18:41:00,576][simglucose.simulation.scenario_gen][INFO] - Time for meal!
[2023-02-20 18:41:00,576][simglucose.patient.t1dpatient][INFO] - t = 86464.0, patient starts eating ...
[2023-02-20 18:41:00,843][simglucose.patient.t1dpatient][INFO] - t = 86477.0, Patient finishes eating!
[2023-02-20 18:41:05,286][simglucose.simulation.scenario_gen][INFO] - Time for meal!
[2023-02-20 18:41:05,287][simglucose.patient.t1dpatient][INFO] - t = 86787.0, patient starts eating ...
[2023-02-20 18:41:05,494][simglucose.patient.t1dpatient][INFO] - t = 86801.0, Patient finishes eating!
[2023-02-20 18:41:08,263][simglucose.simulation.scenario_gen][INFO] - Time for meal!
[2023-02-20 18:41:08,263][simglucose.patient.t1dpatient][INFO] - t = 87022.0, patient starts eating ...
[2023-02-20 18:41:08,518][simglucose.patient.t1dpatient][INFO] - t = 87036.0, Patient finishes eating!
[2023-02-20 18:41:14,299][simglucose.simulation.scenario_gen][INFO] - Creating new one day scenario ...
[2023-02-20 18:41:18,798][simglucose.simulation.scenario_gen][INFO] - Time for meal!
[2023-02-20 18:41:18,798][simglucose.patient.t1dpatient][INFO] - t = 87821.0, patient starts eating ...
[2023-02-20 18:41:19,055][simglucose.patient.t1dpatient][INFO] - t = 87832.0, Patient finishes eating!
[2023-02-20 18:41:24,866][simglucose.simulation.scenario_gen][INFO] - Time for meal!
[2023-02-20 18:41:24,867][simglucose.patient.t1dpatient][INFO] - t = 88214.0, patient starts eating ...
[2023-02-20 18:41:25,104][simglucose.patient.t1dpatient][INFO] - t = 88229.0, Patient finishes eating!
[2023-02-20 18:41:27,493][simglucose.simulation.scenario_gen][INFO] - Time for meal!
[2023-02-20 18:41:27,493][simglucose.patient.t1dpatient][INFO] - t = 88405.0, patient starts eating ...
[2023-02-20 18:41:27,536][simglucose.patient.t1dpatient][INFO] - t = 88407.0, Patient finishes eating!
[2023-02-20 18:41:29,803][simglucose.simulation.scenario_gen][INFO] - Time for meal!
[2023-02-20 18:41:29,804][simglucose.patient.t1dpatient][INFO] - t = 88595.0, patient starts eating ...
[2023-02-20 18:41:30,075][simglucose.patient.t1dpatient][INFO] - t = 88613.0, Patient finishes eating!
[2023-02-20 18:41:33,876][simglucose.simulation.scenario_gen][INFO] - Creating new one day scenario ...
[2023-02-20 18:41:37,761][simglucose.simulation.scenario_gen][INFO] - Time for meal!
[2023-02-20 18:41:37,761][simglucose.patient.t1dpatient][INFO] - t = 89246.0, patient starts eating ...
[2023-02-20 18:41:38,033][simglucose.patient.t1dpatient][INFO] - t = 89258.0, Patient finishes eating!
[2023-02-20 18:41:42,682][simglucose.simulation.scenario_gen][INFO] - Time for meal!
[2023-02-20 18:41:42,682][simglucose.patient.t1dpatient][INFO] - t = 89636.0, patient starts eating ...
[2023-02-20 18:41:42,951][simglucose.patient.t1dpatient][INFO] - t = 89653.0, Patient finishes eating!
[2023-02-20 18:41:44,762][simglucose.simulation.scenario_gen][INFO] - Time for meal!
[2023-02-20 18:41:44,762][simglucose.patient.t1dpatient][INFO] - t = 89801.0, patient starts eating ...
[2023-02-20 18:41:44,777][simglucose.patient.t1dpatient][INFO] - t = 89802.0, Patient finishes eating!
[2023-02-20 18:41:47,834][simglucose.simulation.scenario_gen][INFO] - Time for meal!
[2023-02-20 18:41:47,835][simglucose.patient.t1dpatient][INFO] - t = 90056.0, patient starts eating ...
[2023-02-20 18:41:48,078][simglucose.patient.t1dpatient][INFO] - t = 90074.0, Patient finishes eating!
[2023-02-20 18:41:50,219][simglucose.simulation.scenario_gen][INFO] - Time for meal!
[2023-02-20 18:41:50,220][simglucose.patient.t1dpatient][INFO] - t = 90252.0, patient starts eating ...
[2023-02-20 18:41:50,294][simglucose.patient.t1dpatient][INFO] - t = 90256.0, Patient finishes eating!
[2023-02-20 18:41:51,558][simglucose.simulation.scenario_gen][INFO] - Creating new one day scenario ...
[2023-02-20 18:41:55,836][simglucose.simulation.scenario_gen][INFO] - Time for meal!
[2023-02-20 18:41:55,836][simglucose.patient.t1dpatient][INFO] - t = 90712.0, patient starts eating ...
[2023-02-20 18:41:56,021][simglucose.patient.t1dpatient][INFO] - t = 90720.0, Patient finishes eating!
[2023-02-20 18:41:58,638][simglucose.simulation.scenario_gen][INFO] - Time for meal!
[2023-02-20 18:41:58,640][simglucose.patient.t1dpatient][INFO] - t = 90938.0, patient starts eating ...
[2023-02-20 18:41:58,702][simglucose.patient.t1dpatient][INFO] - t = 90941.0, Patient finishes eating!
[2023-02-20 18:42:00,253][simglucose.simulation.scenario_gen][INFO] - Time for meal!
[2023-02-20 18:42:00,254][simglucose.patient.t1dpatient][INFO] - t = 91065.0, patient starts eating ...
[2023-02-20 18:42:00,442][simglucose.patient.t1dpatient][INFO] - t = 91079.0, Patient finishes eating!
[2023-02-20 18:42:09,867][simglucose.simulation.scenario_gen][INFO] - Creating new one day scenario ...
[2023-02-20 18:42:16,126][simglucose.simulation.scenario_gen][INFO] - Time for meal!
[2023-02-20 18:42:16,127][simglucose.patient.t1dpatient][INFO] - t = 92304.0, patient starts eating ...
[2023-02-20 18:42:16,402][simglucose.patient.t1dpatient][INFO] - t = 92314.0, Patient finishes eating!
[2023-02-20 18:42:17,391][simglucose.simulation.scenario_gen][INFO] - Time for meal!
[2023-02-20 18:42:17,392][simglucose.patient.t1dpatient][INFO] - t = 92388.0, patient starts eating ...
[2023-02-20 18:42:17,444][simglucose.patient.t1dpatient][INFO] - t = 92392.0, Patient finishes eating!
[2023-02-20 18:42:18,456][simglucose.simulation.scenario_gen][INFO] - Time for meal!
[2023-02-20 18:42:18,457][simglucose.patient.t1dpatient][INFO] - t = 92465.0, patient starts eating ...
[2023-02-20 18:42:18,607][simglucose.patient.t1dpatient][INFO] - t = 92474.0, Patient finishes eating!
[2023-02-20 18:42:21,661][simglucose.simulation.scenario_gen][INFO] - Time for meal!
[2023-02-20 18:42:21,661][simglucose.patient.t1dpatient][INFO] - t = 92668.0, patient starts eating ...
[2023-02-20 18:42:21,715][simglucose.patient.t1dpatient][INFO] - t = 92670.0, Patient finishes eating!
[2023-02-20 18:42:25,453][simglucose.simulation.scenario_gen][INFO] - Time for meal!
[2023-02-20 18:42:25,455][simglucose.patient.t1dpatient][INFO] - t = 92951.0, patient starts eating ...
[2023-02-20 18:42:25,747][simglucose.patient.t1dpatient][INFO] - t = 92967.0, Patient finishes eating!
[2023-02-20 18:42:29,302][simglucose.simulation.scenario_gen][INFO] - Creating new one day scenario ...
[2023-02-20 18:42:36,107][simglucose.simulation.scenario_gen][INFO] - Time for meal!
[2023-02-20 18:42:36,107][simglucose.patient.t1dpatient][INFO] - t = 93763.0, patient starts eating ...
[2023-02-20 18:42:36,409][simglucose.patient.t1dpatient][INFO] - t = 93776.0, Patient finishes eating!
[2023-02-20 18:42:37,181][simglucose.simulation.scenario_gen][INFO] - Time for meal!
[2023-02-20 18:42:37,181][simglucose.patient.t1dpatient][INFO] - t = 93838.0, patient starts eating ...
[2023-02-20 18:42:37,201][simglucose.patient.t1dpatient][INFO] - t = 93839.0, Patient finishes eating!
[2023-02-20 18:42:38,814][simglucose.simulation.scenario_gen][INFO] - Time for meal!
[2023-02-20 18:42:38,815][simglucose.patient.t1dpatient][INFO] - t = 93958.0, patient starts eating ...
[2023-02-20 18:42:39,092][simglucose.patient.t1dpatient][INFO] - t = 93975.0, Patient finishes eating!
[2023-02-20 18:42:43,093][simglucose.simulation.scenario_gen][INFO] - Time for meal!
[2023-02-20 18:42:43,095][simglucose.patient.t1dpatient][INFO] - t = 94298.0, patient starts eating ...
[2023-02-20 18:42:43,330][simglucose.patient.t1dpatient][INFO] - t = 94312.0, Patient finishes eating!
[2023-02-20 18:42:46,195][simglucose.simulation.scenario_gen][INFO] - Time for meal!
[2023-02-20 18:42:46,197][simglucose.patient.t1dpatient][INFO] - t = 94544.0, patient starts eating ...
[2023-02-20 18:42:46,254][simglucose.patient.t1dpatient][INFO] - t = 94547.0, Patient finishes eating!
[2023-02-20 18:42:47,956][simglucose.simulation.scenario_gen][INFO] - Creating new one day scenario ...
[2023-02-20 18:42:53,842][simglucose.simulation.scenario_gen][INFO] - Time for meal!
[2023-02-20 18:42:53,844][simglucose.patient.t1dpatient][INFO] - t = 95134.0, patient starts eating ...
[2023-02-20 18:42:54,045][simglucose.patient.t1dpatient][INFO] - t = 95141.0, Patient finishes eating!
[2023-02-20 18:42:57,677][simglucose.simulation.scenario_gen][INFO] - Time for meal!
[2023-02-20 18:42:57,678][simglucose.patient.t1dpatient][INFO] - t = 95415.0, patient starts eating ...
[2023-02-20 18:42:57,975][simglucose.patient.t1dpatient][INFO] - t = 95430.0, Patient finishes eating!
[2023-02-20 18:43:02,853][simglucose.simulation.scenario_gen][INFO] - Time for meal!
[2023-02-20 18:43:02,854][simglucose.patient.t1dpatient][INFO] - t = 95755.0, patient starts eating ...
[2023-02-20 18:43:03,100][simglucose.patient.t1dpatient][INFO] - t = 95770.0, Patient finishes eating!
[2023-02-20 18:43:07,384][simglucose.simulation.scenario_gen][INFO] - Creating new one day scenario ...
[2023-02-20 18:43:12,422][simglucose.simulation.scenario_gen][INFO] - Time for meal!
[2023-02-20 18:43:12,423][simglucose.patient.t1dpatient][INFO] - t = 96538.0, patient starts eating ...
[2023-02-20 18:43:12,645][simglucose.patient.t1dpatient][INFO] - t = 96547.0, Patient finishes eating!
[2023-02-20 18:43:16,734][simglucose.simulation.scenario_gen][INFO] - Time for meal!
[2023-02-20 18:43:16,735][simglucose.patient.t1dpatient][INFO] - t = 96848.0, patient starts eating ...
[2023-02-20 18:43:17,063][simglucose.patient.t1dpatient][INFO] - t = 96864.0, Patient finishes eating!
[2023-02-20 18:43:20,489][simglucose.simulation.scenario_gen][INFO] - Time for meal!
[2023-02-20 18:43:20,489][simglucose.patient.t1dpatient][INFO] - t = 97117.0, patient starts eating ...
[2023-02-20 18:43:20,734][simglucose.patient.t1dpatient][INFO] - t = 97132.0, Patient finishes eating!
[2023-02-20 18:43:26,279][simglucose.simulation.scenario_gen][INFO] - Creating new one day scenario ...
[2023-02-20 18:43:32,783][simglucose.simulation.scenario_gen][INFO] - Time for meal!
[2023-02-20 18:43:32,784][simglucose.patient.t1dpatient][INFO] - t = 98041.0, patient starts eating ...
[2023-02-20 18:43:33,140][simglucose.patient.t1dpatient][INFO] - t = 98053.0, Patient finishes eating!
[2023-02-20 18:43:35,718][simglucose.simulation.scenario_gen][INFO] - Time for meal!
[2023-02-20 18:43:35,719][simglucose.patient.t1dpatient][INFO] - t = 98238.0, patient starts eating ...
[2023-02-20 18:43:35,956][simglucose.patient.t1dpatient][INFO] - t = 98256.0, Patient finishes eating!
[2023-02-20 18:43:41,306][simglucose.simulation.scenario_gen][INFO] - Time for meal!
[2023-02-20 18:43:41,307][simglucose.patient.t1dpatient][INFO] - t = 98618.0, patient starts eating ...
[2023-02-20 18:43:41,612][simglucose.patient.t1dpatient][INFO] - t = 98636.0, Patient finishes eating!
[2023-02-20 18:43:44,055][simglucose.simulation.scenario_gen][INFO] - Time for meal!
[2023-02-20 18:43:44,056][simglucose.patient.t1dpatient][INFO] - t = 98828.0, patient starts eating ...
[2023-02-20 18:43:44,115][simglucose.patient.t1dpatient][INFO] - t = 98831.0, Patient finishes eating!
[2023-02-20 18:43:46,234][simglucose.simulation.scenario_gen][INFO] - Creating new one day scenario ...
[2023-02-20 18:43:51,949][simglucose.simulation.scenario_gen][INFO] - Time for meal!
[2023-02-20 18:43:51,949][simglucose.patient.t1dpatient][INFO] - t = 99425.0, patient starts eating ...
[2023-02-20 18:43:52,174][simglucose.patient.t1dpatient][INFO] - t = 99432.0, Patient finishes eating!
[2023-02-20 18:43:53,979][simglucose.simulation.scenario_gen][INFO] - Time for meal!
[2023-02-20 18:43:53,979][simglucose.patient.t1dpatient][INFO] - t = 99569.0, patient starts eating ...
[2023-02-20 18:43:54,023][simglucose.patient.t1dpatient][INFO] - t = 99572.0, Patient finishes eating!
[2023-02-20 18:43:55,518][simglucose.simulation.scenario_gen][INFO] - Time for meal!
[2023-02-20 18:43:55,519][simglucose.patient.t1dpatient][INFO] - t = 99670.0, patient starts eating ...
[2023-02-20 18:43:55,757][simglucose.patient.t1dpatient][INFO] - t = 99689.0, Patient finishes eating!
[2023-02-20 18:43:58,764][simglucose.simulation.scenario_gen][INFO] - Time for meal!
[2023-02-20 18:43:58,764][simglucose.patient.t1dpatient][INFO] - t = 99917.0, patient starts eating ...
[2023-02-20 18:43:58,831][simglucose.patient.t1dpatient][INFO] - t = 99919.0, Patient finishes eating!
