[2023-02-20 19:09:02,842][simglucose.actuator.pump][INFO] - Resetting insulin pump ...
[2023-02-20 19:09:05,354][simglucose.simulation.scenario_gen][INFO] - Time for meal!
[2023-02-20 19:09:05,354][simglucose.patient.t1dpatient][INFO] - t = 99.0, patient starts eating ...
[2023-02-20 19:09:05,524][simglucose.patient.t1dpatient][INFO] - t = 105.0, Patient finishes eating!
[2023-02-20 19:09:06,512][simglucose.actuator.pump][INFO] - Resetting insulin pump ...
[2023-02-20 19:09:09,364][simglucose.actuator.pump][INFO] - Resetting insulin pump ...
[2023-02-20 19:09:09,706][simglucose.simulation.scenario_gen][INFO] - Time for meal!
[2023-02-20 19:09:09,707][simglucose.patient.t1dpatient][INFO] - t = 23.0, patient starts eating ...
[2023-02-20 19:09:09,954][simglucose.patient.t1dpatient][INFO] - t = 35.0, Patient finishes eating!
[2023-02-20 19:09:14,081][simglucose.actuator.pump][INFO] - Resetting insulin pump ...
[2023-02-20 19:09:15,649][simglucose.simulation.scenario_gen][INFO] - Time for meal!
[2023-02-20 19:09:15,650][simglucose.patient.t1dpatient][INFO] - t = 80.0, patient starts eating ...
[2023-02-20 19:09:15,969][simglucose.patient.t1dpatient][INFO] - t = 96.0, Patient finishes eating!
[2023-02-20 19:09:17,216][simglucose.actuator.pump][INFO] - Resetting insulin pump ...
[2023-02-20 19:09:18,189][simglucose.simulation.scenario_gen][INFO] - Time for meal!
[2023-02-20 19:09:18,190][simglucose.patient.t1dpatient][INFO] - t = 61.0, patient starts eating ...
[2023-02-20 19:09:18,940][simglucose.patient.t1dpatient][INFO] - t = 75.0, Patient finishes eating!
[2023-02-20 19:09:19,857][simglucose.simulation.scenario_gen][INFO] - Time for meal!
[2023-02-20 19:09:19,858][simglucose.patient.t1dpatient][INFO] - t = 146.0, patient starts eating ...
[2023-02-20 19:09:19,912][simglucose.patient.t1dpatient][INFO] - t = 150.0, Patient finishes eating!
[2023-02-20 19:09:20,501][simglucose.actuator.pump][INFO] - Resetting insulin pump ...
[2023-02-20 19:09:22,597][simglucose.simulation.scenario_gen][INFO] - Creating new one day scenario ...
[2023-02-20 19:09:23,464][simglucose.actuator.pump][INFO] - Resetting insulin pump ...
[2023-02-20 19:09:26,298][simglucose.actuator.pump][INFO] - Resetting insulin pump ...
[2023-02-20 19:09:29,128][simglucose.actuator.pump][INFO] - Resetting insulin pump ...
[2023-02-20 19:09:30,098][simglucose.simulation.scenario_gen][INFO] - Time for meal!
[2023-02-20 19:09:30,099][simglucose.patient.t1dpatient][INFO] - t = 62.0, patient starts eating ...
[2023-02-20 19:09:30,634][simglucose.patient.t1dpatient][INFO] - t = 76.0, Patient finishes eating!
[2023-02-20 19:09:34,118][simglucose.actuator.pump][INFO] - Resetting insulin pump ...
[2023-02-20 19:09:34,793][simglucose.simulation.scenario_gen][INFO] - Time for meal!
[2023-02-20 19:09:34,793][simglucose.patient.t1dpatient][INFO] - t = 48.0, patient starts eating ...
[2023-02-20 19:09:35,141][simglucose.patient.t1dpatient][INFO] - t = 60.0, Patient finishes eating!
[2023-02-20 19:09:38,984][simglucose.actuator.pump][INFO] - Resetting insulin pump ...
[2023-02-20 19:09:42,030][simglucose.simulation.scenario_gen][INFO] - Creating new one day scenario ...
[2023-02-20 19:09:42,336][simglucose.actuator.pump][INFO] - Resetting insulin pump ...
[2023-02-20 19:09:45,369][simglucose.actuator.pump][INFO] - Resetting insulin pump ...
[2023-02-20 19:09:47,390][simglucose.simulation.scenario_gen][INFO] - Time for meal!
[2023-02-20 19:09:47,391][simglucose.patient.t1dpatient][INFO] - t = 99.0, patient starts eating ...
[2023-02-20 19:09:47,623][simglucose.patient.t1dpatient][INFO] - t = 109.0, Patient finishes eating!
[2023-02-20 19:09:48,774][simglucose.actuator.pump][INFO] - Resetting insulin pump ...
[2023-02-20 19:09:51,796][simglucose.simulation.scenario_gen][INFO] - Time for meal!
[2023-02-20 19:09:51,798][simglucose.patient.t1dpatient][INFO] - t = 197.0, patient starts eating ...
[2023-02-20 19:09:51,975][simglucose.actuator.pump][INFO] - Resetting insulin pump ...
[2023-02-20 19:09:54,763][simglucose.actuator.pump][INFO] - Resetting insulin pump ...
[2023-02-20 19:09:55,696][simglucose.simulation.scenario_gen][INFO] - Time for meal!
[2023-02-20 19:09:55,697][simglucose.patient.t1dpatient][INFO] - t = 63.0, patient starts eating ...
[2023-02-20 19:09:56,510][simglucose.patient.t1dpatient][INFO] - t = 78.0, Patient finishes eating!
[2023-02-20 19:09:58,011][simglucose.actuator.pump][INFO] - Resetting insulin pump ...
[2023-02-20 19:09:58,018][simglucose.simulation.scenario_gen][INFO] - Creating new one day scenario ...
[2023-02-20 19:10:00,943][simglucose.actuator.pump][INFO] - Resetting insulin pump ...
[2023-02-20 19:10:01,732][simglucose.simulation.scenario_gen][INFO] - Time for meal!
[2023-02-20 19:10:01,733][simglucose.patient.t1dpatient][INFO] - t = 53.0, patient starts eating ...
[2023-02-20 19:10:01,863][simglucose.patient.t1dpatient][INFO] - t = 54.0, Patient finishes eating!
[2023-02-20 19:10:04,420][simglucose.actuator.pump][INFO] - Resetting insulin pump ...
[2023-02-20 19:10:07,587][simglucose.actuator.pump][INFO] - Resetting insulin pump ...
[2023-02-20 19:10:10,646][simglucose.actuator.pump][INFO] - Resetting insulin pump ...
[2023-02-20 19:10:20,415][simglucose.actuator.pump][INFO] - Resetting insulin pump ...
[2023-02-20 19:10:27,403][simglucose.simulation.scenario_gen][INFO] - Time for meal!
[2023-02-20 19:10:27,404][simglucose.patient.t1dpatient][INFO] - t = 137.0, patient starts eating ...
[2023-02-20 19:10:27,956][simglucose.patient.t1dpatient][INFO] - t = 146.0, Patient finishes eating!
[2023-02-20 19:10:30,200][simglucose.actuator.pump][INFO] - Resetting insulin pump ...
[2023-02-20 19:10:33,907][simglucose.simulation.scenario_gen][INFO] - Creating new one day scenario ...
[2023-02-20 19:10:39,766][simglucose.actuator.pump][INFO] - Resetting insulin pump ...
[2023-02-20 19:10:50,065][simglucose.simulation.scenario_gen][INFO] - Time for meal!
[2023-02-20 19:10:50,066][simglucose.patient.t1dpatient][INFO] - t = 200.0, patient starts eating ...
[2023-02-20 19:10:50,188][simglucose.actuator.pump][INFO] - Resetting insulin pump ...
[2023-02-20 19:10:59,529][simglucose.simulation.scenario_gen][INFO] - Time for meal!
[2023-02-20 19:10:59,530][simglucose.patient.t1dpatient][INFO] - t = 191.0, patient starts eating ...
