[2023-03-07 19:06:23,934][simglucose.actuator.pump][INFO] - Resetting insulin pump ...
[2023-03-07 19:06:24,482][simglucose.simulation.scenario_gen][INFO] - Time for meal!
[2023-03-07 19:06:24,483][simglucose.patient.t1dpatient][INFO] - t = 99.0, patient starts eating ...
[2023-03-07 19:06:24,551][simglucose.controller.basal_bolus_ctrller][INFO] - Calculating bolus ...
[2023-03-07 19:06:24,552][simglucose.controller.basal_bolus_ctrller][INFO] - Meal = 30 g/min
[2023-03-07 19:06:24,552][simglucose.controller.basal_bolus_ctrller][INFO] - glucose = 148.88629150390625
[2023-03-07 19:06:24,646][simglucose.patient.t1dpatient][INFO] - t = 105.0, Patient finishes eating!
[2023-03-07 19:06:26,893][simglucose.simulation.scenario_gen][INFO] - Time for meal!
[2023-03-07 19:06:26,931][simglucose.patient.t1dpatient][INFO] - t = 337.0, patient starts eating ...
[2023-03-07 19:06:26,971][simglucose.controller.basal_bolus_ctrller][INFO] - Calculating bolus ...
[2023-03-07 19:06:26,972][simglucose.controller.basal_bolus_ctrller][INFO] - Meal = 73 g/min
[2023-03-07 19:06:26,972][simglucose.controller.basal_bolus_ctrller][INFO] - glucose = 115.59459381103515
[2023-03-07 19:06:27,100][simglucose.patient.t1dpatient][INFO] - t = 352.0, Patient finishes eating!
[2023-03-07 19:06:28,002][simglucose.simulation.scenario_gen][INFO] - Time for meal!
[2023-03-07 19:06:28,003][simglucose.patient.t1dpatient][INFO] - t = 521.0, patient starts eating ...
[2023-03-07 19:06:28,008][simglucose.controller.basal_bolus_ctrller][INFO] - Calculating bolus ...
[2023-03-07 19:06:28,009][simglucose.controller.basal_bolus_ctrller][INFO] - Meal = 12 g/min
[2023-03-07 19:06:28,009][simglucose.controller.basal_bolus_ctrller][INFO] - glucose = 98.15252838134765
[2023-03-07 19:06:28,027][simglucose.patient.t1dpatient][INFO] - t = 524.0, Patient finishes eating!
[2023-03-07 19:06:29,228][simglucose.simulation.scenario_gen][INFO] - Time for meal!
[2023-03-07 19:06:29,228][simglucose.patient.t1dpatient][INFO] - t = 753.0, patient starts eating ...
[2023-03-07 19:06:29,258][simglucose.controller.basal_bolus_ctrller][INFO] - Calculating bolus ...
[2023-03-07 19:06:29,259][simglucose.controller.basal_bolus_ctrller][INFO] - Meal = 81 g/min
[2023-03-07 19:06:29,259][simglucose.controller.basal_bolus_ctrller][INFO] - glucose = 90.88862609863281
[2023-03-07 19:06:29,465][simglucose.patient.t1dpatient][INFO] - t = 770.0, Patient finishes eating!
[2023-03-07 19:06:30,349][simglucose.simulation.scenario_gen][INFO] - Time for meal!
[2023-03-07 19:06:30,350][simglucose.patient.t1dpatient][INFO] - t = 930.0, patient starts eating ...
[2023-03-07 19:06:30,357][simglucose.controller.basal_bolus_ctrller][INFO] - Calculating bolus ...
[2023-03-07 19:06:30,357][simglucose.controller.basal_bolus_ctrller][INFO] - Meal = 13 g/min
[2023-03-07 19:06:30,358][simglucose.controller.basal_bolus_ctrller][INFO] - glucose = 104.78925323486328
[2023-03-07 19:06:30,377][simglucose.patient.t1dpatient][INFO] - t = 933.0, Patient finishes eating!
[2023-03-07 19:06:31,160][simglucose.simulation.scenario_gen][INFO] - Creating new one day scenario ...
[2023-03-07 19:06:33,030][simglucose.simulation.scenario_gen][INFO] - Time for meal!
[2023-03-07 19:06:33,031][simglucose.patient.t1dpatient][INFO] - t = 1438.0, patient starts eating ...
[2023-03-07 19:06:33,058][simglucose.controller.basal_bolus_ctrller][INFO] - Calculating bolus ...
[2023-03-07 19:06:33,059][simglucose.controller.basal_bolus_ctrller][INFO] - Meal = 39 g/min
[2023-03-07 19:06:33,059][simglucose.controller.basal_bolus_ctrller][INFO] - glucose = 128.79412536621095
[2023-03-07 19:06:33,371][simglucose.patient.t1dpatient][INFO] - t = 1446.0, Patient finishes eating!
[2023-03-07 19:06:35,239][simglucose.simulation.scenario_gen][INFO] - Time for meal!
[2023-03-07 19:06:35,241][simglucose.patient.t1dpatient][INFO] - t = 1807.0, patient starts eating ...
[2023-03-07 19:06:35,262][simglucose.controller.basal_bolus_ctrller][INFO] - Calculating bolus ...
[2023-03-07 19:06:35,264][simglucose.controller.basal_bolus_ctrller][INFO] - Meal = 69 g/min
[2023-03-07 19:06:35,264][simglucose.controller.basal_bolus_ctrller][INFO] - glucose = 134.43264465332032
[2023-03-07 19:06:35,396][simglucose.patient.t1dpatient][INFO] - t = 1821.0, Patient finishes eating!
[2023-03-07 19:06:37,154][simglucose.simulation.scenario_gen][INFO] - Time for meal!
[2023-03-07 19:06:37,156][simglucose.patient.t1dpatient][INFO] - t = 2156.0, patient starts eating ...
[2023-03-07 19:06:37,182][simglucose.controller.basal_bolus_ctrller][INFO] - Calculating bolus ...
[2023-03-07 19:06:37,183][simglucose.controller.basal_bolus_ctrller][INFO] - Meal = 72 g/min
[2023-03-07 19:06:37,183][simglucose.controller.basal_bolus_ctrller][INFO] - glucose = 132.37667236328124
[2023-03-07 19:06:37,321][simglucose.patient.t1dpatient][INFO] - t = 2171.0, Patient finishes eating!
[2023-03-07 19:06:38,801][simglucose.simulation.scenario_gen][INFO] - Time for meal!
[2023-03-07 19:06:38,802][simglucose.patient.t1dpatient][INFO] - t = 2446.0, patient starts eating ...
[2023-03-07 19:06:38,822][simglucose.controller.basal_bolus_ctrller][INFO] - Calculating bolus ...
[2023-03-07 19:06:38,823][simglucose.controller.basal_bolus_ctrller][INFO] - Meal = 4 g/min
[2023-03-07 19:06:38,824][simglucose.controller.basal_bolus_ctrller][INFO] - glucose = 108.02501831054687
[2023-03-07 19:06:38,825][simglucose.patient.t1dpatient][INFO] - t = 2447.0, Patient finishes eating!
[2023-03-07 19:06:39,276][simglucose.simulation.scenario_gen][INFO] - Creating new one day scenario ...
[2023-03-07 19:06:41,958][simglucose.simulation.scenario_gen][INFO] - Time for meal!
[2023-03-07 19:06:41,959][simglucose.patient.t1dpatient][INFO] - t = 3022.0, patient starts eating ...
[2023-03-07 19:06:42,098][simglucose.patient.t1dpatient][INFO] - t = 3027.0, Patient finishes eating!
[2023-03-07 19:06:43,566][simglucose.simulation.scenario_gen][INFO] - Time for meal!
[2023-03-07 19:06:43,567][simglucose.patient.t1dpatient][INFO] - t = 3310.0, patient starts eating ...
[2023-03-07 19:06:43,592][simglucose.controller.basal_bolus_ctrller][INFO] - Calculating bolus ...
[2023-03-07 19:06:43,593][simglucose.controller.basal_bolus_ctrller][INFO] - Meal = 94 g/min
[2023-03-07 19:06:43,594][simglucose.controller.basal_bolus_ctrller][INFO] - glucose = 147.03642883300782
[2023-03-07 19:06:43,785][simglucose.patient.t1dpatient][INFO] - t = 3329.0, Patient finishes eating!
[2023-03-07 19:06:47,110][simglucose.simulation.scenario_gen][INFO] - Creating new one day scenario ...
[2023-03-07 19:06:49,770][simglucose.simulation.scenario_gen][INFO] - Time for meal!
[2023-03-07 19:06:49,771][simglucose.patient.t1dpatient][INFO] - t = 4463.0, patient starts eating ...
[2023-03-07 19:06:49,829][simglucose.controller.basal_bolus_ctrller][INFO] - Calculating bolus ...
[2023-03-07 19:06:49,830][simglucose.controller.basal_bolus_ctrller][INFO] - Meal = 52 g/min
[2023-03-07 19:06:49,830][simglucose.controller.basal_bolus_ctrller][INFO] - glucose = 158.341650390625
[2023-03-07 19:06:49,967][simglucose.patient.t1dpatient][INFO] - t = 4474.0, Patient finishes eating!
[2023-03-07 19:06:50,279][simglucose.simulation.scenario_gen][INFO] - Time for meal!
[2023-03-07 19:06:50,280][simglucose.patient.t1dpatient][INFO] - t = 4532.0, patient starts eating ...
[2023-03-07 19:06:50,288][simglucose.controller.basal_bolus_ctrller][INFO] - Calculating bolus ...
[2023-03-07 19:06:50,289][simglucose.controller.basal_bolus_ctrller][INFO] - Meal = 5 g/min
[2023-03-07 19:06:50,289][simglucose.controller.basal_bolus_ctrller][INFO] - glucose = 164.83854064941406
[2023-03-07 19:06:50,290][simglucose.patient.t1dpatient][INFO] - t = 4533.0, Patient finishes eating!
[2023-03-07 19:06:50,988][simglucose.simulation.scenario_gen][INFO] - Time for meal!
[2023-03-07 19:06:50,989][simglucose.patient.t1dpatient][INFO] - t = 4660.0, patient starts eating ...
[2023-03-07 19:06:51,009][simglucose.controller.basal_bolus_ctrller][INFO] - Calculating bolus ...
[2023-03-07 19:06:51,010][simglucose.controller.basal_bolus_ctrller][INFO] - Meal = 79 g/min
[2023-03-07 19:06:51,010][simglucose.controller.basal_bolus_ctrller][INFO] - glucose = 116.21391296386719
[2023-03-07 19:06:51,151][simglucose.patient.t1dpatient][INFO] - t = 4676.0, Patient finishes eating!
[2023-03-07 19:06:53,207][simglucose.simulation.scenario_gen][INFO] - Time for meal!
[2023-03-07 19:06:53,208][simglucose.patient.t1dpatient][INFO] - t = 5066.0, patient starts eating ...
[2023-03-07 19:06:53,233][simglucose.controller.basal_bolus_ctrller][INFO] - Calculating bolus ...
[2023-03-07 19:06:53,234][simglucose.controller.basal_bolus_ctrller][INFO] - Meal = 83 g/min
[2023-03-07 19:06:53,234][simglucose.controller.basal_bolus_ctrller][INFO] - glucose = 86.4599822998047
[2023-03-07 19:06:53,386][simglucose.patient.t1dpatient][INFO] - t = 5083.0, Patient finishes eating!
[2023-03-07 19:06:55,088][simglucose.simulation.scenario_gen][INFO] - Creating new one day scenario ...
[2023-03-07 19:06:57,221][simglucose.simulation.scenario_gen][INFO] - Time for meal!
[2023-03-07 19:06:57,223][simglucose.patient.t1dpatient][INFO] - t = 5811.0, patient starts eating ...
[2023-03-07 19:06:57,250][simglucose.controller.basal_bolus_ctrller][INFO] - Calculating bolus ...
[2023-03-07 19:06:57,251][simglucose.controller.basal_bolus_ctrller][INFO] - Meal = 40 g/min
[2023-03-07 19:06:57,251][simglucose.controller.basal_bolus_ctrller][INFO] - glucose = 191.31844177246094
[2023-03-07 19:06:57,358][simglucose.patient.t1dpatient][INFO] - t = 5819.0, Patient finishes eating!
[2023-03-07 19:06:58,728][simglucose.simulation.scenario_gen][INFO] - Time for meal!
[2023-03-07 19:06:58,729][simglucose.patient.t1dpatient][INFO] - t = 6081.0, patient starts eating ...
[2023-03-07 19:06:58,734][simglucose.controller.basal_bolus_ctrller][INFO] - Calculating bolus ...
[2023-03-07 19:06:58,735][simglucose.controller.basal_bolus_ctrller][INFO] - Meal = 57 g/min
[2023-03-07 19:06:58,735][simglucose.controller.basal_bolus_ctrller][INFO] - glucose = 112.89095001220703
[2023-03-07 19:06:58,846][simglucose.patient.t1dpatient][INFO] - t = 6093.0, Patient finishes eating!
[2023-03-07 19:06:59,864][simglucose.simulation.scenario_gen][INFO] - Time for meal!
[2023-03-07 19:06:59,865][simglucose.patient.t1dpatient][INFO] - t = 6290.0, patient starts eating ...
[2023-03-07 19:06:59,871][simglucose.controller.basal_bolus_ctrller][INFO] - Calculating bolus ...
[2023-03-07 19:06:59,955][simglucose.controller.basal_bolus_ctrller][INFO] - Meal = 2 g/min
[2023-03-07 19:06:59,957][simglucose.controller.basal_bolus_ctrller][INFO] - glucose = 101.2972396850586
[2023-03-07 19:06:59,959][simglucose.patient.t1dpatient][INFO] - t = 6291.0, Patient finishes eating!
[2023-03-07 19:07:01,018][simglucose.simulation.scenario_gen][INFO] - Time for meal!
[2023-03-07 19:07:01,020][simglucose.patient.t1dpatient][INFO] - t = 6476.0, patient starts eating ...
[2023-03-07 19:07:01,053][simglucose.controller.basal_bolus_ctrller][INFO] - Calculating bolus ...
[2023-03-07 19:07:01,054][simglucose.controller.basal_bolus_ctrller][INFO] - Meal = 69 g/min
[2023-03-07 19:07:01,054][simglucose.controller.basal_bolus_ctrller][INFO] - glucose = 101.1740509033203
[2023-03-07 19:07:01,235][simglucose.patient.t1dpatient][INFO] - t = 6490.0, Patient finishes eating!
[2023-03-07 19:07:03,090][simglucose.simulation.scenario_gen][INFO] - Creating new one day scenario ...
[2023-03-07 19:07:05,284][simglucose.simulation.scenario_gen][INFO] - Time for meal!
[2023-03-07 19:07:05,285][simglucose.patient.t1dpatient][INFO] - t = 7263.0, patient starts eating ...
[2023-03-07 19:07:05,319][simglucose.controller.basal_bolus_ctrller][INFO] - Calculating bolus ...
[2023-03-07 19:07:05,319][simglucose.controller.basal_bolus_ctrller][INFO] - Meal = 49 g/min
[2023-03-07 19:07:05,320][simglucose.controller.basal_bolus_ctrller][INFO] - glucose = 135.88551635742186
[2023-03-07 19:07:05,451][simglucose.patient.t1dpatient][INFO] - t = 7273.0, Patient finishes eating!
[2023-03-07 19:07:07,449][simglucose.simulation.scenario_gen][INFO] - Time for meal!
[2023-03-07 19:07:07,450][simglucose.patient.t1dpatient][INFO] - t = 7657.0, patient starts eating ...
[2023-03-07 19:07:07,473][simglucose.controller.basal_bolus_ctrller][INFO] - Calculating bolus ...
[2023-03-07 19:07:07,473][simglucose.controller.basal_bolus_ctrller][INFO] - Meal = 79 g/min
[2023-03-07 19:07:07,474][simglucose.controller.basal_bolus_ctrller][INFO] - glucose = 176.06362915039062
[2023-03-07 19:07:07,623][simglucose.patient.t1dpatient][INFO] - t = 7673.0, Patient finishes eating!
[2023-03-07 19:07:08,656][simglucose.simulation.scenario_gen][INFO] - Time for meal!
[2023-03-07 19:07:08,657][simglucose.patient.t1dpatient][INFO] - t = 7867.0, patient starts eating ...
[2023-03-07 19:07:08,663][simglucose.controller.basal_bolus_ctrller][INFO] - Calculating bolus ...
[2023-03-07 19:07:08,664][simglucose.controller.basal_bolus_ctrller][INFO] - Meal = 74 g/min
[2023-03-07 19:07:08,664][simglucose.controller.basal_bolus_ctrller][INFO] - glucose = 123.8786605834961
[2023-03-07 19:07:08,771][simglucose.patient.t1dpatient][INFO] - t = 7882.0, Patient finishes eating!
[2023-03-07 19:07:09,995][simglucose.simulation.scenario_gen][INFO] - Time for meal!
[2023-03-07 19:07:09,996][simglucose.patient.t1dpatient][INFO] - t = 8119.0, patient starts eating ...
[2023-03-07 19:07:10,009][simglucose.controller.basal_bolus_ctrller][INFO] - Calculating bolus ...
[2023-03-07 19:07:10,010][simglucose.controller.basal_bolus_ctrller][INFO] - Meal = 6 g/min
[2023-03-07 19:07:10,010][simglucose.controller.basal_bolus_ctrller][INFO] - glucose = 94.30843811035156
[2023-03-07 19:07:10,021][simglucose.patient.t1dpatient][INFO] - t = 8121.0, Patient finishes eating!
[2023-03-07 19:07:10,863][simglucose.simulation.scenario_gen][INFO] - Creating new one day scenario ...
[2023-03-07 19:07:13,637][simglucose.simulation.scenario_gen][INFO] - Time for meal!
[2023-03-07 19:07:13,638][simglucose.patient.t1dpatient][INFO] - t = 8802.0, patient starts eating ...
[2023-03-07 19:07:13,672][simglucose.controller.basal_bolus_ctrller][INFO] - Calculating bolus ...
[2023-03-07 19:07:13,673][simglucose.controller.basal_bolus_ctrller][INFO] - Meal = 58 g/min
[2023-03-07 19:07:13,673][simglucose.controller.basal_bolus_ctrller][INFO] - glucose = 146.55097351074218
[2023-03-07 19:07:13,822][simglucose.patient.t1dpatient][INFO] - t = 8814.0, Patient finishes eating!
[2023-03-07 19:07:14,636][simglucose.simulation.scenario_gen][INFO] - Time for meal!
[2023-03-07 19:07:14,637][simglucose.patient.t1dpatient][INFO] - t = 8970.0, patient starts eating ...
[2023-03-07 19:07:14,643][simglucose.controller.basal_bolus_ctrller][INFO] - Calculating bolus ...
[2023-03-07 19:07:14,644][simglucose.controller.basal_bolus_ctrller][INFO] - Meal = 74 g/min
[2023-03-07 19:07:14,644][simglucose.controller.basal_bolus_ctrller][INFO] - glucose = 123.08904724121093
[2023-03-07 19:07:14,754][simglucose.patient.t1dpatient][INFO] - t = 8985.0, Patient finishes eating!
[2023-03-07 19:07:16,569][simglucose.simulation.scenario_gen][INFO] - Time for meal!
[2023-03-07 19:07:16,570][simglucose.patient.t1dpatient][INFO] - t = 9336.0, patient starts eating ...
[2023-03-07 19:07:16,596][simglucose.controller.basal_bolus_ctrller][INFO] - Calculating bolus ...
[2023-03-07 19:07:16,597][simglucose.controller.basal_bolus_ctrller][INFO] - Meal = 70 g/min
[2023-03-07 19:07:16,597][simglucose.controller.basal_bolus_ctrller][INFO] - glucose = 85.91911315917969
[2023-03-07 19:07:16,721][simglucose.patient.t1dpatient][INFO] - t = 9350.0, Patient finishes eating!
[2023-03-07 19:07:18,715][simglucose.simulation.scenario_gen][INFO] - Creating new one day scenario ...
[2023-03-07 19:07:21,098][simglucose.simulation.scenario_gen][INFO] - Time for meal!
[2023-03-07 19:07:21,098][simglucose.patient.t1dpatient][INFO] - t = 10174.0, patient starts eating ...
[2023-03-07 19:07:21,148][simglucose.controller.basal_bolus_ctrller][INFO] - Calculating bolus ...
[2023-03-07 19:07:21,149][simglucose.controller.basal_bolus_ctrller][INFO] - Meal = 45 g/min
[2023-03-07 19:07:21,149][simglucose.controller.basal_bolus_ctrller][INFO] - glucose = 115.76543273925782
[2023-03-07 19:07:21,277][simglucose.patient.t1dpatient][INFO] - t = 10183.0, Patient finishes eating!
[2023-03-07 19:07:21,960][simglucose.simulation.scenario_gen][INFO] - Time for meal!
[2023-03-07 19:07:21,961][simglucose.patient.t1dpatient][INFO] - t = 10308.0, patient starts eating ...
[2023-03-07 19:07:21,966][simglucose.controller.basal_bolus_ctrller][INFO] - Calculating bolus ...
[2023-03-07 19:07:21,967][simglucose.controller.basal_bolus_ctrller][INFO] - Meal = 7 g/min
[2023-03-07 19:07:21,968][simglucose.controller.basal_bolus_ctrller][INFO] - glucose = 132.74967041015626
[2023-03-07 19:07:21,978][simglucose.patient.t1dpatient][INFO] - t = 10310.0, Patient finishes eating!
[2023-03-07 19:07:22,361][simglucose.simulation.scenario_gen][INFO] - Time for meal!
[2023-03-07 19:07:22,362][simglucose.patient.t1dpatient][INFO] - t = 10380.0, patient starts eating ...
[2023-03-07 19:07:22,381][simglucose.controller.basal_bolus_ctrller][INFO] - Calculating bolus ...
[2023-03-07 19:07:22,382][simglucose.controller.basal_bolus_ctrller][INFO] - Meal = 59 g/min
[2023-03-07 19:07:22,382][simglucose.controller.basal_bolus_ctrller][INFO] - glucose = 126.34988403320312
[2023-03-07 19:07:22,485][simglucose.patient.t1dpatient][INFO] - t = 10392.0, Patient finishes eating!
[2023-03-07 19:07:24,549][simglucose.simulation.scenario_gen][INFO] - Time for meal!
[2023-03-07 19:07:24,550][simglucose.patient.t1dpatient][INFO] - t = 10782.0, patient starts eating ...
[2023-03-07 19:07:24,570][simglucose.controller.basal_bolus_ctrller][INFO] - Calculating bolus ...
[2023-03-07 19:07:24,571][simglucose.controller.basal_bolus_ctrller][INFO] - Meal = 77 g/min
[2023-03-07 19:07:24,571][simglucose.controller.basal_bolus_ctrller][INFO] - glucose = 109.7741485595703
[2023-03-07 19:07:24,741][simglucose.patient.t1dpatient][INFO] - t = 10798.0, Patient finishes eating!
[2023-03-07 19:07:26,687][simglucose.simulation.scenario_gen][INFO] - Creating new one day scenario ...
[2023-03-07 19:07:29,429][simglucose.simulation.scenario_gen][INFO] - Time for meal!
[2023-03-07 19:07:29,430][simglucose.patient.t1dpatient][INFO] - t = 11648.0, patient starts eating ...
[2023-03-07 19:07:29,776][simglucose.controller.basal_bolus_ctrller][INFO] - Calculating bolus ...
[2023-03-07 19:07:29,777][simglucose.controller.basal_bolus_ctrller][INFO] - Meal = 27 g/min
[2023-03-07 19:07:29,777][simglucose.controller.basal_bolus_ctrller][INFO] - glucose = 143.74850769042968
[2023-03-07 19:07:29,860][simglucose.patient.t1dpatient][INFO] - t = 11654.0, Patient finishes eating!
[2023-03-07 19:07:31,318][simglucose.simulation.scenario_gen][INFO] - Time for meal!
[2023-03-07 19:07:31,319][simglucose.patient.t1dpatient][INFO] - t = 11932.0, patient starts eating ...
[2023-03-07 19:07:31,343][simglucose.controller.basal_bolus_ctrller][INFO] - Calculating bolus ...
[2023-03-07 19:07:31,343][simglucose.controller.basal_bolus_ctrller][INFO] - Meal = 78 g/min
[2023-03-07 19:07:31,344][simglucose.controller.basal_bolus_ctrller][INFO] - glucose = 115.3595184326172
[2023-03-07 19:07:31,512][simglucose.patient.t1dpatient][INFO] - t = 11948.0, Patient finishes eating!
[2023-03-07 19:07:32,331][simglucose.simulation.scenario_gen][INFO] - Time for meal!
[2023-03-07 19:07:32,332][simglucose.patient.t1dpatient][INFO] - t = 12099.0, patient starts eating ...
[2023-03-07 19:07:32,338][simglucose.controller.basal_bolus_ctrller][INFO] - Calculating bolus ...
[2023-03-07 19:07:32,339][simglucose.controller.basal_bolus_ctrller][INFO] - Meal = 17 g/min
[2023-03-07 19:07:32,339][simglucose.controller.basal_bolus_ctrller][INFO] - glucose = 114.34847259521484
[2023-03-07 19:07:32,372][simglucose.patient.t1dpatient][INFO] - t = 12103.0, Patient finishes eating!
[2023-03-07 19:07:32,985][simglucose.simulation.scenario_gen][INFO] - Time for meal!
[2023-03-07 19:07:32,987][simglucose.patient.t1dpatient][INFO] - t = 12219.0, patient starts eating ...
[2023-03-07 19:07:33,004][simglucose.controller.basal_bolus_ctrller][INFO] - Calculating bolus ...
[2023-03-07 19:07:33,005][simglucose.controller.basal_bolus_ctrller][INFO] - Meal = 87 g/min
[2023-03-07 19:07:33,005][simglucose.controller.basal_bolus_ctrller][INFO] - glucose = 94.8675048828125
[2023-03-07 19:07:33,148][simglucose.patient.t1dpatient][INFO] - t = 12237.0, Patient finishes eating!
[2023-03-07 19:07:35,058][simglucose.simulation.scenario_gen][INFO] - Creating new one day scenario ...
[2023-03-07 19:07:37,281][simglucose.simulation.scenario_gen][INFO] - Time for meal!
[2023-03-07 19:07:37,282][simglucose.patient.t1dpatient][INFO] - t = 13023.0, patient starts eating ...
[2023-03-07 19:07:37,306][simglucose.controller.basal_bolus_ctrller][INFO] - Calculating bolus ...
[2023-03-07 19:07:37,307][simglucose.controller.basal_bolus_ctrller][INFO] - Meal = 34 g/min
[2023-03-07 19:07:37,308][simglucose.controller.basal_bolus_ctrller][INFO] - glucose = 122.872314453125
[2023-03-07 19:07:37,423][simglucose.patient.t1dpatient][INFO] - t = 13030.0, Patient finishes eating!
[2023-03-07 19:07:39,253][simglucose.simulation.scenario_gen][INFO] - Time for meal!
[2023-03-07 19:07:39,254][simglucose.patient.t1dpatient][INFO] - t = 13389.0, patient starts eating ...
[2023-03-07 19:07:39,281][simglucose.controller.basal_bolus_ctrller][INFO] - Calculating bolus ...
[2023-03-07 19:07:39,282][simglucose.controller.basal_bolus_ctrller][INFO] - Meal = 74 g/min
[2023-03-07 19:07:39,282][simglucose.controller.basal_bolus_ctrller][INFO] - glucose = 114.99647369384766
[2023-03-07 19:07:39,448][simglucose.patient.t1dpatient][INFO] - t = 13404.0, Patient finishes eating!
[2023-03-07 19:07:39,750][simglucose.simulation.scenario_gen][INFO] - Time for meal!
[2023-03-07 19:07:39,751][simglucose.patient.t1dpatient][INFO] - t = 13452.0, patient starts eating ...
[2023-03-07 19:07:39,757][simglucose.controller.basal_bolus_ctrller][INFO] - Calculating bolus ...
[2023-03-07 19:07:39,758][simglucose.controller.basal_bolus_ctrller][INFO] - Meal = 12 g/min
[2023-03-07 19:07:39,758][simglucose.controller.basal_bolus_ctrller][INFO] - glucose = 145.8160888671875
[2023-03-07 19:07:39,781][simglucose.patient.t1dpatient][INFO] - t = 13455.0, Patient finishes eating!
[2023-03-07 19:07:41,172][simglucose.simulation.scenario_gen][INFO] - Time for meal!
[2023-03-07 19:07:41,173][simglucose.patient.t1dpatient][INFO] - t = 13718.0, patient starts eating ...
[2023-03-07 19:07:41,198][simglucose.controller.basal_bolus_ctrller][INFO] - Calculating bolus ...
[2023-03-07 19:07:41,199][simglucose.controller.basal_bolus_ctrller][INFO] - Meal = 88 g/min
[2023-03-07 19:07:41,199][simglucose.controller.basal_bolus_ctrller][INFO] - glucose = 97.82987213134766
[2023-03-07 19:07:41,347][simglucose.patient.t1dpatient][INFO] - t = 13736.0, Patient finishes eating!
[2023-03-07 19:07:42,102][simglucose.simulation.scenario_gen][INFO] - Time for meal!
[2023-03-07 19:07:42,103][simglucose.patient.t1dpatient][INFO] - t = 13882.0, patient starts eating ...
[2023-03-07 19:07:42,109][simglucose.controller.basal_bolus_ctrller][INFO] - Calculating bolus ...
[2023-03-07 19:07:42,109][simglucose.controller.basal_bolus_ctrller][INFO] - Meal = 8 g/min
[2023-03-07 19:07:42,110][simglucose.controller.basal_bolus_ctrller][INFO] - glucose = 129.08293762207032
[2023-03-07 19:07:42,120][simglucose.patient.t1dpatient][INFO] - t = 13884.0, Patient finishes eating!
[2023-03-07 19:07:43,006][simglucose.simulation.scenario_gen][INFO] - Creating new one day scenario ...
[2023-03-07 19:07:45,191][simglucose.simulation.scenario_gen][INFO] - Time for meal!
[2023-03-07 19:07:45,192][simglucose.patient.t1dpatient][INFO] - t = 14454.0, patient starts eating ...
[2023-03-07 19:07:45,224][simglucose.controller.basal_bolus_ctrller][INFO] - Calculating bolus ...
[2023-03-07 19:07:45,225][simglucose.controller.basal_bolus_ctrller][INFO] - Meal = 39 g/min
[2023-03-07 19:07:45,225][simglucose.controller.basal_bolus_ctrller][INFO] - glucose = 120.72247314453125
[2023-03-07 19:07:45,365][simglucose.patient.t1dpatient][INFO] - t = 14462.0, Patient finishes eating!
[2023-03-07 19:07:47,293][simglucose.simulation.scenario_gen][INFO] - Time for meal!
[2023-03-07 19:07:47,293][simglucose.patient.t1dpatient][INFO] - t = 14828.0, patient starts eating ...
[2023-03-07 19:07:47,319][simglucose.controller.basal_bolus_ctrller][INFO] - Calculating bolus ...
[2023-03-07 19:07:47,320][simglucose.controller.basal_bolus_ctrller][INFO] - Meal = 89 g/min
[2023-03-07 19:07:47,320][simglucose.controller.basal_bolus_ctrller][INFO] - glucose = 116.61572723388672
[2023-03-07 19:07:47,485][simglucose.patient.t1dpatient][INFO] - t = 14846.0, Patient finishes eating!
[2023-03-07 19:07:48,280][simglucose.simulation.scenario_gen][INFO] - Time for meal!
[2023-03-07 19:07:48,281][simglucose.patient.t1dpatient][INFO] - t = 14999.0, patient starts eating ...
[2023-03-07 19:07:48,287][simglucose.controller.basal_bolus_ctrller][INFO] - Calculating bolus ...
[2023-03-07 19:07:48,288][simglucose.controller.basal_bolus_ctrller][INFO] - Meal = 2 g/min
[2023-03-07 19:07:48,288][simglucose.controller.basal_bolus_ctrller][INFO] - glucose = 147.54531860351562
[2023-03-07 19:07:48,289][simglucose.patient.t1dpatient][INFO] - t = 15000.0, Patient finishes eating!
[2023-03-07 19:07:49,492][simglucose.simulation.scenario_gen][INFO] - Time for meal!
[2023-03-07 19:07:50,193][simglucose.patient.t1dpatient][INFO] - t = 15216.0, patient starts eating ...
[2023-03-07 19:07:50,274][simglucose.controller.basal_bolus_ctrller][INFO] - Calculating bolus ...
[2023-03-07 19:07:50,276][simglucose.controller.basal_bolus_ctrller][INFO] - Meal = 96 g/min
[2023-03-07 19:07:50,276][simglucose.controller.basal_bolus_ctrller][INFO] - glucose = 110.26142730712891
[2023-03-07 19:07:50,463][simglucose.patient.t1dpatient][INFO] - t = 15236.0, Patient finishes eating!
[2023-03-07 19:07:51,744][simglucose.simulation.scenario_gen][INFO] - Creating new one day scenario ...
[2023-03-07 19:07:54,131][simglucose.simulation.scenario_gen][INFO] - Time for meal!
[2023-03-07 19:07:54,132][simglucose.patient.t1dpatient][INFO] - t = 15935.0, patient starts eating ...
[2023-03-07 19:07:54,162][simglucose.controller.basal_bolus_ctrller][INFO] - Calculating bolus ...
[2023-03-07 19:07:54,163][simglucose.controller.basal_bolus_ctrller][INFO] - Meal = 26 g/min
[2023-03-07 19:07:54,163][simglucose.controller.basal_bolus_ctrller][INFO] - glucose = 118.05657501220703
[2023-03-07 19:07:54,240][simglucose.patient.t1dpatient][INFO] - t = 15941.0, Patient finishes eating!
[2023-03-07 19:07:55,537][simglucose.simulation.scenario_gen][INFO] - Time for meal!
[2023-03-07 19:07:55,539][simglucose.patient.t1dpatient][INFO] - t = 16185.0, patient starts eating ...
[2023-03-07 19:07:55,567][simglucose.controller.basal_bolus_ctrller][INFO] - Calculating bolus ...
[2023-03-07 19:07:55,568][simglucose.controller.basal_bolus_ctrller][INFO] - Meal = 56 g/min
[2023-03-07 19:07:55,568][simglucose.controller.basal_bolus_ctrller][INFO] - glucose = 129.2220886230469
[2023-03-07 19:07:55,699][simglucose.patient.t1dpatient][INFO] - t = 16197.0, Patient finishes eating!
[2023-03-07 19:07:57,828][simglucose.simulation.scenario_gen][INFO] - Time for meal!
[2023-03-07 19:07:57,828][simglucose.patient.t1dpatient][INFO] - t = 16602.0, patient starts eating ...
[2023-03-07 19:07:57,861][simglucose.controller.basal_bolus_ctrller][INFO] - Calculating bolus ...
[2023-03-07 19:07:57,862][simglucose.controller.basal_bolus_ctrller][INFO] - Meal = 76 g/min
[2023-03-07 19:07:57,862][simglucose.controller.basal_bolus_ctrller][INFO] - glucose = 113.47472839355468
[2023-03-07 19:07:58,040][simglucose.patient.t1dpatient][INFO] - t = 16618.0, Patient finishes eating!
[2023-03-07 19:07:59,677][simglucose.simulation.scenario_gen][INFO] - Creating new one day scenario ...
[2023-03-07 19:08:01,734][simglucose.simulation.scenario_gen][INFO] - Time for meal!
[2023-03-07 19:08:01,735][simglucose.patient.t1dpatient][INFO] - t = 17308.0, patient starts eating ...
[2023-03-07 19:08:01,774][simglucose.controller.basal_bolus_ctrller][INFO] - Calculating bolus ...
[2023-03-07 19:08:01,775][simglucose.controller.basal_bolus_ctrller][INFO] - Meal = 48 g/min
[2023-03-07 19:08:01,775][simglucose.controller.basal_bolus_ctrller][INFO] - glucose = 117.53061218261719
[2023-03-07 19:08:01,887][simglucose.patient.t1dpatient][INFO] - t = 17318.0, Patient finishes eating!
[2023-03-07 19:08:03,821][simglucose.simulation.scenario_gen][INFO] - Time for meal!
[2023-03-07 19:08:03,821][simglucose.patient.t1dpatient][INFO] - t = 17690.0, patient starts eating ...
[2023-03-07 19:08:03,845][simglucose.controller.basal_bolus_ctrller][INFO] - Calculating bolus ...
[2023-03-07 19:08:03,846][simglucose.controller.basal_bolus_ctrller][INFO] - Meal = 71 g/min
[2023-03-07 19:08:03,846][simglucose.controller.basal_bolus_ctrller][INFO] - glucose = 134.98761596679688
[2023-03-07 19:08:04,016][simglucose.patient.t1dpatient][INFO] - t = 17705.0, Patient finishes eating!
[2023-03-07 19:08:05,202][simglucose.simulation.scenario_gen][INFO] - Time for meal!
[2023-03-07 19:08:05,203][simglucose.patient.t1dpatient][INFO] - t = 17923.0, patient starts eating ...
[2023-03-07 19:08:05,220][simglucose.controller.basal_bolus_ctrller][INFO] - Calculating bolus ...
[2023-03-07 19:08:05,221][simglucose.controller.basal_bolus_ctrller][INFO] - Meal = 89 g/min
[2023-03-07 19:08:05,221][simglucose.controller.basal_bolus_ctrller][INFO] - glucose = 111.9044418334961
[2023-03-07 19:08:05,351][simglucose.patient.t1dpatient][INFO] - t = 17941.0, Patient finishes eating!
[2023-03-07 19:08:07,539][simglucose.simulation.scenario_gen][INFO] - Creating new one day scenario ...
[2023-03-07 19:08:09,822][simglucose.simulation.scenario_gen][INFO] - Time for meal!
[2023-03-07 19:08:09,823][simglucose.patient.t1dpatient][INFO] - t = 18795.0, patient starts eating ...
[2023-03-07 19:08:09,857][simglucose.controller.basal_bolus_ctrller][INFO] - Calculating bolus ...
[2023-03-07 19:08:09,858][simglucose.controller.basal_bolus_ctrller][INFO] - Meal = 29 g/min
[2023-03-07 19:08:09,858][simglucose.controller.basal_bolus_ctrller][INFO] - glucose = 141.4000732421875
[2023-03-07 19:08:09,962][simglucose.patient.t1dpatient][INFO] - t = 18801.0, Patient finishes eating!
[2023-03-07 19:08:10,585][simglucose.simulation.scenario_gen][INFO] - Time for meal!
[2023-03-07 19:08:10,586][simglucose.patient.t1dpatient][INFO] - t = 18917.0, patient starts eating ...
[2023-03-07 19:08:10,604][simglucose.controller.basal_bolus_ctrller][INFO] - Calculating bolus ...
[2023-03-07 19:08:10,604][simglucose.controller.basal_bolus_ctrller][INFO] - Meal = 10 g/min
[2023-03-07 19:08:10,604][simglucose.controller.basal_bolus_ctrller][INFO] - glucose = 137.84931030273438
[2023-03-07 19:08:10,617][simglucose.patient.t1dpatient][INFO] - t = 18919.0, Patient finishes eating!
[2023-03-07 19:08:11,436][simglucose.simulation.scenario_gen][INFO] - Time for meal!
[2023-03-07 19:08:11,437][simglucose.patient.t1dpatient][INFO] - t = 19075.0, patient starts eating ...
[2023-03-07 19:08:11,454][simglucose.controller.basal_bolus_ctrller][INFO] - Calculating bolus ...
[2023-03-07 19:08:11,455][simglucose.controller.basal_bolus_ctrller][INFO] - Meal = 61 g/min
[2023-03-07 19:08:11,455][simglucose.controller.basal_bolus_ctrller][INFO] - glucose = 142.32784118652344
[2023-03-07 19:08:11,570][simglucose.patient.t1dpatient][INFO] - t = 19088.0, Patient finishes eating!
[2023-03-07 19:08:12,433][simglucose.simulation.scenario_gen][INFO] - Time for meal!
[2023-03-07 19:08:12,434][simglucose.patient.t1dpatient][INFO] - t = 19254.0, patient starts eating ...
[2023-03-07 19:08:12,439][simglucose.controller.basal_bolus_ctrller][INFO] - Calculating bolus ...
[2023-03-07 19:08:12,439][simglucose.controller.basal_bolus_ctrller][INFO] - Meal = 11 g/min
[2023-03-07 19:08:12,440][simglucose.controller.basal_bolus_ctrller][INFO] - glucose = 116.18518829345703
[2023-03-07 19:08:12,460][simglucose.patient.t1dpatient][INFO] - t = 19257.0, Patient finishes eating!
[2023-03-07 19:08:13,245][simglucose.simulation.scenario_gen][INFO] - Time for meal!
[2023-03-07 19:08:13,246][simglucose.patient.t1dpatient][INFO] - t = 19402.0, patient starts eating ...
[2023-03-07 19:08:13,266][simglucose.controller.basal_bolus_ctrller][INFO] - Calculating bolus ...
[2023-03-07 19:08:13,268][simglucose.controller.basal_bolus_ctrller][INFO] - Meal = 90 g/min
[2023-03-07 19:08:13,268][simglucose.controller.basal_bolus_ctrller][INFO] - glucose = 108.50337829589844
[2023-03-07 19:08:13,434][simglucose.patient.t1dpatient][INFO] - t = 19420.0, Patient finishes eating!
[2023-03-07 19:08:15,438][simglucose.simulation.scenario_gen][INFO] - Creating new one day scenario ...
[2023-03-07 19:08:17,800][simglucose.simulation.scenario_gen][INFO] - Time for meal!
[2023-03-07 19:08:17,801][simglucose.patient.t1dpatient][INFO] - t = 20250.0, patient starts eating ...
[2023-03-07 19:08:17,832][simglucose.controller.basal_bolus_ctrller][INFO] - Calculating bolus ...
[2023-03-07 19:08:17,833][simglucose.controller.basal_bolus_ctrller][INFO] - Meal = 37 g/min
[2023-03-07 19:08:17,833][simglucose.controller.basal_bolus_ctrller][INFO] - glucose = 146.19953308105468
[2023-03-07 19:08:17,940][simglucose.patient.t1dpatient][INFO] - t = 20258.0, Patient finishes eating!
[2023-03-07 19:08:19,457][simglucose.simulation.scenario_gen][INFO] - Time for meal!
[2023-03-07 19:08:19,458][simglucose.patient.t1dpatient][INFO] - t = 20549.0, patient starts eating ...
[2023-03-07 19:08:19,474][simglucose.controller.basal_bolus_ctrller][INFO] - Calculating bolus ...
[2023-03-07 19:08:19,474][simglucose.controller.basal_bolus_ctrller][INFO] - Meal = 58 g/min
[2023-03-07 19:08:19,475][simglucose.controller.basal_bolus_ctrller][INFO] - glucose = 127.98673706054687
[2023-03-07 19:08:19,616][simglucose.patient.t1dpatient][INFO] - t = 20561.0, Patient finishes eating!
[2023-03-07 19:08:21,474][simglucose.simulation.scenario_gen][INFO] - Time for meal!
[2023-03-07 19:08:21,475][simglucose.patient.t1dpatient][INFO] - t = 20919.0, patient starts eating ...
[2023-03-07 19:08:21,493][simglucose.controller.basal_bolus_ctrller][INFO] - Calculating bolus ...
[2023-03-07 19:08:21,494][simglucose.controller.basal_bolus_ctrller][INFO] - Meal = 83 g/min
[2023-03-07 19:08:21,494][simglucose.controller.basal_bolus_ctrller][INFO] - glucose = 88.46365051269531
[2023-03-07 19:08:21,671][simglucose.patient.t1dpatient][INFO] - t = 20936.0, Patient finishes eating!
[2023-03-07 19:08:23,354][simglucose.simulation.scenario_gen][INFO] - Creating new one day scenario ...
[2023-03-07 19:08:25,413][simglucose.simulation.scenario_gen][INFO] - Time for meal!
[2023-03-07 19:08:25,414][simglucose.patient.t1dpatient][INFO] - t = 21626.0, patient starts eating ...
[2023-03-07 19:08:25,441][simglucose.controller.basal_bolus_ctrller][INFO] - Calculating bolus ...
[2023-03-07 19:08:25,442][simglucose.controller.basal_bolus_ctrller][INFO] - Meal = 44 g/min
[2023-03-07 19:08:25,442][simglucose.controller.basal_bolus_ctrller][INFO] - glucose = 117.80411987304687
[2023-03-07 19:08:25,549][simglucose.patient.t1dpatient][INFO] - t = 21635.0, Patient finishes eating!
[2023-03-07 19:08:27,223][simglucose.simulation.scenario_gen][INFO] - Time for meal!
[2023-03-07 19:08:27,224][simglucose.patient.t1dpatient][INFO] - t = 21949.0, patient starts eating ...
[2023-03-07 19:08:27,247][simglucose.controller.basal_bolus_ctrller][INFO] - Calculating bolus ...
[2023-03-07 19:08:27,248][simglucose.controller.basal_bolus_ctrller][INFO] - Meal = 42 g/min
[2023-03-07 19:08:27,248][simglucose.controller.basal_bolus_ctrller][INFO] - glucose = 107.240625
[2023-03-07 19:08:27,362][simglucose.patient.t1dpatient][INFO] - t = 21958.0, Patient finishes eating!
[2023-03-07 19:08:29,543][simglucose.simulation.scenario_gen][INFO] - Time for meal!
[2023-03-07 19:08:29,544][simglucose.patient.t1dpatient][INFO] - t = 22374.0, patient starts eating ...
[2023-03-07 19:08:29,568][simglucose.controller.basal_bolus_ctrller][INFO] - Calculating bolus ...
[2023-03-07 19:08:29,568][simglucose.controller.basal_bolus_ctrller][INFO] - Meal = 87 g/min
[2023-03-07 19:08:29,569][simglucose.controller.basal_bolus_ctrller][INFO] - glucose = 118.33035583496094
[2023-03-07 19:08:29,726][simglucose.patient.t1dpatient][INFO] - t = 22392.0, Patient finishes eating!
[2023-03-07 19:08:31,254][simglucose.simulation.scenario_gen][INFO] - Creating new one day scenario ...
[2023-03-07 19:08:33,646][simglucose.simulation.scenario_gen][INFO] - Time for meal!
[2023-03-07 19:08:33,647][simglucose.patient.t1dpatient][INFO] - t = 23130.0, patient starts eating ...
[2023-03-07 19:08:33,678][simglucose.controller.basal_bolus_ctrller][INFO] - Calculating bolus ...
[2023-03-07 19:08:33,679][simglucose.controller.basal_bolus_ctrller][INFO] - Meal = 43 g/min
[2023-03-07 19:08:33,679][simglucose.controller.basal_bolus_ctrller][INFO] - glucose = 130.63963623046874
[2023-03-07 19:08:33,828][simglucose.patient.t1dpatient][INFO] - t = 23139.0, Patient finishes eating!
[2023-03-07 19:08:35,183][simglucose.simulation.scenario_gen][INFO] - Time for meal!
[2023-03-07 19:08:35,184][simglucose.patient.t1dpatient][INFO] - t = 23396.0, patient starts eating ...
[2023-03-07 19:08:35,202][simglucose.controller.basal_bolus_ctrller][INFO] - Calculating bolus ...
[2023-03-07 19:08:35,203][simglucose.controller.basal_bolus_ctrller][INFO] - Meal = 70 g/min
[2023-03-07 19:08:35,203][simglucose.controller.basal_bolus_ctrller][INFO] - glucose = 126.21370697021484
[2023-03-07 19:08:35,350][simglucose.patient.t1dpatient][INFO] - t = 23410.0, Patient finishes eating!
[2023-03-07 19:08:36,633][simglucose.simulation.scenario_gen][INFO] - Time for meal!
[2023-03-07 19:08:36,634][simglucose.patient.t1dpatient][INFO] - t = 23649.0, patient starts eating ...
[2023-03-07 19:08:36,654][simglucose.controller.basal_bolus_ctrller][INFO] - Calculating bolus ...
[2023-03-07 19:08:36,655][simglucose.controller.basal_bolus_ctrller][INFO] - Meal = 77 g/min
[2023-03-07 19:08:36,655][simglucose.controller.basal_bolus_ctrller][INFO] - glucose = 100.06443939208984
[2023-03-07 19:08:36,811][simglucose.patient.t1dpatient][INFO] - t = 23665.0, Patient finishes eating!
[2023-03-07 19:08:39,214][simglucose.simulation.scenario_gen][INFO] - Creating new one day scenario ...
[2023-03-07 19:08:42,772][simglucose.simulation.scenario_gen][INFO] - Time for meal!
[2023-03-07 19:08:42,774][simglucose.patient.t1dpatient][INFO] - t = 24805.0, patient starts eating ...
[2023-03-07 19:08:42,847][simglucose.controller.basal_bolus_ctrller][INFO] - Calculating bolus ...
[2023-03-07 19:08:42,848][simglucose.controller.basal_bolus_ctrller][INFO] - Meal = 67 g/min
[2023-03-07 19:08:42,849][simglucose.controller.basal_bolus_ctrller][INFO] - glucose = 149.79818115234374
[2023-03-07 19:08:43,050][simglucose.patient.t1dpatient][INFO] - t = 24819.0, Patient finishes eating!
[2023-03-07 19:08:45,170][simglucose.simulation.scenario_gen][INFO] - Time for meal!
[2023-03-07 19:08:45,172][simglucose.patient.t1dpatient][INFO] - t = 25217.0, patient starts eating ...
[2023-03-07 19:08:45,193][simglucose.controller.basal_bolus_ctrller][INFO] - Calculating bolus ...
[2023-03-07 19:08:45,194][simglucose.controller.basal_bolus_ctrller][INFO] - Meal = 89 g/min
[2023-03-07 19:08:45,195][simglucose.controller.basal_bolus_ctrller][INFO] - glucose = 117.49014739990234
[2023-03-07 19:08:45,347][simglucose.patient.t1dpatient][INFO] - t = 25235.0, Patient finishes eating!
[2023-03-07 19:08:46,586][simglucose.simulation.scenario_gen][INFO] - Time for meal!
[2023-03-07 19:08:46,586][simglucose.patient.t1dpatient][INFO] - t = 25447.0, patient starts eating ...
[2023-03-07 19:08:46,600][simglucose.controller.basal_bolus_ctrller][INFO] - Calculating bolus ...
[2023-03-07 19:08:46,601][simglucose.controller.basal_bolus_ctrller][INFO] - Meal = 14 g/min
[2023-03-07 19:08:46,601][simglucose.controller.basal_bolus_ctrller][INFO] - glucose = 109.03854370117188
[2023-03-07 19:08:46,620][simglucose.patient.t1dpatient][INFO] - t = 25450.0, Patient finishes eating!
[2023-03-07 19:08:47,220][simglucose.simulation.scenario_gen][INFO] - Creating new one day scenario ...
[2023-03-07 19:08:49,480][simglucose.simulation.scenario_gen][INFO] - Time for meal!
[2023-03-07 19:08:49,481][simglucose.patient.t1dpatient][INFO] - t = 25999.0, patient starts eating ...
[2023-03-07 19:08:49,514][simglucose.controller.basal_bolus_ctrller][INFO] - Calculating bolus ...
[2023-03-07 19:08:49,515][simglucose.controller.basal_bolus_ctrller][INFO] - Meal = 37 g/min
[2023-03-07 19:08:49,515][simglucose.controller.basal_bolus_ctrller][INFO] - glucose = 136.99473571777344
[2023-03-07 19:08:49,620][simglucose.patient.t1dpatient][INFO] - t = 26007.0, Patient finishes eating!
[2023-03-07 19:08:50,910][simglucose.simulation.scenario_gen][INFO] - Time for meal!
[2023-03-07 19:08:50,911][simglucose.patient.t1dpatient][INFO] - t = 26246.0, patient starts eating ...
[2023-03-07 19:08:50,925][simglucose.controller.basal_bolus_ctrller][INFO] - Calculating bolus ...
[2023-03-07 19:08:50,926][simglucose.controller.basal_bolus_ctrller][INFO] - Meal = 82 g/min
[2023-03-07 19:08:50,927][simglucose.controller.basal_bolus_ctrller][INFO] - glucose = 120.96401977539062
[2023-03-07 19:08:51,063][simglucose.patient.t1dpatient][INFO] - t = 26263.0, Patient finishes eating!
[2023-03-07 19:08:53,021][simglucose.simulation.scenario_gen][INFO] - Time for meal!
[2023-03-07 19:08:53,021][simglucose.patient.t1dpatient][INFO] - t = 26638.0, patient starts eating ...
[2023-03-07 19:08:53,044][simglucose.controller.basal_bolus_ctrller][INFO] - Calculating bolus ...
[2023-03-07 19:08:53,044][simglucose.controller.basal_bolus_ctrller][INFO] - Meal = 66 g/min
[2023-03-07 19:08:53,045][simglucose.controller.basal_bolus_ctrller][INFO] - glucose = 110.00046081542969
[2023-03-07 19:08:53,163][simglucose.patient.t1dpatient][INFO] - t = 26652.0, Patient finishes eating!
[2023-03-07 19:08:54,455][simglucose.simulation.scenario_gen][INFO] - Time for meal!
[2023-03-07 19:08:54,456][simglucose.patient.t1dpatient][INFO] - t = 26895.0, patient starts eating ...
[2023-03-07 19:08:54,478][simglucose.controller.basal_bolus_ctrller][INFO] - Calculating bolus ...
[2023-03-07 19:08:54,478][simglucose.controller.basal_bolus_ctrller][INFO] - Meal = 7 g/min
[2023-03-07 19:08:54,478][simglucose.controller.basal_bolus_ctrller][INFO] - glucose = 100.31402282714843
[2023-03-07 19:08:54,488][simglucose.patient.t1dpatient][INFO] - t = 26897.0, Patient finishes eating!
[2023-03-07 19:08:55,079][simglucose.simulation.scenario_gen][INFO] - Creating new one day scenario ...
[2023-03-07 19:08:57,616][simglucose.simulation.scenario_gen][INFO] - Time for meal!
[2023-03-07 19:08:57,618][simglucose.patient.t1dpatient][INFO] - t = 27480.0, patient starts eating ...
[2023-03-07 19:08:57,644][simglucose.controller.basal_bolus_ctrller][INFO] - Calculating bolus ...
[2023-03-07 19:08:57,645][simglucose.controller.basal_bolus_ctrller][INFO] - Meal = 49 g/min
[2023-03-07 19:08:57,645][simglucose.controller.basal_bolus_ctrller][INFO] - glucose = 148.28583374023438
[2023-03-07 19:08:57,769][simglucose.patient.t1dpatient][INFO] - t = 27490.0, Patient finishes eating!
[2023-03-07 19:08:58,586][simglucose.simulation.scenario_gen][INFO] - Time for meal!
[2023-03-07 19:08:58,587][simglucose.patient.t1dpatient][INFO] - t = 27639.0, patient starts eating ...
[2023-03-07 19:08:58,608][simglucose.controller.basal_bolus_ctrller][INFO] - Calculating bolus ...
[2023-03-07 19:08:58,609][simglucose.controller.basal_bolus_ctrller][INFO] - Meal = 70 g/min
[2023-03-07 19:08:58,609][simglucose.controller.basal_bolus_ctrller][INFO] - glucose = 127.37931823730469
[2023-03-07 19:08:58,765][simglucose.patient.t1dpatient][INFO] - t = 27653.0, Patient finishes eating!
[2023-03-07 19:09:00,735][simglucose.simulation.scenario_gen][INFO] - Time for meal!
[2023-03-07 19:09:00,736][simglucose.patient.t1dpatient][INFO] - t = 28024.0, patient starts eating ...
[2023-03-07 19:09:00,753][simglucose.controller.basal_bolus_ctrller][INFO] - Calculating bolus ...
[2023-03-07 19:09:00,754][simglucose.controller.basal_bolus_ctrller][INFO] - Meal = 74 g/min
[2023-03-07 19:09:00,754][simglucose.controller.basal_bolus_ctrller][INFO] - glucose = 87.67827758789062
[2023-03-07 19:09:00,911][simglucose.patient.t1dpatient][INFO] - t = 28039.0, Patient finishes eating!
[2023-03-07 19:09:03,022][simglucose.simulation.scenario_gen][INFO] - Creating new one day scenario ...
[2023-03-07 19:09:05,341][simglucose.simulation.scenario_gen][INFO] - Time for meal!
[2023-03-07 19:09:05,342][simglucose.patient.t1dpatient][INFO] - t = 28863.0, patient starts eating ...
[2023-03-07 19:09:05,383][simglucose.controller.basal_bolus_ctrller][INFO] - Calculating bolus ...
[2023-03-07 19:09:05,384][simglucose.controller.basal_bolus_ctrller][INFO] - Meal = 36 g/min
[2023-03-07 19:09:05,384][simglucose.controller.basal_bolus_ctrller][INFO] - glucose = 143.42796325683594
[2023-03-07 19:09:05,511][simglucose.patient.t1dpatient][INFO] - t = 28871.0, Patient finishes eating!
[2023-03-07 19:09:06,907][simglucose.simulation.scenario_gen][INFO] - Time for meal!
[2023-03-07 19:09:06,908][simglucose.patient.t1dpatient][INFO] - t = 29132.0, patient starts eating ...
[2023-03-07 19:09:06,938][simglucose.controller.basal_bolus_ctrller][INFO] - Calculating bolus ...
[2023-03-07 19:09:06,939][simglucose.controller.basal_bolus_ctrller][INFO] - Meal = 75 g/min
[2023-03-07 19:09:06,939][simglucose.controller.basal_bolus_ctrller][INFO] - glucose = 116.58619842529296
[2023-03-07 19:09:07,067][simglucose.patient.t1dpatient][INFO] - t = 29147.0, Patient finishes eating!
[2023-03-07 19:09:09,063][simglucose.simulation.scenario_gen][INFO] - Time for meal!
[2023-03-07 19:09:09,064][simglucose.patient.t1dpatient][INFO] - t = 29525.0, patient starts eating ...
[2023-03-07 19:09:09,081][simglucose.controller.basal_bolus_ctrller][INFO] - Calculating bolus ...
[2023-03-07 19:09:09,081][simglucose.controller.basal_bolus_ctrller][INFO] - Meal = 88 g/min
[2023-03-07 19:09:09,082][simglucose.controller.basal_bolus_ctrller][INFO] - glucose = 96.77959594726562
[2023-03-07 19:09:09,226][simglucose.patient.t1dpatient][INFO] - t = 29543.0, Patient finishes eating!
[2023-03-07 19:09:10,986][simglucose.simulation.scenario_gen][INFO] - Creating new one day scenario ...
[2023-03-07 19:09:13,261][simglucose.simulation.scenario_gen][INFO] - Time for meal!
[2023-03-07 19:09:13,261][simglucose.patient.t1dpatient][INFO] - t = 30317.0, patient starts eating ...
[2023-03-07 19:09:13,295][simglucose.controller.basal_bolus_ctrller][INFO] - Calculating bolus ...
[2023-03-07 19:09:13,296][simglucose.controller.basal_bolus_ctrller][INFO] - Meal = 53 g/min
[2023-03-07 19:09:13,297][simglucose.controller.basal_bolus_ctrller][INFO] - glucose = 138.85437927246093
[2023-03-07 19:09:13,431][simglucose.patient.t1dpatient][INFO] - t = 30328.0, Patient finishes eating!
[2023-03-07 19:09:14,683][simglucose.simulation.scenario_gen][INFO] - Time for meal!
[2023-03-07 19:09:14,684][simglucose.patient.t1dpatient][INFO] - t = 30560.0, patient starts eating ...
[2023-03-07 19:09:14,703][simglucose.controller.basal_bolus_ctrller][INFO] - Calculating bolus ...
[2023-03-07 19:09:14,704][simglucose.controller.basal_bolus_ctrller][INFO] - Meal = 61 g/min
[2023-03-07 19:09:14,704][simglucose.controller.basal_bolus_ctrller][INFO] - glucose = 124.77525329589844
[2023-03-07 19:09:14,844][simglucose.patient.t1dpatient][INFO] - t = 30573.0, Patient finishes eating!
[2023-03-07 19:09:17,685][simglucose.simulation.scenario_gen][INFO] - Time for meal!
[2023-03-07 19:09:17,686][simglucose.patient.t1dpatient][INFO] - t = 31108.0, patient starts eating ...
[2023-03-07 19:09:17,713][simglucose.controller.basal_bolus_ctrller][INFO] - Calculating bolus ...
[2023-03-07 19:09:17,714][simglucose.controller.basal_bolus_ctrller][INFO] - Meal = 14 g/min
[2023-03-07 19:09:17,714][simglucose.controller.basal_bolus_ctrller][INFO] - glucose = 123.55057830810547
[2023-03-07 19:09:17,762][simglucose.patient.t1dpatient][INFO] - t = 31111.0, Patient finishes eating!
[2023-03-07 19:09:18,858][simglucose.simulation.scenario_gen][INFO] - Creating new one day scenario ...
[2023-03-07 19:09:20,914][simglucose.simulation.scenario_gen][INFO] - Time for meal!
[2023-03-07 19:09:20,915][simglucose.patient.t1dpatient][INFO] - t = 31713.0, patient starts eating ...
[2023-03-07 19:09:20,940][simglucose.controller.basal_bolus_ctrller][INFO] - Calculating bolus ...
[2023-03-07 19:09:20,940][simglucose.controller.basal_bolus_ctrller][INFO] - Meal = 58 g/min
[2023-03-07 19:09:20,941][simglucose.controller.basal_bolus_ctrller][INFO] - glucose = 144.54352111816405
[2023-03-07 19:09:21,092][simglucose.patient.t1dpatient][INFO] - t = 31725.0, Patient finishes eating!
[2023-03-07 19:09:22,919][simglucose.simulation.scenario_gen][INFO] - Time for meal!
[2023-03-07 19:09:22,920][simglucose.patient.t1dpatient][INFO] - t = 32072.0, patient starts eating ...
[2023-03-07 19:09:22,941][simglucose.controller.basal_bolus_ctrller][INFO] - Calculating bolus ...
[2023-03-07 19:09:22,942][simglucose.controller.basal_bolus_ctrller][INFO] - Meal = 73 g/min
[2023-03-07 19:09:22,943][simglucose.controller.basal_bolus_ctrller][INFO] - glucose = 113.65634155273438
[2023-03-07 19:09:23,070][simglucose.patient.t1dpatient][INFO] - t = 32087.0, Patient finishes eating!
[2023-03-07 19:09:24,137][simglucose.simulation.scenario_gen][INFO] - Time for meal!
[2023-03-07 19:09:24,138][simglucose.patient.t1dpatient][INFO] - t = 32294.0, patient starts eating ...
[2023-03-07 19:09:24,157][simglucose.controller.basal_bolus_ctrller][INFO] - Calculating bolus ...
[2023-03-07 19:09:24,157][simglucose.controller.basal_bolus_ctrller][INFO] - Meal = 83 g/min
[2023-03-07 19:09:24,158][simglucose.controller.basal_bolus_ctrller][INFO] - glucose = 111.43469543457032
[2023-03-07 19:09:24,313][simglucose.patient.t1dpatient][INFO] - t = 32311.0, Patient finishes eating!
[2023-03-07 19:09:26,664][simglucose.simulation.scenario_gen][INFO] - Creating new one day scenario ...
[2023-03-07 19:09:29,274][simglucose.simulation.scenario_gen][INFO] - Time for meal!
[2023-03-07 19:09:29,275][simglucose.patient.t1dpatient][INFO] - t = 33266.0, patient starts eating ...
[2023-03-07 19:09:29,328][simglucose.controller.basal_bolus_ctrller][INFO] - Calculating bolus ...
[2023-03-07 19:09:29,330][simglucose.controller.basal_bolus_ctrller][INFO] - Meal = 56 g/min
[2023-03-07 19:09:29,330][simglucose.controller.basal_bolus_ctrller][INFO] - glucose = 163.76921997070312
[2023-03-07 19:09:29,522][simglucose.patient.t1dpatient][INFO] - t = 33278.0, Patient finishes eating!
[2023-03-07 19:09:29,822][simglucose.simulation.scenario_gen][INFO] - Time for meal!
[2023-03-07 19:09:29,823][simglucose.patient.t1dpatient][INFO] - t = 33335.0, patient starts eating ...
[2023-03-07 19:09:29,830][simglucose.controller.basal_bolus_ctrller][INFO] - Calculating bolus ...
[2023-03-07 19:09:29,830][simglucose.controller.basal_bolus_ctrller][INFO] - Meal = 9 g/min
[2023-03-07 19:09:29,831][simglucose.controller.basal_bolus_ctrller][INFO] - glucose = 150.90180053710938
[2023-03-07 19:09:29,841][simglucose.patient.t1dpatient][INFO] - t = 33337.0, Patient finishes eating!
[2023-03-07 19:09:30,121][simglucose.simulation.scenario_gen][INFO] - Time for meal!
[2023-03-07 19:09:30,122][simglucose.patient.t1dpatient][INFO] - t = 33377.0, patient starts eating ...
[2023-03-07 19:09:30,128][simglucose.controller.basal_bolus_ctrller][INFO] - Calculating bolus ...
[2023-03-07 19:09:30,129][simglucose.controller.basal_bolus_ctrller][INFO] - Meal = 83 g/min
[2023-03-07 19:09:30,129][simglucose.controller.basal_bolus_ctrller][INFO] - glucose = 145.19326782226562
[2023-03-07 19:09:30,275][simglucose.patient.t1dpatient][INFO] - t = 33394.0, Patient finishes eating!
[2023-03-07 19:09:32,598][simglucose.simulation.scenario_gen][INFO] - Time for meal!
[2023-03-07 19:09:32,598][simglucose.patient.t1dpatient][INFO] - t = 33835.0, patient starts eating ...
[2023-03-07 19:09:32,640][simglucose.controller.basal_bolus_ctrller][INFO] - Calculating bolus ...
[2023-03-07 19:09:32,641][simglucose.controller.basal_bolus_ctrller][INFO] - Meal = 91 g/min
[2023-03-07 19:09:32,641][simglucose.controller.basal_bolus_ctrller][INFO] - glucose = 91.98506774902344
[2023-03-07 19:09:32,847][simglucose.patient.t1dpatient][INFO] - t = 33854.0, Patient finishes eating!
[2023-03-07 19:09:34,670][simglucose.simulation.scenario_gen][INFO] - Creating new one day scenario ...
[2023-03-07 19:09:37,194][simglucose.simulation.scenario_gen][INFO] - Time for meal!
[2023-03-07 19:09:37,195][simglucose.patient.t1dpatient][INFO] - t = 34647.0, patient starts eating ...
[2023-03-07 19:09:37,230][simglucose.controller.basal_bolus_ctrller][INFO] - Calculating bolus ...
[2023-03-07 19:09:37,231][simglucose.controller.basal_bolus_ctrller][INFO] - Meal = 39 g/min
[2023-03-07 19:09:37,232][simglucose.controller.basal_bolus_ctrller][INFO] - glucose = 159.6114074707031
[2023-03-07 19:09:37,407][simglucose.patient.t1dpatient][INFO] - t = 34655.0, Patient finishes eating!
[2023-03-07 19:09:37,999][simglucose.simulation.scenario_gen][INFO] - Time for meal!
[2023-03-07 19:09:38,000][simglucose.patient.t1dpatient][INFO] - t = 34761.0, patient starts eating ...
[2023-03-07 19:09:38,006][simglucose.controller.basal_bolus_ctrller][INFO] - Calculating bolus ...
[2023-03-07 19:09:38,007][simglucose.controller.basal_bolus_ctrller][INFO] - Meal = 14 g/min
[2023-03-07 19:09:38,007][simglucose.controller.basal_bolus_ctrller][INFO] - glucose = 154.62899169921874
[2023-03-07 19:09:38,025][simglucose.patient.t1dpatient][INFO] - t = 34764.0, Patient finishes eating!
[2023-03-07 19:09:39,137][simglucose.simulation.scenario_gen][INFO] - Time for meal!
[2023-03-07 19:09:39,138][simglucose.patient.t1dpatient][INFO] - t = 34975.0, patient starts eating ...
[2023-03-07 19:09:39,160][simglucose.controller.basal_bolus_ctrller][INFO] - Calculating bolus ...
[2023-03-07 19:09:39,162][simglucose.controller.basal_bolus_ctrller][INFO] - Meal = 54 g/min
[2023-03-07 19:09:39,162][simglucose.controller.basal_bolus_ctrller][INFO] - glucose = 116.30428924560547
[2023-03-07 19:09:39,308][simglucose.patient.t1dpatient][INFO] - t = 34986.0, Patient finishes eating!
[2023-03-07 19:09:41,349][simglucose.simulation.scenario_gen][INFO] - Time for meal!
[2023-03-07 19:09:41,350][simglucose.patient.t1dpatient][INFO] - t = 35369.0, patient starts eating ...
[2023-03-07 19:09:41,373][simglucose.controller.basal_bolus_ctrller][INFO] - Calculating bolus ...
[2023-03-07 19:09:41,374][simglucose.controller.basal_bolus_ctrller][INFO] - Meal = 59 g/min
[2023-03-07 19:09:41,375][simglucose.controller.basal_bolus_ctrller][INFO] - glucose = 98.75912017822266
[2023-03-07 19:09:41,507][simglucose.patient.t1dpatient][INFO] - t = 35381.0, Patient finishes eating!
[2023-03-07 19:09:42,904][simglucose.simulation.scenario_gen][INFO] - Creating new one day scenario ...
[2023-03-07 19:09:44,785][simglucose.simulation.scenario_gen][INFO] - Time for meal!
[2023-03-07 19:09:44,786][simglucose.patient.t1dpatient][INFO] - t = 35997.0, patient starts eating ...
[2023-03-07 19:09:44,819][simglucose.controller.basal_bolus_ctrller][INFO] - Calculating bolus ...
[2023-03-07 19:09:44,820][simglucose.controller.basal_bolus_ctrller][INFO] - Meal = 52 g/min
[2023-03-07 19:09:44,820][simglucose.controller.basal_bolus_ctrller][INFO] - glucose = 151.59114685058594
[2023-03-07 19:09:44,947][simglucose.patient.t1dpatient][INFO] - t = 36008.0, Patient finishes eating!
[2023-03-07 19:09:46,157][simglucose.simulation.scenario_gen][INFO] - Time for meal!
[2023-03-07 19:09:46,158][simglucose.patient.t1dpatient][INFO] - t = 36233.0, patient starts eating ...
[2023-03-07 19:09:46,176][simglucose.controller.basal_bolus_ctrller][INFO] - Calculating bolus ...
[2023-03-07 19:09:46,176][simglucose.controller.basal_bolus_ctrller][INFO] - Meal = 6 g/min
[2023-03-07 19:09:46,177][simglucose.controller.basal_bolus_ctrller][INFO] - glucose = 121.59303436279296
[2023-03-07 19:09:46,189][simglucose.patient.t1dpatient][INFO] - t = 36235.0, Patient finishes eating!
[2023-03-07 19:09:47,222][simglucose.simulation.scenario_gen][INFO] - Time for meal!
[2023-03-07 19:09:47,223][simglucose.patient.t1dpatient][INFO] - t = 36431.0, patient starts eating ...
[2023-03-07 19:09:47,247][simglucose.controller.basal_bolus_ctrller][INFO] - Calculating bolus ...
[2023-03-07 19:09:47,248][simglucose.controller.basal_bolus_ctrller][INFO] - Meal = 76 g/min
[2023-03-07 19:09:47,248][simglucose.controller.basal_bolus_ctrller][INFO] - glucose = 108.85785827636718
[2023-03-07 19:09:47,379][simglucose.patient.t1dpatient][INFO] - t = 36447.0, Patient finishes eating!
[2023-03-07 19:09:48,899][simglucose.simulation.scenario_gen][INFO] - Time for meal!
[2023-03-07 19:09:48,900][simglucose.patient.t1dpatient][INFO] - t = 36739.0, patient starts eating ...
[2023-03-07 19:09:48,921][simglucose.controller.basal_bolus_ctrller][INFO] - Calculating bolus ...
[2023-03-07 19:09:48,922][simglucose.controller.basal_bolus_ctrller][INFO] - Meal = 70 g/min
[2023-03-07 19:09:48,922][simglucose.controller.basal_bolus_ctrller][INFO] - glucose = 116.27203826904297
[2023-03-07 19:09:49,066][simglucose.patient.t1dpatient][INFO] - t = 36753.0, Patient finishes eating!
[2023-03-07 19:09:49,885][simglucose.simulation.scenario_gen][INFO] - Time for meal!
[2023-03-07 19:09:49,886][simglucose.patient.t1dpatient][INFO] - t = 36903.0, patient starts eating ...
[2023-03-07 19:09:49,892][simglucose.controller.basal_bolus_ctrller][INFO] - Calculating bolus ...
[2023-03-07 19:09:49,893][simglucose.controller.basal_bolus_ctrller][INFO] - Meal = 12 g/min
[2023-03-07 19:09:49,893][simglucose.controller.basal_bolus_ctrller][INFO] - glucose = 103.19663848876954
[2023-03-07 19:09:49,914][simglucose.patient.t1dpatient][INFO] - t = 36906.0, Patient finishes eating!
[2023-03-07 19:09:50,843][simglucose.simulation.scenario_gen][INFO] - Creating new one day scenario ...
[2023-03-07 19:09:53,034][simglucose.simulation.scenario_gen][INFO] - Time for meal!
[2023-03-07 19:09:53,035][simglucose.patient.t1dpatient][INFO] - t = 37500.0, patient starts eating ...
[2023-03-07 19:09:53,068][simglucose.controller.basal_bolus_ctrller][INFO] - Calculating bolus ...
[2023-03-07 19:09:53,069][simglucose.controller.basal_bolus_ctrller][INFO] - Meal = 53 g/min
[2023-03-07 19:09:53,069][simglucose.controller.basal_bolus_ctrller][INFO] - glucose = 121.29601593017578
[2023-03-07 19:09:53,204][simglucose.patient.t1dpatient][INFO] - t = 37511.0, Patient finishes eating!
[2023-03-07 19:09:54,713][simglucose.simulation.scenario_gen][INFO] - Time for meal!
[2023-03-07 19:09:54,714][simglucose.patient.t1dpatient][INFO] - t = 37787.0, patient starts eating ...
[2023-03-07 19:09:54,742][simglucose.controller.basal_bolus_ctrller][INFO] - Calculating bolus ...
[2023-03-07 19:09:54,743][simglucose.controller.basal_bolus_ctrller][INFO] - Meal = 75 g/min
[2023-03-07 19:09:54,743][simglucose.controller.basal_bolus_ctrller][INFO] - glucose = 119.09181060791016
[2023-03-07 19:09:54,901][simglucose.patient.t1dpatient][INFO] - t = 37802.0, Patient finishes eating!
[2023-03-07 19:09:56,838][simglucose.simulation.scenario_gen][INFO] - Time for meal!
[2023-03-07 19:09:56,839][simglucose.patient.t1dpatient][INFO] - t = 38122.0, patient starts eating ...
[2023-03-07 19:09:56,865][simglucose.controller.basal_bolus_ctrller][INFO] - Calculating bolus ...
[2023-03-07 19:09:56,866][simglucose.controller.basal_bolus_ctrller][INFO] - Meal = 89 g/min
[2023-03-07 19:09:56,866][simglucose.controller.basal_bolus_ctrller][INFO] - glucose = 108.91351165771485
[2023-03-07 19:09:57,025][simglucose.patient.t1dpatient][INFO] - t = 38140.0, Patient finishes eating!
[2023-03-07 19:09:59,279][simglucose.simulation.scenario_gen][INFO] - Creating new one day scenario ...
[2023-03-07 19:10:01,494][simglucose.simulation.scenario_gen][INFO] - Time for meal!
[2023-03-07 19:10:01,495][simglucose.patient.t1dpatient][INFO] - t = 38900.0, patient starts eating ...
[2023-03-07 19:10:01,530][simglucose.controller.basal_bolus_ctrller][INFO] - Calculating bolus ...
[2023-03-07 19:10:01,532][simglucose.controller.basal_bolus_ctrller][INFO] - Meal = 50 g/min
[2023-03-07 19:10:01,532][simglucose.controller.basal_bolus_ctrller][INFO] - glucose = 135.50350646972657
[2023-03-07 19:10:01,685][simglucose.patient.t1dpatient][INFO] - t = 38910.0, Patient finishes eating!
[2023-03-07 19:10:03,542][simglucose.simulation.scenario_gen][INFO] - Time for meal!
[2023-03-07 19:10:03,543][simglucose.patient.t1dpatient][INFO] - t = 39227.0, patient starts eating ...
[2023-03-07 19:10:03,572][simglucose.controller.basal_bolus_ctrller][INFO] - Calculating bolus ...
[2023-03-07 19:10:03,573][simglucose.controller.basal_bolus_ctrller][INFO] - Meal = 81 g/min
[2023-03-07 19:10:03,573][simglucose.controller.basal_bolus_ctrller][INFO] - glucose = 131.76312255859375
[2023-03-07 19:10:03,726][simglucose.patient.t1dpatient][INFO] - t = 39244.0, Patient finishes eating!
[2023-03-07 19:10:05,267][simglucose.simulation.scenario_gen][INFO] - Time for meal!
[2023-03-07 19:10:05,268][simglucose.patient.t1dpatient][INFO] - t = 39537.0, patient starts eating ...
[2023-03-07 19:10:05,288][simglucose.controller.basal_bolus_ctrller][INFO] - Calculating bolus ...
[2023-03-07 19:10:05,289][simglucose.controller.basal_bolus_ctrller][INFO] - Meal = 89 g/min
[2023-03-07 19:10:05,289][simglucose.controller.basal_bolus_ctrller][INFO] - glucose = 96.41696472167969
[2023-03-07 19:10:05,429][simglucose.patient.t1dpatient][INFO] - t = 39555.0, Patient finishes eating!
[2023-03-07 19:10:08,134][simglucose.simulation.scenario_gen][INFO] - Creating new one day scenario ...
[2023-03-07 19:10:10,739][simglucose.simulation.scenario_gen][INFO] - Time for meal!
[2023-03-07 19:10:10,740][simglucose.patient.t1dpatient][INFO] - t = 40396.0, patient starts eating ...
[2023-03-07 19:10:10,770][simglucose.controller.basal_bolus_ctrller][INFO] - Calculating bolus ...
[2023-03-07 19:10:10,771][simglucose.controller.basal_bolus_ctrller][INFO] - Meal = 44 g/min
[2023-03-07 19:10:10,772][simglucose.controller.basal_bolus_ctrller][INFO] - glucose = 148.6247772216797
[2023-03-07 19:10:10,905][simglucose.patient.t1dpatient][INFO] - t = 40405.0, Patient finishes eating!
[2023-03-07 19:10:12,115][simglucose.simulation.scenario_gen][INFO] - Time for meal!
[2023-03-07 19:10:12,116][simglucose.patient.t1dpatient][INFO] - t = 40617.0, patient starts eating ...
[2023-03-07 19:10:12,137][simglucose.controller.basal_bolus_ctrller][INFO] - Calculating bolus ...
[2023-03-07 19:10:12,138][simglucose.controller.basal_bolus_ctrller][INFO] - Meal = 79 g/min
[2023-03-07 19:10:12,139][simglucose.controller.basal_bolus_ctrller][INFO] - glucose = 115.12794189453125
[2023-03-07 19:10:12,323][simglucose.patient.t1dpatient][INFO] - t = 40633.0, Patient finishes eating!
[2023-03-07 19:10:13,625][simglucose.simulation.scenario_gen][INFO] - Time for meal!
[2023-03-07 19:10:13,626][simglucose.patient.t1dpatient][INFO] - t = 40860.0, patient starts eating ...
[2023-03-07 19:10:13,643][simglucose.controller.basal_bolus_ctrller][INFO] - Calculating bolus ...
[2023-03-07 19:10:13,644][simglucose.controller.basal_bolus_ctrller][INFO] - Meal = 9 g/min
[2023-03-07 19:10:13,644][simglucose.controller.basal_bolus_ctrller][INFO] - glucose = 111.18842315673828
[2023-03-07 19:10:13,655][simglucose.patient.t1dpatient][INFO] - t = 40862.0, Patient finishes eating!
[2023-03-07 19:10:14,424][simglucose.simulation.scenario_gen][INFO] - Time for meal!
[2023-03-07 19:10:14,425][simglucose.patient.t1dpatient][INFO] - t = 40996.0, patient starts eating ...
[2023-03-07 19:10:14,513][simglucose.controller.basal_bolus_ctrller][INFO] - Calculating bolus ...
[2023-03-07 19:10:14,513][simglucose.controller.basal_bolus_ctrller][INFO] - Meal = 90 g/min
[2023-03-07 19:10:14,515][simglucose.controller.basal_bolus_ctrller][INFO] - glucose = 84.27334899902344
[2023-03-07 19:10:14,731][simglucose.patient.t1dpatient][INFO] - t = 41014.0, Patient finishes eating!
[2023-03-07 19:10:16,905][simglucose.simulation.scenario_gen][INFO] - Creating new one day scenario ...
[2023-03-07 19:10:18,566][simglucose.simulation.scenario_gen][INFO] - Time for meal!
[2023-03-07 19:10:18,567][simglucose.patient.t1dpatient][INFO] - t = 41703.0, patient starts eating ...
[2023-03-07 19:10:18,603][simglucose.controller.basal_bolus_ctrller][INFO] - Calculating bolus ...
[2023-03-07 19:10:18,604][simglucose.controller.basal_bolus_ctrller][INFO] - Meal = 69 g/min
[2023-03-07 19:10:18,605][simglucose.controller.basal_bolus_ctrller][INFO] - glucose = 118.40829010009766
[2023-03-07 19:10:18,811][simglucose.patient.t1dpatient][INFO] - t = 41717.0, Patient finishes eating!
